c:\UnityBase\UB.exe 4.0.0.0 (2018-02-22 16:30:16)Host=WDFN34211327A User=D071860 CPU=4*9-6-19971:FFFBCBBF8373DAFEBF6F9C0000 OS=23.0=10.0.15063 Wow64=1 Freq=2437498Environment variables=ALLUSERSPROFILE=C:\ProgramData	ANSICON=146x32766 (146x21)	ANSICON_DEF=7	APPDATA=C:\Users\D071860\AppData\Roaming	CommonProgramFiles=C:\Program Files (x86)\Common Files	CommonProgramFiles(x86)=C:\Program Files (x86)\Common Files	CommonProgramW6432=C:\Program Files\Common Files	COMPUTERNAME=WDFN34211327A	ComSpec=C:\WINDOWS\system32\cmd.exe	ConEmuANSI=ON	ConEmuAnsiLog=	ConEmuArgs=	ConEmuArgs2=	ConEmuBackHWND=0x001105EE	ConEmuBaseDir=C:\Program Files\ConEmu\ConEmu	ConEmuBaseDirShort=C:\PROGRA~1\ConEmu\ConEmu	ConEmuBuild=180411	ConEmuCfgDir=	ConEmuConfig=	ConEmuDir=C:\Program Files\ConEmu	ConEmuDrawHWND=0x001B0306	ConEmuDrive=C:	ConEmuHooks=Enabled	ConEmuHWND=0x001904C6	ConEmuPalette=<ConEmu>	ConEmuPID=1208	ConEmuPrompt0=$E[m$E[32m$E]9;8;"USERNAME"$E\@$E]9;8;"COMPUTERNAME"$E\$S	ConEmuPrompt1=$E[m$E[32m$E]9;8;"USERNAME"$E\@$E]9;8;"COMPUTERNAME"$E\$S$E[92m$P$E[90m	ConEmuPrompt2=$_$E[90m$G	ConEmuPrompt3=$E[m$S$E]9;12$E\	ConEmuServerPID=5468	ConEmuTask={Shells::cmd}	ConEmuWorkDir=C:\Users\D071860	ConEmuWorkDrive=C:	DEFLOGDIR=C:\ProgramData\McAfee\Endpoint Security\Logs	HOMEDRIVE=C:	homeloc=D_WDF	HOMEPATH=\Users\D071860	KUBECONFIG=C:\Practice\kubernetes\RUSLAN-KUBECONFIG	LOCALAPPDATA=C:\Users\D071860\AppData\Local	LOGONSERVER=\\DS2WDF0004	NUMBER_OF_PROCESSORS=4	OneDrive=C:\Users\D071860\OneDrive	OS=Windows_NT	Path=C:\Program Files\ConEmu\ConEmu\Scripts;C:\Program Files\ConEmu;C:\Program Files\ConEmu\ConEmu;C:\ProgramData\Oracle\Java\javapath;C:\Program Files\Docker\Docker\Resources\bin;C:\WINDOWS\system32;C:\WINDOWS;C:\WINDOWS\System32\Wbem;C:\WINDOWS\System32\WindowsPowerShell\v1.0\;C:\Program Files\Minikube;C:\Program Files\Kubernetes;C:\Program Files (x86)\Google\Cloud SDK\google-cloud-sdk\bin;C:\Program Files\PuTTY\;C:\Program Files\nodejs\;c:\UnityBase;C:\Users\D071860\AppData\Local\Microsoft\WindowsApps;C:\Users\D071860\AppData\Roaming\npm	PATHEXT=.COM;.EXE;.BAT;.CMD;.VBS;.VBE;.JSE;.WSF;.WSH;.MSC	PROCESSOR_ARCHITECTURE=x86	PROCESSOR_ARCHITEW6432=AMD64	PROCESSOR_IDENTIFIER=Intel64 Family 6 Model 78 Stepping 3, GenuineIntel	PROCESSOR_LEVEL=6	PROCESSOR_REVISION=4e03	ProgramData=C:\ProgramData	ProgramFiles=C:\Program Files (x86)	ProgramFiles(x86)=C:\Program Files (x86)	ProgramW6432=C:\Program Files	PROMPT=$E[m$E[32m$E]9;8;"USERNAME"$E\@$E]9;8;"COMPUTERNAME"$E\$S$E[92m$P$E[90m$_$E[90m$G$E[m$S$E]9;12$E\	PSModulePath=C:\Program Files (x86)\WindowsPowerShell\Modules;C:\WINDOWS\system32\WindowsPowerShell\v1.0\Modules;C:\Program Files (x86)\Google\Cloud SDK\google-cloud-sdk\platform\PowerShell	PUBLIC=C:\Users\Public	SESSIONNAME=Console	SNC_LIB=C:\Program Files (x86)\SAP\FrontEnd\SecureLogin\lib\sapcrypto.dll	SNC_LIB_64=C:\Program Files\SAP\FrontEnd\SecureLogin\lib\sapcrypto.dll	SSF_LIBRARY_PATH=C:\Program Files (x86)\SAP\FrontEnd\SecureLogin\lib\sapcrypto.dll	SSF_LIBRARY_PATH_64=C:\Program Files\SAP\FrontEnd\SecureLogin\lib\sapcrypto.dll	SystemDrive=C:	SystemRoot=C:\WINDOWS	TEMP=C:\Users\D071860\AppData\Local\Temp	TMP=C:\Users\D071860\AppData\Local\Temp	UATDATA=C:\WINDOWS\CCM\UATData\D9F8C395-CAB8-491d-B8AC-179A1FE1BE77	UB_HOME=c:\UnityBase	USERDNSDOMAIN=GLOBAL.CORP.SAP	USERDOMAIN=GLOBAL	USERDOMAIN_ROAMINGPROFILE=GLOBAL	USERNAME=D071860	USERPROFILE=C:\Users\D071860	windir=C:\WINDOWSTubLog 1.18.3488 FTS3 2018-04-15T14:24:0120180415 14240104  ! warn  WebSocket support are disabled because WSServer.host = '' in config
20180415 14240104  !  +    ubServer.TubServer(042674E8).008863DB 
20180415 14240104  !  +    	Init app
20180415 14240104  ! srvr  		FTS is disabled
20180415 14240104  ! info  		Check blob store "avatars" folder "C:\ubProject\CityPortal\avatars\": folder exists
20180415 14240104  ! info  		Check blob store "attach" folder "C:\ubProject\CityPortal\docs\attach\": folder exists
20180415 14240104  !  -    	00.000.433
20180415 14240104  !  +    	Folder C:\ubProject\CityPortal\node_modules\@unitybase\ub\ modified
20180415 14240104  !  +    		ubCommonClasses.TubThreadSafeCache(0295CB08).removeStartsWith
20180415 14240104  !  -    		00.000.004
20180415 14240104  !  -    	00.000.009
20180415 14240104  !  +    	Folder C:\ubProject\CityPortal\node_modules\@unitybase\uba\ modified
20180415 14240104  !  +    		ubCommonClasses.TubThreadSafeCache(0295CB08).removeStartsWith
20180415 14240104  !  -    		00.000.000
20180415 14240104  !  -    	00.000.004
20180415 14240104  !  +    	Folder C:\ubProject\CityPortal\node_modules\@unitybase\ubs\ modified
20180415 14240104  !  +    		ubCommonClasses.TubThreadSafeCache(0295CB08).removeStartsWith
20180415 14240104  !  -    		00.000.000
20180415 14240104  !  -    	00.000.003
20180415 14240104  !  +    	Folder C:\ubProject\CityPortal\node_modules\@unitybase\ubm\ modified
20180415 14240104  !  +    		ubCommonClasses.TubThreadSafeCache(0295CB08).removeStartsWith
20180415 14240104  !  -    		00.000.001
20180415 14240104  !  -    	00.000.004
20180415 14240104  !  +    	Folder C:\ubProject\CityPortal\_public_only_\ modified
20180415 14240104  !  +    		ubCommonClasses.TubThreadSafeCache(0295CB08).removeStartsWith
20180415 14240104  !  -    		00.000.000
20180415 14240104  !  -    	00.000.003
20180415 14240104  !  +    	Folder C:\ubProject\CityPortal\node_modules\@unitybase\adminui-reg\ modified
20180415 14240104  !  +    		ubCommonClasses.TubThreadSafeCache(0295CB08).removeStartsWith
20180415 14240104  !  -    		00.000.000
20180415 14240104  !  -    	00.000.003
20180415 14240104  !  +    	Folder C:\ubProject\CityPortal\models\requests\ modified
20180415 14240104  !  +    		ubCommonClasses.TubThreadSafeCache(0295CB08).removeStartsWith
20180415 14240104  !  -    		00.000.000
20180415 14240104  !  -    	00.000.003
20180415 14240104  !  +    	ubApp.TubApp(028C3EE0).init
20180415 14240104  ! srvr  		Mime converters are disabled
20180415 14240104  !  -    	00.000.002
20180415 14240104  ! srvr  	Enable zip compresison
20180415 14240104  ! srvr  	Send initialization request to http://localhost:888/init
20180415 14240104  "  +    InitializationRequest
20180415 14240104  "  +    	init
20180415 14240104  " srvr  		Start application intialization...
20180415 14240104  " info  		Loading domain...
20180415 14240104  " info  		Loading model "UB" from "C:\ubProject\CityPortal\node_modules\@unitybase\ub\"
20180415 14240104  " info  		Loading model "UBA" from "C:\ubProject\CityPortal\node_modules\@unitybase\uba\"
20180415 14240106  " info  		Loading model "UBS" from "C:\ubProject\CityPortal\node_modules\@unitybase\ubs\"
20180415 14240106  " info  		Loading model "UBM" from "C:\ubProject\CityPortal\node_modules\@unitybase\ubm\"
20180415 14240106  " info  		Loading model "adminui-reg" from "C:\ubProject\CityPortal\node_modules\@unitybase\adminui-reg\"
20180415 14240106  " info  		Loading model "RequestList" from "C:\ubProject\CityPortal\models\requests\"
20180415 14240106  "  +    		ubApp.TubDataStore(042352F0).Init
20180415 14240106  "  +    			ubApp.TubApp(028C3EE0).DBExecute
20180415 14240106  "  +    				ubApp.TubApp(028C3EE0).TubApp.InternalDBExecute
20180415 14240106  "  +    					00856EC2 
20180415 14240106  "  -    					00.003.278
20180415 14240106  " SQL   					ubDBSQLite3ThreadSafe.TubSQLite3Statement(02976EB0) PRAGMA foreign_keys = ON
20180415 14240106  " SQL   					ubDBSQLite3ThreadSafe.TubSQLite3Statement(029768B0) SELECT A01.ID,A01.entity,A01.state,A01.attribute,A01.roleName,A01.actions  FROM uba_als A01  ORDER BY A01.entity ASC
20180415 14240106  "  -    				00.003.413
20180415 14240106  "  -    			00.003.446
20180415 14240106  " debug 			Query result for entity "uba_als" into data name "": row count=0
20180415 14240106  "  -    		00.003.470
20180415 14240106  " srvr  		The domain loaded successfully with 3 entities
20180415 14240106  " debug 		Create new JavaScript Engine for thread 11548
20180415 14240123  "  +    		008C234A 
20180415 14240123  "  +    			ubApp.TubDataStore(075C4490).Init
20180415 14240123  "  +    				ubApp.TubApp(028C3EE0).DBExecute
20180415 14240123  "  +    					ubApp.TubApp(028C3EE0).TubApp.InternalDBExecute
20180415 14240123  " SQL   						ubDBSQLite3ThreadSafe.TubSQLite3Statement(02977210) SELECT A01.ID,A01.name,A01.sessionTimeout,A01.allowedAppMethods  FROM uba_role A01 
20180415 14240123  "  -    					00.000.044
20180415 14240123  "  -    				00.000.125
20180415 14240123  " debug 				Query result for entity "uba_role" into data name "": row count=7
20180415 14240123  "  -    			00.000.136
20180415 14240123  "  +    			ubApp.TubDataStore(075C4508).Init
20180415 14240123  "  +    				ubApp.TubApp(028C3EE0).DBExecute
20180415 14240123  "  +    					ubApp.TubApp(028C3EE0).TubApp.InternalDBExecute
20180415 14240123  " SQL   						ubDBSQLite3ThreadSafe.TubSQLite3Statement(029771B0) SELECT A01.ID,A01.entityMask,A01.methodMask,A01.ruleType,A01.ruleRole,A01.disabled,A01.code  FROM uba_els A01 
20180415 14240123  "  -    					00.000.029
20180415 14240123  "  -    				00.000.089
20180415 14240123  " debug 				Query result for entity "uba_els" into data name "": row count=21
20180415 14240123  "  -    			00.000.104
20180415 14240123  "  -    		00.000.963
20180415 14240123  " auth  		New session admin/75714507 created at 127.0.0.1/-216172767618269167 using Mozilla/5.0 (Windows; mORMot 1.18 TWinHTTP)
20180415 14240123  " auth  		New session anonymous/75714506 created at 127.0.0.1/-216172767618269167 using Mozilla/5.0 (Windows; mORMot 1.18 TWinHTTP)
20180415 14240123  "  +    		ubApp.TubDataStore(075C4558).Init
20180415 14240123  "  +    			ubApp.TubApp(028C3EE0).DBExecute
20180415 14240123  "  +    				ubApp.TubApp(028C3EE0).TubApp.InternalDBExecute
20180415 14240123  " debug 					P1: String(34)	UBA.passwordPolicy.maxDurationDays
20180415 14240123  " SQL   					ubDBSQLite3ThreadSafe.TubSQLite3Statement(029772D0) select settingValue from ubs_settings where settingKey =?
20180415 14240123  "  -    				00.000.031
20180415 14240123  "  -    			00.000.075
20180415 14240123  " debug 			Query result for entity "ubs_settings" into data name "": row count=1
20180415 14240123  "  -    		00.000.084
20180415 14240123  "  +    		ubApp.TubDataStore(075C4558).Init
20180415 14240123  "  +    			ubApp.TubApp(028C3EE0).DBExecute
20180415 14240123  "  +    				ubApp.TubApp(028C3EE0).TubApp.InternalDBExecute
20180415 14240123  " debug 					P1: String(37)	UBA.passwordPolicy.maxInvalidAttempts
20180415 14240123  " SQL   					ubDBSQLite3ThreadSafe.TubSQLite3Statement(029772D0) select settingValue from ubs_settings where settingKey =?
20180415 14240123  "  -    				00.000.006
20180415 14240123  "  -    			00.000.019
20180415 14240123  " debug 			Query result for entity "ubs_settings" into data name "": row count=1
20180415 14240123  "  -    		00.000.025
20180415 14240123  "  -    	00.299.648
20180415 14240123  "  -    00.299.665
20180415 14240123  ! srvr  	ubServer.TubServer(042674E8) {"THttpApiServer(0288A990)":{"Cloned":false,"RegisteredUrl":"http://+:888/","HTTPQueueLength":1000,"MaxBandwidth":-1,"MaxConnections":-1,"APIVersion":"HTTP API 2.0","ServerName":"UnityBase","ProcessName":""}} initialized
20180415 14240123  !  -    00.310.206
20180415 14240123  "  +    getAppInfo
20180415 14240123  " http  	127.0.0.1 -> GET getAppInfo
20180415 14240123  " call  	endpoint getAppInfo
20180415 14240123  " http  	127.0.0.1 <- 200
20180415 14240123  "  -    00.000.813
20180415 14240125  #  +    auth?AUTHTYPE=UB&userName=admin
20180415 14240125  # http  	127.0.0.1 -> GET auth?AUTHTYPE=UB&userName=admin
20180415 14240125  # debug 	Create new JavaScript Engine for thread 33844
20180415 14240139  # call  	endpoint auth
20180415 14240139  # http  	127.0.0.1 <- 200
20180415 14240139  #  -    00.238.554
20180415 14240139  $  +    auth?AUTHTYPE=UB&clientNonce=ca49bb78a1163fc94c6515deb0d4a7f51d4fdefe656f186935175a08986fbd1d&password=25821d83dccbd93d3873905a5865b5cdff5b104addce4909c96bde3c64571d5a&userName=admin
20180415 14240139  $ http  	127.0.0.1 -> GET auth?AUTHTYPE=UB&clientNonce=ca49bb78a1163fc94c6515deb0d4a7f51d4fdefe656f186935175a08986fbd1d&password=25821d83dccbd93d3873905a5865b5cdff5b104addce4909c96bde3c64571d5a&userName=admin
20180415 14240139  $ debug 	Create new JavaScript Engine for thread 21320
20180415 14240154  $ call  	endpoint auth
20180415 14240154  $  +    	ubApp.TubDataStore(11872A38).Init
20180415 14240154  $  +    		ubApp.TubApp(028C3EE0).DBExecute
20180415 14240154  $  +    			ubApp.TubApp(028C3EE0).TubApp.InternalDBExecute
20180415 14240154  $  +    				00856EC2 
20180415 14240154  $  -    				00.002.543
20180415 14240154  $ SQL   				ubDBSQLite3ThreadSafe.TubSQLite3Statement(02978050) PRAGMA foreign_keys = ON
20180415 14240154  $ debug 				P1: String(5)	admin
20180415 14240154  $ SQL   				ubDBSQLite3ThreadSafe.TubSQLite3Statement(029779F0) select id, name, uPasswordHashHexa, uData, isPending, trustedIP from UBA_USER where name=? and disabled=0
20180415 14240154  $  -    			00.002.593
20180415 14240154  $  -    		00.002.651
20180415 14240154  $ debug 		Query result for entity "uba_user" into data name "": row count=1
20180415 14240154  $  -    	00.002.667
20180415 14240154  $  +    	ubApp.TubDataStore(11872A38).Init
20180415 14240154  $  +    		ubApp.TubApp(028C3EE0).DBExecute
20180415 14240154  $  +    			ubApp.TubApp(028C3EE0).TubApp.InternalDBExecute
20180415 14240154  $ debug 				P1: Int64		10
20180415 14240154  $ SQL   				ubDBSQLite3ThreadSafe.TubSQLite3Statement(02978050) SELECT lastPasswordChangeDate FROM uba_user WHERE id=?
20180415 14240154  $  -    			00.000.020
20180415 14240154  $  -    		00.000.044
20180415 14240154  $ debug 		Query result for entity "uba_user" into data name "__expireDate": row count=1
20180415 14240154  $  -    	00.000.054
20180415 14240154  $  +    	ubApp.TubDataStore(11874248).Init
20180415 14240154  $  +    		ubApp.TubApp(028C3EE0).DBExecute
20180415 14240154  $  +    			ubApp.TubApp(028C3EE0).TubApp.InternalDBExecute
20180415 14240154  $ debug 				P1: Int64		10
20180415 14240154  $ SQL   				ubDBSQLite3ThreadSafe.TubSQLite3Statement(02978110) SELECT A01.roleID,A02.name,A02.description  FROM uba_userrole A01  INNER JOIN uba_role A02 ON A02.ID=A01.roleID  WHERE A01.userID=?
20180415 14240154  $  -    			00.000.040
20180415 14240154  $  -    		00.000.077
20180415 14240154  $ debug 		Query result for entity "uba_userrole" into data name "": row count=1
20180415 14240154  $  -    	00.000.085
20180415 14240154  $ auth  	New session admin/75714501 created at 127.0.0.1/-216172767618269167 using Mozilla/5.0 (Windows; mORMot 1.18 TWinHTTP)
20180415 14240154  $  +    	ubMixinClasses.TubStorageMixin(029142C0).MixinMethod
20180415 14240154  $ debug 		uba_user.select(TubStorageMixin)
20180415 14240154  $  +    		ubApp.TubDataStore(11874248).Init
20180415 14240154  $  +    			ubApp.TubApp(028C3EE0).DBExecute
20180415 14240154  $  +    				ubApp.TubApp(028C3EE0).TubApp.InternalDBExecute
20180415 14240154  $ debug 					P1: Int64		10
20180415 14240154  $ SQL   					ubDBSQLite3ThreadSafe.TubSQLite3Statement(02978230) SELECT A01.name  FROM uba_user A01  WHERE A01.ID=?
20180415 14240154  $  -    				00.000.038
20180415 14240154  $  -    			00.000.081
20180415 14240154  $ debug 			Query result for entity "uba_user" into data name "": row count=1
20180415 14240154  $  -    		00.000.090
20180415 14240154  $  -    	00.000.151
20180415 14240156  $  +    	ubMixinClasses.TubStorageMixin(029142C0).MixinMethod
20180415 14240156  $ debug 		uba_advSecurity.select(TubStorageMixin)
20180415 14240156  $  +    		ubApp.TubDataStore(11874248).Init
20180415 14240156  $  +    			ubApp.TubApp(028C3EE0).DBExecute
20180415 14240156  $  +    				ubApp.TubApp(028C3EE0).TubApp.InternalDBExecute
20180415 14240156  $ debug 					P1: Int64		10
20180415 14240156  $ SQL   					ubDBSQLite3ThreadSafe.TubSQLite3Statement(02978290) SELECT A01.ID,A01.allowedIP,A01.refreshIP,A01.fp,A01.refreshFp,A01.keyMediaName,A01.refreshKeyMedia,A01.mi_modifyDate  FROM uba_advSecurity A01  WHERE A01.userID=?
20180415 14240156  $  -    				00.000.055
20180415 14240156  $  -    			00.000.142
20180415 14240156  $ debug 			Query result for entity "uba_advSecurity" into data name "": row count=0
20180415 14240156  $  -    		00.000.155
20180415 14240156  $  -    	00.000.304
20180415 14240156  $  +    	ubMixinClasses.TubStorageMixin(029142C0).MixinMethod
20180415 14240156  $ debug 		uba_userrole.select(TubStorageMixin)
20180415 14240156  $  +    		ubApp.TubDataStore(11874248).Init
20180415 14240156  $  +    			ubApp.TubApp(028C3EE0).DBExecute
20180415 14240156  $  +    				ubApp.TubApp(028C3EE0).TubApp.InternalDBExecute
20180415 14240156  $ debug 					P1: Int64		10
20180415 14240156  $ SQL   					ubDBSQLite3ThreadSafe.TubSQLite3Statement(029782F0) SELECT A01.ID,A02.name,A01.roleID  FROM uba_userrole A01  INNER JOIN uba_role A02 ON A02.ID=A01.roleID  WHERE A01.userID=?
20180415 14240156  $  -    				00.000.066
20180415 14240156  $  -    			00.000.141
20180415 14240156  $ debug 			Query result for entity "uba_userrole" into data name "": row count=1
20180415 14240156  $  -    		00.000.153
20180415 14240156  $  -    	00.000.236
20180415 14240156  $  +    	ubMixinClasses.TubStorageMixin(029142C0).MixinMethod
20180415 14240156  $ debug 		uba_audit.beforeinsert(TubStorageMixin)
20180415 14240156  $  -    	00.000.013
20180415 14240156  $  +    	ubMixinClasses.TubStorageMixin(029142C0).MixinMethod
20180415 14240156  $ debug 		uba_audit.insert(TubStorageMixin)
20180415 14240156  $  +    		ubApp.TubDataStore(11872830).TubDataStore.ExecuteInsertFromList
20180415 14240156  $  +    			ubApp.TubDataStore(11872830).TubDataStore.ExecuteInsertFromSQL
20180415 14240156  $  +    				ubApp.TubApp(028C3EE0).DBExecute
20180415 14240156  $  +    					ubApp.TubApp(028C3EE0).TubApp.InternalDBExecute
20180415 14240156  $ debug 						P1: String(8)	uba_user
20180415 14240156  $ debug 						P2: Int64		10
20180415 14240156  $ debug 						P3: String(5)	LOGIN
20180415 14240156  $ debug 						P4: Int64		10
20180415 14240156  $ debug 						P5: DateTime	2018-04-15T14:24:01
20180415 14240156  $ debug 						P6: String(9)	127.0.0.1
20180415 14240156  $ debug 						P7: String(5)	admin
20180415 14240156  $ debug 						P8: String(0)	
20180415 14240156  $ debug 						P9: Int64		335784175304705
20180415 14240156  $ debug 						P10: String(313..)	Cache-Control: no-cache  Connection: Keep-Alive  Pragma: no-cache  Accept: */*  Accept-Encoding: gzi...
20180415 14240156  $ DB    						StartTransaction for connection "main"
20180415 14240156  $ SQL   						ubDBSQLite3ThreadSafe.TubSQLite3Statement(029783B0) INSERT INTO uba_audit (entity,entityinfo_id,actionType,actionUser,actionTime,remoteIP,targetUser,targetRole,ID,fromValue) VALUES (?,?,?,?,?,?,?,?,?,?)
20180415 14240156  $  -    					00.000.171
20180415 14240156  $  -    				00.000.173
20180415 14240156  $  -    			00.000.312
20180415 14240156  $  -    		00.000.325
20180415 14240156  $  -    	00.000.331
20180415 14240156  $  +    	ubMixinClasses.TubStorageMixin(029142C0).MixinMethod
20180415 14240156  $ debug 		uba_audit.afterinsert(TubStorageMixin)
20180415 14240156  $  -    	00.000.004
20180415 14240156  $ DB    	Commit connection "main"
20180415 14240156  $ http  	127.0.0.1 <- 200
20180415 14240156  $  -    00.267.886
20180415 14240156  %  +    ubql
20180415 14240156  % http  	127.0.0.1 -> POST ubql
20180415 14240156  % http  	[{"entity":"ubm_desktop","method":"select","fieldList":["ID"],"options":{"limit":1},"whereList":{"lookup":{"expression":"code","condition":"equal","values":{"code":"CityReq_desktop"}}}}]
20180415 14240156  % debug 	Create new JavaScript Engine for thread 26292
20180415 14240208  % auth  	admin/75714501
20180415 14240208  % call  	endpoint ubql
20180415 14240208  %  +    	ubMixinClasses.TubRLSMixin(02914E20).MixinMethod
20180415 14240208  % debug 		ubm_desktop.select(TubRLSMixin)
20180415 14240208  % debug 		Prepare RLS expression for ubm_desktop
20180415 14240208  %  +    		ubApp.TubDataStore(11876F70).Init
20180415 14240208  %  +    			ubApp.TubApp(028C3EE0).DBExecute
20180415 14240208  %  +    				ubApp.TubApp(028C3EE0).TubApp.InternalDBExecute
20180415 14240208  %  +    					00856EC2 
20180415 14240208  %  -    					00.002.932
20180415 14240208  % SQL   					ubDBSQLite3ThreadSafe.TubSQLite3Statement(02978DD0) PRAGMA foreign_keys = ON
20180415 14240208  % SQL   					ubDBSQLite3ThreadSafe.TubSQLite3Statement(02978770) select ID, name FROM uba_role
20180415 14240208  %  -    				00.002.977
20180415 14240208  %  -    			00.003.028
20180415 14240208  % debug 			Query result for entity "uba_role" into data name "": row count=7
20180415 14240208  %  -    		00.003.041
20180415 14240208  %  -    	00.004.294
20180415 14240208  %  +    	ubMixinClasses.TubStorageMixin(029142C0).MixinMethod
20180415 14240208  % debug 		ubm_desktop.select(TubStorageMixin)
20180415 14240208  %  +    		ubApp.TubDataStore(11876E58).Init
20180415 14240208  %  +    			ubApp.TubApp(028C3EE0).DBExecute
20180415 14240208  %  +    				ubApp.TubApp(028C3EE0).TubApp.InternalDBExecute
20180415 14240208  % debug 					P1: String(15)	CityReq_desktop
20180415 14240208  % debug 					P2: Int64		10
20180415 14240208  % debug 					P3: Int64		10
20180415 14240208  % debug 					P4: DateTime	9999-12-31T00:00:00
20180415 14240208  % SQL   					ubDBSQLite3ThreadSafe.TubSQLite3Statement(02978E90) SELECT A01.ID  FROM ubm_desktop A01  WHERE code=? AND (( A01.mi_owner = ? ) OR (1=1) OR exists (select 1 from ubm_desktop_adm admsubtable where admsubtable.instanceID = A01.ID and admsubtable.admSubjID in (select ur.RoleID from uba_userrole ur where ur.UserID = ? union select 10))) AND A01.mi_deleteDate=? LIMIT 1 OFFSET 0 
20180415 14240208  %  -    				00.000.125
20180415 14240208  %  -    			00.000.201
20180415 14240208  % debug 			Query result for entity "ubm_desktop" into data name "": row count=1
20180415 14240208  %  -    		00.000.216
20180415 14240208  %  -    	00.000.364
20180415 14240208  % http  	127.0.0.1 <- 200
20180415 14240208  %  -    00.228.753
20180415 14240208  &  +    ubql
20180415 14240208  & http  	127.0.0.1 -> POST ubql
20180415 14240208  & http  	[{"entity":"ubm_navshortcut","method":"select","fieldList":["ID"],"options":{"limit":1},"whereList":{"lookup":{"expression":"code","condition":"equal","values":{"code":"req_departments_folder"}}}}]
20180415 14240208  & debug 	Create new JavaScript Engine for thread 29200
20180415 14240223  & auth  	admin/75714501
20180415 14240223  & call  	endpoint ubql
20180415 14240223  &  +    	ubMixinClasses.TubRLSMixin(02914E20).MixinMethod
20180415 14240223  & debug 		ubm_navshortcut.select(TubRLSMixin)
20180415 14240223  & debug 		Prepare RLS expression for ubm_navshortcut
20180415 14240223  &  +    		ubApp.TubDataStore(1187B1D8).Init
20180415 14240223  &  +    			ubApp.TubApp(028C3EE0).DBExecute
20180415 14240223  &  +    				ubApp.TubApp(028C3EE0).TubApp.InternalDBExecute
20180415 14240223  &  +    					00856EC2 
20180415 14240223  &  -    					00.002.198
20180415 14240223  & SQL   					ubDBSQLite3ThreadSafe.TubSQLite3Statement(02979790) PRAGMA foreign_keys = ON
20180415 14240223  & SQL   					ubDBSQLite3ThreadSafe.TubSQLite3Statement(02979130) select ID, name FROM uba_role
20180415 14240223  &  -    				00.002.235
20180415 14240223  &  -    			00.002.279
20180415 14240223  & debug 			Query result for entity "uba_role" into data name "": row count=7
20180415 14240223  &  -    		00.002.291
20180415 14240223  &  -    	00.003.602
20180415 14240223  &  +    	ubMixinClasses.TubStorageMixin(029142C0).MixinMethod
20180415 14240223  & debug 		ubm_navshortcut.select(TubStorageMixin)
20180415 14240223  &  +    		ubApp.TubDataStore(1187B110).Init
20180415 14240223  &  +    			ubApp.TubApp(028C3EE0).DBExecute
20180415 14240223  &  +    				ubApp.TubApp(028C3EE0).TubApp.InternalDBExecute
20180415 14240223  & debug 					P1: String(22)	req_departments_folder
20180415 14240223  & debug 					P2: Int64		10
20180415 14240223  & debug 					P3: Int64		10
20180415 14240223  & debug 					P4: DateTime	9999-12-31T00:00:00
20180415 14240223  & SQL   					ubDBSQLite3ThreadSafe.TubSQLite3Statement(02979850) SELECT A01.ID  FROM ubm_navshortcut A01  WHERE code=? AND (( A01.mi_owner = ? ) OR                (1=1) OR                              exists (select 1 from ubm_navshortcut_adm admsubtable where admsubtable.instanceID = A01.ID and admsubtable.admSubjID in (select ur.RoleID from uba_userrole ur where ur.UserID = ? union select 10))) AND A01.mi_deleteDate=? LIMIT 1 OFFSET 0 
20180415 14240223  &  -    				00.000.119
20180415 14240223  &  -    			00.000.212
20180415 14240223  & debug 			Query result for entity "ubm_navshortcut" into data name "": row count=1
20180415 14240223  &  -    		00.000.228
20180415 14240223  &  -    	00.000.368
20180415 14240223  & http  	127.0.0.1 <- 200
20180415 14240223  &  -    00.234.295
20180415 14240223  '  +    ubql
20180415 14240223  ' http  	127.0.0.1 -> POST ubql
20180415 14240223  ' http  	[{"entity":"ubm_navshortcut","method":"select","fieldList":["ID"],"options":{"limit":1},"whereList":{"lookup":{"expression":"code","condition":"equal","values":{"code":"req_depart"}}}}]
20180415 14240223  ' debug 	Create new JavaScript Engine for thread 31528
20180415 14240238  ' auth  	admin/75714501
20180415 14240238  ' call  	endpoint ubql
20180415 14240238  '  +    	ubMixinClasses.TubRLSMixin(02914E20).MixinMethod
20180415 14240238  ' debug 		ubm_navshortcut.select(TubRLSMixin)
20180415 14240238  ' debug 		Prepare RLS expression for ubm_navshortcut
20180415 14240238  '  +    		ubApp.TubDataStore(1187F418).Init
20180415 14240238  '  +    			ubApp.TubApp(028C3EE0).DBExecute
20180415 14240238  '  +    				ubApp.TubApp(028C3EE0).TubApp.InternalDBExecute
20180415 14240238  '  +    					00856EC2 
20180415 14240238  '  -    					00.002.059
20180415 14240238  ' SQL   					ubDBSQLite3ThreadSafe.TubSQLite3Statement(0297A1B0) PRAGMA foreign_keys = ON
20180415 14240238  ' SQL   					ubDBSQLite3ThreadSafe.TubSQLite3Statement(02979B50) select ID, name FROM uba_role
20180415 14240238  '  -    				00.002.089
20180415 14240238  '  -    			00.002.123
20180415 14240238  ' debug 			Query result for entity "uba_role" into data name "": row count=7
20180415 14240238  '  -    		00.002.132
20180415 14240238  '  -    	00.002.931
20180415 14240238  '  +    	ubMixinClasses.TubStorageMixin(029142C0).MixinMethod
20180415 14240238  ' debug 		ubm_navshortcut.select(TubStorageMixin)
20180415 14240238  '  +    		ubApp.TubDataStore(1187F350).Init
20180415 14240238  '  +    			ubApp.TubApp(028C3EE0).DBExecute
20180415 14240238  '  +    				ubApp.TubApp(028C3EE0).TubApp.InternalDBExecute
20180415 14240238  ' debug 					P1: String(10)	req_depart
20180415 14240238  ' debug 					P2: Int64		10
20180415 14240238  ' debug 					P3: Int64		10
20180415 14240238  ' debug 					P4: DateTime	9999-12-31T00:00:00
20180415 14240238  ' SQL   					ubDBSQLite3ThreadSafe.TubSQLite3Statement(0297A270) SELECT A01.ID  FROM ubm_navshortcut A01  WHERE code=? AND (( A01.mi_owner = ? ) OR                (1=1) OR                              exists (select 1 from ubm_navshortcut_adm admsubtable where admsubtable.instanceID = A01.ID and admsubtable.admSubjID in (select ur.RoleID from uba_userrole ur where ur.UserID = ? union select 10))) AND A01.mi_deleteDate=? LIMIT 1 OFFSET 0 
20180415 14240238  '  -    				00.000.086
20180415 14240238  '  -    			00.000.159
20180415 14240238  ' debug 			Query result for entity "ubm_navshortcut" into data name "": row count=1
20180415 14240238  '  -    		00.000.174
20180415 14240238  '  -    	00.000.325
20180415 14240238  ' http  	127.0.0.1 <- 200
20180415 14240238  '  -    00.232.526
20180415 14240238  (  +    ubql
20180415 14240238  ( http  	127.0.0.1 -> POST ubql
20180415 14240238  ( http  	[{"entity":"ubm_navshortcut","method":"select","fieldList":["ID"],"options":{"limit":1},"whereList":{"lookup":{"expression":"code","condition":"equal","values":{"code":"req_Subdepartment"}}}}]
20180415 14240238  ( debug 	Create new JavaScript Engine for thread 14016
20180415 14240253  ( auth  	admin/75714501
20180415 14240253  ( call  	endpoint ubql
20180415 14240253  (  +    	ubMixinClasses.TubRLSMixin(02914E20).MixinMethod
20180415 14240253  ( debug 		ubm_navshortcut.select(TubRLSMixin)
20180415 14240253  ( debug 		Prepare RLS expression for ubm_navshortcut
20180415 14240253  (  +    		ubApp.TubDataStore(15948890).Init
20180415 14240253  (  +    			ubApp.TubApp(028C3EE0).DBExecute
20180415 14240253  (  +    				ubApp.TubApp(028C3EE0).TubApp.InternalDBExecute
20180415 14240253  (  +    					00856EC2 
20180415 14240253  (  -    					00.002.189
20180415 14240253  ( SQL   					ubDBSQLite3ThreadSafe.TubSQLite3Statement(0297AB70) PRAGMA foreign_keys = ON
20180415 14240253  ( SQL   					ubDBSQLite3ThreadSafe.TubSQLite3Statement(0297A510) select ID, name FROM uba_role
20180415 14240253  (  -    				00.002.220
20180415 14240253  (  -    			00.002.252
20180415 14240253  ( debug 			Query result for entity "uba_role" into data name "": row count=7
20180415 14240253  (  -    		00.002.264
20180415 14240253  (  -    	00.003.086
20180415 14240253  (  +    	ubMixinClasses.TubStorageMixin(029142C0).MixinMethod
20180415 14240253  ( debug 		ubm_navshortcut.select(TubStorageMixin)
20180415 14240253  (  +    		ubApp.TubDataStore(159487C8).Init
20180415 14240253  (  +    			ubApp.TubApp(028C3EE0).DBExecute
20180415 14240253  (  +    				ubApp.TubApp(028C3EE0).TubApp.InternalDBExecute
20180415 14240253  ( debug 					P1: String(17)	req_Subdepartment
20180415 14240253  ( debug 					P2: Int64		10
20180415 14240253  ( debug 					P3: Int64		10
20180415 14240253  ( debug 					P4: DateTime	9999-12-31T00:00:00
20180415 14240253  ( SQL   					ubDBSQLite3ThreadSafe.TubSQLite3Statement(0297AC30) SELECT A01.ID  FROM ubm_navshortcut A01  WHERE code=? AND (( A01.mi_owner = ? ) OR                (1=1) OR                              exists (select 1 from ubm_navshortcut_adm admsubtable where admsubtable.instanceID = A01.ID and admsubtable.admSubjID in (select ur.RoleID from uba_userrole ur where ur.UserID = ? union select 10))) AND A01.mi_deleteDate=? LIMIT 1 OFFSET 0 
20180415 14240253  (  -    				00.000.115
20180415 14240253  (  -    			00.000.220
20180415 14240253  ( debug 			Query result for entity "ubm_navshortcut" into data name "": row count=1
20180415 14240253  (  -    		00.000.273
20180415 14240253  (  -    	00.000.402
20180415 14240253  ( http  	127.0.0.1 <- 200
20180415 14240253  (  -    00.241.466
20180415 14240253  )  +    ubql
20180415 14240253  ) http  	127.0.0.1 -> POST ubql
20180415 14240253  ) http  	[{"entity":"ubm_navshortcut","method":"select","fieldList":["ID"],"options":{"limit":1},"whereList":{"lookup":{"expression":"code","condition":"equal","values":{"code":"req_requestList"}}}}]
20180415 14240253  ) debug 	Create new JavaScript Engine for thread 33060
20180415 14240305  ) auth  	admin/75714501
20180415 14240305  ) call  	endpoint ubql
20180415 14240305  )  +    	ubMixinClasses.TubRLSMixin(02914E20).MixinMethod
20180415 14240305  ) debug 		ubm_navshortcut.select(TubRLSMixin)
20180415 14240305  ) debug 		Prepare RLS expression for ubm_navshortcut
20180415 14240305  )  +    		ubApp.TubDataStore(1594CAD0).Init
20180415 14240305  )  +    			ubApp.TubApp(028C3EE0).DBExecute
20180415 14240305  )  +    				ubApp.TubApp(028C3EE0).TubApp.InternalDBExecute
20180415 14240305  )  +    					00856EC2 
20180415 14240305  )  -    					00.002.347
20180415 14240305  ) SQL   					ubDBSQLite3ThreadSafe.TubSQLite3Statement(0297B530) PRAGMA foreign_keys = ON
20180415 14240305  ) SQL   					ubDBSQLite3ThreadSafe.TubSQLite3Statement(0297AED0) select ID, name FROM uba_role
20180415 14240305  )  -    				00.002.404
20180415 14240305  )  -    			00.002.439
20180415 14240305  ) debug 			Query result for entity "uba_role" into data name "": row count=7
20180415 14240305  )  -    		00.002.450
20180415 14240305  )  -    	00.003.274
20180415 14240305  )  +    	ubMixinClasses.TubStorageMixin(029142C0).MixinMethod
20180415 14240305  ) debug 		ubm_navshortcut.select(TubStorageMixin)
20180415 14240305  )  +    		ubApp.TubDataStore(1594CA08).Init
20180415 14240305  )  +    			ubApp.TubApp(028C3EE0).DBExecute
20180415 14240305  )  +    				ubApp.TubApp(028C3EE0).TubApp.InternalDBExecute
20180415 14240305  ) debug 					P1: String(15)	req_requestList
20180415 14240305  ) debug 					P2: Int64		10
20180415 14240305  ) debug 					P3: Int64		10
20180415 14240305  ) debug 					P4: DateTime	9999-12-31T00:00:00
20180415 14240305  ) SQL   					ubDBSQLite3ThreadSafe.TubSQLite3Statement(0297B5F0) SELECT A01.ID  FROM ubm_navshortcut A01  WHERE code=? AND (( A01.mi_owner = ? ) OR                (1=1) OR                              exists (select 1 from ubm_navshortcut_adm admsubtable where admsubtable.instanceID = A01.ID and admsubtable.admSubjID in (select ur.RoleID from uba_userrole ur where ur.UserID = ? union select 10))) AND A01.mi_deleteDate=? LIMIT 1 OFFSET 0 
20180415 14240305  )  -    				00.000.099
20180415 14240305  )  -    			00.000.181
20180415 14240305  ) debug 			Query result for entity "ubm_navshortcut" into data name "": row count=1
20180415 14240305  )  -    		00.000.193
20180415 14240305  )  -    	00.000.301
20180415 14240305  ) http  	127.0.0.1 <- 200
20180415 14240305  )  -    00.236.721
20180415 14240310  "  +    ubql
20180415 14240310  " http  	127.0.0.1 -> POST ubql
20180415 14240310  " http  	[{"entity":"req_depart","method":"select","fieldList":["ID"],"options":{"limit":1},"whereList":{"c1":{"expression":"[name]","condition":"equal","values":{"c1":"Departments of health"}}}}]
20180415 14240310  " auth  	admin/75714501
20180415 14240310  " call  	endpoint ubql
20180415 14240310  "  +    	ubMixinClasses.TubStorageMixin(029142C0).MixinMethod
20180415 14240310  " debug 		req_depart.select(TubStorageMixin)
20180415 14240310  "  +    		ubApp.TubDataStore(1594CA80).Init
20180415 14240310  "  +    			ubApp.TubApp(028C3EE0).DBExecute
20180415 14240310  "  +    				ubApp.TubApp(028C3EE0).TubApp.InternalDBExecute
20180415 14240310  " debug 					P1: String(21)	Departments of health
20180415 14240310  " SQL   					ubDBSQLite3ThreadSafe.TubSQLite3Statement(0297B590) SELECT A01.ID  FROM req_depart A01  WHERE A01.name=? LIMIT 1 OFFSET 0 
20180415 14240310  "  -    				00.000.055
20180415 14240310  "  -    			00.000.156
20180415 14240310  " debug 			Query result for entity "req_depart" into data name "": row count=0
20180415 14240310  "  -    		00.000.169
20180415 14240310  "  -    	00.000.257
20180415 14240310  " http  	127.0.0.1 <- 200
20180415 14240310  "  -    00.000.645
20180415 14240310  #  +    ubql
20180415 14240310  # http  	127.0.0.1 -> POST ubql
20180415 14240310  # http  	[{"entity":"req_depart","method":"select","fieldList":["ID"],"options":{"limit":1},"whereList":{"c1":{"expression":"[name]","condition":"equal","values":{"c1":"Departments of education"}}}}]
20180415 14240310  # auth  	admin/75714501
20180415 14240310  # call  	endpoint ubql
20180415 14240310  #  +    	ubMixinClasses.TubStorageMixin(029142C0).MixinMethod
20180415 14240310  # debug 		req_depart.select(TubStorageMixin)
20180415 14240310  #  +    		ubApp.TubDataStore(1594C878).Init
20180415 14240310  #  +    			ubApp.TubApp(028C3EE0).DBExecute
20180415 14240310  #  +    				ubApp.TubApp(028C3EE0).TubApp.InternalDBExecute
20180415 14240310  #  +    					00856EC2 
20180415 14240310  #  -    					00.002.992
20180415 14240310  # SQL   					ubDBSQLite3ThreadSafe.TubSQLite3Statement(0297BD10) PRAGMA foreign_keys = ON
20180415 14240310  # debug 					P1: String(24)	Departments of education
20180415 14240310  # SQL   					ubDBSQLite3ThreadSafe.TubSQLite3Statement(0297B6B0) SELECT A01.ID  FROM req_depart A01  WHERE A01.name=? LIMIT 1 OFFSET 0 
20180415 14240310  #  -    				00.003.124
20180415 14240310  #  -    			00.003.163
20180415 14240310  # debug 			Query result for entity "req_depart" into data name "": row count=0
20180415 14240310  #  -    		00.003.175
20180415 14240310  #  -    	00.003.266
20180415 14240310  # http  	127.0.0.1 <- 200
20180415 14240310  #  -    00.003.657
20180415 14240310  $  +    ubql
20180415 14240310  $ http  	127.0.0.1 -> POST ubql
20180415 14240310  $ http  	[{"entity":"req_depart","method":"addnew","fieldList":["ID"],"__nativeDatasetFormat":true}]
20180415 14240310  $ auth  	admin/75714501
20180415 14240310  $ call  	endpoint ubql
20180415 14240310  $  +    	ubMixinClasses.TubStorageMixin(029142C0).MixinMethod
20180415 14240310  $ debug 		req_depart.addnew(TubStorageMixin)
20180415 14240310  $  -    	00.000.016
20180415 14240310  $ http  	127.0.0.1 <- 200
20180415 14240310  $  -    00.000.255
20180415 14240310  %  +    ubql
20180415 14240310  % http  	127.0.0.1 -> POST ubql
20180415 14240310  % http  	[{"entity":"req_depart","method":"insert","execParams":{"ID":335784175468545,"name":"Departments of health","postAddr":"addr1","phoneNum":"phone1"}}]
20180415 14240310  % auth  	admin/75714501
20180415 14240310  % call  	endpoint ubql
20180415 14240310  %  +    	ubMixinClasses.TubStorageMixin(029142C0).MixinMethod
20180415 14240310  % debug 		req_depart.beforeinsert(TubStorageMixin)
20180415 14240310  %  -    	00.000.003
20180415 14240310  %  +    	ubMixinClasses.TubStorageMixin(029142C0).MixinMethod
20180415 14240310  % debug 		req_depart.insert(TubStorageMixin)
20180415 14240310  %  +    		ubApp.TubDataStore(1594C878).TubDataStore.ExecuteInsertFromList
20180415 14240310  %  +    			ubApp.TubDataStore(1594C878).TubDataStore.ExecuteInsertFromSQL
20180415 14240310  %  +    				ubApp.TubApp(028C3EE0).DBExecute
20180415 14240310  %  +    					ubApp.TubApp(028C3EE0).TubApp.InternalDBExecute
20180415 14240310  % debug 						P1: Int64		335784175468545
20180415 14240310  % debug 						P2: String(21)	Departments of health
20180415 14240310  % debug 						P3: String(5)	addr1
20180415 14240310  % debug 						P4: String(6)	phone1
20180415 14240310  % DB    						StartTransaction for connection "main"
20180415 14240310  % SQL   						ubDBSQLite3ThreadSafe.TubSQLite3Statement(0297BD10) INSERT INTO req_depart (ID,name,postAddr,phoneNum) VALUES (?,?,?,?)
20180415 14240310  %  -    					00.000.127
20180415 14240310  %  -    				00.000.129
20180415 14240310  %  -    			00.000.190
20180415 14240310  %  -    		00.000.209
20180415 14240310  %  -    	00.000.212
20180415 14240310  %  +    	ubMixinClasses.TubStorageMixin(029142C0).MixinMethod
20180415 14240310  % debug 		req_depart.afterinsert(TubStorageMixin)
20180415 14240310  %  -    	00.000.003
20180415 14240310  %  +    	ubMixinClasses.TubAuditMixin(02914F70).MixinMethod
20180415 14240310  % debug 		req_depart.afterinsert(TubAuditMixin)
20180415 14240310  %  +    		ubApp.TubDataStore(1594CAA8).TubDataStore.ExecuteInsertFromSQL
20180415 14240310  %  +    			ubApp.TubApp(028C3EE0).DBExecute
20180415 14240310  %  +    				ubApp.TubApp(028C3EE0).TubApp.InternalDBExecute
20180415 14240310  % debug 					P1: Int64		335784175468546
20180415 14240310  % debug 					P2: String(10)	req_depart
20180415 14240310  % debug 					P3: Int64		335784175468545
20180415 14240310  % debug 					P4: String(6)	INSERT
20180415 14240310  % debug 					P5: Int64		10
20180415 14240310  % debug 					P6: DateTime	2018-04-15T14:24:03
20180415 14240310  % debug 					P7: String(9)	127.0.0.1
20180415 14240310  % debug 					P8: Int64		335784175468545
20180415 14240310  % debug 					P9: String(92)	{"ID":335784175468545,"name":"Departments of health","postAddr":"addr1","phoneNum":"phone1"}
20180415 14240310  % SQL   					ubDBSQLite3ThreadSafe.TubSQLite3Statement(0297BD70) INSERT INTO uba_auditTrail (ID,entity,entityinfo_id,actionType,actionUser,actionTime,remoteIP,parentEntityInfo_id,toValue) VALUES (?,?,?,?,?,?,?,?,?)
20180415 14240310  %  -    				00.000.122
20180415 14240310  %  -    			00.000.124
20180415 14240310  %  -    		00.000.197
20180415 14240310  %  -    	00.000.220
20180415 14240310  % DB    	Commit connection "main" in 118us
20180415 14240310  % http  	127.0.0.1 <- 200
20180415 14240310  %  -    00.001.048
20180415 14240310  &  +    ubql
20180415 14240310  & http  	127.0.0.1 -> POST ubql
20180415 14240310  & http  	[{"entity":"req_depart","method":"addnew","fieldList":["ID"],"__nativeDatasetFormat":true}]
20180415 14240310  & auth  	admin/75714501
20180415 14240310  & call  	endpoint ubql
20180415 14240310  &  +    	ubMixinClasses.TubStorageMixin(029142C0).MixinMethod
20180415 14240310  & debug 		req_depart.addnew(TubStorageMixin)
20180415 14240310  &  -    	00.000.028
20180415 14240310  & http  	127.0.0.1 <- 200
20180415 14240310  &  -    00.000.293
20180415 14240310  '  +    ubql
20180415 14240310  ' http  	127.0.0.1 -> POST ubql
20180415 14240310  ' http  	[{"entity":"req_depart","method":"insert","execParams":{"ID":335784175468547,"name":"Departments of education","postAddr":"addr2","phoneNum":"phone2"}}]
20180415 14240310  ' auth  	admin/75714501
20180415 14240310  ' call  	endpoint ubql
20180415 14240311  '  +    	ubMixinClasses.TubStorageMixin(029142C0).MixinMethod
20180415 14240311  ' debug 		req_depart.beforeinsert(TubStorageMixin)
20180415 14240311  '  -    	00.000.004
20180415 14240311  '  +    	ubMixinClasses.TubStorageMixin(029142C0).MixinMethod
20180415 14240311  ' debug 		req_depart.insert(TubStorageMixin)
20180415 14240311  '  +    		ubApp.TubDataStore(1594C918).TubDataStore.ExecuteInsertFromList
20180415 14240311  '  +    			ubApp.TubDataStore(1594C918).TubDataStore.ExecuteInsertFromSQL
20180415 14240311  '  +    				ubApp.TubApp(028C3EE0).DBExecute
20180415 14240311  '  +    					ubApp.TubApp(028C3EE0).TubApp.InternalDBExecute
20180415 14240311  ' debug 						P1: Int64		335784175468547
20180415 14240311  ' debug 						P2: String(24)	Departments of education
20180415 14240311  ' debug 						P3: String(5)	addr2
20180415 14240311  ' debug 						P4: String(6)	phone2
20180415 14240311  ' DB    						StartTransaction for connection "main"
20180415 14240311  ' SQL   						ubDBSQLite3ThreadSafe.TubSQLite3Statement(0297BDD0) INSERT INTO req_depart (ID,name,postAddr,phoneNum) VALUES (?,?,?,?)
20180415 14240311  '  -    					00.000.160
20180415 14240311  '  -    				00.000.163
20180415 14240311  '  -    			00.000.241
20180415 14240311  '  -    		00.000.256
20180415 14240311  '  -    	00.000.263
20180415 14240311  '  +    	ubMixinClasses.TubStorageMixin(029142C0).MixinMethod
20180415 14240311  ' debug 		req_depart.afterinsert(TubStorageMixin)
20180415 14240311  '  -    	00.000.004
20180415 14240311  '  +    	ubMixinClasses.TubAuditMixin(02914F70).MixinMethod
20180415 14240311  ' debug 		req_depart.afterinsert(TubAuditMixin)
20180415 14240311  '  +    		ubApp.TubDataStore(1594CAA8).TubDataStore.ExecuteInsertFromSQL
20180415 14240311  '  +    			ubApp.TubApp(028C3EE0).DBExecute
20180415 14240311  '  +    				ubApp.TubApp(028C3EE0).TubApp.InternalDBExecute
20180415 14240311  ' debug 					P1: Int64		335784175468548
20180415 14240311  ' debug 					P2: String(10)	req_depart
20180415 14240311  ' debug 					P3: Int64		335784175468547
20180415 14240311  ' debug 					P4: String(6)	INSERT
20180415 14240311  ' debug 					P5: Int64		10
20180415 14240311  ' debug 					P6: DateTime	2018-04-15T14:24:03
20180415 14240311  ' debug 					P7: String(9)	127.0.0.1
20180415 14240311  ' debug 					P8: Int64		335784175468547
20180415 14240311  ' debug 					P9: String(95)	{"ID":335784175468547,"name":"Departments of education","postAddr":"addr2","phoneNum":"phone2"}
20180415 14240311  ' SQL   					ubDBSQLite3ThreadSafe.TubSQLite3Statement(0297BE90) INSERT INTO uba_auditTrail (ID,entity,entityinfo_id,actionType,actionUser,actionTime,remoteIP,parentEntityInfo_id,toValue) VALUES (?,?,?,?,?,?,?,?,?)
20180415 14240311  '  -    				00.000.155
20180415 14240311  '  -    			00.000.158
20180415 14240311  '  -    		00.000.253
20180415 14240311  '  -    	00.000.281
20180415 14240311  ' DB    	Commit connection "main" in 236us
20180415 14240311  ' http  	127.0.0.1 <- 200
20180415 14240311  '  -    00.001.386
20180415 14240318  ! info  ubApp.TubApp(028C3EE0) {   "ClientsCurrent": 1,   "ClientsMax": 1,   "Invalid": 0,   "Responses": 14,   "Modified": 0,   "IncomingBytes": 6682,   "OutcomingBytes": 3187,   "OutcomingFiles": 0,   "ServiceCalls": 14,   "ProcessTime": "1.68s"  }
