c:\UnityBase\UB.exe 4.0.0.0 (2018-02-22 16:30:16)Host=WDFN34211327A User=D071860 CPU=4*9-6-19971:FFFBCBBF8373DAFEBF6F9C0000 OS=23.0=10.0.15063 Wow64=1 Freq=2437498Environment variables=ALLUSERSPROFILE=C:\ProgramData	ANSICON=121x32766 (121x26)	ANSICON_DEF=7	APPDATA=C:\Users\D071860\AppData\Roaming	CommonProgramFiles=C:\Program Files (x86)\Common Files	CommonProgramFiles(x86)=C:\Program Files (x86)\Common Files	CommonProgramW6432=C:\Program Files\Common Files	COMPUTERNAME=WDFN34211327A	ComSpec=C:\WINDOWS\system32\cmd.exe	ConEmuANSI=ON	ConEmuAnsiLog=	ConEmuArgs=	ConEmuArgs2=	ConEmuBackHWND=0x001105EE	ConEmuBaseDir=C:\Program Files\ConEmu\ConEmu	ConEmuBaseDirShort=C:\PROGRA~1\ConEmu\ConEmu	ConEmuBuild=180411	ConEmuCfgDir=	ConEmuConfig=	ConEmuDir=C:\Program Files\ConEmu	ConEmuDrawHWND=0x001B0306	ConEmuDrive=C:	ConEmuHooks=Enabled	ConEmuHWND=0x001904C6	ConEmuPalette=<ConEmu>	ConEmuPID=1208	ConEmuPrompt0=$E[m$E[32m$E]9;8;"USERNAME"$E\@$E]9;8;"COMPUTERNAME"$E\$S	ConEmuPrompt1=$E[m$E[32m$E]9;8;"USERNAME"$E\@$E]9;8;"COMPUTERNAME"$E\$S$E[92m$P$E[90m	ConEmuPrompt2=$_$E[90m$G	ConEmuPrompt3=$E[m$S$E]9;12$E\	ConEmuServerPID=5468	ConEmuTask={Shells::cmd}	ConEmuWorkDir=C:\Users\D071860	ConEmuWorkDrive=C:	DEFLOGDIR=C:\ProgramData\McAfee\Endpoint Security\Logs	HOMEDRIVE=C:	homeloc=D_WDF	HOMEPATH=\Users\D071860	KUBECONFIG=C:\Practice\kubernetes\RUSLAN-KUBECONFIG	LOCALAPPDATA=C:\Users\D071860\AppData\Local	LOGONSERVER=\\DS2WDF0004	NUMBER_OF_PROCESSORS=4	OneDrive=C:\Users\D071860\OneDrive	OS=Windows_NT	Path=C:\Program Files\ConEmu\ConEmu\Scripts;C:\Program Files\ConEmu;C:\Program Files\ConEmu\ConEmu;C:\ProgramData\Oracle\Java\javapath;C:\Program Files\Docker\Docker\Resources\bin;C:\WINDOWS\system32;C:\WINDOWS;C:\WINDOWS\System32\Wbem;C:\WINDOWS\System32\WindowsPowerShell\v1.0\;C:\Program Files\Minikube;C:\Program Files\Kubernetes;C:\Program Files (x86)\Google\Cloud SDK\google-cloud-sdk\bin;C:\Program Files\PuTTY\;C:\Program Files\nodejs\;c:\UnityBase;C:\Users\D071860\AppData\Local\Microsoft\WindowsApps;C:\Users\D071860\AppData\Roaming\npm	PATHEXT=.COM;.EXE;.BAT;.CMD;.VBS;.VBE;.JSE;.WSF;.WSH;.MSC	PROCESSOR_ARCHITECTURE=x86	PROCESSOR_ARCHITEW6432=AMD64	PROCESSOR_IDENTIFIER=Intel64 Family 6 Model 78 Stepping 3, GenuineIntel	PROCESSOR_LEVEL=6	PROCESSOR_REVISION=4e03	ProgramData=C:\ProgramData	ProgramFiles=C:\Program Files (x86)	ProgramFiles(x86)=C:\Program Files (x86)	ProgramW6432=C:\Program Files	PROMPT=$E[m$E[32m$E]9;8;"USERNAME"$E\@$E]9;8;"COMPUTERNAME"$E\$S$E[92m$P$E[90m$_$E[90m$G$E[m$S$E]9;12$E\	PSModulePath=C:\Program Files (x86)\WindowsPowerShell\Modules;C:\WINDOWS\system32\WindowsPowerShell\v1.0\Modules;C:\Program Files (x86)\Google\Cloud SDK\google-cloud-sdk\platform\PowerShell	PUBLIC=C:\Users\Public	SESSIONNAME=Console	SNC_LIB=C:\Program Files (x86)\SAP\FrontEnd\SecureLogin\lib\sapcrypto.dll	SNC_LIB_64=C:\Program Files\SAP\FrontEnd\SecureLogin\lib\sapcrypto.dll	SSF_LIBRARY_PATH=C:\Program Files (x86)\SAP\FrontEnd\SecureLogin\lib\sapcrypto.dll	SSF_LIBRARY_PATH_64=C:\Program Files\SAP\FrontEnd\SecureLogin\lib\sapcrypto.dll	SystemDrive=C:	SystemRoot=C:\WINDOWS	TEMP=C:\Users\D071860\AppData\Local\Temp	TMP=C:\Users\D071860\AppData\Local\Temp	UATDATA=C:\WINDOWS\CCM\UATData\D9F8C395-CAB8-491d-B8AC-179A1FE1BE77	UB_HOME=c:\UnityBase	USERDNSDOMAIN=GLOBAL.CORP.SAP	USERDOMAIN=GLOBAL	USERDOMAIN_ROAMINGPROFILE=GLOBAL	USERNAME=D071860	USERPROFILE=C:\Users\D071860	windir=C:\WINDOWSTubLog 1.18.3488 FTS3 2018-04-15T18:33:5220180415 18335245  ! warn  WebSocket support are disabled because WSServer.host = '' in config
20180415 18335245  !  +    ubServer.TubServer(042874E8).008863DB 
20180415 18335245  !  +    	Init app
20180415 18335245  ! srvr  		FTS is disabled
20180415 18335245  ! info  		Check blob store "avatars" folder "C:\ubProject\CityPortal\avatars\": folder exists
20180415 18335245  ! info  		Check blob store "attach" folder "C:\ubProject\CityPortal\docs\attach\": folder exists
20180415 18335245  !  -    	00.000.708
20180415 18335245  !  +    	Folder C:\ubProject\CityPortal\node_modules\@unitybase\ub\ modified
20180415 18335245  !  +    		ubCommonClasses.TubThreadSafeCache(0299CB08).removeStartsWith
20180415 18335245  !  -    		00.000.005
20180415 18335245  !  -    	00.000.011
20180415 18335245  !  +    	Folder C:\ubProject\CityPortal\node_modules\@unitybase\uba\ modified
20180415 18335245  !  +    		ubCommonClasses.TubThreadSafeCache(0299CB08).removeStartsWith
20180415 18335245  !  -    		00.000.000
20180415 18335245  !  -    	00.000.004
20180415 18335245  !  +    	Folder C:\ubProject\CityPortal\node_modules\@unitybase\ubs\ modified
20180415 18335245  !  +    		ubCommonClasses.TubThreadSafeCache(0299CB08).removeStartsWith
20180415 18335245  !  -    		00.000.000
20180415 18335245  !  -    	00.000.005
20180415 18335245  !  +    	Folder C:\ubProject\CityPortal\node_modules\@unitybase\ubm\ modified
20180415 18335245  !  +    		ubCommonClasses.TubThreadSafeCache(0299CB08).removeStartsWith
20180415 18335245  !  -    		00.000.000
20180415 18335245  !  -    	00.000.003
20180415 18335245  !  +    	Folder C:\ubProject\CityPortal\_public_only_\ modified
20180415 18335245  !  +    		ubCommonClasses.TubThreadSafeCache(0299CB08).removeStartsWith
20180415 18335245  !  -    		00.000.000
20180415 18335245  !  -    	00.000.004
20180415 18335245  !  +    	Folder C:\ubProject\CityPortal\node_modules\@unitybase\adminui-reg\ modified
20180415 18335245  !  +    		ubCommonClasses.TubThreadSafeCache(0299CB08).removeStartsWith
20180415 18335245  !  -    		00.000.000
20180415 18335245  !  -    	00.000.004
20180415 18335245  !  +    	Folder C:\ubProject\CityPortal\models\requests\ modified
20180415 18335245  !  +    		ubCommonClasses.TubThreadSafeCache(0299CB08).removeStartsWith
20180415 18335245  !  -    		00.000.000
20180415 18335245  !  -    	00.000.004
20180415 18335245  !  +    	ubApp.TubApp(02903EE0).init
20180415 18335245  ! srvr  		Mime converters are disabled
20180415 18335245  !  -    	00.000.003
20180415 18335245  ! srvr  	Enable zip compresison
20180415 18335245  ! srvr  	Send initialization request to http://localhost:888/init
20180415 18335245  "  +    InitializationRequest
20180415 18335245  "  +    	init
20180415 18335245  " srvr  		Start application intialization...
20180415 18335245  " info  		Loading domain...
20180415 18335245  " info  		Loading model "UB" from "C:\ubProject\CityPortal\node_modules\@unitybase\ub\"
20180415 18335245  " info  		Loading model "UBA" from "C:\ubProject\CityPortal\node_modules\@unitybase\uba\"
20180415 18335247  " info  		Loading model "UBS" from "C:\ubProject\CityPortal\node_modules\@unitybase\ubs\"
20180415 18335248  " info  		Loading model "UBM" from "C:\ubProject\CityPortal\node_modules\@unitybase\ubm\"
20180415 18335248  " info  		Loading model "adminui-reg" from "C:\ubProject\CityPortal\node_modules\@unitybase\adminui-reg\"
20180415 18335248  " info  		Loading model "RequestList" from "C:\ubProject\CityPortal\models\requests\"
20180415 18335248  "  +    		ubApp.TubDataStore(0421FEA8).Init
20180415 18335248  "  +    			ubApp.TubApp(02903EE0).DBExecute
20180415 18335248  "  +    				ubApp.TubApp(02903EE0).TubApp.InternalDBExecute
20180415 18335248  "  +    					00856EC2 
20180415 18335248  "  -    					00.009.088
20180415 18335248  " SQL   					ubDBSQLite3ThreadSafe.TubSQLite3Statement(029B6EB0) PRAGMA foreign_keys = ON
20180415 18335248  " SQL   					ubDBSQLite3ThreadSafe.TubSQLite3Statement(029B68B0) SELECT A01.ID,A01.entity,A01.state,A01.attribute,A01.roleName,A01.actions  FROM uba_als A01  ORDER BY A01.entity ASC
20180415 18335248  "  -    				00.009.204
20180415 18335248  "  -    			00.009.235
20180415 18335248  " debug 			Query result for entity "uba_als" into data name "": row count=0
20180415 18335248  "  -    		00.009.259
20180415 18335248  " srvr  		The domain loaded successfully with 3 entities
20180415 18335248  " debug 		Create new JavaScript Engine for thread 31624
20180415 18335261  "  +    		008C234A 
20180415 18335261  "  +    			ubApp.TubDataStore(06D9BF00).Init
20180415 18335261  "  +    				ubApp.TubApp(02903EE0).DBExecute
20180415 18335261  "  +    					ubApp.TubApp(02903EE0).TubApp.InternalDBExecute
20180415 18335261  " SQL   						ubDBSQLite3ThreadSafe.TubSQLite3Statement(029B7210) SELECT A01.ID,A01.name,A01.sessionTimeout,A01.allowedAppMethods  FROM uba_role A01 
20180415 18335261  "  -    					00.000.045
20180415 18335261  "  -    				00.000.111
20180415 18335261  " debug 				Query result for entity "uba_role" into data name "": row count=7
20180415 18335261  "  -    			00.000.123
20180415 18335261  "  +    			ubApp.TubDataStore(06D9BF78).Init
20180415 18335261  "  +    				ubApp.TubApp(02903EE0).DBExecute
20180415 18335261  "  +    					ubApp.TubApp(02903EE0).TubApp.InternalDBExecute
20180415 18335261  " SQL   						ubDBSQLite3ThreadSafe.TubSQLite3Statement(029B71B0) SELECT A01.ID,A01.entityMask,A01.methodMask,A01.ruleType,A01.ruleRole,A01.disabled,A01.code  FROM uba_els A01 
20180415 18335261  "  -    					00.000.029
20180415 18335261  "  -    				00.000.108
20180415 18335261  " debug 				Query result for entity "uba_els" into data name "": row count=34
20180415 18335261  "  -    			00.000.121
20180415 18335261  "  -    		00.001.106
20180415 18335261  " auth  		New session admin/90706064 created at 127.0.0.1/-504403152359915499 using Mozilla/5.0 (Windows; mORMot 1.18 TWinHTTP)
20180415 18335261  " auth  		New session anonymous/90706067 created at 127.0.0.1/-504403152359915499 using Mozilla/5.0 (Windows; mORMot 1.18 TWinHTTP)
20180415 18335261  "  +    		ubApp.TubDataStore(06D9C180).Init
20180415 18335261  "  +    			ubApp.TubApp(02903EE0).DBExecute
20180415 18335261  "  +    				ubApp.TubApp(02903EE0).TubApp.InternalDBExecute
20180415 18335261  " debug 					P1: String(34)	UBA.passwordPolicy.maxDurationDays
20180415 18335261  " SQL   					ubDBSQLite3ThreadSafe.TubSQLite3Statement(029B72D0) select settingValue from ubs_settings where settingKey =?
20180415 18335261  "  -    				00.000.034
20180415 18335261  "  -    			00.000.077
20180415 18335261  " debug 			Query result for entity "ubs_settings" into data name "": row count=1
20180415 18335261  "  -    		00.000.086
20180415 18335261  "  +    		ubApp.TubDataStore(06D9C180).Init
20180415 18335261  "  +    			ubApp.TubApp(02903EE0).DBExecute
20180415 18335261  "  +    				ubApp.TubApp(02903EE0).TubApp.InternalDBExecute
20180415 18335261  " debug 					P1: String(37)	UBA.passwordPolicy.maxInvalidAttempts
20180415 18335261  " SQL   					ubDBSQLite3ThreadSafe.TubSQLite3Statement(029B72D0) select settingValue from ubs_settings where settingKey =?
20180415 18335261  "  -    				00.000.006
20180415 18335261  "  -    			00.000.019
20180415 18335261  " debug 			Query result for entity "ubs_settings" into data name "": row count=1
20180415 18335261  "  -    		00.000.024
20180415 18335261  "  -    	00.256.629
20180415 18335261  "  -    00.256.647
20180415 18335261  ! srvr  	ubServer.TubServer(042874E8) {"THttpApiServer(028CA990)":{"Cloned":false,"RegisteredUrl":"http://+:888/","HTTPQueueLength":1000,"MaxBandwidth":-1,"MaxConnections":-1,"APIVersion":"HTTP API 2.0","ServerName":"UnityBase","ProcessName":""}} initialized
20180415 18335261  !  -    00.268.014
20180415 18335300  "  +    getAppInfo
20180415 18335300  " http  	127.0.0.1 -> GET getAppInfo
20180415 18335300  " call  	endpoint getAppInfo
20180415 18335300  " http  	127.0.0.1 <- 200
20180415 18335300  "  -    00.000.626
20180415 18335300  #  +    auth?AUTHTYPE=UB&userName=admin
20180415 18335300  # http  	127.0.0.1 -> GET auth?AUTHTYPE=UB&userName=admin
20180415 18335300  # debug 	Create new JavaScript Engine for thread 41752
20180415 18335313  # call  	endpoint auth
20180415 18335313  # http  	127.0.0.1 <- 200
20180415 18335313  #  -    00.208.022
20180415 18335313  $  +    auth?AUTHTYPE=UB&clientNonce=887fd22ff7834c921f1463a0440c50842c7e60bb57ff19d7bf993b33c6f7cd1a&password=d9f0b310a3e9d9c48fd5f5e056d0b3426a27094905090d250ad720dd04a271a9&userName=admin
20180415 18335313  $ http  	127.0.0.1 -> GET auth?AUTHTYPE=UB&clientNonce=887fd22ff7834c921f1463a0440c50842c7e60bb57ff19d7bf993b33c6f7cd1a&password=d9f0b310a3e9d9c48fd5f5e056d0b3426a27094905090d250ad720dd04a271a9&userName=admin
20180415 18335313  $ debug 	Create new JavaScript Engine for thread 19324
20180415 18335326  $ call  	endpoint auth
20180415 18335326  $  +    	ubApp.TubDataStore(06DA1400).Init
20180415 18335326  $  +    		ubApp.TubApp(02903EE0).DBExecute
20180415 18335326  $  +    			ubApp.TubApp(02903EE0).TubApp.InternalDBExecute
20180415 18335326  $  +    				00856EC2 
20180415 18335326  $  -    				00.002.128
20180415 18335326  $ SQL   				ubDBSQLite3ThreadSafe.TubSQLite3Statement(029B8050) PRAGMA foreign_keys = ON
20180415 18335326  $ debug 				P1: String(5)	admin
20180415 18335326  $ SQL   				ubDBSQLite3ThreadSafe.TubSQLite3Statement(029B79F0) select id, name, uPasswordHashHexa, uData, isPending, trustedIP from UBA_USER where name=? and disabled=0
20180415 18335326  $  -    			00.002.173
20180415 18335326  $  -    		00.002.220
20180415 18335326  $ debug 		Query result for entity "uba_user" into data name "": row count=1
20180415 18335326  $  -    	00.002.240
20180415 18335326  $  +    	ubApp.TubDataStore(06DA1400).Init
20180415 18335326  $  +    		ubApp.TubApp(02903EE0).DBExecute
20180415 18335326  $  +    			ubApp.TubApp(02903EE0).TubApp.InternalDBExecute
20180415 18335326  $ debug 				P1: Int64		10
20180415 18335326  $ SQL   				ubDBSQLite3ThreadSafe.TubSQLite3Statement(029B8050) SELECT lastPasswordChangeDate FROM uba_user WHERE id=?
20180415 18335326  $  -    			00.000.018
20180415 18335326  $  -    		00.000.041
20180415 18335326  $ debug 		Query result for entity "uba_user" into data name "__expireDate": row count=1
20180415 18335326  $  -    	00.000.048
20180415 18335326  $  +    	ubApp.TubDataStore(07E30648).Init
20180415 18335326  $  +    		ubApp.TubApp(02903EE0).DBExecute
20180415 18335326  $  +    			ubApp.TubApp(02903EE0).TubApp.InternalDBExecute
20180415 18335326  $ debug 				P1: Int64		10
20180415 18335326  $ SQL   				ubDBSQLite3ThreadSafe.TubSQLite3Statement(029B8110) SELECT A01.roleID,A02.name,A02.description  FROM uba_userrole A01  INNER JOIN uba_role A02 ON A02.ID=A01.roleID  WHERE A01.userID=?
20180415 18335326  $  -    			00.000.065
20180415 18335326  $  -    		00.000.112
20180415 18335326  $ debug 		Query result for entity "uba_userrole" into data name "": row count=1
20180415 18335326  $  -    	00.000.134
20180415 18335326  $ auth  	New session admin/90706066 created at 127.0.0.1/-504403152359915499 using Mozilla/5.0 (Windows; mORMot 1.18 TWinHTTP)
20180415 18335326  $  +    	ubMixinClasses.TubStorageMixin(029542C0).MixinMethod
20180415 18335326  $ debug 		uba_user.select(TubStorageMixin)
20180415 18335326  $  +    		ubApp.TubDataStore(07E30648).Init
20180415 18335326  $  +    			ubApp.TubApp(02903EE0).DBExecute
20180415 18335326  $  +    				ubApp.TubApp(02903EE0).TubApp.InternalDBExecute
20180415 18335326  $ debug 					P1: Int64		10
20180415 18335326  $ SQL   					ubDBSQLite3ThreadSafe.TubSQLite3Statement(029B8230) SELECT A01.name  FROM uba_user A01  WHERE A01.ID=?
20180415 18335326  $  -    				00.000.035
20180415 18335326  $  -    			00.000.091
20180415 18335326  $ debug 			Query result for entity "uba_user" into data name "": row count=1
20180415 18335326  $  -    		00.000.117
20180415 18335326  $  -    	00.000.186
20180415 18335329  $  +    	ubMixinClasses.TubStorageMixin(029542C0).MixinMethod
20180415 18335329  $ debug 		uba_advSecurity.select(TubStorageMixin)
20180415 18335329  $  +    		ubApp.TubDataStore(07E30648).Init
20180415 18335329  $  +    			ubApp.TubApp(02903EE0).DBExecute
20180415 18335329  $  +    				ubApp.TubApp(02903EE0).TubApp.InternalDBExecute
20180415 18335329  $ debug 					P1: Int64		10
20180415 18335329  $ SQL   					ubDBSQLite3ThreadSafe.TubSQLite3Statement(029B8290) SELECT A01.ID,A01.allowedIP,A01.refreshIP,A01.fp,A01.refreshFp,A01.keyMediaName,A01.refreshKeyMedia,A01.mi_modifyDate  FROM uba_advSecurity A01  WHERE A01.userID=?
20180415 18335329  $  -    				00.000.056
20180415 18335329  $  -    			00.000.114
20180415 18335329  $ debug 			Query result for entity "uba_advSecurity" into data name "": row count=0
20180415 18335329  $  -    		00.000.132
20180415 18335329  $  -    	00.000.334
20180415 18335329  $  +    	ubMixinClasses.TubStorageMixin(029542C0).MixinMethod
20180415 18335329  $ debug 		uba_userrole.select(TubStorageMixin)
20180415 18335329  $  +    		ubApp.TubDataStore(07E30648).Init
20180415 18335329  $  +    			ubApp.TubApp(02903EE0).DBExecute
20180415 18335329  $  +    				ubApp.TubApp(02903EE0).TubApp.InternalDBExecute
20180415 18335329  $ debug 					P1: Int64		10
20180415 18335329  $ SQL   					ubDBSQLite3ThreadSafe.TubSQLite3Statement(029B82F0) SELECT A01.ID,A02.name,A01.roleID  FROM uba_userrole A01  INNER JOIN uba_role A02 ON A02.ID=A01.roleID  WHERE A01.userID=?
20180415 18335329  $  -    				00.000.055
20180415 18335329  $  -    			00.000.125
20180415 18335329  $ debug 			Query result for entity "uba_userrole" into data name "": row count=1
20180415 18335329  $  -    		00.000.134
20180415 18335329  $  -    	00.000.212
20180415 18335329  $  +    	ubMixinClasses.TubStorageMixin(029542C0).MixinMethod
20180415 18335329  $ debug 		uba_audit.beforeinsert(TubStorageMixin)
20180415 18335329  $  -    	00.000.009
20180415 18335329  $  +    	ubMixinClasses.TubStorageMixin(029542C0).MixinMethod
20180415 18335329  $ debug 		uba_audit.insert(TubStorageMixin)
20180415 18335329  $  +    		ubApp.TubDataStore(06DA11F8).TubDataStore.ExecuteInsertFromList
20180415 18335329  $  +    			ubApp.TubDataStore(06DA11F8).TubDataStore.ExecuteInsertFromSQL
20180415 18335329  $  +    				ubApp.TubApp(02903EE0).DBExecute
20180415 18335329  $  +    					ubApp.TubApp(02903EE0).TubApp.InternalDBExecute
20180415 18335329  $ debug 						P1: String(8)	uba_user
20180415 18335329  $ debug 						P2: Int64		10
20180415 18335329  $ debug 						P3: String(5)	LOGIN
20180415 18335329  $ debug 						P4: Int64		10
20180415 18335329  $ debug 						P5: DateTime	2018-04-15T18:33:53
20180415 18335329  $ debug 						P6: String(9)	127.0.0.1
20180415 18335329  $ debug 						P7: String(5)	admin
20180415 18335329  $ debug 						P8: String(0)	
20180415 18335329  $ debug 						P9: Int64		335786094231553
20180415 18335329  $ debug 						P10: String(313..)	Cache-Control: no-cache  Connection: Keep-Alive  Pragma: no-cache  Accept: */*  Accept-Encoding: gzi...
20180415 18335329  $ DB    						StartTransaction for connection "main"
20180415 18335329  $ SQL   						ubDBSQLite3ThreadSafe.TubSQLite3Statement(029B83B0) INSERT INTO uba_audit (entity,entityinfo_id,actionType,actionUser,actionTime,remoteIP,targetUser,targetRole,ID,fromValue) VALUES (?,?,?,?,?,?,?,?,?,?)
20180415 18335329  $  -    					00.000.127
20180415 18335329  $  -    				00.000.129
20180415 18335329  $  -    			00.000.224
20180415 18335329  $  -    		00.000.235
20180415 18335329  $  -    	00.000.240
20180415 18335329  $  +    	ubMixinClasses.TubStorageMixin(029542C0).MixinMethod
20180415 18335329  $ debug 		uba_audit.afterinsert(TubStorageMixin)
20180415 18335329  $  -    	00.000.003
20180415 18335329  $ DB    	Commit connection "main"
20180415 18335329  $ http  	127.0.0.1 <- 200
20180415 18335329  $  -    00.246.536
20180415 18335329  %  +    ubql
20180415 18335329  % http  	127.0.0.1 -> POST ubql
20180415 18335329  % http  	[{"entity":"ubm_desktop","method":"select","fieldList":["ID"],"options":{"limit":1},"whereList":{"lookup":{"expression":"code","condition":"equal","values":{"code":"CityReq_desktop"}}}}]
20180415 18335329  % debug 	Create new JavaScript Engine for thread 39960
20180415 18335342  % auth  	admin/90706066
20180415 18335342  % call  	endpoint ubql
20180415 18335342  %  +    	ubMixinClasses.TubRLSMixin(02954E20).MixinMethod
20180415 18335342  % debug 		ubm_desktop.select(TubRLSMixin)
20180415 18335342  % debug 		Prepare RLS expression for ubm_desktop
20180415 18335342  %  +    		ubApp.TubDataStore(07E33370).Init
20180415 18335342  %  +    			ubApp.TubApp(02903EE0).DBExecute
20180415 18335342  %  +    				ubApp.TubApp(02903EE0).TubApp.InternalDBExecute
20180415 18335342  %  +    					00856EC2 
20180415 18335342  %  -    					00.002.280
20180415 18335342  % SQL   					ubDBSQLite3ThreadSafe.TubSQLite3Statement(029B8DD0) PRAGMA foreign_keys = ON
20180415 18335342  % SQL   					ubDBSQLite3ThreadSafe.TubSQLite3Statement(029B8770) select ID, name FROM uba_role
20180415 18335342  %  -    				00.002.310
20180415 18335342  %  -    			00.002.341
20180415 18335342  % debug 			Query result for entity "uba_role" into data name "": row count=7
20180415 18335342  %  -    		00.002.352
20180415 18335342  %  -    	00.003.334
20180415 18335342  %  +    	ubMixinClasses.TubStorageMixin(029542C0).MixinMethod
20180415 18335342  % debug 		ubm_desktop.select(TubStorageMixin)
20180415 18335342  %  +    		ubApp.TubDataStore(07E33258).Init
20180415 18335342  %  +    			ubApp.TubApp(02903EE0).DBExecute
20180415 18335342  %  +    				ubApp.TubApp(02903EE0).TubApp.InternalDBExecute
20180415 18335342  % debug 					P1: String(15)	CityReq_desktop
20180415 18335342  % debug 					P2: Int64		10
20180415 18335342  % debug 					P3: Int64		10
20180415 18335342  % debug 					P4: DateTime	9999-12-31T00:00:00
20180415 18335342  % SQL   					ubDBSQLite3ThreadSafe.TubSQLite3Statement(029B8E90) SELECT A01.ID  FROM ubm_desktop A01  WHERE code=? AND (( A01.mi_owner = ? ) OR (1=1) OR exists (select 1 from ubm_desktop_adm admsubtable where admsubtable.instanceID = A01.ID and admsubtable.admSubjID in (select ur.RoleID from uba_userrole ur where ur.UserID = ? union select 10))) AND A01.mi_deleteDate=? LIMIT 1 OFFSET 0 
20180415 18335342  %  -    				00.000.091
20180415 18335342  %  -    			00.000.326
20180415 18335342  % debug 			Query result for entity "ubm_desktop" into data name "": row count=1
20180415 18335342  %  -    		00.000.344
20180415 18335342  %  -    	00.000.477
20180415 18335342  % http  	127.0.0.1 <- 200
20180415 18335342  %  -    00.208.293
20180415 18335342  &  +    ubql
20180415 18335342  & http  	127.0.0.1 -> POST ubql
20180415 18335342  & http  	[{"entity":"ubm_navshortcut","method":"select","fieldList":["ID"],"options":{"limit":1},"whereList":{"lookup":{"expression":"code","condition":"equal","values":{"code":"req_departments_folder"}}}}]
20180415 18335342  & debug 	Create new JavaScript Engine for thread 40132
20180415 18335356  & auth  	admin/90706066
20180415 18335356  & call  	endpoint ubql
20180415 18335356  &  +    	ubMixinClasses.TubRLSMixin(02954E20).MixinMethod
20180415 18335356  & debug 		ubm_navshortcut.select(TubRLSMixin)
20180415 18335356  & debug 		Prepare RLS expression for ubm_navshortcut
20180415 18335356  &  +    		ubApp.TubDataStore(07DEDCE0).Init
20180415 18335356  &  +    			ubApp.TubApp(02903EE0).DBExecute
20180415 18335356  &  +    				ubApp.TubApp(02903EE0).TubApp.InternalDBExecute
20180415 18335356  &  +    					00856EC2 
20180415 18335356  &  -    					00.002.763
20180415 18335356  & SQL   					ubDBSQLite3ThreadSafe.TubSQLite3Statement(029B9790) PRAGMA foreign_keys = ON
20180415 18335356  & SQL   					ubDBSQLite3ThreadSafe.TubSQLite3Statement(029B9130) select ID, name FROM uba_role
20180415 18335356  &  -    				00.002.799
20180415 18335356  &  -    			00.002.834
20180415 18335356  & debug 			Query result for entity "uba_role" into data name "": row count=7
20180415 18335356  &  -    		00.002.845
20180415 18335356  &  -    	00.003.867
20180415 18335356  &  +    	ubMixinClasses.TubStorageMixin(029542C0).MixinMethod
20180415 18335356  & debug 		ubm_navshortcut.select(TubStorageMixin)
20180415 18335356  &  +    		ubApp.TubDataStore(07DEDC18).Init
20180415 18335356  &  +    			ubApp.TubApp(02903EE0).DBExecute
20180415 18335356  &  +    				ubApp.TubApp(02903EE0).TubApp.InternalDBExecute
20180415 18335356  & debug 					P1: String(22)	req_departments_folder
20180415 18335356  & debug 					P2: Int64		10
20180415 18335356  & debug 					P3: Int64		10
20180415 18335356  & debug 					P4: DateTime	9999-12-31T00:00:00
20180415 18335356  & SQL   					ubDBSQLite3ThreadSafe.TubSQLite3Statement(029B9850) SELECT A01.ID  FROM ubm_navshortcut A01  WHERE code=? AND (( A01.mi_owner = ? ) OR                (1=1) OR                              exists (select 1 from ubm_navshortcut_adm admsubtable where admsubtable.instanceID = A01.ID and admsubtable.admSubjID in (select ur.RoleID from uba_userrole ur where ur.UserID = ? union select 10))) AND A01.mi_deleteDate=? LIMIT 1 OFFSET 0 
20180415 18335356  &  -    				00.000.088
20180415 18335356  &  -    			00.000.157
20180415 18335356  & debug 			Query result for entity "ubm_navshortcut" into data name "": row count=1
20180415 18335356  &  -    		00.000.171
20180415 18335356  &  -    	00.000.284
20180415 18335356  & http  	127.0.0.1 <- 200
20180415 18335356  &  -    00.232.412
20180415 18335357  '  +    ubql
20180415 18335357  ' http  	127.0.0.1 -> POST ubql
20180415 18335357  ' http  	[{"entity":"ubm_navshortcut","method":"select","fieldList":["ID"],"options":{"limit":1},"whereList":{"lookup":{"expression":"code","condition":"equal","values":{"code":"req_depart"}}}}]
20180415 18335357  ' debug 	Create new JavaScript Engine for thread 39508
20180415 18335407  ' auth  	admin/90706066
20180415 18335407  ' call  	endpoint ubql
20180415 18335407  '  +    	ubMixinClasses.TubRLSMixin(02954E20).MixinMethod
20180415 18335407  ' debug 		ubm_navshortcut.select(TubRLSMixin)
20180415 18335407  ' debug 		Prepare RLS expression for ubm_navshortcut
20180415 18335407  '  +    		ubApp.TubDataStore(07DF1FE8).Init
20180415 18335407  '  +    			ubApp.TubApp(02903EE0).DBExecute
20180415 18335407  '  +    				ubApp.TubApp(02903EE0).TubApp.InternalDBExecute
20180415 18335407  '  +    					00856EC2 
20180415 18335407  '  -    					00.002.118
20180415 18335407  ' SQL   					ubDBSQLite3ThreadSafe.TubSQLite3Statement(029BA1B0) PRAGMA foreign_keys = ON
20180415 18335407  ' SQL   					ubDBSQLite3ThreadSafe.TubSQLite3Statement(029B9B50) select ID, name FROM uba_role
20180415 18335407  '  -    				00.002.149
20180415 18335407  '  -    			00.002.182
20180415 18335407  ' debug 			Query result for entity "uba_role" into data name "": row count=7
20180415 18335407  '  -    		00.002.192
20180415 18335407  '  -    	00.002.996
20180415 18335407  '  +    	ubMixinClasses.TubStorageMixin(029542C0).MixinMethod
20180415 18335407  ' debug 		ubm_navshortcut.select(TubStorageMixin)
20180415 18335407  '  +    		ubApp.TubDataStore(07DF1F20).Init
20180415 18335407  '  +    			ubApp.TubApp(02903EE0).DBExecute
20180415 18335407  '  +    				ubApp.TubApp(02903EE0).TubApp.InternalDBExecute
20180415 18335407  ' debug 					P1: String(10)	req_depart
20180415 18335407  ' debug 					P2: Int64		10
20180415 18335407  ' debug 					P3: Int64		10
20180415 18335407  ' debug 					P4: DateTime	9999-12-31T00:00:00
20180415 18335407  ' SQL   					ubDBSQLite3ThreadSafe.TubSQLite3Statement(029BA270) SELECT A01.ID  FROM ubm_navshortcut A01  WHERE code=? AND (( A01.mi_owner = ? ) OR                (1=1) OR                              exists (select 1 from ubm_navshortcut_adm admsubtable where admsubtable.instanceID = A01.ID and admsubtable.admSubjID in (select ur.RoleID from uba_userrole ur where ur.UserID = ? union select 10))) AND A01.mi_deleteDate=? LIMIT 1 OFFSET 0 
20180415 18335407  '  -    				00.000.082
20180415 18335407  '  -    			00.000.155
20180415 18335407  ' debug 			Query result for entity "ubm_navshortcut" into data name "": row count=1
20180415 18335407  '  -    		00.000.170
20180415 18335407  '  -    	00.000.307
20180415 18335407  ' http  	127.0.0.1 <- 200
20180415 18335407  '  -    00.207.417
20180415 18335407  (  +    ubql
20180415 18335407  ( http  	127.0.0.1 -> POST ubql
20180415 18335407  ( http  	[{"entity":"ubm_navshortcut","method":"select","fieldList":["ID"],"options":{"limit":1},"whereList":{"lookup":{"expression":"code","condition":"equal","values":{"code":"req_subDepart"}}}}]
20180415 18335407  ( debug 	Create new JavaScript Engine for thread 41892
20180415 18335421  ( auth  	admin/90706066
20180415 18335421  ( call  	endpoint ubql
20180415 18335421  (  +    	ubMixinClasses.TubRLSMixin(02954E20).MixinMethod
20180415 18335421  ( debug 		ubm_navshortcut.select(TubRLSMixin)
20180415 18335421  ( debug 		Prepare RLS expression for ubm_navshortcut
20180415 18335421  (  +    		ubApp.TubDataStore(0D5C9380).Init
20180415 18335421  (  +    			ubApp.TubApp(02903EE0).DBExecute
20180415 18335421  (  +    				ubApp.TubApp(02903EE0).TubApp.InternalDBExecute
20180415 18335421  (  +    					00856EC2 
20180415 18335421  (  -    					00.002.230
20180415 18335421  ( SQL   					ubDBSQLite3ThreadSafe.TubSQLite3Statement(029BAB70) PRAGMA foreign_keys = ON
20180415 18335421  ( SQL   					ubDBSQLite3ThreadSafe.TubSQLite3Statement(029BA510) select ID, name FROM uba_role
20180415 18335421  (  -    				00.002.261
20180415 18335421  (  -    			00.002.295
20180415 18335421  ( debug 			Query result for entity "uba_role" into data name "": row count=7
20180415 18335421  (  -    		00.002.305
20180415 18335421  (  -    	00.003.144
20180415 18335421  (  +    	ubMixinClasses.TubStorageMixin(029542C0).MixinMethod
20180415 18335421  ( debug 		ubm_navshortcut.select(TubStorageMixin)
20180415 18335421  (  +    		ubApp.TubDataStore(0D5C92B8).Init
20180415 18335421  (  +    			ubApp.TubApp(02903EE0).DBExecute
20180415 18335421  (  +    				ubApp.TubApp(02903EE0).TubApp.InternalDBExecute
20180415 18335421  ( debug 					P1: String(13)	req_subDepart
20180415 18335421  ( debug 					P2: Int64		10
20180415 18335421  ( debug 					P3: Int64		10
20180415 18335421  ( debug 					P4: DateTime	9999-12-31T00:00:00
20180415 18335421  ( SQL   					ubDBSQLite3ThreadSafe.TubSQLite3Statement(029BAC30) SELECT A01.ID  FROM ubm_navshortcut A01  WHERE code=? AND (( A01.mi_owner = ? ) OR                (1=1) OR                              exists (select 1 from ubm_navshortcut_adm admsubtable where admsubtable.instanceID = A01.ID and admsubtable.admSubjID in (select ur.RoleID from uba_userrole ur where ur.UserID = ? union select 10))) AND A01.mi_deleteDate=? LIMIT 1 OFFSET 0 
20180415 18335421  (  -    				00.000.091
20180415 18335421  (  -    			00.000.168
20180415 18335421  ( debug 			Query result for entity "ubm_navshortcut" into data name "": row count=1
20180415 18335421  (  -    		00.000.179
20180415 18335421  (  -    	00.000.281
20180415 18335421  ( http  	127.0.0.1 <- 200
20180415 18335421  (  -    00.223.641
20180415 18335422  )  +    ubql
20180415 18335422  ) http  	127.0.0.1 -> POST ubql
20180415 18335422  ) http  	[{"entity":"ubm_navshortcut","method":"select","fieldList":["ID"],"options":{"limit":1},"whereList":{"lookup":{"expression":"code","condition":"equal","values":{"code":"req_reqList"}}}}]
20180415 18335422  ) debug 	Create new JavaScript Engine for thread 38296
20180415 18335435  ) auth  	admin/90706066
20180415 18335435  ) call  	endpoint ubql
20180415 18335435  )  +    	ubMixinClasses.TubRLSMixin(02954E20).MixinMethod
20180415 18335435  ) debug 		ubm_navshortcut.select(TubRLSMixin)
20180415 18335435  ) debug 		Prepare RLS expression for ubm_navshortcut
20180415 18335435  )  +    		ubApp.TubDataStore(0D5CD688).Init
20180415 18335435  )  +    			ubApp.TubApp(02903EE0).DBExecute
20180415 18335435  )  +    				ubApp.TubApp(02903EE0).TubApp.InternalDBExecute
20180415 18335435  )  +    					00856EC2 
20180415 18335435  )  -    					00.002.265
20180415 18335435  ) SQL   					ubDBSQLite3ThreadSafe.TubSQLite3Statement(029BB530) PRAGMA foreign_keys = ON
20180415 18335435  ) SQL   					ubDBSQLite3ThreadSafe.TubSQLite3Statement(029BAED0) select ID, name FROM uba_role
20180415 18335435  )  -    				00.002.315
20180415 18335435  )  -    			00.002.353
20180415 18335435  ) debug 			Query result for entity "uba_role" into data name "": row count=7
20180415 18335435  )  -    		00.002.366
20180415 18335435  )  -    	00.003.138
20180415 18335435  )  +    	ubMixinClasses.TubStorageMixin(029542C0).MixinMethod
20180415 18335435  ) debug 		ubm_navshortcut.select(TubStorageMixin)
20180415 18335435  )  +    		ubApp.TubDataStore(0D5CD5C0).Init
20180415 18335435  )  +    			ubApp.TubApp(02903EE0).DBExecute
20180415 18335435  )  +    				ubApp.TubApp(02903EE0).TubApp.InternalDBExecute
20180415 18335435  ) debug 					P1: String(11)	req_reqList
20180415 18335435  ) debug 					P2: Int64		10
20180415 18335435  ) debug 					P3: Int64		10
20180415 18335435  ) debug 					P4: DateTime	9999-12-31T00:00:00
20180415 18335435  ) SQL   					ubDBSQLite3ThreadSafe.TubSQLite3Statement(029BB5F0) SELECT A01.ID  FROM ubm_navshortcut A01  WHERE code=? AND (( A01.mi_owner = ? ) OR                (1=1) OR                              exists (select 1 from ubm_navshortcut_adm admsubtable where admsubtable.instanceID = A01.ID and admsubtable.admSubjID in (select ur.RoleID from uba_userrole ur where ur.UserID = ? union select 10))) AND A01.mi_deleteDate=? LIMIT 1 OFFSET 0 
20180415 18335435  )  -    				00.000.106
20180415 18335435  )  -    			00.000.190
20180415 18335435  ) debug 			Query result for entity "ubm_navshortcut" into data name "": row count=1
20180415 18335435  )  -    		00.000.203
20180415 18335435  )  -    	00.000.344
20180415 18335435  ) http  	127.0.0.1 <- 200
20180415 18335435  )  -    00.214.446
20180415 18335440  "  +    ubql
20180415 18335440  " http  	127.0.0.1 -> POST ubql
20180415 18335440  " http  	[{"entity":"ubm_enum","method":"select","fieldList":["code"],"options":{"limit":1},"whereList":{"c1":{"expression":"[code]","condition":"equal","values":{"c1":"NEW"}}}}]
20180415 18335440  " auth  	admin/90706066
20180415 18335440  " call  	endpoint ubql
20180415 18335440  "  +    	ubMixinClasses.TubStorageMixin(029542C0).MixinMethod
20180415 18335440  " debug 		ubm_enum.select(TubStorageMixin)
20180415 18335440  "  +    		ubApp.TubDataStore(0D5CD638).Init
20180415 18335440  "  +    			ubApp.TubApp(02903EE0).DBExecute
20180415 18335440  "  +    				ubApp.TubApp(02903EE0).TubApp.InternalDBExecute
20180415 18335440  " debug 					P1: String(3)	NEW
20180415 18335440  " debug 					P2: DateTime	9999-12-31T00:00:00
20180415 18335440  " SQL   					ubDBSQLite3ThreadSafe.TubSQLite3Statement(029BB6B0) SELECT A01.code  FROM ubm_enum A01  WHERE A01.code=? AND A01.mi_deleteDate=? LIMIT 1 OFFSET 0 
20180415 18335440  "  -    				00.000.066
20180415 18335440  "  -    			00.000.152
20180415 18335440  " debug 			Query result for entity "ubm_enum" into data name "": row count=1
20180415 18335440  "  -    		00.000.161
20180415 18335440  "  -    	00.000.238
20180415 18335440  " http  	127.0.0.1 <- 200
20180415 18335440  "  -    00.000.546
20180415 18335440  #  +    ubql
20180415 18335440  # http  	127.0.0.1 -> POST ubql
20180415 18335440  # http  	[{"entity":"ubm_enum","method":"select","fieldList":["code"],"options":{"limit":1},"whereList":{"c1":{"expression":"[code]","condition":"equal","values":{"c1":"PROCESSED"}}}}]
20180415 18335440  # auth  	admin/90706066
20180415 18335440  # call  	endpoint ubql
20180415 18335440  #  +    	ubMixinClasses.TubStorageMixin(029542C0).MixinMethod
20180415 18335440  # debug 		ubm_enum.select(TubStorageMixin)
20180415 18335440  #  +    		ubApp.TubDataStore(0D5CD5E8).Init
20180415 18335440  #  +    			ubApp.TubApp(02903EE0).DBExecute
20180415 18335440  #  +    				ubApp.TubApp(02903EE0).TubApp.InternalDBExecute
20180415 18335440  #  +    					00856EC2 
20180415 18335440  #  -    					00.002.131
20180415 18335440  # SQL   					ubDBSQLite3ThreadSafe.TubSQLite3Statement(029BBD70) PRAGMA foreign_keys = ON
20180415 18335440  # debug 					P1: String(9)	PROCESSED
20180415 18335440  # debug 					P2: DateTime	9999-12-31T00:00:00
20180415 18335440  # SQL   					ubDBSQLite3ThreadSafe.TubSQLite3Statement(029BB770) SELECT A01.code  FROM ubm_enum A01  WHERE A01.code=? AND A01.mi_deleteDate=? LIMIT 1 OFFSET 0 
20180415 18335440  #  -    				00.002.205
20180415 18335440  #  -    			00.002.244
20180415 18335440  # debug 			Query result for entity "ubm_enum" into data name "": row count=1
20180415 18335440  #  -    		00.002.256
20180415 18335440  #  -    	00.002.337
20180415 18335440  # http  	127.0.0.1 <- 200
20180415 18335440  #  -    00.002.650
20180415 18335440  $  +    ubql
20180415 18335440  $ http  	127.0.0.1 -> POST ubql
20180415 18335440  $ http  	[{"entity":"ubm_enum","method":"select","fieldList":["code"],"options":{"limit":1},"whereList":{"c1":{"expression":"[code]","condition":"equal","values":{"c1":"REJECTED"}}}}]
20180415 18335440  $ auth  	admin/90706066
20180415 18335440  $ call  	endpoint ubql
20180415 18335440  $  +    	ubMixinClasses.TubStorageMixin(029542C0).MixinMethod
20180415 18335440  $ debug 		ubm_enum.select(TubStorageMixin)
20180415 18335440  $  +    		ubApp.TubDataStore(0D5CD660).Init
20180415 18335440  $  +    			ubApp.TubApp(02903EE0).DBExecute
20180415 18335440  $  +    				ubApp.TubApp(02903EE0).TubApp.InternalDBExecute
20180415 18335440  $ debug 					P1: String(8)	REJECTED
20180415 18335440  $ debug 					P2: DateTime	9999-12-31T00:00:00
20180415 18335440  $ SQL   					ubDBSQLite3ThreadSafe.TubSQLite3Statement(029BBDD0) SELECT A01.code  FROM ubm_enum A01  WHERE A01.code=? AND A01.mi_deleteDate=? LIMIT 1 OFFSET 0 
20180415 18335440  $  -    				00.000.057
20180415 18335440  $  -    			00.000.146
20180415 18335440  $ debug 			Query result for entity "ubm_enum" into data name "": row count=1
20180415 18335440  $  -    		00.000.171
20180415 18335440  $  -    	00.000.267
20180415 18335440  $ http  	127.0.0.1 <- 200
20180415 18335440  $  -    00.000.557
20180415 18335440  %  +    ubql
20180415 18335440  % http  	127.0.0.1 -> POST ubql
20180415 18335440  % http  	[{"entity":"ubm_enum","method":"select","fieldList":["code"],"options":{"limit":1},"whereList":{"c1":{"expression":"[code]","condition":"equal","values":{"c1":"CLOSED"}}}}]
20180415 18335440  % auth  	admin/90706066
20180415 18335440  % call  	endpoint ubql
20180415 18335440  %  +    	ubMixinClasses.TubStorageMixin(029542C0).MixinMethod
20180415 18335440  % debug 		ubm_enum.select(TubStorageMixin)
20180415 18335440  %  +    		ubApp.TubDataStore(0D5CD5C0).Init
20180415 18335440  %  +    			ubApp.TubApp(02903EE0).DBExecute
20180415 18335440  %  +    				ubApp.TubApp(02903EE0).TubApp.InternalDBExecute
20180415 18335440  % debug 					P1: String(6)	CLOSED
20180415 18335440  % debug 					P2: DateTime	9999-12-31T00:00:00
20180415 18335440  % SQL   					ubDBSQLite3ThreadSafe.TubSQLite3Statement(029BBD70) SELECT A01.code  FROM ubm_enum A01  WHERE A01.code=? AND A01.mi_deleteDate=? LIMIT 1 OFFSET 0 
20180415 18335440  %  -    				00.000.055
20180415 18335440  %  -    			00.000.141
20180415 18335440  % debug 			Query result for entity "ubm_enum" into data name "": row count=1
20180415 18335440  %  -    		00.000.151
20180415 18335440  %  -    	00.000.230
20180415 18335440  % http  	127.0.0.1 <- 200
20180415 18335440  %  -    00.000.496
20180415 18335440  &  +    ubql
20180415 18335440  & http  	127.0.0.1 -> POST ubql
20180415 18335440  & http  	[{"entity":"req_depart","method":"select","fieldList":["ID"],"options":{"limit":1},"whereList":{"c1":{"expression":"[name]","condition":"equal","values":{"c1":"Departments of health"}}}}]
20180415 18335440  & auth  	admin/90706066
20180415 18335440  & call  	endpoint ubql
20180415 18335440  &  +    	ubMixinClasses.TubStorageMixin(029542C0).MixinMethod
20180415 18335440  & debug 		req_depart.select(TubStorageMixin)
20180415 18335440  &  +    		ubApp.TubDataStore(0D5CD660).Init
20180415 18335440  &  +    			ubApp.TubApp(02903EE0).DBExecute
20180415 18335440  &  +    				ubApp.TubApp(02903EE0).TubApp.InternalDBExecute
20180415 18335440  & debug 					P1: String(21)	Departments of health
20180415 18335440  & SQL   					ubDBSQLite3ThreadSafe.TubSQLite3Statement(029BB590) SELECT A01.ID  FROM req_depart A01  WHERE A01.name=? LIMIT 1 OFFSET 0 
20180415 18335440  &  -    				00.000.050
20180415 18335440  &  -    			00.000.171
20180415 18335440  & debug 			Query result for entity "req_depart" into data name "": row count=1
20180415 18335440  &  -    		00.000.183
20180415 18335440  &  -    	00.000.253
20180415 18335440  & http  	127.0.0.1 <- 200
20180415 18335440  &  -    00.000.522
20180415 18335440  '  +    ubql
20180415 18335440  ' http  	127.0.0.1 -> POST ubql
20180415 18335440  ' http  	[{"entity":"req_depart","method":"select","fieldList":["ID"],"options":{"limit":1},"whereList":{"c1":{"expression":"[name]","condition":"equal","values":{"c1":"Departments of education"}}}}]
20180415 18335440  ' auth  	admin/90706066
20180415 18335440  ' call  	endpoint ubql
20180415 18335440  '  +    	ubMixinClasses.TubStorageMixin(029542C0).MixinMethod
20180415 18335440  ' debug 		req_depart.select(TubStorageMixin)
20180415 18335440  '  +    		ubApp.TubDataStore(0D5CD4D0).Init
20180415 18335440  '  +    			ubApp.TubApp(02903EE0).DBExecute
20180415 18335440  '  +    				ubApp.TubApp(02903EE0).TubApp.InternalDBExecute
20180415 18335440  ' debug 					P1: String(24)	Departments of education
20180415 18335440  ' SQL   					ubDBSQLite3ThreadSafe.TubSQLite3Statement(029BBE30) SELECT A01.ID  FROM req_depart A01  WHERE A01.name=? LIMIT 1 OFFSET 0 
20180415 18335440  '  -    				00.000.041
20180415 18335440  '  -    			00.000.126
20180415 18335440  ' debug 			Query result for entity "req_depart" into data name "": row count=1
20180415 18335440  '  -    		00.000.135
20180415 18335440  '  -    	00.000.200
20180415 18335440  ' http  	127.0.0.1 <- 200
20180415 18335440  '  -    00.000.457
20180415 18335448  ! info  ubApp.TubApp(02903EE0) {   "ClientsCurrent": 1,   "ClientsMax": 1,   "Invalid": 0,   "Responses": 14,   "Modified": 0,   "IncomingBytes": 6883,   "OutcomingBytes": 3205,   "OutcomingFiles": 0,   "ServiceCalls": 14,   "ProcessTime": "1.54s"  }
