c:\UnityBase\UB.exe 4.0.0.0 (2018-02-22 16:30:16)Host=WDFN34211327A User=D071860 CPU=4*9-6-19971:FFFBCBBF8373DAFEBF6F9C0000 OS=23.0=10.0.15063 Wow64=1 Freq=2437498Environment variables=ALLUSERSPROFILE=C:\ProgramData	ANSICON=121x32766 (121x26)	ANSICON_DEF=7	APPDATA=C:\Users\D071860\AppData\Roaming	CommonProgramFiles=C:\Program Files (x86)\Common Files	CommonProgramFiles(x86)=C:\Program Files (x86)\Common Files	CommonProgramW6432=C:\Program Files\Common Files	COMPUTERNAME=WDFN34211327A	ComSpec=C:\WINDOWS\system32\cmd.exe	ConEmuANSI=ON	ConEmuAnsiLog=	ConEmuArgs=	ConEmuArgs2=	ConEmuBackHWND=0x001105EE	ConEmuBaseDir=C:\Program Files\ConEmu\ConEmu	ConEmuBaseDirShort=C:\PROGRA~1\ConEmu\ConEmu	ConEmuBuild=180411	ConEmuCfgDir=	ConEmuConfig=	ConEmuDir=C:\Program Files\ConEmu	ConEmuDrawHWND=0x001B0306	ConEmuDrive=C:	ConEmuHooks=Enabled	ConEmuHWND=0x001904C6	ConEmuPalette=<ConEmu>	ConEmuPID=1208	ConEmuPrompt0=$E[m$E[32m$E]9;8;"USERNAME"$E\@$E]9;8;"COMPUTERNAME"$E\$S	ConEmuPrompt1=$E[m$E[32m$E]9;8;"USERNAME"$E\@$E]9;8;"COMPUTERNAME"$E\$S$E[92m$P$E[90m	ConEmuPrompt2=$_$E[90m$G	ConEmuPrompt3=$E[m$S$E]9;12$E\	ConEmuServerPID=5468	ConEmuTask={Shells::cmd}	ConEmuWorkDir=C:\Users\D071860	ConEmuWorkDrive=C:	DEFLOGDIR=C:\ProgramData\McAfee\Endpoint Security\Logs	HOMEDRIVE=C:	homeloc=D_WDF	HOMEPATH=\Users\D071860	KUBECONFIG=C:\Practice\kubernetes\RUSLAN-KUBECONFIG	LOCALAPPDATA=C:\Users\D071860\AppData\Local	LOGONSERVER=\\DS2WDF0004	NUMBER_OF_PROCESSORS=4	OneDrive=C:\Users\D071860\OneDrive	OS=Windows_NT	Path=C:\Program Files\ConEmu\ConEmu\Scripts;C:\Program Files\ConEmu;C:\Program Files\ConEmu\ConEmu;C:\ProgramData\Oracle\Java\javapath;C:\Program Files\Docker\Docker\Resources\bin;C:\WINDOWS\system32;C:\WINDOWS;C:\WINDOWS\System32\Wbem;C:\WINDOWS\System32\WindowsPowerShell\v1.0\;C:\Program Files\Minikube;C:\Program Files\Kubernetes;C:\Program Files (x86)\Google\Cloud SDK\google-cloud-sdk\bin;C:\Program Files\PuTTY\;C:\Program Files\nodejs\;c:\UnityBase;C:\Users\D071860\AppData\Local\Microsoft\WindowsApps;C:\Users\D071860\AppData\Roaming\npm	PATHEXT=.COM;.EXE;.BAT;.CMD;.VBS;.VBE;.JSE;.WSF;.WSH;.MSC	PROCESSOR_ARCHITECTURE=x86	PROCESSOR_ARCHITEW6432=AMD64	PROCESSOR_IDENTIFIER=Intel64 Family 6 Model 78 Stepping 3, GenuineIntel	PROCESSOR_LEVEL=6	PROCESSOR_REVISION=4e03	ProgramData=C:\ProgramData	ProgramFiles=C:\Program Files (x86)	ProgramFiles(x86)=C:\Program Files (x86)	ProgramW6432=C:\Program Files	PROMPT=$E[m$E[32m$E]9;8;"USERNAME"$E\@$E]9;8;"COMPUTERNAME"$E\$S$E[92m$P$E[90m$_$E[90m$G$E[m$S$E]9;12$E\	PSModulePath=C:\Program Files (x86)\WindowsPowerShell\Modules;C:\WINDOWS\system32\WindowsPowerShell\v1.0\Modules;C:\Program Files (x86)\Google\Cloud SDK\google-cloud-sdk\platform\PowerShell	PUBLIC=C:\Users\Public	SESSIONNAME=Console	SNC_LIB=C:\Program Files (x86)\SAP\FrontEnd\SecureLogin\lib\sapcrypto.dll	SNC_LIB_64=C:\Program Files\SAP\FrontEnd\SecureLogin\lib\sapcrypto.dll	SSF_LIBRARY_PATH=C:\Program Files (x86)\SAP\FrontEnd\SecureLogin\lib\sapcrypto.dll	SSF_LIBRARY_PATH_64=C:\Program Files\SAP\FrontEnd\SecureLogin\lib\sapcrypto.dll	SystemDrive=C:	SystemRoot=C:\WINDOWS	TEMP=C:\Users\D071860\AppData\Local\Temp	TMP=C:\Users\D071860\AppData\Local\Temp	UATDATA=C:\WINDOWS\CCM\UATData\D9F8C395-CAB8-491d-B8AC-179A1FE1BE77	UB_HOME=c:\UnityBase	USERDNSDOMAIN=GLOBAL.CORP.SAP	USERDOMAIN=GLOBAL	USERDOMAIN_ROAMINGPROFILE=GLOBAL	USERNAME=D071860	USERPROFILE=C:\Users\D071860	windir=C:\WINDOWSTubLog 1.18.3488 FTS3 2018-04-15T18:36:4120180415 18364143  ! warn  WebSocket support are disabled because WSServer.host = '' in config
20180415 18364143  !  +    ubServer.TubServer(043274E8).008863DB 
20180415 18364143  !  +    	Init app
20180415 18364143  ! srvr  		FTS is disabled
20180415 18364143  ! info  		Check blob store "avatars" folder "C:\ubProject\CityPortal\avatars\": folder exists
20180415 18364143  ! info  		Check blob store "attach" folder "C:\ubProject\CityPortal\docs\attach\": folder exists
20180415 18364143  !  -    	00.000.454
20180415 18364143  !  +    	Folder C:\ubProject\CityPortal\node_modules\@unitybase\ub\ modified
20180415 18364143  !  +    		ubCommonClasses.TubThreadSafeCache(02E5CB08).removeStartsWith
20180415 18364143  !  -    		00.000.004
20180415 18364143  !  -    	00.000.007
20180415 18364143  !  +    	Folder C:\ubProject\CityPortal\node_modules\@unitybase\uba\ modified
20180415 18364143  !  +    		ubCommonClasses.TubThreadSafeCache(02E5CB08).removeStartsWith
20180415 18364143  !  -    		00.000.000
20180415 18364143  !  -    	00.000.004
20180415 18364143  !  +    	Folder C:\ubProject\CityPortal\node_modules\@unitybase\ubs\ modified
20180415 18364143  !  +    		ubCommonClasses.TubThreadSafeCache(02E5CB08).removeStartsWith
20180415 18364143  !  -    		00.000.000
20180415 18364143  !  -    	00.000.004
20180415 18364143  !  +    	Folder C:\ubProject\CityPortal\node_modules\@unitybase\ubm\ modified
20180415 18364143  !  +    		ubCommonClasses.TubThreadSafeCache(02E5CB08).removeStartsWith
20180415 18364143  !  -    		00.000.000
20180415 18364143  !  -    	00.000.003
20180415 18364143  !  +    	Folder C:\ubProject\CityPortal\_public_only_\ modified
20180415 18364143  !  +    		ubCommonClasses.TubThreadSafeCache(02E5CB08).removeStartsWith
20180415 18364143  !  -    		00.000.000
20180415 18364143  !  -    	00.000.004
20180415 18364143  !  +    	Folder C:\ubProject\CityPortal\node_modules\@unitybase\adminui-reg\ modified
20180415 18364143  !  +    		ubCommonClasses.TubThreadSafeCache(02E5CB08).removeStartsWith
20180415 18364143  !  -    		00.000.000
20180415 18364143  !  -    	00.000.003
20180415 18364143  !  +    	Folder C:\ubProject\CityPortal\models\requests\ modified
20180415 18364143  !  +    		ubCommonClasses.TubThreadSafeCache(02E5CB08).removeStartsWith
20180415 18364143  !  -    		00.000.000
20180415 18364143  !  -    	00.000.004
20180415 18364144  !  +    	ubApp.TubApp(02DC3EE0).init
20180415 18364144  ! srvr  		Mime converters are disabled
20180415 18364144  !  -    	00.000.003
20180415 18364144  ! srvr  	Enable zip compresison
20180415 18364144  ! srvr  	Send initialization request to http://localhost:888/init
20180415 18364144  "  +    InitializationRequest
20180415 18364144  "  +    	init
20180415 18364144  " srvr  		Start application intialization...
20180415 18364144  " info  		Loading domain...
20180415 18364144  " info  		Loading model "UB" from "C:\ubProject\CityPortal\node_modules\@unitybase\ub\"
20180415 18364144  " info  		Loading model "UBA" from "C:\ubProject\CityPortal\node_modules\@unitybase\uba\"
20180415 18364146  " info  		Loading model "UBS" from "C:\ubProject\CityPortal\node_modules\@unitybase\ubs\"
20180415 18364146  " info  		Loading model "UBM" from "C:\ubProject\CityPortal\node_modules\@unitybase\ubm\"
20180415 18364146  " info  		Loading model "adminui-reg" from "C:\ubProject\CityPortal\node_modules\@unitybase\adminui-reg\"
20180415 18364146  " info  		Loading model "RequestList" from "C:\ubProject\CityPortal\models\requests\"
20180415 18364146  "  +    		ubApp.TubDataStore(042BFEA8).Init
20180415 18364146  "  +    			ubApp.TubApp(02DC3EE0).DBExecute
20180415 18364146  "  +    				ubApp.TubApp(02DC3EE0).TubApp.InternalDBExecute
20180415 18364146  "  +    					00856EC2 
20180415 18364148  "  -    					00.008.684
20180415 18364148  " SQL   					ubDBSQLite3ThreadSafe.TubSQLite3Statement(02E76EB0) PRAGMA foreign_keys = ON
20180415 18364148  " SQL   					ubDBSQLite3ThreadSafe.TubSQLite3Statement(02E768B0) SELECT A01.ID,A01.entity,A01.state,A01.attribute,A01.roleName,A01.actions  FROM uba_als A01  ORDER BY A01.entity ASC
20180415 18364148  "  -    				00.008.842
20180415 18364148  "  -    			00.008.878
20180415 18364148  " debug 			Query result for entity "uba_als" into data name "": row count=0
20180415 18364148  "  -    		00.008.901
20180415 18364148  " srvr  		The domain loaded successfully with 3 entities
20180415 18364148  " debug 		Create new JavaScript Engine for thread 40104
20180415 18364160  "  +    		008C234A 
20180415 18364160  "  +    			ubApp.TubDataStore(0757BF00).Init
20180415 18364160  "  +    				ubApp.TubApp(02DC3EE0).DBExecute
20180415 18364160  "  +    					ubApp.TubApp(02DC3EE0).TubApp.InternalDBExecute
20180415 18364160  " SQL   						ubDBSQLite3ThreadSafe.TubSQLite3Statement(02E77210) SELECT A01.ID,A01.name,A01.sessionTimeout,A01.allowedAppMethods  FROM uba_role A01 
20180415 18364160  "  -    					00.000.045
20180415 18364160  "  -    				00.000.112
20180415 18364160  " debug 				Query result for entity "uba_role" into data name "": row count=7
20180415 18364160  "  -    			00.000.129
20180415 18364160  "  +    			ubApp.TubDataStore(0757BF78).Init
20180415 18364160  "  +    				ubApp.TubApp(02DC3EE0).DBExecute
20180415 18364160  "  +    					ubApp.TubApp(02DC3EE0).TubApp.InternalDBExecute
20180415 18364160  " SQL   						ubDBSQLite3ThreadSafe.TubSQLite3Statement(02E771B0) SELECT A01.ID,A01.entityMask,A01.methodMask,A01.ruleType,A01.ruleRole,A01.disabled,A01.code  FROM uba_els A01 
20180415 18364160  "  -    					00.000.029
20180415 18364160  "  -    				00.000.132
20180415 18364160  " debug 				Query result for entity "uba_els" into data name "": row count=60
20180415 18364160  "  -    			00.000.150
20180415 18364160  "  -    		00.001.664
20180415 18364160  " auth  		New session admin/90875067 created at 127.0.0.1/-720575938768666407 using Mozilla/5.0 (Windows; mORMot 1.18 TWinHTTP)
20180415 18364160  " auth  		New session anonymous/90875066 created at 127.0.0.1/-720575938768666407 using Mozilla/5.0 (Windows; mORMot 1.18 TWinHTTP)
20180415 18364160  "  +    		ubApp.TubDataStore(0757C180).Init
20180415 18364160  "  +    			ubApp.TubApp(02DC3EE0).DBExecute
20180415 18364160  "  +    				ubApp.TubApp(02DC3EE0).TubApp.InternalDBExecute
20180415 18364160  " debug 					P1: String(34)	UBA.passwordPolicy.maxDurationDays
20180415 18364160  " SQL   					ubDBSQLite3ThreadSafe.TubSQLite3Statement(02E772D0) select settingValue from ubs_settings where settingKey =?
20180415 18364160  "  -    				00.000.049
20180415 18364160  "  -    			00.000.099
20180415 18364160  " debug 			Query result for entity "ubs_settings" into data name "": row count=1
20180415 18364160  "  -    		00.000.107
20180415 18364160  "  +    		ubApp.TubDataStore(0757C180).Init
20180415 18364160  "  +    			ubApp.TubApp(02DC3EE0).DBExecute
20180415 18364160  "  +    				ubApp.TubApp(02DC3EE0).TubApp.InternalDBExecute
20180415 18364160  " debug 					P1: String(37)	UBA.passwordPolicy.maxInvalidAttempts
20180415 18364160  " SQL   					ubDBSQLite3ThreadSafe.TubSQLite3Statement(02E772D0) select settingValue from ubs_settings where settingKey =?
20180415 18364160  "  -    				00.000.006
20180415 18364160  "  -    			00.000.019
20180415 18364160  " debug 			Query result for entity "ubs_settings" into data name "": row count=1
20180415 18364160  "  -    		00.000.024
20180415 18364160  "  -    	00.253.796
20180415 18364160  "  -    00.253.813
20180415 18364160  ! srvr  	ubServer.TubServer(043274E8) {"THttpApiServer(02D8A990)":{"Cloned":false,"RegisteredUrl":"http://+:888/","HTTPQueueLength":1000,"MaxBandwidth":-1,"MaxConnections":-1,"APIVersion":"HTTP API 2.0","ServerName":"UnityBase","ProcessName":""}} initialized
20180415 18364160  !  -    00.263.222
20180415 18364161  "  +    getAppInfo
20180415 18364161  " http  	127.0.0.1 -> GET getAppInfo
20180415 18364161  " call  	endpoint getAppInfo
20180415 18364161  " http  	127.0.0.1 <- 200
20180415 18364161  "  -    00.000.631
20180415 18364162  #  +    auth?AUTHTYPE=UB&userName=admin
20180415 18364162  # http  	127.0.0.1 -> GET auth?AUTHTYPE=UB&userName=admin
20180415 18364162  # debug 	Create new JavaScript Engine for thread 39000
20180415 18364212  # call  	endpoint auth
20180415 18364212  # http  	127.0.0.1 <- 200
20180415 18364212  #  -    00.206.307
20180415 18364212  $  +    auth?AUTHTYPE=UB&clientNonce=bdaae71d39dcc908a0b80b99da0847a7f5ae124805d3601954dbd29c17927140&password=e31881f4c800fa394f0ed9ac90c1b76f015dd79cf6e9860d9b40b6f08e82cc85&userName=admin
20180415 18364212  $ http  	127.0.0.1 -> GET auth?AUTHTYPE=UB&clientNonce=bdaae71d39dcc908a0b80b99da0847a7f5ae124805d3601954dbd29c17927140&password=e31881f4c800fa394f0ed9ac90c1b76f015dd79cf6e9860d9b40b6f08e82cc85&userName=admin
20180415 18364212  $ debug 	Create new JavaScript Engine for thread 40276
20180415 18364225  $ call  	endpoint auth
20180415 18364225  $  +    	ubApp.TubDataStore(07581400).Init
20180415 18364225  $  +    		ubApp.TubApp(02DC3EE0).DBExecute
20180415 18364225  $  +    			ubApp.TubApp(02DC3EE0).TubApp.InternalDBExecute
20180415 18364225  $  +    				00856EC2 
20180415 18364225  $  -    				00.002.377
20180415 18364225  $ SQL   				ubDBSQLite3ThreadSafe.TubSQLite3Statement(02E78050) PRAGMA foreign_keys = ON
20180415 18364225  $ debug 				P1: String(5)	admin
20180415 18364225  $ SQL   				ubDBSQLite3ThreadSafe.TubSQLite3Statement(02E779F0) select id, name, uPasswordHashHexa, uData, isPending, trustedIP from UBA_USER where name=? and disabled=0
20180415 18364225  $  -    			00.002.424
20180415 18364225  $  -    		00.002.469
20180415 18364225  $ debug 		Query result for entity "uba_user" into data name "": row count=1
20180415 18364225  $  -    	00.002.484
20180415 18364225  $  +    	ubApp.TubDataStore(07581400).Init
20180415 18364225  $  +    		ubApp.TubApp(02DC3EE0).DBExecute
20180415 18364225  $  +    			ubApp.TubApp(02DC3EE0).TubApp.InternalDBExecute
20180415 18364225  $ debug 				P1: Int64		10
20180415 18364225  $ SQL   				ubDBSQLite3ThreadSafe.TubSQLite3Statement(02E78050) SELECT lastPasswordChangeDate FROM uba_user WHERE id=?
20180415 18364225  $  -    			00.000.018
20180415 18364225  $  -    		00.000.041
20180415 18364225  $ debug 		Query result for entity "uba_user" into data name "__expireDate": row count=1
20180415 18364225  $  -    	00.000.048
20180415 18364225  $  +    	ubApp.TubDataStore(07E7EBF8).Init
20180415 18364225  $  +    		ubApp.TubApp(02DC3EE0).DBExecute
20180415 18364225  $  +    			ubApp.TubApp(02DC3EE0).TubApp.InternalDBExecute
20180415 18364225  $ debug 				P1: Int64		10
20180415 18364225  $ SQL   				ubDBSQLite3ThreadSafe.TubSQLite3Statement(02E78110) SELECT A01.roleID,A02.name,A02.description  FROM uba_userrole A01  INNER JOIN uba_role A02 ON A02.ID=A01.roleID  WHERE A01.userID=?
20180415 18364225  $  -    			00.000.038
20180415 18364225  $  -    		00.000.076
20180415 18364225  $ debug 		Query result for entity "uba_userrole" into data name "": row count=1
20180415 18364225  $  -    	00.000.088
20180415 18364225  $ auth  	New session admin/90875061 created at 127.0.0.1/-720575938768666407 using Mozilla/5.0 (Windows; mORMot 1.18 TWinHTTP)
20180415 18364225  $  +    	ubMixinClasses.TubStorageMixin(02E142C0).MixinMethod
20180415 18364225  $ debug 		uba_user.select(TubStorageMixin)
20180415 18364225  $  +    		ubApp.TubDataStore(07E7EBF8).Init
20180415 18364225  $  +    			ubApp.TubApp(02DC3EE0).DBExecute
20180415 18364225  $  +    				ubApp.TubApp(02DC3EE0).TubApp.InternalDBExecute
20180415 18364225  $ debug 					P1: Int64		10
20180415 18364225  $ SQL   					ubDBSQLite3ThreadSafe.TubSQLite3Statement(02E78230) SELECT A01.name  FROM uba_user A01  WHERE A01.ID=?
20180415 18364225  $  -    				00.000.034
20180415 18364225  $  -    			00.000.075
20180415 18364225  $ debug 			Query result for entity "uba_user" into data name "": row count=1
20180415 18364225  $  -    		00.000.084
20180415 18364225  $  -    	00.000.157
20180415 18364228  $  +    	ubMixinClasses.TubStorageMixin(02E142C0).MixinMethod
20180415 18364228  $ debug 		uba_advSecurity.select(TubStorageMixin)
20180415 18364228  $  +    		ubApp.TubDataStore(07E7EBF8).Init
20180415 18364228  $  +    			ubApp.TubApp(02DC3EE0).DBExecute
20180415 18364228  $  +    				ubApp.TubApp(02DC3EE0).TubApp.InternalDBExecute
20180415 18364228  $ debug 					P1: Int64		10
20180415 18364228  $ SQL   					ubDBSQLite3ThreadSafe.TubSQLite3Statement(02E78290) SELECT A01.ID,A01.allowedIP,A01.refreshIP,A01.fp,A01.refreshFp,A01.keyMediaName,A01.refreshKeyMedia,A01.mi_modifyDate  FROM uba_advSecurity A01  WHERE A01.userID=?
20180415 18364228  $  -    				00.000.056
20180415 18364228  $  -    			00.000.114
20180415 18364228  $ debug 			Query result for entity "uba_advSecurity" into data name "": row count=0
20180415 18364228  $  -    		00.000.125
20180415 18364228  $  -    	00.000.275
20180415 18364228  $  +    	ubMixinClasses.TubStorageMixin(02E142C0).MixinMethod
20180415 18364228  $ debug 		uba_userrole.select(TubStorageMixin)
20180415 18364228  $  +    		ubApp.TubDataStore(07E7EBF8).Init
20180415 18364228  $  +    			ubApp.TubApp(02DC3EE0).DBExecute
20180415 18364228  $  +    				ubApp.TubApp(02DC3EE0).TubApp.InternalDBExecute
20180415 18364228  $ debug 					P1: Int64		10
20180415 18364228  $ SQL   					ubDBSQLite3ThreadSafe.TubSQLite3Statement(02E782F0) SELECT A01.ID,A02.name,A01.roleID  FROM uba_userrole A01  INNER JOIN uba_role A02 ON A02.ID=A01.roleID  WHERE A01.userID=?
20180415 18364228  $  -    				00.000.100
20180415 18364228  $  -    			00.000.178
20180415 18364228  $ debug 			Query result for entity "uba_userrole" into data name "": row count=1
20180415 18364228  $  -    		00.000.188
20180415 18364228  $  -    	00.000.304
20180415 18364228  $  +    	ubMixinClasses.TubStorageMixin(02E142C0).MixinMethod
20180415 18364228  $ debug 		uba_audit.beforeinsert(TubStorageMixin)
20180415 18364228  $  -    	00.000.008
20180415 18364228  $  +    	ubMixinClasses.TubStorageMixin(02E142C0).MixinMethod
20180415 18364228  $ debug 		uba_audit.insert(TubStorageMixin)
20180415 18364228  $  +    		ubApp.TubDataStore(075811F8).TubDataStore.ExecuteInsertFromList
20180415 18364228  $  +    			ubApp.TubDataStore(075811F8).TubDataStore.ExecuteInsertFromSQL
20180415 18364228  $  +    				ubApp.TubApp(02DC3EE0).DBExecute
20180415 18364228  $  +    					ubApp.TubApp(02DC3EE0).TubApp.InternalDBExecute
20180415 18364228  $ debug 						P1: String(8)	uba_user
20180415 18364228  $ debug 						P2: Int64		10
20180415 18364228  $ debug 						P3: String(5)	LOGIN
20180415 18364228  $ debug 						P4: Int64		10
20180415 18364228  $ debug 						P5: DateTime	2018-04-15T18:36:42
20180415 18364228  $ debug 						P6: String(9)	127.0.0.1
20180415 18364228  $ debug 						P7: String(5)	admin
20180415 18364228  $ debug 						P8: String(0)	
20180415 18364228  $ debug 						P9: Int64		335786115858433
20180415 18364228  $ debug 						P10: String(313..)	Cache-Control: no-cache  Connection: Keep-Alive  Pragma: no-cache  Accept: */*  Accept-Encoding: gzi...
20180415 18364228  $ DB    						StartTransaction for connection "main"
20180415 18364228  $ SQL   						ubDBSQLite3ThreadSafe.TubSQLite3Statement(02E783B0) INSERT INTO uba_audit (entity,entityinfo_id,actionType,actionUser,actionTime,remoteIP,targetUser,targetRole,ID,fromValue) VALUES (?,?,?,?,?,?,?,?,?,?)
20180415 18364228  $  -    					00.000.120
20180415 18364228  $  -    				00.000.121
20180415 18364228  $  -    			00.000.210
20180415 18364228  $  -    		00.000.221
20180415 18364228  $  -    	00.000.225
20180415 18364228  $  +    	ubMixinClasses.TubStorageMixin(02E142C0).MixinMethod
20180415 18364228  $ debug 		uba_audit.afterinsert(TubStorageMixin)
20180415 18364228  $  -    	00.000.004
20180415 18364228  $ DB    	Commit connection "main"
20180415 18364228  $ http  	127.0.0.1 <- 200
20180415 18364228  $  -    00.249.281
20180415 18364228  %  +    ubql
20180415 18364228  % http  	127.0.0.1 -> POST ubql
20180415 18364228  % http  	[{"entity":"ubm_desktop","method":"select","fieldList":["ID"],"options":{"limit":1},"whereList":{"lookup":{"expression":"code","condition":"equal","values":{"code":"CityReq_desktop"}}}}]
20180415 18364228  % debug 	Create new JavaScript Engine for thread 39588
20180415 18364241  % auth  	admin/90875061
20180415 18364241  % call  	endpoint ubql
20180415 18364241  %  +    	ubMixinClasses.TubRLSMixin(02E14E20).MixinMethod
20180415 18364241  % debug 		ubm_desktop.select(TubRLSMixin)
20180415 18364241  % debug 		Prepare RLS expression for ubm_desktop
20180415 18364241  %  +    		ubApp.TubDataStore(07E6E928).Init
20180415 18364241  %  +    			ubApp.TubApp(02DC3EE0).DBExecute
20180415 18364241  %  +    				ubApp.TubApp(02DC3EE0).TubApp.InternalDBExecute
20180415 18364241  %  +    					00856EC2 
20180415 18364241  %  -    					00.002.326
20180415 18364241  % SQL   					ubDBSQLite3ThreadSafe.TubSQLite3Statement(02E78DD0) PRAGMA foreign_keys = ON
20180415 18364241  % SQL   					ubDBSQLite3ThreadSafe.TubSQLite3Statement(02E78770) select ID, name FROM uba_role
20180415 18364241  %  -    				00.002.356
20180415 18364241  %  -    			00.002.390
20180415 18364241  % debug 			Query result for entity "uba_role" into data name "": row count=7
20180415 18364241  %  -    		00.002.400
20180415 18364241  %  -    	00.003.396
20180415 18364241  %  +    	ubMixinClasses.TubStorageMixin(02E142C0).MixinMethod
20180415 18364241  % debug 		ubm_desktop.select(TubStorageMixin)
20180415 18364241  %  +    		ubApp.TubDataStore(07E6E810).Init
20180415 18364241  %  +    			ubApp.TubApp(02DC3EE0).DBExecute
20180415 18364241  %  +    				ubApp.TubApp(02DC3EE0).TubApp.InternalDBExecute
20180415 18364241  % debug 					P1: String(15)	CityReq_desktop
20180415 18364241  % debug 					P2: Int64		10
20180415 18364241  % debug 					P3: Int64		10
20180415 18364241  % debug 					P4: DateTime	9999-12-31T00:00:00
20180415 18364241  % SQL   					ubDBSQLite3ThreadSafe.TubSQLite3Statement(02E78E90) SELECT A01.ID  FROM ubm_desktop A01  WHERE code=? AND (( A01.mi_owner = ? ) OR (1=1) OR exists (select 1 from ubm_desktop_adm admsubtable where admsubtable.instanceID = A01.ID and admsubtable.admSubjID in (select ur.RoleID from uba_userrole ur where ur.UserID = ? union select 10))) AND A01.mi_deleteDate=? LIMIT 1 OFFSET 0 
20180415 18364241  %  -    				00.000.099
20180415 18364241  %  -    			00.000.163
20180415 18364241  % debug 			Query result for entity "ubm_desktop" into data name "": row count=1
20180415 18364241  %  -    		00.000.175
20180415 18364241  %  -    	00.000.279
20180415 18364241  % http  	127.0.0.1 <- 200
20180415 18364241  %  -    00.205.468
20180415 18364241  &  +    ubql
20180415 18364241  & http  	127.0.0.1 -> POST ubql
20180415 18364241  & http  	[{"entity":"ubm_navshortcut","method":"select","fieldList":["ID"],"options":{"limit":1},"whereList":{"lookup":{"expression":"code","condition":"equal","values":{"code":"req_departments_folder"}}}}]
20180415 18364241  & debug 	Create new JavaScript Engine for thread 31244
20180415 18364254  & auth  	admin/90875061
20180415 18364254  & call  	endpoint ubql
20180415 18364254  &  +    	ubMixinClasses.TubRLSMixin(02E14E20).MixinMethod
20180415 18364254  & debug 		ubm_navshortcut.select(TubRLSMixin)
20180415 18364254  & debug 		Prepare RLS expression for ubm_navshortcut
20180415 18364254  &  +    		ubApp.TubDataStore(07DEFAC8).Init
20180415 18364254  &  +    			ubApp.TubApp(02DC3EE0).DBExecute
20180415 18364254  &  +    				ubApp.TubApp(02DC3EE0).TubApp.InternalDBExecute
20180415 18364254  &  +    					00856EC2 
20180415 18364254  &  -    					00.002.203
20180415 18364254  & SQL   					ubDBSQLite3ThreadSafe.TubSQLite3Statement(02E79790) PRAGMA foreign_keys = ON
20180415 18364254  & SQL   					ubDBSQLite3ThreadSafe.TubSQLite3Statement(02E79130) select ID, name FROM uba_role
20180415 18364254  &  -    				00.002.234
20180415 18364254  &  -    			00.002.267
20180415 18364254  & debug 			Query result for entity "uba_role" into data name "": row count=7
20180415 18364254  &  -    		00.002.278
20180415 18364254  &  -    	00.003.183
20180415 18364254  &  +    	ubMixinClasses.TubStorageMixin(02E142C0).MixinMethod
20180415 18364254  & debug 		ubm_navshortcut.select(TubStorageMixin)
20180415 18364254  &  +    		ubApp.TubDataStore(07DEFA00).Init
20180415 18364254  &  +    			ubApp.TubApp(02DC3EE0).DBExecute
20180415 18364254  &  +    				ubApp.TubApp(02DC3EE0).TubApp.InternalDBExecute
20180415 18364254  & debug 					P1: String(22)	req_departments_folder
20180415 18364254  & debug 					P2: Int64		10
20180415 18364254  & debug 					P3: Int64		10
20180415 18364254  & debug 					P4: DateTime	9999-12-31T00:00:00
20180415 18364254  & SQL   					ubDBSQLite3ThreadSafe.TubSQLite3Statement(02E79850) SELECT A01.ID  FROM ubm_navshortcut A01  WHERE code=? AND (( A01.mi_owner = ? ) OR                (1=1) OR                              exists (select 1 from ubm_navshortcut_adm admsubtable where admsubtable.instanceID = A01.ID and admsubtable.admSubjID in (select ur.RoleID from uba_userrole ur where ur.UserID = ? union select 10))) AND A01.mi_deleteDate=? LIMIT 1 OFFSET 0 
20180415 18364254  &  -    				00.000.096
20180415 18364254  &  -    			00.000.171
20180415 18364254  & debug 			Query result for entity "ubm_navshortcut" into data name "": row count=1
20180415 18364254  &  -    		00.000.185
20180415 18364254  &  -    	00.000.294
20180415 18364254  & http  	127.0.0.1 <- 200
20180415 18364254  &  -    00.206.819
20180415 18364254  '  +    ubql
20180415 18364254  ' http  	127.0.0.1 -> POST ubql
20180415 18364254  ' http  	[{"entity":"ubm_navshortcut","method":"select","fieldList":["ID"],"options":{"limit":1},"whereList":{"lookup":{"expression":"code","condition":"equal","values":{"code":"req_depart"}}}}]
20180415 18364254  ' debug 	Create new JavaScript Engine for thread 27832
20180415 18364304  ' auth  	admin/90875061
20180415 18364304  ' call  	endpoint ubql
20180415 18364304  '  +    	ubMixinClasses.TubRLSMixin(02E14E20).MixinMethod
20180415 18364304  ' debug 		ubm_navshortcut.select(TubRLSMixin)
20180415 18364304  ' debug 		Prepare RLS expression for ubm_navshortcut
20180415 18364304  '  +    		ubApp.TubDataStore(07D41FC0).Init
20180415 18364304  '  +    			ubApp.TubApp(02DC3EE0).DBExecute
20180415 18364304  '  +    				ubApp.TubApp(02DC3EE0).TubApp.InternalDBExecute
20180415 18364304  '  +    					00856EC2 
20180415 18364304  '  -    					00.002.205
20180415 18364304  ' SQL   					ubDBSQLite3ThreadSafe.TubSQLite3Statement(02E7A1B0) PRAGMA foreign_keys = ON
20180415 18364304  ' SQL   					ubDBSQLite3ThreadSafe.TubSQLite3Statement(02E79B50) select ID, name FROM uba_role
20180415 18364304  '  -    				00.002.251
20180415 18364304  '  -    			00.002.282
20180415 18364304  ' debug 			Query result for entity "uba_role" into data name "": row count=7
20180415 18364304  '  -    		00.002.293
20180415 18364304  '  -    	00.003.132
20180415 18364304  '  +    	ubMixinClasses.TubStorageMixin(02E142C0).MixinMethod
20180415 18364304  ' debug 		ubm_navshortcut.select(TubStorageMixin)
20180415 18364304  '  +    		ubApp.TubDataStore(07D41EF8).Init
20180415 18364304  '  +    			ubApp.TubApp(02DC3EE0).DBExecute
20180415 18364304  '  +    				ubApp.TubApp(02DC3EE0).TubApp.InternalDBExecute
20180415 18364304  ' debug 					P1: String(10)	req_depart
20180415 18364304  ' debug 					P2: Int64		10
20180415 18364304  ' debug 					P3: Int64		10
20180415 18364304  ' debug 					P4: DateTime	9999-12-31T00:00:00
20180415 18364304  ' SQL   					ubDBSQLite3ThreadSafe.TubSQLite3Statement(02E7A270) SELECT A01.ID  FROM ubm_navshortcut A01  WHERE code=? AND (( A01.mi_owner = ? ) OR                (1=1) OR                              exists (select 1 from ubm_navshortcut_adm admsubtable where admsubtable.instanceID = A01.ID and admsubtable.admSubjID in (select ur.RoleID from uba_userrole ur where ur.UserID = ? union select 10))) AND A01.mi_deleteDate=? LIMIT 1 OFFSET 0 
20180415 18364304  '  -    				00.000.119
20180415 18364304  '  -    			00.000.207
20180415 18364304  ' debug 			Query result for entity "ubm_navshortcut" into data name "": row count=1
20180415 18364304  '  -    		00.000.221
20180415 18364304  '  -    	00.000.399
20180415 18364304  ' http  	127.0.0.1 <- 200
20180415 18364304  '  -    00.206.095
20180415 18364304  (  +    ubql
20180415 18364304  ( http  	127.0.0.1 -> POST ubql
20180415 18364304  ( http  	[{"entity":"ubm_navshortcut","method":"select","fieldList":["ID"],"options":{"limit":1},"whereList":{"lookup":{"expression":"code","condition":"equal","values":{"code":"req_subDepart"}}}}]
20180415 18364304  ( debug 	Create new JavaScript Engine for thread 38684
20180415 18364318  ( auth  	admin/90875061
20180415 18364318  ( call  	endpoint ubql
20180415 18364318  (  +    	ubMixinClasses.TubRLSMixin(02E14E20).MixinMethod
20180415 18364318  ( debug 		ubm_navshortcut.select(TubRLSMixin)
20180415 18364318  ( debug 		Prepare RLS expression for ubm_navshortcut
20180415 18364318  (  +    		ubApp.TubDataStore(07D462C8).Init
20180415 18364318  (  +    			ubApp.TubApp(02DC3EE0).DBExecute
20180415 18364318  (  +    				ubApp.TubApp(02DC3EE0).TubApp.InternalDBExecute
20180415 18364318  (  +    					00856EC2 
20180415 18364318  (  -    					00.002.157
20180415 18364318  ( SQL   					ubDBSQLite3ThreadSafe.TubSQLite3Statement(02E7AB70) PRAGMA foreign_keys = ON
20180415 18364318  ( SQL   					ubDBSQLite3ThreadSafe.TubSQLite3Statement(02E7A510) select ID, name FROM uba_role
20180415 18364318  (  -    				00.002.188
20180415 18364318  (  -    			00.002.221
20180415 18364318  ( debug 			Query result for entity "uba_role" into data name "": row count=7
20180415 18364318  (  -    		00.002.231
20180415 18364318  (  -    	00.003.031
20180415 18364318  (  +    	ubMixinClasses.TubStorageMixin(02E142C0).MixinMethod
20180415 18364318  ( debug 		ubm_navshortcut.select(TubStorageMixin)
20180415 18364318  (  +    		ubApp.TubDataStore(07D46200).Init
20180415 18364318  (  +    			ubApp.TubApp(02DC3EE0).DBExecute
20180415 18364318  (  +    				ubApp.TubApp(02DC3EE0).TubApp.InternalDBExecute
20180415 18364318  ( debug 					P1: String(13)	req_subDepart
20180415 18364318  ( debug 					P2: Int64		10
20180415 18364318  ( debug 					P3: Int64		10
20180415 18364318  ( debug 					P4: DateTime	9999-12-31T00:00:00
20180415 18364318  ( SQL   					ubDBSQLite3ThreadSafe.TubSQLite3Statement(02E7AC30) SELECT A01.ID  FROM ubm_navshortcut A01  WHERE code=? AND (( A01.mi_owner = ? ) OR                (1=1) OR                              exists (select 1 from ubm_navshortcut_adm admsubtable where admsubtable.instanceID = A01.ID and admsubtable.admSubjID in (select ur.RoleID from uba_userrole ur where ur.UserID = ? union select 10))) AND A01.mi_deleteDate=? LIMIT 1 OFFSET 0 
20180415 18364318  (  -    				00.000.083
20180415 18364318  (  -    			00.000.162
20180415 18364318  ( debug 			Query result for entity "ubm_navshortcut" into data name "": row count=1
20180415 18364318  (  -    		00.000.173
20180415 18364318  (  -    	00.000.280
20180415 18364318  ( http  	127.0.0.1 <- 200
20180415 18364318  (  -    00.205.609
20180415 18364318  )  +    ubql
20180415 18364318  ) http  	127.0.0.1 -> POST ubql
20180415 18364318  ) http  	[{"entity":"ubm_navshortcut","method":"select","fieldList":["ID"],"options":{"limit":1},"whereList":{"lookup":{"expression":"code","condition":"equal","values":{"code":"req_reqList"}}}}]
20180415 18364318  ) debug 	Create new JavaScript Engine for thread 40432
20180415 18364331  ) auth  	admin/90875061
20180415 18364331  ) call  	endpoint ubql
20180415 18364331  )  +    	ubMixinClasses.TubRLSMixin(02E14E20).MixinMethod
20180415 18364331  ) debug 		ubm_navshortcut.select(TubRLSMixin)
20180415 18364331  ) debug 		Prepare RLS expression for ubm_navshortcut
20180415 18364331  )  +    		ubApp.TubDataStore(0D21C080).Init
20180415 18364331  )  +    			ubApp.TubApp(02DC3EE0).DBExecute
20180415 18364331  )  +    				ubApp.TubApp(02DC3EE0).TubApp.InternalDBExecute
20180415 18364331  )  +    					00856EC2 
20180415 18364331  )  -    					00.002.157
20180415 18364331  ) SQL   					ubDBSQLite3ThreadSafe.TubSQLite3Statement(02E7B530) PRAGMA foreign_keys = ON
20180415 18364331  ) SQL   					ubDBSQLite3ThreadSafe.TubSQLite3Statement(02E7AED0) select ID, name FROM uba_role
20180415 18364331  )  -    				00.002.227
20180415 18364331  )  -    			00.002.268
20180415 18364331  ) debug 			Query result for entity "uba_role" into data name "": row count=7
20180415 18364331  )  -    		00.002.278
20180415 18364331  )  -    	00.003.084
20180415 18364331  )  +    	ubMixinClasses.TubStorageMixin(02E142C0).MixinMethod
20180415 18364331  ) debug 		ubm_navshortcut.select(TubStorageMixin)
20180415 18364331  )  +    		ubApp.TubDataStore(0D21BFB8).Init
20180415 18364331  )  +    			ubApp.TubApp(02DC3EE0).DBExecute
20180415 18364331  )  +    				ubApp.TubApp(02DC3EE0).TubApp.InternalDBExecute
20180415 18364331  ) debug 					P1: String(11)	req_reqList
20180415 18364331  ) debug 					P2: Int64		10
20180415 18364331  ) debug 					P3: Int64		10
20180415 18364331  ) debug 					P4: DateTime	9999-12-31T00:00:00
20180415 18364331  ) SQL   					ubDBSQLite3ThreadSafe.TubSQLite3Statement(02E7B5F0) SELECT A01.ID  FROM ubm_navshortcut A01  WHERE code=? AND (( A01.mi_owner = ? ) OR                (1=1) OR                              exists (select 1 from ubm_navshortcut_adm admsubtable where admsubtable.instanceID = A01.ID and admsubtable.admSubjID in (select ur.RoleID from uba_userrole ur where ur.UserID = ? union select 10))) AND A01.mi_deleteDate=? LIMIT 1 OFFSET 0 
20180415 18364331  )  -    				00.000.095
20180415 18364331  )  -    			00.000.163
20180415 18364331  ) debug 			Query result for entity "ubm_navshortcut" into data name "": row count=1
20180415 18364331  )  -    		00.000.174
20180415 18364331  )  -    	00.000.276
20180415 18364331  ) http  	127.0.0.1 <- 200
20180415 18364331  )  -    00.211.400
20180415 18364335  "  +    ubql
20180415 18364335  " http  	127.0.0.1 -> POST ubql
20180415 18364335  " http  	[{"entity":"ubm_enum","method":"select","fieldList":["code"],"options":{"limit":1},"whereList":{"c1":{"expression":"[code]","condition":"equal","values":{"c1":"NEW"}}}}]
20180415 18364335  " auth  	admin/90875061
20180415 18364335  " call  	endpoint ubql
20180415 18364335  "  +    	ubMixinClasses.TubStorageMixin(02E142C0).MixinMethod
20180415 18364335  " debug 		ubm_enum.select(TubStorageMixin)
20180415 18364335  "  +    		ubApp.TubDataStore(0D21BE50).Init
20180415 18364335  "  +    			ubApp.TubApp(02DC3EE0).DBExecute
20180415 18364335  "  +    				ubApp.TubApp(02DC3EE0).TubApp.InternalDBExecute
20180415 18364335  " debug 					P1: String(3)	NEW
20180415 18364335  " debug 					P2: DateTime	9999-12-31T00:00:00
20180415 18364335  " SQL   					ubDBSQLite3ThreadSafe.TubSQLite3Statement(02E7B6B0) SELECT A01.code  FROM ubm_enum A01  WHERE A01.code=? AND A01.mi_deleteDate=? LIMIT 1 OFFSET 0 
20180415 18364335  "  -    				00.000.059
20180415 18364335  "  -    			00.000.146
20180415 18364335  " debug 			Query result for entity "ubm_enum" into data name "": row count=1
20180415 18364335  "  -    		00.000.159
20180415 18364335  "  -    	00.000.238
20180415 18364335  " http  	127.0.0.1 <- 200
20180415 18364335  "  -    00.000.553
20180415 18364335  #  +    ubql
20180415 18364335  # http  	127.0.0.1 -> POST ubql
20180415 18364335  # http  	[{"entity":"ubm_enum","method":"select","fieldList":["code"],"options":{"limit":1},"whereList":{"c1":{"expression":"[code]","condition":"equal","values":{"c1":"PROCESSED"}}}}]
20180415 18364335  # auth  	admin/90875061
20180415 18364335  # call  	endpoint ubql
20180415 18364335  #  +    	ubMixinClasses.TubStorageMixin(02E142C0).MixinMethod
20180415 18364335  # debug 		ubm_enum.select(TubStorageMixin)
20180415 18364335  #  +    		ubApp.TubDataStore(0D21BE78).Init
20180415 18364335  #  +    			ubApp.TubApp(02DC3EE0).DBExecute
20180415 18364335  #  +    				ubApp.TubApp(02DC3EE0).TubApp.InternalDBExecute
20180415 18364335  #  +    					00856EC2 
20180415 18364335  #  -    					00.002.329
20180415 18364335  # SQL   					ubDBSQLite3ThreadSafe.TubSQLite3Statement(02E7BD70) PRAGMA foreign_keys = ON
20180415 18364335  # debug 					P1: String(9)	PROCESSED
20180415 18364335  # debug 					P2: DateTime	9999-12-31T00:00:00
20180415 18364335  # SQL   					ubDBSQLite3ThreadSafe.TubSQLite3Statement(02E7B770) SELECT A01.code  FROM ubm_enum A01  WHERE A01.code=? AND A01.mi_deleteDate=? LIMIT 1 OFFSET 0 
20180415 18364335  #  -    				00.002.410
20180415 18364335  #  -    			00.002.446
20180415 18364335  # debug 			Query result for entity "ubm_enum" into data name "": row count=1
20180415 18364335  #  -    		00.002.458
20180415 18364335  #  -    	00.002.539
20180415 18364335  # http  	127.0.0.1 <- 200
20180415 18364335  #  -    00.002.854
20180415 18364335  $  +    ubql
20180415 18364335  $ http  	127.0.0.1 -> POST ubql
20180415 18364335  $ http  	[{"entity":"ubm_enum","method":"select","fieldList":["code"],"options":{"limit":1},"whereList":{"c1":{"expression":"[code]","condition":"equal","values":{"c1":"REJECTED"}}}}]
20180415 18364335  $ auth  	admin/90875061
20180415 18364335  $ call  	endpoint ubql
20180415 18364335  $  +    	ubMixinClasses.TubStorageMixin(02E142C0).MixinMethod
20180415 18364335  $ debug 		ubm_enum.select(TubStorageMixin)
20180415 18364335  $  +    		ubApp.TubDataStore(0D21C058).Init
20180415 18364335  $  +    			ubApp.TubApp(02DC3EE0).DBExecute
20180415 18364335  $  +    				ubApp.TubApp(02DC3EE0).TubApp.InternalDBExecute
20180415 18364335  $ debug 					P1: String(8)	REJECTED
20180415 18364335  $ debug 					P2: DateTime	9999-12-31T00:00:00
20180415 18364335  $ SQL   					ubDBSQLite3ThreadSafe.TubSQLite3Statement(02E7BDD0) SELECT A01.code  FROM ubm_enum A01  WHERE A01.code=? AND A01.mi_deleteDate=? LIMIT 1 OFFSET 0 
20180415 18364335  $  -    				00.000.064
20180415 18364335  $  -    			00.000.139
20180415 18364335  $ debug 			Query result for entity "ubm_enum" into data name "": row count=1
20180415 18364335  $  -    		00.000.148
20180415 18364335  $  -    	00.000.227
20180415 18364335  $ http  	127.0.0.1 <- 200
20180415 18364335  $  -    00.000.504
20180415 18364335  %  +    ubql
20180415 18364335  % http  	127.0.0.1 -> POST ubql
20180415 18364335  % http  	[{"entity":"ubm_enum","method":"select","fieldList":["code"],"options":{"limit":1},"whereList":{"c1":{"expression":"[code]","condition":"equal","values":{"c1":"CLOSED"}}}}]
20180415 18364335  % auth  	admin/90875061
20180415 18364335  % call  	endpoint ubql
20180415 18364335  %  +    	ubMixinClasses.TubStorageMixin(02E142C0).MixinMethod
20180415 18364335  % debug 		ubm_enum.select(TubStorageMixin)
20180415 18364335  %  +    		ubApp.TubDataStore(0D21BFB8).Init
20180415 18364335  %  +    			ubApp.TubApp(02DC3EE0).DBExecute
20180415 18364335  %  +    				ubApp.TubApp(02DC3EE0).TubApp.InternalDBExecute
20180415 18364335  % debug 					P1: String(6)	CLOSED
20180415 18364335  % debug 					P2: DateTime	9999-12-31T00:00:00
20180415 18364335  % SQL   					ubDBSQLite3ThreadSafe.TubSQLite3Statement(02E7BD70) SELECT A01.code  FROM ubm_enum A01  WHERE A01.code=? AND A01.mi_deleteDate=? LIMIT 1 OFFSET 0 
20180415 18364335  %  -    				00.000.059
20180415 18364335  %  -    			00.000.144
20180415 18364335  % debug 			Query result for entity "ubm_enum" into data name "": row count=1
20180415 18364335  %  -    		00.000.154
20180415 18364335  %  -    	00.000.253
20180415 18364335  % http  	127.0.0.1 <- 200
20180415 18364335  %  -    00.000.540
20180415 18364337  &  +    ubql
20180415 18364337  & http  	127.0.0.1 -> POST ubql
20180415 18364337  & http  	[{"entity":"req_depart","method":"select","fieldList":["ID"],"options":{"limit":1},"whereList":{"c1":{"expression":"[name]","condition":"equal","values":{"c1":"Departments of health"}}}}]
20180415 18364337  & auth  	admin/90875061
20180415 18364337  & call  	endpoint ubql
20180415 18364337  &  +    	ubMixinClasses.TubStorageMixin(02E142C0).MixinMethod
20180415 18364337  & debug 		req_depart.select(TubStorageMixin)
20180415 18364337  &  +    		ubApp.TubDataStore(0D21C030).Init
20180415 18364337  &  +    			ubApp.TubApp(02DC3EE0).DBExecute
20180415 18364337  &  +    				ubApp.TubApp(02DC3EE0).TubApp.InternalDBExecute
20180415 18364337  & debug 					P1: String(21)	Departments of health
20180415 18364337  & SQL   					ubDBSQLite3ThreadSafe.TubSQLite3Statement(02E7B590) SELECT A01.ID  FROM req_depart A01  WHERE A01.name=? LIMIT 1 OFFSET 0 
20180415 18364337  &  -    				00.000.043
20180415 18364337  &  -    			00.000.157
20180415 18364337  & debug 			Query result for entity "req_depart" into data name "": row count=1
20180415 18364337  &  -    		00.000.166
20180415 18364337  &  -    	00.000.228
20180415 18364337  & http  	127.0.0.1 <- 200
20180415 18364337  &  -    00.000.484
20180415 18364337  '  +    ubql
20180415 18364337  ' http  	127.0.0.1 -> POST ubql
20180415 18364337  ' http  	[{"entity":"req_depart","method":"select","fieldList":["ID"],"options":{"limit":1},"whereList":{"c1":{"expression":"[name]","condition":"equal","values":{"c1":"Departments of education"}}}}]
20180415 18364337  ' auth  	admin/90875061
20180415 18364337  ' call  	endpoint ubql
20180415 18364337  '  +    	ubMixinClasses.TubStorageMixin(02E142C0).MixinMethod
20180415 18364337  ' debug 		req_depart.select(TubStorageMixin)
20180415 18364337  '  +    		ubApp.TubDataStore(0D21BFB8).Init
20180415 18364337  '  +    			ubApp.TubApp(02DC3EE0).DBExecute
20180415 18364337  '  +    				ubApp.TubApp(02DC3EE0).TubApp.InternalDBExecute
20180415 18364337  ' debug 					P1: String(24)	Departments of education
20180415 18364337  ' SQL   					ubDBSQLite3ThreadSafe.TubSQLite3Statement(02E7BE30) SELECT A01.ID  FROM req_depart A01  WHERE A01.name=? LIMIT 1 OFFSET 0 
20180415 18364337  '  -    				00.000.041
20180415 18364337  '  -    			00.000.118
20180415 18364337  ' debug 			Query result for entity "req_depart" into data name "": row count=1
20180415 18364337  '  -    		00.000.128
20180415 18364337  '  -    	00.000.190
20180415 18364337  ' http  	127.0.0.1 <- 200
20180415 18364337  '  -    00.000.453
20180415 18364343  ! info  ubApp.TubApp(02DC3EE0) {   "ClientsCurrent": 1,   "ClientsMax": 1,   "Invalid": 0,   "Responses": 14,   "Modified": 0,   "IncomingBytes": 6883,   "OutcomingBytes": 3205,   "OutcomingFiles": 0,   "ServiceCalls": 14,   "ProcessTime": "1.49s"  }
