c:\UnityBase\UB.exe 4.0.0.0 (2018-02-22 16:30:16)Host=WDFN34211327A User=D071860 CPU=4*9-6-19971:FFFBCBBF8373DAFEBF6F9C0000 OS=23.0=10.0.15063 Wow64=1 Freq=2437498Environment variables=ALLUSERSPROFILE=C:\ProgramData	ANSICON=121x32766 (121x26)	ANSICON_DEF=7	APPDATA=C:\Users\D071860\AppData\Roaming	CommonProgramFiles=C:\Program Files (x86)\Common Files	CommonProgramFiles(x86)=C:\Program Files (x86)\Common Files	CommonProgramW6432=C:\Program Files\Common Files	COMPUTERNAME=WDFN34211327A	ComSpec=C:\WINDOWS\system32\cmd.exe	ConEmuANSI=ON	ConEmuAnsiLog=	ConEmuArgs=	ConEmuArgs2=	ConEmuBackHWND=0x001105EE	ConEmuBaseDir=C:\Program Files\ConEmu\ConEmu	ConEmuBaseDirShort=C:\PROGRA~1\ConEmu\ConEmu	ConEmuBuild=180411	ConEmuCfgDir=	ConEmuConfig=	ConEmuDir=C:\Program Files\ConEmu	ConEmuDrawHWND=0x001B0306	ConEmuDrive=C:	ConEmuHooks=Enabled	ConEmuHWND=0x001904C6	ConEmuPalette=<ConEmu>	ConEmuPID=1208	ConEmuPrompt0=$E[m$E[32m$E]9;8;"USERNAME"$E\@$E]9;8;"COMPUTERNAME"$E\$S	ConEmuPrompt1=$E[m$E[32m$E]9;8;"USERNAME"$E\@$E]9;8;"COMPUTERNAME"$E\$S$E[92m$P$E[90m	ConEmuPrompt2=$_$E[90m$G	ConEmuPrompt3=$E[m$S$E]9;12$E\	ConEmuServerPID=5468	ConEmuTask={Shells::cmd}	ConEmuWorkDir=C:\Users\D071860	ConEmuWorkDrive=C:	DEFLOGDIR=C:\ProgramData\McAfee\Endpoint Security\Logs	HOMEDRIVE=C:	homeloc=D_WDF	HOMEPATH=\Users\D071860	KUBECONFIG=C:\Practice\kubernetes\RUSLAN-KUBECONFIG	LOCALAPPDATA=C:\Users\D071860\AppData\Local	LOGONSERVER=\\DS2WDF0004	NUMBER_OF_PROCESSORS=4	OneDrive=C:\Users\D071860\OneDrive	OS=Windows_NT	Path=C:\Program Files\ConEmu\ConEmu\Scripts;C:\Program Files\ConEmu;C:\Program Files\ConEmu\ConEmu;C:\ProgramData\Oracle\Java\javapath;C:\Program Files\Docker\Docker\Resources\bin;C:\WINDOWS\system32;C:\WINDOWS;C:\WINDOWS\System32\Wbem;C:\WINDOWS\System32\WindowsPowerShell\v1.0\;C:\Program Files\Minikube;C:\Program Files\Kubernetes;C:\Program Files (x86)\Google\Cloud SDK\google-cloud-sdk\bin;C:\Program Files\PuTTY\;C:\Program Files\nodejs\;c:\UnityBase;C:\Users\D071860\AppData\Local\Microsoft\WindowsApps;C:\Users\D071860\AppData\Roaming\npm	PATHEXT=.COM;.EXE;.BAT;.CMD;.VBS;.VBE;.JSE;.WSF;.WSH;.MSC	PROCESSOR_ARCHITECTURE=x86	PROCESSOR_ARCHITEW6432=AMD64	PROCESSOR_IDENTIFIER=Intel64 Family 6 Model 78 Stepping 3, GenuineIntel	PROCESSOR_LEVEL=6	PROCESSOR_REVISION=4e03	ProgramData=C:\ProgramData	ProgramFiles=C:\Program Files (x86)	ProgramFiles(x86)=C:\Program Files (x86)	ProgramW6432=C:\Program Files	PROMPT=$E[m$E[32m$E]9;8;"USERNAME"$E\@$E]9;8;"COMPUTERNAME"$E\$S$E[92m$P$E[90m$_$E[90m$G$E[m$S$E]9;12$E\	PSModulePath=C:\Program Files (x86)\WindowsPowerShell\Modules;C:\WINDOWS\system32\WindowsPowerShell\v1.0\Modules;C:\Program Files (x86)\Google\Cloud SDK\google-cloud-sdk\platform\PowerShell	PUBLIC=C:\Users\Public	SESSIONNAME=Console	SNC_LIB=C:\Program Files (x86)\SAP\FrontEnd\SecureLogin\lib\sapcrypto.dll	SNC_LIB_64=C:\Program Files\SAP\FrontEnd\SecureLogin\lib\sapcrypto.dll	SSF_LIBRARY_PATH=C:\Program Files (x86)\SAP\FrontEnd\SecureLogin\lib\sapcrypto.dll	SSF_LIBRARY_PATH_64=C:\Program Files\SAP\FrontEnd\SecureLogin\lib\sapcrypto.dll	SystemDrive=C:	SystemRoot=C:\WINDOWS	TEMP=C:\Users\D071860\AppData\Local\Temp	TMP=C:\Users\D071860\AppData\Local\Temp	UATDATA=C:\WINDOWS\CCM\UATData\D9F8C395-CAB8-491d-B8AC-179A1FE1BE77	UB_HOME=c:\UnityBase	USERDNSDOMAIN=GLOBAL.CORP.SAP	USERDOMAIN=GLOBAL	USERDOMAIN_ROAMINGPROFILE=GLOBAL	USERNAME=D071860	USERPROFILE=C:\Users\D071860	windir=C:\WINDOWSTubLog 1.18.3488 FTS3 2018-04-15T19:52:4020180415 19524019  ! warn  WebSocket support are disabled because WSServer.host = '' in config
20180415 19524019  !  +    ubServer.TubServer(042574E8).008863DB 
20180415 19524019  !  +    	Init app
20180415 19524019  ! srvr  		FTS is disabled
20180415 19524019  ! info  		Check blob store "avatars" folder "C:\ubProject\CityPortal\avatars\": folder exists
20180415 19524019  ! info  		Check blob store "attach" folder "C:\ubProject\CityPortal\docs\attach\": folder exists
20180415 19524019  !  -    	00.000.413
20180415 19524019  !  +    	Folder C:\ubProject\CityPortal\node_modules\@unitybase\ub\ modified
20180415 19524019  !  +    		ubCommonClasses.TubThreadSafeCache(02D6CB08).removeStartsWith
20180415 19524019  !  -    		00.000.004
20180415 19524019  !  -    	00.000.009
20180415 19524019  !  +    	Folder C:\ubProject\CityPortal\node_modules\@unitybase\uba\ modified
20180415 19524019  !  +    		ubCommonClasses.TubThreadSafeCache(02D6CB08).removeStartsWith
20180415 19524019  !  -    		00.000.001
20180415 19524019  !  -    	00.000.005
20180415 19524019  !  +    	Folder C:\ubProject\CityPortal\node_modules\@unitybase\ubs\ modified
20180415 19524019  !  +    		ubCommonClasses.TubThreadSafeCache(02D6CB08).removeStartsWith
20180415 19524019  !  -    		00.000.000
20180415 19524019  !  -    	00.000.004
20180415 19524019  !  +    	Folder C:\ubProject\CityPortal\node_modules\@unitybase\ubm\ modified
20180415 19524019  !  +    		ubCommonClasses.TubThreadSafeCache(02D6CB08).removeStartsWith
20180415 19524019  !  -    		00.000.000
20180415 19524019  !  -    	00.000.003
20180415 19524019  !  +    	Folder C:\ubProject\CityPortal\_public_only_\ modified
20180415 19524019  !  +    		ubCommonClasses.TubThreadSafeCache(02D6CB08).removeStartsWith
20180415 19524019  !  -    		00.000.000
20180415 19524019  !  -    	00.000.003
20180415 19524019  !  +    	Folder C:\ubProject\CityPortal\node_modules\@unitybase\adminui-reg\ modified
20180415 19524019  !  +    		ubCommonClasses.TubThreadSafeCache(02D6CB08).removeStartsWith
20180415 19524019  !  -    		00.000.000
20180415 19524019  !  -    	00.000.004
20180415 19524019  !  +    	Folder C:\ubProject\CityPortal\models\requests\ modified
20180415 19524019  !  +    		ubCommonClasses.TubThreadSafeCache(02D6CB08).removeStartsWith
20180415 19524019  !  -    		00.000.000
20180415 19524019  !  -    	00.000.004
20180415 19524019  !  +    	ubApp.TubApp(02CD3EE0).init
20180415 19524019  ! srvr  		Mime converters are disabled
20180415 19524019  !  -    	00.000.003
20180415 19524019  ! srvr  	Enable zip compresison
20180415 19524019  ! srvr  	Send initialization request to http://localhost:888/init
20180415 19524019  "  +    InitializationRequest
20180415 19524019  "  +    	init
20180415 19524019  " srvr  		Start application intialization...
20180415 19524019  " info  		Loading domain...
20180415 19524019  " info  		Loading model "UB" from "C:\ubProject\CityPortal\node_modules\@unitybase\ub\"
20180415 19524019  " info  		Loading model "UBA" from "C:\ubProject\CityPortal\node_modules\@unitybase\uba\"
20180415 19524021  " info  		Loading model "UBS" from "C:\ubProject\CityPortal\node_modules\@unitybase\ubs\"
20180415 19524022  " info  		Loading model "UBM" from "C:\ubProject\CityPortal\node_modules\@unitybase\ubm\"
20180415 19524022  " info  		Loading model "adminui-reg" from "C:\ubProject\CityPortal\node_modules\@unitybase\adminui-reg\"
20180415 19524022  " info  		Loading model "RequestList" from "C:\ubProject\CityPortal\models\requests\"
20180415 19524022  "  +    		ubApp.TubDataStore(041EFEF8).Init
20180415 19524022  "  +    			ubApp.TubApp(02CD3EE0).DBExecute
20180415 19524022  "  +    				ubApp.TubApp(02CD3EE0).TubApp.InternalDBExecute
20180415 19524022  "  +    					00856EC2 
20180415 19524022  "  -    					00.002.655
20180415 19524022  " SQL   					ubDBSQLite3ThreadSafe.TubSQLite3Statement(02D86F10) PRAGMA foreign_keys = ON
20180415 19524022  " SQL   					ubDBSQLite3ThreadSafe.TubSQLite3Statement(02D86910) SELECT A01.ID,A01.entity,A01.state,A01.attribute,A01.roleName,A01.actions  FROM uba_als A01  ORDER BY A01.entity ASC
20180415 19524022  "  -    				00.002.794
20180415 19524022  "  -    			00.002.827
20180415 19524022  " debug 			Query result for entity "uba_als" into data name "": row count=0
20180415 19524022  "  -    		00.002.852
20180415 19524023  " srvr  		The domain loaded successfully with 3 entities
20180415 19524023  " debug 		Create new JavaScript Engine for thread 24520
20180415 19524036  "  +    		008C234A 
20180415 19524036  "  +    			ubApp.TubDataStore(0755BF50).Init
20180415 19524036  "  +    				ubApp.TubApp(02CD3EE0).DBExecute
20180415 19524036  "  +    					ubApp.TubApp(02CD3EE0).TubApp.InternalDBExecute
20180415 19524036  " SQL   						ubDBSQLite3ThreadSafe.TubSQLite3Statement(02D87270) SELECT A01.ID,A01.name,A01.sessionTimeout,A01.allowedAppMethods  FROM uba_role A01 
20180415 19524036  "  -    					00.000.051
20180415 19524036  "  -    				00.000.189
20180415 19524036  " debug 				Query result for entity "uba_role" into data name "": row count=8
20180415 19524036  "  -    			00.000.205
20180415 19524036  "  +    			ubApp.TubDataStore(0755BFC8).Init
20180415 19524036  "  +    				ubApp.TubApp(02CD3EE0).DBExecute
20180415 19524036  "  +    					ubApp.TubApp(02CD3EE0).TubApp.InternalDBExecute
20180415 19524036  " SQL   						ubDBSQLite3ThreadSafe.TubSQLite3Statement(02D87210) SELECT A01.ID,A01.entityMask,A01.methodMask,A01.ruleType,A01.ruleRole,A01.disabled,A01.code  FROM uba_els A01 
20180415 19524036  "  -    					00.000.035
20180415 19524036  "  -    				00.000.173
20180415 19524036  " debug 				Query result for entity "uba_els" into data name "": row count=87
20180415 19524036  "  -    			00.000.198
20180415 19524036  "  -    		00.002.248
20180415 19524036  " auth  		New session admin/95433818 created at 127.0.0.1/-792633532806594379 using Mozilla/5.0 (Windows; mORMot 1.18 TWinHTTP)
20180415 19524036  " auth  		New session anonymous/95433813 created at 127.0.0.1/-792633532806594379 using Mozilla/5.0 (Windows; mORMot 1.18 TWinHTTP)
20180415 19524036  "  +    		ubApp.TubDataStore(0755C018).Init
20180415 19524036  "  +    			ubApp.TubApp(02CD3EE0).DBExecute
20180415 19524036  "  +    				ubApp.TubApp(02CD3EE0).TubApp.InternalDBExecute
20180415 19524036  " debug 					P1: String(34)	UBA.passwordPolicy.maxDurationDays
20180415 19524036  " SQL   					ubDBSQLite3ThreadSafe.TubSQLite3Statement(02D87330) select settingValue from ubs_settings where settingKey =?
20180415 19524036  "  -    				00.000.034
20180415 19524036  "  -    			00.000.080
20180415 19524036  " debug 			Query result for entity "ubs_settings" into data name "": row count=1
20180415 19524036  "  -    		00.000.103
20180415 19524036  "  +    		ubApp.TubDataStore(0755C018).Init
20180415 19524036  "  +    			ubApp.TubApp(02CD3EE0).DBExecute
20180415 19524036  "  +    				ubApp.TubApp(02CD3EE0).TubApp.InternalDBExecute
20180415 19524036  " debug 					P1: String(37)	UBA.passwordPolicy.maxInvalidAttempts
20180415 19524036  " SQL   					ubDBSQLite3ThreadSafe.TubSQLite3Statement(02D87330) select settingValue from ubs_settings where settingKey =?
20180415 19524036  "  -    				00.000.008
20180415 19524036  "  -    			00.000.020
20180415 19524036  " debug 			Query result for entity "ubs_settings" into data name "": row count=1
20180415 19524036  "  -    		00.000.026
20180415 19524036  "  -    	00.263.717
20180415 19524036  "  -    00.263.734
20180415 19524036  ! srvr  	ubServer.TubServer(042574E8) {"THttpApiServer(02C9A990)":{"Cloned":false,"RegisteredUrl":"http://+:888/","HTTPQueueLength":1000,"MaxBandwidth":-1,"MaxConnections":-1,"APIVersion":"HTTP API 2.0","ServerName":"UnityBase","ProcessName":""}} initialized
20180415 19524036  !  -    00.272.387
20180415 19524037  "  +    getAppInfo
20180415 19524037  " http  	127.0.0.1 -> GET getAppInfo
20180415 19524037  " call  	endpoint getAppInfo
20180415 19524037  " http  	127.0.0.1 <- 200
20180415 19524037  "  -    00.001.351
20180415 19524038  #  +    auth?AUTHTYPE=UB&userName=admin
20180415 19524038  # http  	127.0.0.1 -> GET auth?AUTHTYPE=UB&userName=admin
20180415 19524038  # debug 	Create new JavaScript Engine for thread 43092
20180415 19524051  # call  	endpoint auth
20180415 19524051  # http  	127.0.0.1 <- 200
20180415 19524051  #  -    00.206.317
20180415 19524051  $  +    auth?AUTHTYPE=UB&clientNonce=581f44f12cf6de7d572aeb22a6b459cbf5e3db56fddfb8193122d91166b7f698&password=bf352ca971d3b5c384df109d3b7189a0aab27f57cae3d7015a741c2e3a12233f&userName=admin
20180415 19524051  $ http  	127.0.0.1 -> GET auth?AUTHTYPE=UB&clientNonce=581f44f12cf6de7d572aeb22a6b459cbf5e3db56fddfb8193122d91166b7f698&password=bf352ca971d3b5c384df109d3b7189a0aab27f57cae3d7015a741c2e3a12233f&userName=admin
20180415 19524051  $ debug 	Create new JavaScript Engine for thread 41168
20180415 19524101  $ call  	endpoint auth
20180415 19524101  $  +    	ubApp.TubDataStore(07561478).Init
20180415 19524101  $  +    		ubApp.TubApp(02CD3EE0).DBExecute
20180415 19524101  $  +    			ubApp.TubApp(02CD3EE0).TubApp.InternalDBExecute
20180415 19524101  $  +    				00856EC2 
20180415 19524101  $  -    				00.002.100
20180415 19524101  $ SQL   				ubDBSQLite3ThreadSafe.TubSQLite3Statement(02D880B0) PRAGMA foreign_keys = ON
20180415 19524101  $ debug 				P1: String(5)	admin
20180415 19524101  $ SQL   				ubDBSQLite3ThreadSafe.TubSQLite3Statement(02D87A50) select id, name, uPasswordHashHexa, uData, isPending, trustedIP from UBA_USER where name=? and disabled=0
20180415 19524101  $  -    			00.002.146
20180415 19524101  $  -    		00.002.188
20180415 19524101  $ debug 		Query result for entity "uba_user" into data name "": row count=1
20180415 19524101  $  -    	00.002.208
20180415 19524101  $  +    	ubApp.TubDataStore(07561478).Init
20180415 19524101  $  +    		ubApp.TubApp(02CD3EE0).DBExecute
20180415 19524101  $  +    			ubApp.TubApp(02CD3EE0).TubApp.InternalDBExecute
20180415 19524101  $ debug 				P1: Int64		10
20180415 19524101  $ SQL   				ubDBSQLite3ThreadSafe.TubSQLite3Statement(02D880B0) SELECT lastPasswordChangeDate FROM uba_user WHERE id=?
20180415 19524101  $  -    			00.000.017
20180415 19524101  $  -    		00.000.040
20180415 19524101  $ debug 		Query result for entity "uba_user" into data name "__expireDate": row count=1
20180415 19524101  $  -    	00.000.047
20180415 19524101  $  +    	ubApp.TubDataStore(07D8A320).Init
20180415 19524101  $  +    		ubApp.TubApp(02CD3EE0).DBExecute
20180415 19524101  $  +    			ubApp.TubApp(02CD3EE0).TubApp.InternalDBExecute
20180415 19524101  $ debug 				P1: Int64		10
20180415 19524101  $ SQL   				ubDBSQLite3ThreadSafe.TubSQLite3Statement(02D88170) SELECT A01.roleID,A02.name,A02.description  FROM uba_userrole A01  INNER JOIN uba_role A02 ON A02.ID=A01.roleID  WHERE A01.userID=?
20180415 19524101  $  -    			00.000.043
20180415 19524101  $  -    		00.000.078
20180415 19524101  $ debug 		Query result for entity "uba_userrole" into data name "": row count=1
20180415 19524101  $  -    	00.000.086
20180415 19524101  $ auth  	New session admin/95433812 created at 127.0.0.1/-792633532806594379 using Mozilla/5.0 (Windows; mORMot 1.18 TWinHTTP)
20180415 19524101  $  +    	ubMixinClasses.TubStorageMixin(02D242C0).MixinMethod
20180415 19524101  $ debug 		uba_user.select(TubStorageMixin)
20180415 19524101  $  +    		ubApp.TubDataStore(07D8A320).Init
20180415 19524101  $  +    			ubApp.TubApp(02CD3EE0).DBExecute
20180415 19524101  $  +    				ubApp.TubApp(02CD3EE0).TubApp.InternalDBExecute
20180415 19524101  $ debug 					P1: Int64		10
20180415 19524101  $ SQL   					ubDBSQLite3ThreadSafe.TubSQLite3Statement(02D88290) SELECT A01.name  FROM uba_user A01  WHERE A01.ID=?
20180415 19524101  $  -    				00.000.038
20180415 19524101  $  -    			00.000.081
20180415 19524101  $ debug 			Query result for entity "uba_user" into data name "": row count=1
20180415 19524101  $  -    		00.000.090
20180415 19524101  $  -    	00.000.167
20180415 19524103  $  +    	ubMixinClasses.TubStorageMixin(02D242C0).MixinMethod
20180415 19524103  $ debug 		uba_advSecurity.select(TubStorageMixin)
20180415 19524103  $  +    		ubApp.TubDataStore(07D8A320).Init
20180415 19524103  $  +    			ubApp.TubApp(02CD3EE0).DBExecute
20180415 19524103  $  +    				ubApp.TubApp(02CD3EE0).TubApp.InternalDBExecute
20180415 19524103  $ debug 					P1: Int64		10
20180415 19524103  $ SQL   					ubDBSQLite3ThreadSafe.TubSQLite3Statement(02D882F0) SELECT A01.ID,A01.allowedIP,A01.refreshIP,A01.fp,A01.refreshFp,A01.keyMediaName,A01.refreshKeyMedia,A01.mi_modifyDate  FROM uba_advSecurity A01  WHERE A01.userID=?
20180415 19524103  $  -    				00.000.089
20180415 19524103  $  -    			00.000.171
20180415 19524103  $ debug 			Query result for entity "uba_advSecurity" into data name "": row count=0
20180415 19524103  $  -    		00.000.182
20180415 19524103  $  -    	00.000.328
20180415 19524103  $  +    	ubMixinClasses.TubStorageMixin(02D242C0).MixinMethod
20180415 19524103  $ debug 		uba_userrole.select(TubStorageMixin)
20180415 19524103  $  +    		ubApp.TubDataStore(07D8A320).Init
20180415 19524103  $  +    			ubApp.TubApp(02CD3EE0).DBExecute
20180415 19524103  $  +    				ubApp.TubApp(02CD3EE0).TubApp.InternalDBExecute
20180415 19524103  $ debug 					P1: Int64		10
20180415 19524103  $ SQL   					ubDBSQLite3ThreadSafe.TubSQLite3Statement(02D88350) SELECT A01.ID,A02.name,A01.roleID  FROM uba_userrole A01  INNER JOIN uba_role A02 ON A02.ID=A01.roleID  WHERE A01.userID=?
20180415 19524103  $  -    				00.000.064
20180415 19524103  $  -    			00.000.162
20180415 19524103  $ debug 			Query result for entity "uba_userrole" into data name "": row count=1
20180415 19524103  $  -    		00.000.172
20180415 19524103  $  -    	00.000.256
20180415 19524103  $  +    	ubMixinClasses.TubStorageMixin(02D242C0).MixinMethod
20180415 19524103  $ debug 		uba_audit.beforeinsert(TubStorageMixin)
20180415 19524103  $  -    	00.000.010
20180415 19524103  $  +    	ubMixinClasses.TubStorageMixin(02D242C0).MixinMethod
20180415 19524103  $ debug 		uba_audit.insert(TubStorageMixin)
20180415 19524103  $  +    		ubApp.TubDataStore(07561270).TubDataStore.ExecuteInsertFromList
20180415 19524103  $  +    			ubApp.TubDataStore(07561270).TubDataStore.ExecuteInsertFromSQL
20180415 19524103  $  +    				ubApp.TubApp(02CD3EE0).DBExecute
20180415 19524103  $  +    					ubApp.TubApp(02CD3EE0).TubApp.InternalDBExecute
20180415 19524103  $ debug 						P1: String(8)	uba_user
20180415 19524103  $ debug 						P2: Int64		10
20180415 19524103  $ debug 						P3: String(5)	LOGIN
20180415 19524103  $ debug 						P4: Int64		10
20180415 19524103  $ debug 						P5: DateTime	2018-04-15T19:52:41
20180415 19524103  $ debug 						P6: String(9)	127.0.0.1
20180415 19524103  $ debug 						P7: String(5)	admin
20180415 19524103  $ debug 						P8: String(0)	
20180415 19524103  $ debug 						P9: Int64		335786699358209
20180415 19524103  $ debug 						P10: String(313..)	Cache-Control: no-cache  Connection: Keep-Alive  Pragma: no-cache  Accept: */*  Accept-Encoding: gzi...
20180415 19524103  $ DB    						StartTransaction for connection "main"
20180415 19524103  $ SQL   						ubDBSQLite3ThreadSafe.TubSQLite3Statement(02D88410) INSERT INTO uba_audit (entity,entityinfo_id,actionType,actionUser,actionTime,remoteIP,targetUser,targetRole,ID,fromValue) VALUES (?,?,?,?,?,?,?,?,?,?)
20180415 19524103  $  -    					00.000.227
20180415 19524103  $  -    				00.000.229
20180415 19524103  $  -    			00.000.346
20180415 19524103  $  -    		00.000.363
20180415 19524103  $  -    	00.000.368
20180415 19524103  $  +    	ubMixinClasses.TubStorageMixin(02D242C0).MixinMethod
20180415 19524103  $ debug 		uba_audit.afterinsert(TubStorageMixin)
20180415 19524103  $  -    	00.000.004
20180415 19524103  $ DB    	Commit connection "main"
20180415 19524103  $ http  	127.0.0.1 <- 200
20180415 19524103  $  -    00.242.009
20180415 19524104  %  +    ubql
20180415 19524104  % http  	127.0.0.1 -> POST ubql
20180415 19524104  % http  	[{"entity":"ubm_desktop","method":"select","fieldList":["ID"],"options":{"limit":1},"whereList":{"lookup":{"expression":"code","condition":"equal","values":{"code":"CityReq_desktop"}}}}]
20180415 19524104  % debug 	Create new JavaScript Engine for thread 42432
20180415 19524116  % auth  	admin/95433812
20180415 19524116  % call  	endpoint ubql
20180415 19524116  %  +    	ubMixinClasses.TubRLSMixin(02D24E20).MixinMethod
20180415 19524116  % debug 		ubm_desktop.select(TubRLSMixin)
20180415 19524116  % debug 		Prepare RLS expression for ubm_desktop
20180415 19524116  %  +    		ubApp.TubDataStore(07D8D048).Init
20180415 19524116  %  +    			ubApp.TubApp(02CD3EE0).DBExecute
20180415 19524116  %  +    				ubApp.TubApp(02CD3EE0).TubApp.InternalDBExecute
20180415 19524116  %  +    					00856EC2 
20180415 19524116  %  -    					00.002.159
20180415 19524116  % SQL   					ubDBSQLite3ThreadSafe.TubSQLite3Statement(02D88E30) PRAGMA foreign_keys = ON
20180415 19524116  % SQL   					ubDBSQLite3ThreadSafe.TubSQLite3Statement(02D887D0) select ID, name FROM uba_role
20180415 19524116  %  -    				00.002.189
20180415 19524116  %  -    			00.002.219
20180415 19524116  % debug 			Query result for entity "uba_role" into data name "": row count=8
20180415 19524116  %  -    		00.002.229
20180415 19524116  %  -    	00.003.165
20180415 19524116  %  +    	ubMixinClasses.TubStorageMixin(02D242C0).MixinMethod
20180415 19524116  % debug 		ubm_desktop.select(TubStorageMixin)
20180415 19524116  %  +    		ubApp.TubDataStore(07D8CF30).Init
20180415 19524116  %  +    			ubApp.TubApp(02CD3EE0).DBExecute
20180415 19524116  %  +    				ubApp.TubApp(02CD3EE0).TubApp.InternalDBExecute
20180415 19524116  % debug 					P1: String(15)	CityReq_desktop
20180415 19524116  % debug 					P2: Int64		10
20180415 19524116  % debug 					P3: Int64		10
20180415 19524116  % debug 					P4: DateTime	9999-12-31T00:00:00
20180415 19524116  % SQL   					ubDBSQLite3ThreadSafe.TubSQLite3Statement(02D88EF0) SELECT A01.ID  FROM ubm_desktop A01  WHERE code=? AND (( A01.mi_owner = ? ) OR (1=1) OR exists (select 1 from ubm_desktop_adm admsubtable where admsubtable.instanceID = A01.ID and admsubtable.admSubjID in (select ur.RoleID from uba_userrole ur where ur.UserID = ? union select 10))) AND A01.mi_deleteDate=? LIMIT 1 OFFSET 0 
20180415 19524116  %  -    				00.000.105
20180415 19524116  %  -    			00.000.169
20180415 19524116  % debug 			Query result for entity "ubm_desktop" into data name "": row count=1
20180415 19524116  %  -    		00.000.179
20180415 19524116  %  -    	00.000.318
20180415 19524116  % http  	127.0.0.1 <- 200
20180415 19524116  %  -    00.208.972
20180415 19524116  &  +    ubql
20180415 19524116  & http  	127.0.0.1 -> POST ubql
20180415 19524116  & http  	[{"entity":"ubm_navshortcut","method":"select","fieldList":["ID"],"options":{"limit":1},"whereList":{"lookup":{"expression":"code","condition":"equal","values":{"code":"req_departments_folder"}}}}]
20180415 19524116  & debug 	Create new JavaScript Engine for thread 40844
20180415 19524130  & auth  	admin/95433812
20180415 19524130  & call  	endpoint ubql
20180415 19524130  &  +    	ubMixinClasses.TubRLSMixin(02D24E20).MixinMethod
20180415 19524130  & debug 		ubm_navshortcut.select(TubRLSMixin)
20180415 19524130  & debug 		Prepare RLS expression for ubm_navshortcut
20180415 19524130  &  +    		ubApp.TubDataStore(07D75A38).Init
20180415 19524130  &  +    			ubApp.TubApp(02CD3EE0).DBExecute
20180415 19524130  &  +    				ubApp.TubApp(02CD3EE0).TubApp.InternalDBExecute
20180415 19524130  &  +    					00856EC2 
20180415 19524130  &  -    					00.002.141
20180415 19524130  & SQL   					ubDBSQLite3ThreadSafe.TubSQLite3Statement(02D897F0) PRAGMA foreign_keys = ON
20180415 19524130  & SQL   					ubDBSQLite3ThreadSafe.TubSQLite3Statement(02D89190) select ID, name FROM uba_role
20180415 19524130  &  -    				00.002.172
20180415 19524130  &  -    			00.002.206
20180415 19524130  & debug 			Query result for entity "uba_role" into data name "": row count=8
20180415 19524130  &  -    		00.002.216
20180415 19524130  &  -    	00.003.139
20180415 19524130  &  +    	ubMixinClasses.TubStorageMixin(02D242C0).MixinMethod
20180415 19524130  & debug 		ubm_navshortcut.select(TubStorageMixin)
20180415 19524130  &  +    		ubApp.TubDataStore(07D75970).Init
20180415 19524130  &  +    			ubApp.TubApp(02CD3EE0).DBExecute
20180415 19524130  &  +    				ubApp.TubApp(02CD3EE0).TubApp.InternalDBExecute
20180415 19524130  & debug 					P1: String(22)	req_departments_folder
20180415 19524130  & debug 					P2: Int64		10
20180415 19524130  & debug 					P3: Int64		10
20180415 19524130  & debug 					P4: DateTime	9999-12-31T00:00:00
20180415 19524130  & SQL   					ubDBSQLite3ThreadSafe.TubSQLite3Statement(02D898B0) SELECT A01.ID  FROM ubm_navshortcut A01  WHERE code=? AND (( A01.mi_owner = ? ) OR                (1=1) OR                              exists (select 1 from ubm_navshortcut_adm admsubtable where admsubtable.instanceID = A01.ID and admsubtable.admSubjID in (select ur.RoleID from uba_userrole ur where ur.UserID = ? union select 10))) AND A01.mi_deleteDate=? LIMIT 1 OFFSET 0 
20180415 19524130  &  -    				00.000.086
20180415 19524130  &  -    			00.000.149
20180415 19524130  & debug 			Query result for entity "ubm_navshortcut" into data name "": row count=1
20180415 19524130  &  -    		00.000.162
20180415 19524130  &  -    	00.000.285
20180415 19524130  & http  	127.0.0.1 <- 200
20180415 19524130  &  -    00.209.232
20180415 19524130  '  +    ubql
20180415 19524130  ' http  	127.0.0.1 -> POST ubql
20180415 19524130  ' http  	[{"entity":"ubm_navshortcut","method":"select","fieldList":["ID"],"options":{"limit":1},"whereList":{"lookup":{"expression":"code","condition":"equal","values":{"code":"req_depart"}}}}]
20180415 19524130  ' debug 	Create new JavaScript Engine for thread 29088
20180415 19524143  ' auth  	admin/95433812
20180415 19524143  ' call  	endpoint ubql
20180415 19524143  '  +    	ubMixinClasses.TubRLSMixin(02D24E20).MixinMethod
20180415 19524143  ' debug 		ubm_navshortcut.select(TubRLSMixin)
20180415 19524143  ' debug 		Prepare RLS expression for ubm_navshortcut
20180415 19524143  '  +    		ubApp.TubDataStore(07D79D40).Init
20180415 19524143  '  +    			ubApp.TubApp(02CD3EE0).DBExecute
20180415 19524143  '  +    				ubApp.TubApp(02CD3EE0).TubApp.InternalDBExecute
20180415 19524143  '  +    					00856EC2 
20180415 19524143  '  -    					00.002.170
20180415 19524143  ' SQL   					ubDBSQLite3ThreadSafe.TubSQLite3Statement(02D8A210) PRAGMA foreign_keys = ON
20180415 19524143  ' SQL   					ubDBSQLite3ThreadSafe.TubSQLite3Statement(02D89BB0) select ID, name FROM uba_role
20180415 19524143  '  -    				00.002.202
20180415 19524143  '  -    			00.002.233
20180415 19524143  ' debug 			Query result for entity "uba_role" into data name "": row count=8
20180415 19524143  '  -    		00.002.244
20180415 19524143  '  -    	00.003.148
20180415 19524143  '  +    	ubMixinClasses.TubStorageMixin(02D242C0).MixinMethod
20180415 19524143  ' debug 		ubm_navshortcut.select(TubStorageMixin)
20180415 19524143  '  +    		ubApp.TubDataStore(07D79C78).Init
20180415 19524143  '  +    			ubApp.TubApp(02CD3EE0).DBExecute
20180415 19524143  '  +    				ubApp.TubApp(02CD3EE0).TubApp.InternalDBExecute
20180415 19524143  ' debug 					P1: String(10)	req_depart
20180415 19524143  ' debug 					P2: Int64		10
20180415 19524143  ' debug 					P3: Int64		10
20180415 19524143  ' debug 					P4: DateTime	9999-12-31T00:00:00
20180415 19524143  ' SQL   					ubDBSQLite3ThreadSafe.TubSQLite3Statement(02D8A2D0) SELECT A01.ID  FROM ubm_navshortcut A01  WHERE code=? AND (( A01.mi_owner = ? ) OR                (1=1) OR                              exists (select 1 from ubm_navshortcut_adm admsubtable where admsubtable.instanceID = A01.ID and admsubtable.admSubjID in (select ur.RoleID from uba_userrole ur where ur.UserID = ? union select 10))) AND A01.mi_deleteDate=? LIMIT 1 OFFSET 0 
20180415 19524143  '  -    				00.000.095
20180415 19524143  '  -    			00.000.184
20180415 19524143  ' debug 			Query result for entity "ubm_navshortcut" into data name "": row count=1
20180415 19524143  '  -    		00.000.197
20180415 19524143  '  -    	00.000.332
20180415 19524143  ' http  	127.0.0.1 <- 200
20180415 19524143  '  -    00.207.792
20180415 19524143  (  +    ubql
20180415 19524143  ( http  	127.0.0.1 -> POST ubql
20180415 19524143  ( http  	[{"entity":"ubm_navshortcut","method":"select","fieldList":["ID"],"options":{"limit":1},"whereList":{"lookup":{"expression":"code","condition":"equal","values":{"code":"req_subDepart"}}}}]
20180415 19524143  ( debug 	Create new JavaScript Engine for thread 25628
20180415 19524156  ( auth  	admin/95433812
20180415 19524156  ( call  	endpoint ubql
20180415 19524156  (  +    	ubMixinClasses.TubRLSMixin(02D24E20).MixinMethod
20180415 19524156  ( debug 		ubm_navshortcut.select(TubRLSMixin)
20180415 19524156  ( debug 		Prepare RLS expression for ubm_navshortcut
20180415 19524156  (  +    		ubApp.TubDataStore(0D638018).Init
20180415 19524156  (  +    			ubApp.TubApp(02CD3EE0).DBExecute
20180415 19524156  (  +    				ubApp.TubApp(02CD3EE0).TubApp.InternalDBExecute
20180415 19524156  (  +    					00856EC2 
20180415 19524156  (  -    					00.002.175
20180415 19524156  ( SQL   					ubDBSQLite3ThreadSafe.TubSQLite3Statement(02D8ABD0) PRAGMA foreign_keys = ON
20180415 19524156  ( SQL   					ubDBSQLite3ThreadSafe.TubSQLite3Statement(02D8A570) select ID, name FROM uba_role
20180415 19524156  (  -    				00.002.205
20180415 19524156  (  -    			00.002.240
20180415 19524156  ( debug 			Query result for entity "uba_role" into data name "": row count=8
20180415 19524156  (  -    		00.002.250
20180415 19524156  (  -    	00.003.142
20180415 19524156  (  +    	ubMixinClasses.TubStorageMixin(02D242C0).MixinMethod
20180415 19524156  ( debug 		ubm_navshortcut.select(TubStorageMixin)
20180415 19524156  (  +    		ubApp.TubDataStore(0D637F50).Init
20180415 19524156  (  +    			ubApp.TubApp(02CD3EE0).DBExecute
20180415 19524156  (  +    				ubApp.TubApp(02CD3EE0).TubApp.InternalDBExecute
20180415 19524156  ( debug 					P1: String(13)	req_subDepart
20180415 19524156  ( debug 					P2: Int64		10
20180415 19524156  ( debug 					P3: Int64		10
20180415 19524156  ( debug 					P4: DateTime	9999-12-31T00:00:00
20180415 19524156  ( SQL   					ubDBSQLite3ThreadSafe.TubSQLite3Statement(02D8AC90) SELECT A01.ID  FROM ubm_navshortcut A01  WHERE code=? AND (( A01.mi_owner = ? ) OR                (1=1) OR                              exists (select 1 from ubm_navshortcut_adm admsubtable where admsubtable.instanceID = A01.ID and admsubtable.admSubjID in (select ur.RoleID from uba_userrole ur where ur.UserID = ? union select 10))) AND A01.mi_deleteDate=? LIMIT 1 OFFSET 0 
20180415 19524156  (  -    				00.000.086
20180415 19524156  (  -    			00.000.167
20180415 19524156  ( debug 			Query result for entity "ubm_navshortcut" into data name "": row count=1
20180415 19524156  (  -    		00.000.180
20180415 19524156  (  -    	00.000.291
20180415 19524156  ( http  	127.0.0.1 <- 200
20180415 19524156  (  -    00.207.335
20180415 19524156  )  +    ubql
20180415 19524156  ) http  	127.0.0.1 -> POST ubql
20180415 19524156  ) http  	[{"entity":"ubm_navshortcut","method":"select","fieldList":["ID"],"options":{"limit":1},"whereList":{"lookup":{"expression":"code","condition":"equal","values":{"code":"req_reqList"}}}}]
20180415 19524156  ) debug 	Create new JavaScript Engine for thread 28452
20180415 19524207  ) auth  	admin/95433812
20180415 19524207  ) call  	endpoint ubql
20180415 19524207  )  +    	ubMixinClasses.TubRLSMixin(02D24E20).MixinMethod
20180415 19524207  ) debug 		ubm_navshortcut.select(TubRLSMixin)
20180415 19524207  ) debug 		Prepare RLS expression for ubm_navshortcut
20180415 19524207  )  +    		ubApp.TubDataStore(0D63C320).Init
20180415 19524207  )  +    			ubApp.TubApp(02CD3EE0).DBExecute
20180415 19524207  )  +    				ubApp.TubApp(02CD3EE0).TubApp.InternalDBExecute
20180415 19524207  )  +    					00856EC2 
20180415 19524207  )  -    					00.002.276
20180415 19524207  ) SQL   					ubDBSQLite3ThreadSafe.TubSQLite3Statement(02D8B590) PRAGMA foreign_keys = ON
20180415 19524207  ) SQL   					ubDBSQLite3ThreadSafe.TubSQLite3Statement(02D8AF30) select ID, name FROM uba_role
20180415 19524207  )  -    				00.002.343
20180415 19524207  )  -    			00.002.377
20180415 19524207  ) debug 			Query result for entity "uba_role" into data name "": row count=8
20180415 19524207  )  -    		00.002.387
20180415 19524207  )  -    	00.003.180
20180415 19524207  )  +    	ubMixinClasses.TubStorageMixin(02D242C0).MixinMethod
20180415 19524207  ) debug 		ubm_navshortcut.select(TubStorageMixin)
20180415 19524207  )  +    		ubApp.TubDataStore(0D63C258).Init
20180415 19524207  )  +    			ubApp.TubApp(02CD3EE0).DBExecute
20180415 19524207  )  +    				ubApp.TubApp(02CD3EE0).TubApp.InternalDBExecute
20180415 19524207  ) debug 					P1: String(11)	req_reqList
20180415 19524207  ) debug 					P2: Int64		10
20180415 19524207  ) debug 					P3: Int64		10
20180415 19524207  ) debug 					P4: DateTime	9999-12-31T00:00:00
20180415 19524207  ) SQL   					ubDBSQLite3ThreadSafe.TubSQLite3Statement(02D8B650) SELECT A01.ID  FROM ubm_navshortcut A01  WHERE code=? AND (( A01.mi_owner = ? ) OR                (1=1) OR                              exists (select 1 from ubm_navshortcut_adm admsubtable where admsubtable.instanceID = A01.ID and admsubtable.admSubjID in (select ur.RoleID from uba_userrole ur where ur.UserID = ? union select 10))) AND A01.mi_deleteDate=? LIMIT 1 OFFSET 0 
20180415 19524207  )  -    				00.000.084
20180415 19524207  )  -    			00.000.141
20180415 19524207  ) debug 			Query result for entity "ubm_navshortcut" into data name "": row count=1
20180415 19524207  )  -    		00.000.152
20180415 19524207  )  -    	00.000.258
20180415 19524207  ) http  	127.0.0.1 <- 200
20180415 19524207  )  -    00.207.802
20180415 19524212  "  +    ubql
20180415 19524212  " http  	127.0.0.1 -> POST ubql
20180415 19524212  " http  	[{"entity":"ubm_enum","method":"select","fieldList":["code"],"options":{"limit":1},"whereList":{"c1":{"expression":"[code]","condition":"equal","values":{"c1":"NEW"}}}}]
20180415 19524212  " auth  	admin/95433812
20180415 19524212  " call  	endpoint ubql
20180415 19524212  "  +    	ubMixinClasses.TubStorageMixin(02D242C0).MixinMethod
20180415 19524212  " debug 		ubm_enum.select(TubStorageMixin)
20180415 19524212  "  +    		ubApp.TubDataStore(0D63C0F0).Init
20180415 19524212  "  +    			ubApp.TubApp(02CD3EE0).DBExecute
20180415 19524212  "  +    				ubApp.TubApp(02CD3EE0).TubApp.InternalDBExecute
20180415 19524212  " debug 					P1: String(3)	NEW
20180415 19524212  " debug 					P2: DateTime	9999-12-31T00:00:00
20180415 19524212  " SQL   					ubDBSQLite3ThreadSafe.TubSQLite3Statement(02D8B710) SELECT A01.code  FROM ubm_enum A01  WHERE A01.code=? AND A01.mi_deleteDate=? LIMIT 1 OFFSET 0 
20180415 19524212  "  -    				00.000.056
20180415 19524212  "  -    			00.000.140
20180415 19524212  " debug 			Query result for entity "ubm_enum" into data name "": row count=1
20180415 19524212  "  -    		00.000.149
20180415 19524212  "  -    	00.000.240
20180415 19524212  " http  	127.0.0.1 <- 200
20180415 19524212  "  -    00.000.596
20180415 19524212  #  +    ubql
20180415 19524212  # http  	127.0.0.1 -> POST ubql
20180415 19524212  # http  	[{"entity":"ubm_enum","method":"select","fieldList":["code"],"options":{"limit":1},"whereList":{"c1":{"expression":"[code]","condition":"equal","values":{"c1":"PROCESSED"}}}}]
20180415 19524212  # auth  	admin/95433812
20180415 19524212  # call  	endpoint ubql
20180415 19524212  #  +    	ubMixinClasses.TubStorageMixin(02D242C0).MixinMethod
20180415 19524212  # debug 		ubm_enum.select(TubStorageMixin)
20180415 19524212  #  +    		ubApp.TubDataStore(0D63C118).Init
20180415 19524212  #  +    			ubApp.TubApp(02CD3EE0).DBExecute
20180415 19524212  #  +    				ubApp.TubApp(02CD3EE0).TubApp.InternalDBExecute
20180415 19524212  #  +    					00856EC2 
20180415 19524212  #  -    					00.002.366
20180415 19524212  # SQL   					ubDBSQLite3ThreadSafe.TubSQLite3Statement(02D8BDD0) PRAGMA foreign_keys = ON
20180415 19524212  # debug 					P1: String(9)	PROCESSED
20180415 19524212  # debug 					P2: DateTime	9999-12-31T00:00:00
20180415 19524212  # SQL   					ubDBSQLite3ThreadSafe.TubSQLite3Statement(02D8B7D0) SELECT A01.code  FROM ubm_enum A01  WHERE A01.code=? AND A01.mi_deleteDate=? LIMIT 1 OFFSET 0 
20180415 19524212  #  -    				00.002.535
20180415 19524212  #  -    			00.002.609
20180415 19524212  # debug 			Query result for entity "ubm_enum" into data name "": row count=1
20180415 19524212  #  -    		00.002.627
20180415 19524212  #  -    	00.002.715
20180415 19524212  # http  	127.0.0.1 <- 200
20180415 19524212  #  -    00.003.067
20180415 19524212  $  +    ubql
20180415 19524212  $ http  	127.0.0.1 -> POST ubql
20180415 19524212  $ http  	[{"entity":"ubm_enum","method":"select","fieldList":["code"],"options":{"limit":1},"whereList":{"c1":{"expression":"[code]","condition":"equal","values":{"c1":"REJECTED"}}}}]
20180415 19524212  $ auth  	admin/95433812
20180415 19524212  $ call  	endpoint ubql
20180415 19524212  $  +    	ubMixinClasses.TubStorageMixin(02D242C0).MixinMethod
20180415 19524212  $ debug 		ubm_enum.select(TubStorageMixin)
20180415 19524212  $  +    		ubApp.TubDataStore(0D63C2F8).Init
20180415 19524212  $  +    			ubApp.TubApp(02CD3EE0).DBExecute
20180415 19524212  $  +    				ubApp.TubApp(02CD3EE0).TubApp.InternalDBExecute
20180415 19524212  $ debug 					P1: String(8)	REJECTED
20180415 19524212  $ debug 					P2: DateTime	9999-12-31T00:00:00
20180415 19524212  $ SQL   					ubDBSQLite3ThreadSafe.TubSQLite3Statement(02D8BE30) SELECT A01.code  FROM ubm_enum A01  WHERE A01.code=? AND A01.mi_deleteDate=? LIMIT 1 OFFSET 0 
20180415 19524212  $  -    				00.000.056
20180415 19524212  $  -    			00.000.139
20180415 19524212  $ debug 			Query result for entity "ubm_enum" into data name "": row count=1
20180415 19524212  $  -    		00.000.148
20180415 19524212  $  -    	00.000.228
20180415 19524212  $ http  	127.0.0.1 <- 200
20180415 19524212  $  -    00.000.512
20180415 19524212  %  +    ubql
20180415 19524212  % http  	127.0.0.1 -> POST ubql
20180415 19524212  % http  	[{"entity":"ubm_enum","method":"select","fieldList":["code"],"options":{"limit":1},"whereList":{"c1":{"expression":"[code]","condition":"equal","values":{"c1":"CLOSED"}}}}]
20180415 19524212  % auth  	admin/95433812
20180415 19524212  % call  	endpoint ubql
20180415 19524212  %  +    	ubMixinClasses.TubStorageMixin(02D242C0).MixinMethod
20180415 19524212  % debug 		ubm_enum.select(TubStorageMixin)
20180415 19524212  %  +    		ubApp.TubDataStore(0D63C258).Init
20180415 19524212  %  +    			ubApp.TubApp(02CD3EE0).DBExecute
20180415 19524212  %  +    				ubApp.TubApp(02CD3EE0).TubApp.InternalDBExecute
20180415 19524212  % debug 					P1: String(6)	CLOSED
20180415 19524212  % debug 					P2: DateTime	9999-12-31T00:00:00
20180415 19524212  % SQL   					ubDBSQLite3ThreadSafe.TubSQLite3Statement(02D8BDD0) SELECT A01.code  FROM ubm_enum A01  WHERE A01.code=? AND A01.mi_deleteDate=? LIMIT 1 OFFSET 0 
20180415 19524212  %  -    				00.000.064
20180415 19524212  %  -    			00.000.172
20180415 19524212  % debug 			Query result for entity "ubm_enum" into data name "": row count=1
20180415 19524212  %  -    		00.000.184
20180415 19524212  %  -    	00.000.277
20180415 19524212  % http  	127.0.0.1 <- 200
20180415 19524212  %  -    00.000.728
20180415 19524213  &  +    ubql
20180415 19524213  & http  	127.0.0.1 -> POST ubql
20180415 19524213  & http  	[{"entity":"req_depart","method":"select","fieldList":["ID"],"options":{"limit":1},"whereList":{"c1":{"expression":"[name]","condition":"equal","values":{"c1":"Departments of health"}}}}]
20180415 19524213  & auth  	admin/95433812
20180415 19524213  & call  	endpoint ubql
20180415 19524213  &  +    	ubMixinClasses.TubStorageMixin(02D242C0).MixinMethod
20180415 19524213  & debug 		req_depart.select(TubStorageMixin)
20180415 19524213  &  +    		ubApp.TubDataStore(0D63C2D0).Init
20180415 19524213  &  +    			ubApp.TubApp(02CD3EE0).DBExecute
20180415 19524213  &  +    				ubApp.TubApp(02CD3EE0).TubApp.InternalDBExecute
20180415 19524213  & debug 					P1: String(21)	Departments of health
20180415 19524213  & SQL   					ubDBSQLite3ThreadSafe.TubSQLite3Statement(02D8B5F0) SELECT A01.ID  FROM req_depart A01  WHERE A01.name=? LIMIT 1 OFFSET 0 
20180415 19524213  &  -    				00.000.063
20180415 19524213  &  -    			00.000.259
20180415 19524213  & debug 			Query result for entity "req_depart" into data name "": row count=1
20180415 19524213  &  -    		00.000.274
20180415 19524213  &  -    	00.000.374
20180415 19524213  & http  	127.0.0.1 <- 200
20180415 19524213  &  -    00.000.825
20180415 19524213  '  +    ubql
20180415 19524213  ' http  	127.0.0.1 -> POST ubql
20180415 19524213  ' http  	[{"entity":"req_depart","method":"select","fieldList":["ID"],"options":{"limit":1},"whereList":{"c1":{"expression":"[name]","condition":"equal","values":{"c1":"Departments of education"}}}}]
20180415 19524213  ' auth  	admin/95433812
20180415 19524213  ' call  	endpoint ubql
20180415 19524213  '  +    	ubMixinClasses.TubStorageMixin(02D242C0).MixinMethod
20180415 19524213  ' debug 		req_depart.select(TubStorageMixin)
20180415 19524213  '  +    		ubApp.TubDataStore(0D63C258).Init
20180415 19524213  '  +    			ubApp.TubApp(02CD3EE0).DBExecute
20180415 19524213  '  +    				ubApp.TubApp(02CD3EE0).TubApp.InternalDBExecute
20180415 19524213  ' debug 					P1: String(24)	Departments of education
20180415 19524213  ' SQL   					ubDBSQLite3ThreadSafe.TubSQLite3Statement(02D8BE90) SELECT A01.ID  FROM req_depart A01  WHERE A01.name=? LIMIT 1 OFFSET 0 
20180415 19524213  '  -    				00.000.046
20180415 19524213  '  -    			00.000.136
20180415 19524213  ' debug 			Query result for entity "req_depart" into data name "": row count=1
20180415 19524213  '  -    		00.000.147
20180415 19524213  '  -    	00.000.231
20180415 19524213  ' http  	127.0.0.1 <- 200
20180415 19524213  '  -    00.000.564
20180415 19524213  (  +    ubql
20180415 19524213  ( http  	127.0.0.1 -> POST ubql
20180415 19524213  ( http  	[{"entity":"uba_user","method":"select","fieldList":["ID"],"options":{"limit":1},"whereList":{"lookup":{"expression":"name","condition":"equal","values":{"code":"hd_user"}}}}]
20180415 19524213  ( auth  	admin/95433812
20180415 19524213  ( call  	endpoint ubql
20180415 19524213  (  +    	ubMixinClasses.TubStorageMixin(02D242C0).MixinMethod
20180415 19524213  ( debug 		uba_user.select(TubStorageMixin)
20180415 19524213  (  +    		ubApp.TubDataStore(0D63C2D0).Init
20180415 19524213  (  +    			ubApp.TubApp(02CD3EE0).DBExecute
20180415 19524213  (  +    				ubApp.TubApp(02CD3EE0).TubApp.InternalDBExecute
20180415 19524213  ( debug 					P1: String(7)	hd_user
20180415 19524213  ( SQL   					ubDBSQLite3ThreadSafe.TubSQLite3Statement(02D8BF50) SELECT A01.ID  FROM uba_user A01  WHERE name=? LIMIT 1 OFFSET 0 
20180415 19524213  (  -    				00.000.043
20180415 19524213  (  -    			00.000.143
20180415 19524213  ( debug 			Query result for entity "uba_user" into data name "": row count=0
20180415 19524213  (  -    		00.000.152
20180415 19524213  (  -    	00.000.265
20180415 19524213  ( http  	127.0.0.1 <- 200
20180415 19524213  (  -    00.000.525
20180415 19524213  )  +    ubql
20180415 19524213  ) http  	127.0.0.1 -> POST ubql
20180415 19524213  ) http  	[{"entity":"uba_user","fieldList":["ID"],"execParams":{"name":"hd_user","firstName":"hd","lastName":"user","uPasswordHashHexa":"11575b5bb880a5080b6757593d0a5818e0e96b7b0d617ce00ccc061ad4000e76"},"method":"insert"}]
20180415 19524213  ) auth  	admin/95433812
20180415 19524213  ) call  	endpoint ubql
20180415 19524213  )  +    	ubMixinClasses.TubStorageMixin(02D242C0).MixinMethod
20180415 19524213  ) debug 		uba_user.beforeinsert(TubStorageMixin)
20180415 19524213  )  -    	00.000.013
20180415 19524213  )  +    	ubMixinClasses.TubStorageMixin(02D242C0).MixinMethod
20180415 19524213  ) debug 		uba_user.select(TubStorageMixin)
20180415 19524213  )  +    		ubApp.TubDataStore(0D63C1B8).Init
20180415 19524213  )  +    			ubApp.TubApp(02CD3EE0).DBExecute
20180415 19524213  )  +    				ubApp.TubApp(02CD3EE0).TubApp.InternalDBExecute
20180415 19524213  ) debug 					P1: String(7)	hd_user
20180415 19524213  ) debug 					P2: Int64		335786699489281
20180415 19524213  ) SQL   					ubDBSQLite3ThreadSafe.TubSQLite3Statement(0D568170) SELECT A01.ID  FROM uba_user A01  WHERE A01.name=? AND A01.ID<>?
20180415 19524213  )  -    				00.000.048
20180415 19524213  )  -    			00.000.147
20180415 19524213  ) debug 			Query result for entity "uba_user" into data name "": row count=0
20180415 19524213  )  -    		00.000.175
20180415 19524213  )  -    	00.000.266
20180415 19524213  )  +    	ubMixinClasses.TubUnityMixin(02D24D40).MixinMethod
20180415 19524213  ) debug 		uba_user.insert(TubUnityMixin)
20180415 19524213  )  +    		ubMixinClasses.TubStorageMixin(02D242C0).MixinMethod
20180415 19524213  ) debug 			uba_subject.beforeinsert(TubStorageMixin)
20180415 19524213  )  -    		00.000.001
20180415 19524213  )  +    		ubMixinClasses.TubStorageMixin(02D242C0).MixinMethod
20180415 19524213  ) debug 			uba_subject.insert(TubStorageMixin)
20180415 19524213  )  +    			ubApp.TubDataStore(0D63C488).TubDataStore.ExecuteInsertFromList
20180415 19524213  )  +    				ubApp.TubDataStore(0D63C488).TubDataStore.ExecuteInsertFromSQL
20180415 19524213  )  +    					ubApp.TubApp(02CD3EE0).DBExecute
20180415 19524213  )  +    						ubApp.TubApp(02CD3EE0).TubApp.InternalDBExecute
20180415 19524213  ) debug 							P1: String(7)	hd_user
20180415 19524213  ) debug 							P2: String(7)	hd_user
20180415 19524213  ) debug 							P3: Int64		335786699489281
20180415 19524213  ) debug 							P4: String(8)	uba_user
20180415 19524213  ) debug 							P5: String(1)	U
20180415 19524213  ) DB    							StartTransaction for connection "main"
20180415 19524213  ) SQL   							ubDBSQLite3ThreadSafe.TubSQLite3Statement(0D568230) INSERT INTO uba_subject (code,name,ID,mi_unityEntity,sType) VALUES (?,?,?,?,?)
20180415 19524213  )  -    						00.000.091
20180415 19524213  )  -    					00.000.093
20180415 19524213  )  -    				00.000.148
20180415 19524213  )  -    			00.000.160
20180415 19524213  )  -    		00.000.163
20180415 19524213  )  +    		ubMixinClasses.TubStorageMixin(02D242C0).MixinMethod
20180415 19524213  ) debug 			uba_subject.afterinsert(TubStorageMixin)
20180415 19524213  )  -    		00.000.002
20180415 19524213  )  +    		ubMixinClasses.TubAuditMixin(02D24F70).MixinMethod
20180415 19524213  ) debug 			uba_subject.afterinsert(TubAuditMixin)
20180415 19524213  )  +    			ubApp.TubDataStore(0D63DFB8).TubDataStore.ExecuteInsertFromSQL
20180415 19524213  )  +    				ubApp.TubApp(02CD3EE0).DBExecute
20180415 19524213  )  +    					ubApp.TubApp(02CD3EE0).TubApp.InternalDBExecute
20180415 19524213  ) debug 						P1: Int64		335786699489282
20180415 19524213  ) debug 						P2: String(11)	uba_subject
20180415 19524213  ) debug 						P3: Int64		335786699489281
20180415 19524213  ) debug 						P4: String(6)	INSERT
20180415 19524213  ) debug 						P5: Int64		10
20180415 19524213  ) debug 						P6: DateTime	2018-04-15T19:52:42
20180415 19524213  ) debug 						P7: String(9)	127.0.0.1
20180415 19524213  ) debug 						P8: Int64		335786699489281
20180415 19524213  ) debug 						P9: String(96)	{"code":"hd_user","name":"hd_user","ID":335786699489281,"mi_unityEntity":"uba_user","sType":"U"}
20180415 19524213  ) SQL   						ubDBSQLite3ThreadSafe.TubSQLite3Statement(0D568290) INSERT INTO uba_auditTrail (ID,entity,entityinfo_id,actionType,actionUser,actionTime,remoteIP,parentEntityInfo_id,toValue) VALUES (?,?,?,?,?,?,?,?,?)
20180415 19524213  )  -    					00.000.085
20180415 19524213  )  -    				00.000.086
20180415 19524213  )  -    			00.000.162
20180415 19524213  )  -    		00.000.182
20180415 19524213  )  -    	00.000.504
20180415 19524213  )  +    	ubMixinClasses.TubStorageMixin(02D242C0).MixinMethod
20180415 19524213  ) debug 		uba_user.insert(TubStorageMixin)
20180415 19524213  ) debug 		Processing documents for entity "uba_user"
20180415 19524213  )  +    		ubApp.TubDataStore(0D63C190).TubDataStore.ExecuteInsertFromList
20180415 19524213  )  +    			ubApp.TubDataStore(0D63C190).TubDataStore.ExecuteInsertFromSQL
20180415 19524213  )  +    				ubApp.TubApp(02CD3EE0).DBExecute
20180415 19524213  )  +    					ubApp.TubApp(02CD3EE0).TubApp.InternalDBExecute
20180415 19524213  ) debug 						P1: String(7)	hd_user
20180415 19524213  ) debug 						P2: String(2)	hd
20180415 19524213  ) debug 						P3: String(4)	user
20180415 19524213  ) debug 						P4: String(64)	11575b5bb880a5080b6757593d0a5818e0e96b7b0d617ce00ccc061ad4000e76
20180415 19524213  ) debug 						P5: Int64		335786699489281
20180415 19524213  ) debug 						P6: String(7)	hd_user
20180415 19524213  ) debug 						P7: Int64		10
20180415 19524213  ) debug 						P8: DateTime	2018-04-15T19:52:42
20180415 19524213  ) debug 						P9: Int64		10
20180415 19524213  ) debug 						P10: DateTime	2018-04-15T19:52:42
20180415 19524213  ) debug 						P11: Int64		10
20180415 19524213  ) SQL   						ubDBSQLite3ThreadSafe.TubSQLite3Statement(0D5682F0) INSERT INTO uba_user (name,firstName,lastName,uPasswordHashHexa,ID,fullName,mi_owner,mi_createDate,mi_createUser,mi_modifyDate,mi_modifyUser) VALUES (?,?,?,?,?,?,?,?,?,?,?)
20180415 19524213  )  -    					00.000.124
20180415 19524213  )  -    				00.000.126
20180415 19524213  )  -    			00.000.217
20180415 19524213  )  -    		00.000.232
20180415 19524213  )  -    	00.000.255
20180415 19524213  )  +    	ubMixinClasses.TubStorageMixin(02D242C0).MixinMethod
20180415 19524213  ) debug 		uba_user.afterinsert(TubStorageMixin)
20180415 19524213  )  +    		ubMixinClasses.TubStorageMixin(02D242C0).MixinMethod
20180415 19524213  ) debug 			uba_user.select(TubStorageMixin)
20180415 19524213  )  +    			ubApp.TubDataStore(0D63C190).Init
20180415 19524213  )  +    				ubApp.TubApp(02CD3EE0).DBExecute
20180415 19524213  )  +    					ubApp.TubApp(02CD3EE0).TubApp.InternalDBExecute
20180415 19524213  ) debug 						P1: Int64		335786699489281
20180415 19524213  ) SQL   						ubDBSQLite3ThreadSafe.TubSQLite3Statement(0D5683B0) SELECT A01.ID  FROM uba_user A01  WHERE A01.ID=?
20180415 19524213  )  -    					00.000.024
20180415 19524213  )  -    				00.000.032
20180415 19524213  ) debug 				Query result for entity "uba_user" into data name "selectAfterInsert": row count=1
20180415 19524213  )  -    			00.000.039
20180415 19524213  )  -    		00.000.087
20180415 19524213  )  -    	00.000.133
20180415 19524213  )  +    	ubMixinClasses.TubAuditMixin(02D24F70).MixinMethod
20180415 19524213  ) debug 		uba_user.afterinsert(TubAuditMixin)
20180415 19524213  )  +    		ubApp.TubDataStore(0D63F8B8).TubDataStore.ExecuteInsertFromSQL
20180415 19524213  )  +    			ubApp.TubApp(02CD3EE0).DBExecute
20180415 19524213  )  +    				ubApp.TubApp(02CD3EE0).TubApp.InternalDBExecute
20180415 19524213  ) debug 					P1: Int64		335786699489283
20180415 19524213  ) debug 					P2: String(8)	uba_user
20180415 19524213  ) debug 					P3: Int64		335786699489281
20180415 19524213  ) debug 					P4: String(6)	INSERT
20180415 19524213  ) debug 					P5: Int64		10
20180415 19524213  ) debug 					P6: DateTime	2018-04-15T19:52:42
20180415 19524213  ) debug 					P7: String(9)	127.0.0.1
20180415 19524213  ) debug 					P8: Int64		335786699489281
20180415 19524213  ) debug 					P9: String(312..)	{"name":"hd_user","firstName":"hd","lastName":"user","uPasswordHashHexa":"11575b5bb880a5080b6757593d...
20180415 19524213  ) SQL   					ubDBSQLite3ThreadSafe.TubSQLite3Statement(0D568290) INSERT INTO uba_auditTrail (ID,entity,entityinfo_id,actionType,actionUser,actionTime,remoteIP,parentEntityInfo_id,toValue) VALUES (?,?,?,?,?,?,?,?,?)
20180415 19524213  )  -    				00.000.022
20180415 19524213  )  -    			00.000.024
20180415 19524213  )  -    		00.000.088
20180415 19524213  )  -    	00.000.108
20180415 19524216  )  +    	ubMixinClasses.TubStorageMixin(02D242C0).MixinMethod
20180415 19524216  ) debug 		uba_audit.beforeinsert(TubStorageMixin)
20180415 19524216  )  -    	00.000.006
20180415 19524216  )  +    	ubMixinClasses.TubStorageMixin(02D242C0).MixinMethod
20180415 19524216  ) debug 		uba_audit.insert(TubStorageMixin)
20180415 19524216  )  +    		ubApp.TubDataStore(0D63DDD8).TubDataStore.ExecuteInsertFromList
20180415 19524216  )  +    			ubApp.TubDataStore(0D63DDD8).TubDataStore.ExecuteInsertFromSQL
20180415 19524216  )  +    				ubApp.TubApp(02CD3EE0).DBExecute
20180415 19524216  )  +    					ubApp.TubApp(02CD3EE0).TubApp.InternalDBExecute
20180415 19524216  ) debug 						P1: String(8)	uba_user
20180415 19524216  ) debug 						P2: Int64		335786699489281
20180415 19524216  ) debug 						P3: String(6)	INSERT
20180415 19524216  ) debug 						P4: String(5)	admin
20180415 19524216  ) debug 						P5: DateTime	2018-04-15T19:52:42
20180415 19524216  ) debug 						P6: String(9)	127.0.0.1
20180415 19524216  ) debug 						P7: String(7)	hd_user
20180415 19524216  ) debug 						P8: Int64		335786699489284
20180415 19524216  ) debug 						P9: String(320..)	{"name":"hd_user","firstName":"hd","lastName":"user","uPasswordHashHexa":"11575b5bb880a5080b6757593d...
20180415 19524216  ) SQL   						ubDBSQLite3ThreadSafe.TubSQLite3Statement(0D568410) INSERT INTO uba_audit (entity,entityinfo_id,actionType,actionUser,actionTime,remoteIP,targetUser,ID,toValue) VALUES (?,?,?,?,?,?,?,?,?)
20180415 19524216  )  -    					00.000.162
20180415 19524216  )  -    				00.000.164
20180415 19524216  )  -    			00.000.257
20180415 19524216  )  -    		00.000.272
20180415 19524216  )  -    	00.000.276
20180415 19524216  )  +    	ubMixinClasses.TubStorageMixin(02D242C0).MixinMethod
20180415 19524216  ) debug 		uba_audit.afterinsert(TubStorageMixin)
20180415 19524216  )  -    	00.000.003
20180415 19524216  ) DB    	Commit connection "main" in 205us
20180415 19524216  ) http  	127.0.0.1 <- 200
20180415 19524216  )  -    00.043.741
20180415 19524216  "  +    ubql
20180415 19524216  " http  	127.0.0.1 -> POST ubql
20180415 19524216  " http  	[{"entity":"uba_role","method":"select","fieldList":["ID"],"options":{"limit":1},"whereList":{"lookup":{"expression":"name","condition":"equal","values":{"name":"HealthDepartment"}}}}]
20180415 19524216  " auth  	admin/95433812
20180415 19524216  " call  	endpoint ubql
20180415 19524216  "  +    	ubMixinClasses.TubStorageMixin(02D242C0).MixinMethod
20180415 19524216  " debug 		uba_role.select(TubStorageMixin)
20180415 19524216  "  +    		ubApp.TubDataStore(0D63BF60).Init
20180415 19524216  "  +    			ubApp.TubApp(02CD3EE0).DBExecute
20180415 19524216  "  +    				ubApp.TubApp(02CD3EE0).TubApp.InternalDBExecute
20180415 19524216  " debug 					P1: String(16)	HealthDepartment
20180415 19524216  " SQL   					ubDBSQLite3ThreadSafe.TubSQLite3Statement(0D568470) SELECT A01.ID  FROM uba_role A01  WHERE name=? LIMIT 1 OFFSET 0 
20180415 19524216  "  -    				00.000.043
20180415 19524216  "  -    			00.000.165
20180415 19524216  " debug 			Query result for entity "uba_role" into data name "": row count=0
20180415 19524216  "  -    		00.000.174
20180415 19524216  "  -    	00.000.244
20180415 19524216  " http  	127.0.0.1 <- 200
20180415 19524216  "  -    00.000.670
20180415 19524216  #  +    ubql
20180415 19524216  # http  	127.0.0.1 -> POST ubql
20180415 19524216  # http  	[{"entity":"uba_role","fieldList":["ID"],"execParams":{"name":"HealthDepartment","description":"Health department role"},"method":"insert"}]
20180415 19524216  # auth  	admin/95433812
20180415 19524216  # call  	endpoint ubql
20180415 19524216  #  +    	ubMixinClasses.TubStorageMixin(02D242C0).MixinMethod
20180415 19524216  # debug 		uba_role.beforeinsert(TubStorageMixin)
20180415 19524216  #  -    	00.000.009
20180415 19524216  #  +    	ubMixinClasses.TubUnityMixin(02D24D40).MixinMethod
20180415 19524216  # debug 		uba_role.insert(TubUnityMixin)
20180415 19524216  #  +    		ubMixinClasses.TubStorageMixin(02D242C0).MixinMethod
20180415 19524216  # debug 			uba_subject.beforeinsert(TubStorageMixin)
20180415 19524216  #  -    		00.000.004
20180415 19524216  #  +    		ubMixinClasses.TubStorageMixin(02D242C0).MixinMethod
20180415 19524216  # debug 			uba_subject.insert(TubStorageMixin)
20180415 19524216  #  +    			ubApp.TubDataStore(0D63C190).TubDataStore.ExecuteInsertFromList
20180415 19524216  #  +    				ubApp.TubDataStore(0D63C190).TubDataStore.ExecuteInsertFromSQL
20180415 19524216  #  +    					ubApp.TubApp(02CD3EE0).DBExecute
20180415 19524216  #  +    						ubApp.TubApp(02CD3EE0).TubApp.InternalDBExecute
20180415 19524216  # debug 							P1: String(16)	HealthDepartment
20180415 19524216  # debug 							P2: String(22)	Health department role
20180415 19524216  # debug 							P3: Int64		335786699489285
20180415 19524216  # debug 							P4: String(8)	uba_role
20180415 19524216  # debug 							P5: String(1)	R
20180415 19524216  # DB    							StartTransaction for connection "main"
20180415 19524216  # SQL   							ubDBSQLite3ThreadSafe.TubSQLite3Statement(0D568590) INSERT INTO uba_subject (code,name,ID,mi_unityEntity,sType) VALUES (?,?,?,?,?)
20180415 19524216  #  -    						00.000.213
20180415 19524216  #  -    					00.000.216
20180415 19524216  #  -    				00.000.306
20180415 19524216  #  -    			00.000.338
20180415 19524216  #  -    		00.000.411
20180415 19524216  #  +    		ubMixinClasses.TubStorageMixin(02D242C0).MixinMethod
20180415 19524216  # debug 			uba_subject.afterinsert(TubStorageMixin)
20180415 19524216  #  -    		00.000.003
20180415 19524216  #  +    		ubMixinClasses.TubAuditMixin(02D24F70).MixinMethod
20180415 19524216  # debug 			uba_subject.afterinsert(TubAuditMixin)
20180415 19524216  #  +    			ubApp.TubDataStore(0D63F980).TubDataStore.ExecuteInsertFromSQL
20180415 19524216  #  +    				ubApp.TubApp(02CD3EE0).DBExecute
20180415 19524216  #  +    					ubApp.TubApp(02CD3EE0).TubApp.InternalDBExecute
20180415 19524216  # debug 						P1: Int64		335786699489286
20180415 19524216  # debug 						P2: String(11)	uba_subject
20180415 19524216  # debug 						P3: Int64		335786699489285
20180415 19524216  # debug 						P4: String(6)	INSERT
20180415 19524216  # debug 						P5: Int64		10
20180415 19524216  # debug 						P6: DateTime	2018-04-15T19:52:42
20180415 19524216  # debug 						P7: String(9)	127.0.0.1
20180415 19524216  # debug 						P8: Int64		335786699489285
20180415 19524216  # debug 						P9: String(120..)	{"code":"HealthDepartment","name":"Health department role","ID":335786699489285,"mi_unityEntity":"ub...
20180415 19524216  # SQL   						ubDBSQLite3ThreadSafe.TubSQLite3Statement(0D5685F0) INSERT INTO uba_auditTrail (ID,entity,entityinfo_id,actionType,actionUser,actionTime,remoteIP,parentEntityInfo_id,toValue) VALUES (?,?,?,?,?,?,?,?,?)
20180415 19524216  #  -    					00.000.096
20180415 19524216  #  -    				00.000.097
20180415 19524216  #  -    			00.000.182
20180415 19524216  #  -    		00.000.208
20180415 19524216  #  -    	00.001.029
20180415 19524216  #  +    	ubMixinClasses.TubStorageMixin(02D242C0).MixinMethod
20180415 19524216  # debug 		uba_role.insert(TubStorageMixin)
20180415 19524216  #  +    		ubApp.TubDataStore(0D63C208).TubDataStore.ExecuteInsertFromList
20180415 19524216  #  +    			ubApp.TubDataStore(0D63C208).TubDataStore.ExecuteInsertFromSQL
20180415 19524216  #  +    				ubApp.TubApp(02CD3EE0).DBExecute
20180415 19524216  #  +    					ubApp.TubApp(02CD3EE0).TubApp.InternalDBExecute
20180415 19524216  # debug 						P1: String(16)	HealthDepartment
20180415 19524216  # debug 						P2: String(22)	Health department role
20180415 19524216  # debug 						P3: Int64		335786699489285
20180415 19524216  # debug 						P4: Int64		10
20180415 19524216  # debug 						P5: DateTime	2018-04-15T19:52:42
20180415 19524216  # debug 						P6: Int64		10
20180415 19524216  # debug 						P7: DateTime	2018-04-15T19:52:42
20180415 19524216  # debug 						P8: Int64		10
20180415 19524216  # SQL   						ubDBSQLite3ThreadSafe.TubSQLite3Statement(0D568650) INSERT INTO uba_role (name,description,ID,mi_owner,mi_createDate,mi_createUser,mi_modifyDate,mi_modifyUser) VALUES (?,?,?,?,?,?,?,?)
20180415 19524216  #  -    					00.000.100
20180415 19524216  #  -    				00.000.102
20180415 19524216  #  -    			00.000.165
20180415 19524216  #  -    		00.000.196
20180415 19524216  #  -    	00.000.201
20180415 19524216  #  +    	ubMixinClasses.TubStorageMixin(02D242C0).MixinMethod
20180415 19524216  # debug 		uba_role.afterinsert(TubStorageMixin)
20180415 19524216  #  +    		ubMixinClasses.TubStorageMixin(02D242C0).MixinMethod
20180415 19524216  # debug 			uba_role.select(TubStorageMixin)
20180415 19524216  #  +    			ubApp.TubDataStore(0D63C208).Init
20180415 19524216  #  +    				ubApp.TubApp(02CD3EE0).DBExecute
20180415 19524216  #  +    					ubApp.TubApp(02CD3EE0).TubApp.InternalDBExecute
20180415 19524216  # debug 						P1: Int64		335786699489285
20180415 19524216  # SQL   						ubDBSQLite3ThreadSafe.TubSQLite3Statement(0D568710) SELECT A01.ID  FROM uba_role A01  WHERE A01.ID=?
20180415 19524216  #  -    					00.000.027
20180415 19524216  #  -    				00.000.034
20180415 19524216  # debug 				Query result for entity "uba_role" into data name "selectAfterInsert": row count=1
20180415 19524216  #  -    			00.000.042
20180415 19524216  #  -    		00.000.088
20180415 19524216  #  -    	00.000.135
20180415 19524216  #  +    	ubMixinClasses.TubAuditMixin(02D24F70).MixinMethod
20180415 19524216  # debug 		uba_role.afterinsert(TubAuditMixin)
20180415 19524216  #  +    		ubApp.TubDataStore(0D63DEA0).TubDataStore.ExecuteInsertFromSQL
20180415 19524216  #  +    			ubApp.TubApp(02CD3EE0).DBExecute
20180415 19524216  #  +    				ubApp.TubApp(02CD3EE0).TubApp.InternalDBExecute
20180415 19524216  # debug 					P1: Int64		335786699489287
20180415 19524216  # debug 					P2: String(8)	uba_role
20180415 19524216  # debug 					P3: Int64		335786699489285
20180415 19524216  # debug 					P4: String(6)	INSERT
20180415 19524216  # debug 					P5: Int64		10
20180415 19524216  # debug 					P6: DateTime	2018-04-15T19:52:42
20180415 19524216  # debug 					P7: String(9)	127.0.0.1
20180415 19524216  # debug 					P8: Int64		335786699489285
20180415 19524216  # debug 					P9: String(217..)	{"name":"HealthDepartment","description":"Health department role","ID":335786699489285,"mi_owner":10...
20180415 19524216  # SQL   					ubDBSQLite3ThreadSafe.TubSQLite3Statement(0D5685F0) INSERT INTO uba_auditTrail (ID,entity,entityinfo_id,actionType,actionUser,actionTime,remoteIP,parentEntityInfo_id,toValue) VALUES (?,?,?,?,?,?,?,?,?)
20180415 19524216  #  -    				00.000.033
20180415 19524216  #  -    			00.000.034
20180415 19524216  #  -    		00.000.101
20180415 19524216  #  -    	00.000.126
20180415 19524216  #  +    	ubMixinClasses.TubStorageMixin(02D242C0).MixinMethod
20180415 19524216  # debug 		uba_user.select(TubStorageMixin)
20180415 19524216  #  +    		ubApp.TubDataStore(0D63E030).Init
20180415 19524216  #  +    			ubApp.TubApp(02CD3EE0).DBExecute
20180415 19524216  #  +    				ubApp.TubApp(02CD3EE0).TubApp.InternalDBExecute
20180415 19524216  # debug 					P1: Int64		10
20180415 19524216  # SQL   					ubDBSQLite3ThreadSafe.TubSQLite3Statement(0D568770) SELECT A01.name  FROM uba_user A01  WHERE A01.ID=?
20180415 19524216  #  -    				00.000.034
20180415 19524216  #  -    			00.000.096
20180415 19524216  # debug 			Query result for entity "uba_user" into data name "": row count=1
20180415 19524216  #  -    		00.000.105
20180415 19524216  #  -    	00.000.162
20180415 19524216  #  +    	ubMixinClasses.TubStorageMixin(02D242C0).MixinMethod
20180415 19524216  # debug 		uba_audit.beforeinsert(TubStorageMixin)
20180415 19524216  #  -    	00.000.004
20180415 19524216  #  +    	ubMixinClasses.TubStorageMixin(02D242C0).MixinMethod
20180415 19524216  # debug 		uba_audit.insert(TubStorageMixin)
20180415 19524216  #  +    		ubApp.TubDataStore(0D63C190).TubDataStore.ExecuteInsertFromList
20180415 19524216  #  +    			ubApp.TubDataStore(0D63C190).TubDataStore.ExecuteInsertFromSQL
20180415 19524216  #  +    				ubApp.TubApp(02CD3EE0).DBExecute
20180415 19524216  #  +    					ubApp.TubApp(02CD3EE0).TubApp.InternalDBExecute
20180415 19524216  # debug 						P1: String(8)	uba_role
20180415 19524216  # debug 						P2: Int64		335786699489285
20180415 19524216  # debug 						P3: String(6)	INSERT
20180415 19524216  # debug 						P4: String(5)	admin
20180415 19524216  # debug 						P5: DateTime	2018-04-15T19:52:42
20180415 19524216  # debug 						P6: String(9)	127.0.0.1
20180415 19524216  # debug 						P7: String(16)	HealthDepartment
20180415 19524216  # debug 						P8: Int64		335786699489288
20180415 19524216  # debug 						P9: String(225..)	{"name":"HealthDepartment","description":"Health department role","ID":335786699489285,"mi_owner":10...
20180415 19524216  # SQL   						ubDBSQLite3ThreadSafe.TubSQLite3Statement(0D5687D0) INSERT INTO uba_audit (entity,entityinfo_id,actionType,actionUser,actionTime,remoteIP,targetRole,ID,toValue) VALUES (?,?,?,?,?,?,?,?,?)
20180415 19524216  #  -    					00.000.115
20180415 19524216  #  -    				00.000.117
20180415 19524216  #  -    			00.000.189
20180415 19524216  #  -    		00.000.203
20180415 19524216  #  -    	00.000.208
20180415 19524216  #  +    	ubMixinClasses.TubStorageMixin(02D242C0).MixinMethod
20180415 19524216  # debug 		uba_audit.afterinsert(TubStorageMixin)
20180415 19524216  #  -    	00.000.002
20180415 19524216  # DB    	Commit connection "main" in 253us
20180415 19524216  # http  	127.0.0.1 <- 200
20180415 19524216  #  -    00.005.282
20180415 19524216  $  +    ubql
20180415 19524216  $ http  	127.0.0.1 -> POST ubql
20180415 19524216  $ http  	[{"entity":"uba_userrole","method":"select","fieldList":["ID"],"options":{"limit":1},"whereList":{"c1":{"expression":"[userID]","condition":"equal","values":{"c1":335786699489281}},"c2":{"expression":"[roleID]","condition":"equal","values":{"c2":335786699489285}}}}]
20180415 19524216  $ auth  	admin/95433812
20180415 19524216  $ call  	endpoint ubql
20180415 19524216  $  +    	ubMixinClasses.TubStorageMixin(02D242C0).MixinMethod
20180415 19524216  $ debug 		uba_userrole.select(TubStorageMixin)
20180415 19524216  $  +    		ubApp.TubDataStore(0D63F818).Init
20180415 19524216  $  +    			ubApp.TubApp(02CD3EE0).DBExecute
20180415 19524216  $  +    				ubApp.TubApp(02CD3EE0).TubApp.InternalDBExecute
20180415 19524216  $ debug 					P1: Int64		335786699489281
20180415 19524216  $ debug 					P2: Int64		335786699489285
20180415 19524216  $ SQL   					ubDBSQLite3ThreadSafe.TubSQLite3Statement(0D568890) SELECT A01.ID  FROM uba_userrole A01  WHERE A01.userID=? AND A01.roleID=? LIMIT 1 OFFSET 0 
20180415 19524216  $  -    				00.000.056
20180415 19524216  $  -    			00.000.147
20180415 19524216  $ debug 			Query result for entity "uba_userrole" into data name "": row count=0
20180415 19524216  $  -    		00.000.157
20180415 19524216  $  -    	00.000.233
20180415 19524216  $ http  	127.0.0.1 <- 200
20180415 19524216  $  -    00.000.499
20180415 19524216  %  +    ubql
20180415 19524216  % http  	127.0.0.1 -> POST ubql
20180415 19524216  % http  	[{"entity":"uba_userrole","execParams":{"userID":335786699489281,"roleID":335786699489285},"method":"insert"}]
20180415 19524216  % auth  	admin/95433812
20180415 19524216  % call  	endpoint ubql
20180415 19524216  %  +    	ubMixinClasses.TubStorageMixin(02D242C0).MixinMethod
20180415 19524216  % debug 		uba_userrole.beforeinsert(TubStorageMixin)
20180415 19524216  %  -    	00.000.006
20180415 19524216  %  +    	ubMixinClasses.TubStorageMixin(02D242C0).MixinMethod
20180415 19524216  % debug 		uba_userrole.insert(TubStorageMixin)
20180415 19524216  %  +    		ubApp.TubDataStore(0D63DFE0).TubDataStore.ExecuteInsertFromList
20180415 19524216  %  +    			ubApp.TubDataStore(0D63DFE0).TubDataStore.ExecuteInsertFromSQL
20180415 19524216  %  +    				ubApp.TubApp(02CD3EE0).DBExecute
20180415 19524216  %  +    					ubApp.TubApp(02CD3EE0).TubApp.InternalDBExecute
20180415 19524216  % debug 						P1: Int64		335786699489281
20180415 19524216  % debug 						P2: Int64		335786699489285
20180415 19524216  % debug 						P3: Int64		335786699489289
20180415 19524216  % debug 						P4: Int64		10
20180415 19524216  % debug 						P5: DateTime	2018-04-15T19:52:42
20180415 19524216  % debug 						P6: Int64		10
20180415 19524216  % debug 						P7: DateTime	2018-04-15T19:52:42
20180415 19524216  % debug 						P8: Int64		10
20180415 19524216  % DB    						StartTransaction for connection "main"
20180415 19524216  % SQL   						ubDBSQLite3ThreadSafe.TubSQLite3Statement(0D568830) INSERT INTO uba_userrole (userID,roleID,ID,mi_owner,mi_createDate,mi_createUser,mi_modifyDate,mi_modifyUser) VALUES (?,?,?,?,?,?,?,?)
20180415 19524216  %  -    					00.000.420
20180415 19524216  %  -    				00.000.424
20180415 19524216  %  -    			00.000.520
20180415 19524216  %  -    		00.000.558
20180415 19524216  %  -    	00.000.566
20180415 19524216  %  +    	ubMixinClasses.TubStorageMixin(02D242C0).MixinMethod
20180415 19524216  % debug 		uba_userrole.afterinsert(TubStorageMixin)
20180415 19524216  %  -    	00.000.006
20180415 19524216  %  +    	ubMixinClasses.TubAuditMixin(02D24F70).MixinMethod
20180415 19524216  % debug 		uba_userrole.afterinsert(TubAuditMixin)
20180415 19524216  %  +    		ubApp.TubDataStore(0D63FEF8).TubDataStore.ExecuteInsertFromSQL
20180415 19524216  %  +    			ubApp.TubApp(02CD3EE0).DBExecute
20180415 19524216  %  +    				ubApp.TubApp(02CD3EE0).TubApp.InternalDBExecute
20180415 19524216  % debug 					P1: Int64		335786699489290
20180415 19524216  % debug 					P2: String(12)	uba_userrole
20180415 19524216  % debug 					P3: Int64		335786699489289
20180415 19524216  % debug 					P4: String(6)	INSERT
20180415 19524216  % debug 					P5: Int64		10
20180415 19524216  % debug 					P6: DateTime	2018-04-15T19:52:42
20180415 19524216  % debug 					P7: String(9)	127.0.0.1
20180415 19524216  % debug 					P8: Int64		335786699489289
20180415 19524216  % debug 					P9: String(202..)	{"userID":335786699489281,"roleID":335786699489285,"ID":335786699489289,"mi_owner":10,"mi_createDate...
20180415 19524216  % SQL   					ubDBSQLite3ThreadSafe.TubSQLite3Statement(0D568A10) INSERT INTO uba_auditTrail (ID,entity,entityinfo_id,actionType,actionUser,actionTime,remoteIP,parentEntityInfo_id,toValue) VALUES (?,?,?,?,?,?,?,?,?)
20180415 19524216  %  -    				00.000.109
20180415 19524216  %  -    			00.000.111
20180415 19524216  %  -    		00.000.195
20180415 19524216  %  -    	00.000.223
20180415 19524217  %  +    	ubMixinClasses.TubStorageMixin(02D242C0).MixinMethod
20180415 19524217  % debug 		uba_role.select(TubStorageMixin)
20180415 19524217  %  +    		ubApp.TubDataStore(0D63C0F0).Init
20180415 19524217  %  +    			ubApp.TubApp(02CD3EE0).DBExecute
20180415 19524217  %  +    				ubApp.TubApp(02CD3EE0).TubApp.InternalDBExecute
20180415 19524217  % debug 					P1: Int64		335786699489285
20180415 19524217  % SQL   					ubDBSQLite3ThreadSafe.TubSQLite3Statement(0D568A70) SELECT A01.name  FROM uba_role A01  WHERE A01.ID=?
20180415 19524217  %  -    				00.000.063
20180415 19524217  %  -    			00.000.125
20180415 19524217  % debug 			Query result for entity "uba_role" into data name "": row count=1
20180415 19524217  %  -    		00.000.137
20180415 19524217  %  -    	00.000.226
20180415 19524217  %  +    	ubMixinClasses.TubStorageMixin(02D242C0).MixinMethod
20180415 19524217  % debug 		uba_user.select(TubStorageMixin)
20180415 19524217  %  +    		ubApp.TubDataStore(0D63FBB0).Init
20180415 19524217  %  +    			ubApp.TubApp(02CD3EE0).DBExecute
20180415 19524217  %  +    				ubApp.TubApp(02CD3EE0).TubApp.InternalDBExecute
20180415 19524217  % debug 					P1: Int64		335786699489281
20180415 19524217  % SQL   					ubDBSQLite3ThreadSafe.TubSQLite3Statement(0D568B30) SELECT A01.name  FROM uba_user A01  WHERE A01.ID=?
20180415 19524217  %  -    				00.000.031
20180415 19524217  %  -    			00.000.082
20180415 19524217  % debug 			Query result for entity "uba_user" into data name "": row count=1
20180415 19524217  %  -    		00.000.091
20180415 19524217  %  -    	00.000.166
20180415 19524217  %  +    	ubMixinClasses.TubStorageMixin(02D242C0).MixinMethod
20180415 19524217  % debug 		uba_audit.beforeinsert(TubStorageMixin)
20180415 19524217  %  -    	00.000.004
20180415 19524217  %  +    	ubMixinClasses.TubStorageMixin(02D242C0).MixinMethod
20180415 19524217  % debug 		uba_audit.insert(TubStorageMixin)
20180415 19524217  %  +    		ubApp.TubDataStore(0D63F930).TubDataStore.ExecuteInsertFromList
20180415 19524217  %  +    			ubApp.TubDataStore(0D63F930).TubDataStore.ExecuteInsertFromSQL
20180415 19524217  %  +    				ubApp.TubApp(02CD3EE0).DBExecute
20180415 19524217  %  +    					ubApp.TubApp(02CD3EE0).TubApp.InternalDBExecute
20180415 19524217  % debug 						P1: String(12)	uba_userrole
20180415 19524217  % debug 						P2: Int64		335786699489289
20180415 19524217  % debug 						P3: String(6)	INSERT
20180415 19524217  % debug 						P4: String(5)	admin
20180415 19524217  % debug 						P5: DateTime	2018-04-15T19:52:42
20180415 19524217  % debug 						P6: String(9)	127.0.0.1
20180415 19524217  % debug 						P7: String(7)	hd_user
20180415 19524217  % debug 						P8: String(16)	HealthDepartment
20180415 19524217  % debug 						P9: Int64		335786699489291
20180415 19524217  % debug 						P10: String(210..)	{"userID":335786699489281,"roleID":335786699489285,"ID":335786699489289,"mi_owner":10,"mi_createDate...
20180415 19524217  % SQL   						ubDBSQLite3ThreadSafe.TubSQLite3Statement(0D568B90) INSERT INTO uba_audit (entity,entityinfo_id,actionType,actionUser,actionTime,remoteIP,targetUser,targetRole,ID,toValue) VALUES (?,?,?,?,?,?,?,?,?,?)
20180415 19524217  %  -    					00.000.107
20180415 19524217  %  -    				00.000.114
20180415 19524217  %  -    			00.000.213
20180415 19524217  %  -    		00.000.228
20180415 19524217  %  -    	00.000.233
20180415 19524217  %  +    	ubMixinClasses.TubStorageMixin(02D242C0).MixinMethod
20180415 19524217  % debug 		uba_audit.afterinsert(TubStorageMixin)
20180415 19524217  %  -    	00.000.003
20180415 19524217  % DB    	Commit connection "main" in 240us
20180415 19524217  % http  	127.0.0.1 <- 200
20180415 19524217  %  -    00.005.465
20180415 19524217  &  +    ubql
20180415 19524217  & http  	127.0.0.1 -> POST ubql
20180415 19524217  & http  	[{"entity":"ubm_desktop_adm","method":"select","fieldList":["ID"],"options":{"limit":1},"whereList":{"c1":{"expression":"[instanceID]","condition":"equal","values":{"c1":335784125104129}},"c2":{"expression":"[admSubjID]","condition":"equal","values":{"c2":335786699489285}}}}]
20180415 19524217  & auth  	admin/95433812
20180415 19524217  & call  	endpoint ubql
20180415 19524217  &  +    	ubMixinClasses.TubStorageMixin(02D242C0).MixinMethod
20180415 19524217  & debug 		ubm_desktop_adm.select(TubStorageMixin)
20180415 19524217  &  +    		ubApp.TubDataStore(0D63FEF8).Init
20180415 19524217  &  +    			ubApp.TubApp(02CD3EE0).DBExecute
20180415 19524217  &  +    				ubApp.TubApp(02CD3EE0).TubApp.InternalDBExecute
20180415 19524217  & debug 					P1: Int64		335784125104129
20180415 19524217  & debug 					P2: Int64		335786699489285
20180415 19524217  & SQL   					ubDBSQLite3ThreadSafe.TubSQLite3Statement(0D568BF0) SELECT A01.ID  FROM ubm_desktop_adm A01  WHERE A01.instanceID=? AND A01.admSubjID=? LIMIT 1 OFFSET 0 
20180415 19524217  &  -    				00.000.045
20180415 19524217  &  -    			00.000.176
20180415 19524217  & debug 			Query result for entity "ubm_desktop_adm" into data name "": row count=0
20180415 19524217  &  -    		00.000.186
20180415 19524217  &  -    	00.000.269
20180415 19524217  & http  	127.0.0.1 <- 200
20180415 19524217  &  -    00.000.750
20180415 19524217  '  +    ubql
20180415 19524217  ' http  	127.0.0.1 -> POST ubql
20180415 19524217  ' http  	[{"entity":"ubm_desktop_adm","execParams":{"instanceID":335784125104129,"admSubjID":335786699489285},"method":"insert"}]
20180415 19524217  ' auth  	admin/95433812
20180415 19524217  ' call  	endpoint ubql
20180415 19524217  '  +    	ubMixinClasses.TubStorageMixin(02D242C0).MixinMethod
20180415 19524217  ' debug 		ubm_desktop_adm.beforeinsert(TubStorageMixin)
20180415 19524217  '  -    	00.000.008
20180415 19524217  '  +    	ubMixinClasses.TubStorageMixin(02D242C0).MixinMethod
20180415 19524217  ' debug 		ubm_desktop_adm.insert(TubStorageMixin)
20180415 19524217  '  +    		ubApp.TubDataStore(0D63FAE8).TubDataStore.ExecuteInsertFromList
20180415 19524217  '  +    			ubApp.TubDataStore(0D63FAE8).TubDataStore.ExecuteInsertFromSQL
20180415 19524217  '  +    				ubApp.TubApp(02CD3EE0).DBExecute
20180415 19524217  '  +    					ubApp.TubApp(02CD3EE0).TubApp.InternalDBExecute
20180415 19524217  ' debug 						P1: Int64		335784125104129
20180415 19524217  ' debug 						P2: Int64		335786699489285
20180415 19524217  ' debug 						P3: Int64		335786699489292
20180415 19524217  ' DB    						StartTransaction for connection "main"
20180415 19524217  ' SQL   						ubDBSQLite3ThreadSafe.TubSQLite3Statement(0D568C50) INSERT INTO ubm_desktop_adm (instanceID,admSubjID,ID) VALUES (?,?,?)
20180415 19524217  '  -    					00.000.195
20180415 19524217  '  -    				00.000.198
20180415 19524217  '  -    			00.000.271
20180415 19524217  '  -    		00.000.283
20180415 19524217  '  -    	00.000.342
20180415 19524217  '  +    	ubMixinClasses.TubStorageMixin(02D242C0).MixinMethod
20180415 19524217  ' debug 		ubm_desktop_adm.afterinsert(TubStorageMixin)
20180415 19524217  '  -    	00.000.004
20180415 19524217  '  +    	ubMixinClasses.TubAuditMixin(02D24F70).MixinMethod
20180415 19524217  ' debug 		ubm_desktop_adm.afterinsert(TubAuditMixin)
20180415 19524217  '  +    		ubApp.TubDataStore(0D63DFE0).TubDataStore.ExecuteInsertFromSQL
20180415 19524217  '  +    			ubApp.TubApp(02CD3EE0).DBExecute
20180415 19524217  '  +    				ubApp.TubApp(02CD3EE0).TubApp.InternalDBExecute
20180415 19524217  ' debug 					P1: Int64		335786699489293
20180415 19524217  ' debug 					P2: String(15)	ubm_desktop_adm
20180415 19524217  ' debug 					P3: Int64		335786699489292
20180415 19524217  ' debug 					P4: String(6)	INSERT
20180415 19524217  ' debug 					P5: Int64		10
20180415 19524217  ' debug 					P6: DateTime	2018-04-15T19:52:42
20180415 19524217  ' debug 					P7: String(9)	127.0.0.1
20180415 19524217  ' debug 					P8: Int64		335786699489292
20180415 19524217  ' debug 					P9: String(79)	{"instanceID":335784125104129,"admSubjID":335786699489285,"ID":335786699489292}
20180415 19524217  ' SQL   					ubDBSQLite3ThreadSafe.TubSQLite3Statement(0D568D10) INSERT INTO uba_auditTrail (ID,entity,entityinfo_id,actionType,actionUser,actionTime,remoteIP,parentEntityInfo_id,toValue) VALUES (?,?,?,?,?,?,?,?,?)
20180415 19524217  '  -    				00.000.112
20180415 19524217  '  -    			00.000.114
20180415 19524217  '  -    		00.000.195
20180415 19524217  '  -    	00.000.219
20180415 19524217  ' DB    	Commit connection "main" in 179us
20180415 19524217  ' http  	127.0.0.1 <- 200
20180415 19524217  '  -    00.001.392
20180415 19524217  (  +    ubql
20180415 19524217  ( http  	127.0.0.1 -> POST ubql
20180415 19524217  ( http  	[{"entity":"ubm_navshortcut_adm","method":"select","fieldList":["ID"],"options":{"limit":1},"whereList":{"c1":{"expression":"[instanceID]","condition":"equal","values":{"c1":335785519153155}},"c2":{"expression":"[admSubjID]","condition":"equal","values":{"c2":335786699489285}}}}]
20180415 19524217  ( auth  	admin/95433812
20180415 19524217  ( call  	endpoint ubql
20180415 19524217  (  +    	ubMixinClasses.TubStorageMixin(02D242C0).MixinMethod
20180415 19524217  ( debug 		ubm_navshortcut_adm.select(TubStorageMixin)
20180415 19524217  (  +    		ubApp.TubDataStore(0D63DF18).Init
20180415 19524217  (  +    			ubApp.TubApp(02CD3EE0).DBExecute
20180415 19524217  (  +    				ubApp.TubApp(02CD3EE0).TubApp.InternalDBExecute
20180415 19524217  ( debug 					P1: Int64		335785519153155
20180415 19524217  ( debug 					P2: Int64		335786699489285
20180415 19524217  ( SQL   					ubDBSQLite3ThreadSafe.TubSQLite3Statement(0D568D70) SELECT A01.ID  FROM ubm_navshortcut_adm A01  WHERE A01.instanceID=? AND A01.admSubjID=? LIMIT 1 OFFSET 0 
20180415 19524217  (  -    				00.000.064
20180415 19524217  (  -    			00.000.208
20180415 19524217  ( debug 			Query result for entity "ubm_navshortcut_adm" into data name "": row count=0
20180415 19524217  (  -    		00.000.232
20180415 19524217  (  -    	00.000.379
20180415 19524217  ( http  	127.0.0.1 <- 200
20180415 19524217  (  -    00.000.954
20180415 19524218  )  +    ubql
20180415 19524218  ) http  	127.0.0.1 -> POST ubql
20180415 19524218  ) http  	[{"entity":"ubm_navshortcut_adm","execParams":{"instanceID":335785519153155,"admSubjID":335786699489285},"method":"insert"}]
20180415 19524218  ) auth  	admin/95433812
20180415 19524218  ) call  	endpoint ubql
20180415 19524218  )  +    	ubMixinClasses.TubStorageMixin(02D242C0).MixinMethod
20180415 19524218  ) debug 		ubm_navshortcut_adm.beforeinsert(TubStorageMixin)
20180415 19524218  )  -    	00.000.011
20180415 19524218  )  +    	ubMixinClasses.TubStorageMixin(02D242C0).MixinMethod
20180415 19524218  ) debug 		ubm_navshortcut_adm.insert(TubStorageMixin)
20180415 19524218  )  +    		ubApp.TubDataStore(0D63DD88).TubDataStore.ExecuteInsertFromList
20180415 19524218  )  +    			ubApp.TubDataStore(0D63DD88).TubDataStore.ExecuteInsertFromSQL
20180415 19524218  )  +    				ubApp.TubApp(02CD3EE0).DBExecute
20180415 19524218  )  +    					ubApp.TubApp(02CD3EE0).TubApp.InternalDBExecute
20180415 19524218  ) debug 						P1: Int64		335785519153155
20180415 19524218  ) debug 						P2: Int64		335786699489285
20180415 19524218  ) debug 						P3: Int64		335786699489294
20180415 19524218  ) DB    						StartTransaction for connection "main"
20180415 19524218  ) SQL   						ubDBSQLite3ThreadSafe.TubSQLite3Statement(0D568E90) INSERT INTO ubm_navshortcut_adm (instanceID,admSubjID,ID) VALUES (?,?,?)
20180415 19524218  )  -    					00.000.258
20180415 19524218  )  -    				00.000.261
20180415 19524218  )  -    			00.000.348
20180415 19524218  )  -    		00.000.366
20180415 19524218  )  -    	00.000.372
20180415 19524218  )  +    	ubMixinClasses.TubStorageMixin(02D242C0).MixinMethod
20180415 19524218  ) debug 		ubm_navshortcut_adm.afterinsert(TubStorageMixin)
20180415 19524218  )  -    	00.000.009
20180415 19524218  )  +    	ubMixinClasses.TubAuditMixin(02D24F70).MixinMethod
20180415 19524218  ) debug 		ubm_navshortcut_adm.afterinsert(TubAuditMixin)
20180415 19524218  )  +    		ubApp.TubDataStore(0D63FE80).TubDataStore.ExecuteInsertFromSQL
20180415 19524218  )  +    			ubApp.TubApp(02CD3EE0).DBExecute
20180415 19524218  )  +    				ubApp.TubApp(02CD3EE0).TubApp.InternalDBExecute
20180415 19524218  ) debug 					P1: Int64		335786699489295
20180415 19524218  ) debug 					P2: String(19)	ubm_navshortcut_adm
20180415 19524218  ) debug 					P3: Int64		335786699489294
20180415 19524218  ) debug 					P4: String(6)	INSERT
20180415 19524218  ) debug 					P5: Int64		10
20180415 19524218  ) debug 					P6: DateTime	2018-04-15T19:52:42
20180415 19524218  ) debug 					P7: String(9)	127.0.0.1
20180415 19524218  ) debug 					P8: Int64		335786699489294
20180415 19524218  ) debug 					P9: String(79)	{"instanceID":335785519153155,"admSubjID":335786699489285,"ID":335786699489294}
20180415 19524218  ) SQL   					ubDBSQLite3ThreadSafe.TubSQLite3Statement(0D568290) INSERT INTO uba_auditTrail (ID,entity,entityinfo_id,actionType,actionUser,actionTime,remoteIP,parentEntityInfo_id,toValue) VALUES (?,?,?,?,?,?,?,?,?)
20180415 19524218  )  -    				00.000.142
20180415 19524218  )  -    			00.000.145
20180415 19524218  )  -    		00.000.242
20180415 19524218  )  -    	00.000.277
20180415 19524218  ) DB    	Commit connection "main" in 155us
20180415 19524218  ) http  	127.0.0.1 <- 200
20180415 19524218  )  -    00.001.394
20180415 19524218  "  +    ubql
20180415 19524218  " http  	127.0.0.1 -> POST ubql
20180415 19524218  " http  	[{"entity":"uba_els","method":"select","fieldList":["ID"],"options":{"limit":1},"whereList":{"c1":{"expression":"[code]","condition":"equal","values":{"c1":"READ_UPD_REQ_HD"}}}}]
20180415 19524218  " auth  	admin/95433812
20180415 19524218  " call  	endpoint ubql
20180415 19524218  "  +    	ubMixinClasses.TubStorageMixin(02D242C0).MixinMethod
20180415 19524218  " debug 		uba_els.select(TubStorageMixin)
20180415 19524218  "  +    		ubApp.TubDataStore(0D63FF20).Init
20180415 19524218  "  +    			ubApp.TubApp(02CD3EE0).DBExecute
20180415 19524218  "  +    				ubApp.TubApp(02CD3EE0).TubApp.InternalDBExecute
20180415 19524218  " debug 					P1: String(15)	READ_UPD_REQ_HD
20180415 19524218  " SQL   					ubDBSQLite3ThreadSafe.TubSQLite3Statement(0D568F50) SELECT A01.ID  FROM uba_els A01  WHERE A01.code=? LIMIT 1 OFFSET 0 
20180415 19524218  "  -    				00.000.048
20180415 19524218  "  -    			00.000.159
20180415 19524218  " debug 			Query result for entity "uba_els" into data name "": row count=0
20180415 19524218  "  -    		00.000.170
20180415 19524218  "  -    	00.000.278
20180415 19524218  " http  	127.0.0.1 <- 200
20180415 19524218  "  -    00.000.557
20180415 19524218  #  +    ubql
20180415 19524218  # http  	127.0.0.1 -> POST ubql
20180415 19524218  # http  	[{"entity":"uba_els","execParams":{"code":"READ_UPD_REQ_HD","entityMask":"req*","methodMask":"[su]*","ruleType":"A","ruleRole":335786699489285,"description":"Read and update RequestList model"},"method":"insert"}]
20180415 19524218  # auth  	admin/95433812
20180415 19524218  # call  	endpoint ubql
20180415 19524218  #  +    	ubMixinClasses.TubStorageMixin(02D242C0).MixinMethod
20180415 19524218  # debug 		uba_els.beforeinsert(TubStorageMixin)
20180415 19524218  #  -    	00.000.009
20180415 19524218  #  +    	ubMixinClasses.TubStorageMixin(02D242C0).MixinMethod
20180415 19524218  # debug 		uba_els.insert(TubStorageMixin)
20180415 19524218  #  +    		ubApp.TubDataStore(0D52B0D8).TubDataStore.ExecuteInsertFromList
20180415 19524218  #  +    			ubApp.TubDataStore(0D52B0D8).TubDataStore.ExecuteInsertFromSQL
20180415 19524218  #  +    				ubApp.TubApp(02CD3EE0).DBExecute
20180415 19524218  #  +    					ubApp.TubApp(02CD3EE0).TubApp.InternalDBExecute
20180415 19524218  # debug 						P1: String(15)	READ_UPD_REQ_HD
20180415 19524218  # debug 						P2: String(4)	req*
20180415 19524218  # debug 						P3: String(5)	[su]*
20180415 19524218  # debug 						P4: String(1)	A
20180415 19524218  # debug 						P5: Int64		335786699489285
20180415 19524218  # debug 						P6: String(33)	Read and update RequestList model
20180415 19524218  # debug 						P7: Int64		335786699489296
20180415 19524218  # debug 						P8: Int64		10
20180415 19524218  # debug 						P9: DateTime	2018-04-15T19:52:42
20180415 19524218  # debug 						P10: Int64		10
20180415 19524218  # debug 						P11: DateTime	2018-04-15T19:52:42
20180415 19524218  # debug 						P12: Int64		10
20180415 19524218  # DB    						StartTransaction for connection "main"
20180415 19524218  # SQL   						ubDBSQLite3ThreadSafe.TubSQLite3Statement(0D569010) INSERT INTO uba_els (code,entityMask,methodMask,ruleType,ruleRole,description,ID,mi_owner,mi_createDate,mi_createUser,mi_modifyDate,mi_modifyUser) VALUES (?,?,?,?,?,?,?,?,?,?,?,?)
20180415 19524218  #  -    					00.000.605
20180415 19524218  #  -    				00.000.625
20180415 19524218  #  -    			00.000.787
20180415 19524218  #  -    		00.000.812
20180415 19524218  #  -    	00.000.820
20180415 19524218  #  +    	ubMixinClasses.TubStorageMixin(02D242C0).MixinMethod
20180415 19524218  # debug 		uba_els.afterinsert(TubStorageMixin)
20180415 19524218  #  -    	00.000.008
20180415 19524218  #  +    	ubMixinClasses.TubAuditMixin(02D24F70).MixinMethod
20180415 19524218  # debug 		uba_els.afterinsert(TubAuditMixin)
20180415 19524218  #  +    		ubApp.TubDataStore(0D63FEF8).TubDataStore.ExecuteInsertFromSQL
20180415 19524218  #  +    			ubApp.TubApp(02CD3EE0).DBExecute
20180415 19524218  #  +    				ubApp.TubApp(02CD3EE0).TubApp.InternalDBExecute
20180415 19524218  # debug 					P1: Int64		335786699489297
20180415 19524218  # debug 					P2: String(7)	uba_els
20180415 19524218  # debug 					P3: Int64		335786699489296
20180415 19524218  # debug 					P4: String(6)	INSERT
20180415 19524218  # debug 					P5: Int64		10
20180415 19524218  # debug 					P6: DateTime	2018-04-15T19:52:42
20180415 19524218  # debug 					P7: String(9)	127.0.0.1
20180415 19524218  # debug 					P8: Int64		335786699489296
20180415 19524218  # debug 					P9: String(310..)	{"code":"READ_UPD_REQ_HD","entityMask":"req*","methodMask":"[su]*","ruleType":"A","ruleRole":3357866...
20180415 19524218  # SQL   					ubDBSQLite3ThreadSafe.TubSQLite3Statement(0D5685F0) INSERT INTO uba_auditTrail (ID,entity,entityinfo_id,actionType,actionUser,actionTime,remoteIP,parentEntityInfo_id,toValue) VALUES (?,?,?,?,?,?,?,?,?)
20180415 19524218  #  -    				00.000.167
20180415 19524218  #  -    			00.000.171
20180415 19524218  #  -    		00.000.272
20180415 19524218  #  -    	00.000.311
20180415 19524218  #  +    	ubMixinClasses.TubStorageMixin(02D242C0).MixinMethod
20180415 19524218  # debug 		uba_role.select(TubStorageMixin)
20180415 19524218  #  +    		ubApp.TubDataStore(0D63DF18).Init
20180415 19524218  #  +    			ubApp.TubApp(02CD3EE0).DBExecute
20180415 19524218  #  +    				ubApp.TubApp(02CD3EE0).TubApp.InternalDBExecute
20180415 19524218  # debug 					P1: Int64		335786699489285
20180415 19524218  # SQL   					ubDBSQLite3ThreadSafe.TubSQLite3Statement(0D5690D0) SELECT A01.name  FROM uba_role A01  WHERE A01.ID=?
20180415 19524218  #  -    				00.000.062
20180415 19524218  #  -    			00.000.131
20180415 19524218  # debug 			Query result for entity "uba_role" into data name "": row count=1
20180415 19524218  #  -    		00.000.143
20180415 19524218  #  -    	00.000.222
20180415 19524218  #  +    	ubMixinClasses.TubStorageMixin(02D242C0).MixinMethod
20180415 19524218  # debug 		uba_audit.beforeinsert(TubStorageMixin)
20180415 19524218  #  -    	00.000.007
20180415 19524218  #  +    	ubMixinClasses.TubStorageMixin(02D242C0).MixinMethod
20180415 19524218  # debug 		uba_audit.insert(TubStorageMixin)
20180415 19524218  #  +    		ubApp.TubDataStore(0D63C0C8).TubDataStore.ExecuteInsertFromList
20180415 19524218  #  +    			ubApp.TubDataStore(0D63C0C8).TubDataStore.ExecuteInsertFromSQL
20180415 19524218  #  +    				ubApp.TubApp(02CD3EE0).DBExecute
20180415 19524218  #  +    					ubApp.TubApp(02CD3EE0).TubApp.InternalDBExecute
20180415 19524218  # debug 						P1: String(7)	uba_els
20180415 19524218  # debug 						P2: Int64		335786699489296
20180415 19524218  # debug 						P3: String(6)	INSERT
20180415 19524218  # debug 						P4: String(5)	admin
20180415 19524218  # debug 						P5: DateTime	2018-04-15T19:52:42
20180415 19524218  # debug 						P6: String(9)	127.0.0.1
20180415 19524218  # debug 						P7: String(16)	HealthDepartment
20180415 19524218  # debug 						P8: Int64		335786699489298
20180415 19524218  # debug 						P9: String(318..)	{"code":"READ_UPD_REQ_HD","entityMask":"req*","methodMask":"[su]*","ruleType":"A","ruleRole":3357866...
20180415 19524218  # SQL   						ubDBSQLite3ThreadSafe.TubSQLite3Statement(0D5687D0) INSERT INTO uba_audit (entity,entityinfo_id,actionType,actionUser,actionTime,remoteIP,targetRole,ID,toValue) VALUES (?,?,?,?,?,?,?,?,?)
20180415 19524218  #  -    					00.000.115
20180415 19524218  #  -    				00.000.118
20180415 19524218  #  -    			00.000.240
20180415 19524218  #  -    		00.000.256
20180415 19524218  #  -    	00.000.260
20180415 19524218  #  +    	ubMixinClasses.TubStorageMixin(02D242C0).MixinMethod
20180415 19524218  # debug 		uba_audit.afterinsert(TubStorageMixin)
20180415 19524218  #  -    	00.000.004
20180415 19524218  # DB    	Commit connection "main" in 188us
20180415 19524218  # http  	127.0.0.1 <- 200
20180415 19524218  #  -    00.003.994
20180415 19524225  ! info  ubApp.TubApp(02CD3EE0) {   "ClientsCurrent": 1,   "ClientsMax": 1,   "Invalid": 0,   "Responses": 26,   "Modified": 0,   "IncomingBytes": 13159,   "OutcomingBytes": 6580,   "OutcomingFiles": 0,   "ServiceCalls": 26,   "ProcessTime": "1.56s"  }
