c:\UnityBase\UB.exe 4.0.0.0 (2018-02-22 16:30:16)Host=WDFN34211327A User=D071860 CPU=4*9-6-19971:FFFBCBBF8373DAFEBF6F9C0000 OS=23.0=10.0.15063 Wow64=1 Freq=2437498Environment variables=ALLUSERSPROFILE=C:\ProgramData	ANSICON=121x32766 (121x26)	ANSICON_DEF=7	APPDATA=C:\Users\D071860\AppData\Roaming	CommonProgramFiles=C:\Program Files (x86)\Common Files	CommonProgramFiles(x86)=C:\Program Files (x86)\Common Files	CommonProgramW6432=C:\Program Files\Common Files	COMPUTERNAME=WDFN34211327A	ComSpec=C:\WINDOWS\system32\cmd.exe	ConEmuANSI=ON	ConEmuAnsiLog=	ConEmuArgs=	ConEmuArgs2=	ConEmuBackHWND=0x001105EE	ConEmuBaseDir=C:\Program Files\ConEmu\ConEmu	ConEmuBaseDirShort=C:\PROGRA~1\ConEmu\ConEmu	ConEmuBuild=180411	ConEmuCfgDir=	ConEmuConfig=	ConEmuDir=C:\Program Files\ConEmu	ConEmuDrawHWND=0x001B0306	ConEmuDrive=C:	ConEmuHooks=Enabled	ConEmuHWND=0x001904C6	ConEmuPalette=<ConEmu>	ConEmuPID=1208	ConEmuPrompt0=$E[m$E[32m$E]9;8;"USERNAME"$E\@$E]9;8;"COMPUTERNAME"$E\$S	ConEmuPrompt1=$E[m$E[32m$E]9;8;"USERNAME"$E\@$E]9;8;"COMPUTERNAME"$E\$S$E[92m$P$E[90m	ConEmuPrompt2=$_$E[90m$G	ConEmuPrompt3=$E[m$S$E]9;12$E\	ConEmuServerPID=5468	ConEmuTask={Shells::cmd}	ConEmuWorkDir=C:\Users\D071860	ConEmuWorkDrive=C:	DEFLOGDIR=C:\ProgramData\McAfee\Endpoint Security\Logs	HOMEDRIVE=C:	homeloc=D_WDF	HOMEPATH=\Users\D071860	KUBECONFIG=C:\Practice\kubernetes\RUSLAN-KUBECONFIG	LOCALAPPDATA=C:\Users\D071860\AppData\Local	LOGONSERVER=\\DS2WDF0004	NUMBER_OF_PROCESSORS=4	OneDrive=C:\Users\D071860\OneDrive	OS=Windows_NT	Path=C:\Program Files\ConEmu\ConEmu\Scripts;C:\Program Files\ConEmu;C:\Program Files\ConEmu\ConEmu;C:\ProgramData\Oracle\Java\javapath;C:\Program Files\Docker\Docker\Resources\bin;C:\WINDOWS\system32;C:\WINDOWS;C:\WINDOWS\System32\Wbem;C:\WINDOWS\System32\WindowsPowerShell\v1.0\;C:\Program Files\Minikube;C:\Program Files\Kubernetes;C:\Program Files (x86)\Google\Cloud SDK\google-cloud-sdk\bin;C:\Program Files\PuTTY\;C:\Program Files\nodejs\;c:\UnityBase;C:\Users\D071860\AppData\Local\Microsoft\WindowsApps;C:\Users\D071860\AppData\Roaming\npm	PATHEXT=.COM;.EXE;.BAT;.CMD;.VBS;.VBE;.JSE;.WSF;.WSH;.MSC	PROCESSOR_ARCHITECTURE=x86	PROCESSOR_ARCHITEW6432=AMD64	PROCESSOR_IDENTIFIER=Intel64 Family 6 Model 78 Stepping 3, GenuineIntel	PROCESSOR_LEVEL=6	PROCESSOR_REVISION=4e03	ProgramData=C:\ProgramData	ProgramFiles=C:\Program Files (x86)	ProgramFiles(x86)=C:\Program Files (x86)	ProgramW6432=C:\Program Files	PROMPT=$E[m$E[32m$E]9;8;"USERNAME"$E\@$E]9;8;"COMPUTERNAME"$E\$S$E[92m$P$E[90m$_$E[90m$G$E[m$S$E]9;12$E\	PSModulePath=C:\Program Files (x86)\WindowsPowerShell\Modules;C:\WINDOWS\system32\WindowsPowerShell\v1.0\Modules;C:\Program Files (x86)\Google\Cloud SDK\google-cloud-sdk\platform\PowerShell	PUBLIC=C:\Users\Public	SESSIONNAME=Console	SNC_LIB=C:\Program Files (x86)\SAP\FrontEnd\SecureLogin\lib\sapcrypto.dll	SNC_LIB_64=C:\Program Files\SAP\FrontEnd\SecureLogin\lib\sapcrypto.dll	SSF_LIBRARY_PATH=C:\Program Files (x86)\SAP\FrontEnd\SecureLogin\lib\sapcrypto.dll	SSF_LIBRARY_PATH_64=C:\Program Files\SAP\FrontEnd\SecureLogin\lib\sapcrypto.dll	SystemDrive=C:	SystemRoot=C:\WINDOWS	TEMP=C:\Users\D071860\AppData\Local\Temp	TMP=C:\Users\D071860\AppData\Local\Temp	UATDATA=C:\WINDOWS\CCM\UATData\D9F8C395-CAB8-491d-B8AC-179A1FE1BE77	UB_HOME=c:\UnityBase	USERDNSDOMAIN=GLOBAL.CORP.SAP	USERDOMAIN=GLOBAL	USERDOMAIN_ROAMINGPROFILE=GLOBAL	USERNAME=D071860	USERPROFILE=C:\Users\D071860	windir=C:\WINDOWSTubLog 1.18.3488 FTS3 2018-04-16T09:10:2020180416 09102023  ! warn  WebSocket support are disabled because WSServer.host = '' in config
20180416 09102023  !  +    ubServer.TubServer(043374E8).008863DB 
20180416 09102023  !  +    	Init app
20180416 09102023  ! srvr  		FTS is disabled
20180416 09102023  ! info  		Check blob store "avatars" folder "C:\ubProject\CityPortal\avatars\": folder exists
20180416 09102023  ! info  		Check blob store "attach" folder "C:\ubProject\CityPortal\docs\attach\": folder exists
20180416 09102023  !  -    	00.000.680
20180416 09102023  !  +    	Folder C:\ubProject\CityPortal\node_modules\@unitybase\ub\ modified
20180416 09102023  !  +    		ubCommonClasses.TubThreadSafeCache(02DBCB08).removeStartsWith
20180416 09102023  !  -    		00.000.012
20180416 09102023  !  -    	00.000.018
20180416 09102023  !  +    	Folder C:\ubProject\CityPortal\node_modules\@unitybase\uba\ modified
20180416 09102023  !  +    		ubCommonClasses.TubThreadSafeCache(02DBCB08).removeStartsWith
20180416 09102023  !  -    		00.000.000
20180416 09102023  !  -    	00.000.004
20180416 09102023  !  +    	Folder C:\ubProject\CityPortal\node_modules\@unitybase\ubs\ modified
20180416 09102023  !  +    		ubCommonClasses.TubThreadSafeCache(02DBCB08).removeStartsWith
20180416 09102023  !  -    		00.000.000
20180416 09102023  !  -    	00.000.003
20180416 09102023  !  +    	Folder C:\ubProject\CityPortal\node_modules\@unitybase\ubm\ modified
20180416 09102023  !  +    		ubCommonClasses.TubThreadSafeCache(02DBCB08).removeStartsWith
20180416 09102023  !  -    		00.000.000
20180416 09102023  !  -    	00.000.003
20180416 09102023  !  +    	Folder C:\ubProject\CityPortal\_public_only_\ modified
20180416 09102023  !  +    		ubCommonClasses.TubThreadSafeCache(02DBCB08).removeStartsWith
20180416 09102023  !  -    		00.000.000
20180416 09102023  !  -    	00.000.004
20180416 09102023  !  +    	Folder C:\ubProject\CityPortal\node_modules\@unitybase\adminui-reg\ modified
20180416 09102023  !  +    		ubCommonClasses.TubThreadSafeCache(02DBCB08).removeStartsWith
20180416 09102023  !  -    		00.000.000
20180416 09102023  !  -    	00.000.004
20180416 09102023  !  +    	Folder C:\ubProject\CityPortal\models\requests\ modified
20180416 09102023  !  +    		ubCommonClasses.TubThreadSafeCache(02DBCB08).removeStartsWith
20180416 09102023  !  -    		00.000.000
20180416 09102023  !  -    	00.000.003
20180416 09102023  !  +    	ubApp.TubApp(02D23EE0).init
20180416 09102023  ! srvr  		Mime converters are disabled
20180416 09102023  !  -    	00.000.008
20180416 09102024  ! srvr  	Enable zip compresison
20180416 09102024  ! srvr  	Send initialization request to http://localhost:888/init
20180416 09102024  "  +    InitializationRequest
20180416 09102024  "  +    	init
20180416 09102024  " srvr  		Start application intialization...
20180416 09102024  " info  		Loading domain...
20180416 09102024  " info  		Loading model "UB" from "C:\ubProject\CityPortal\node_modules\@unitybase\ub\"
20180416 09102024  " info  		Loading model "UBA" from "C:\ubProject\CityPortal\node_modules\@unitybase\uba\"
20180416 09102025  " info  		Loading model "UBS" from "C:\ubProject\CityPortal\node_modules\@unitybase\ubs\"
20180416 09102026  " info  		Loading model "UBM" from "C:\ubProject\CityPortal\node_modules\@unitybase\ubm\"
20180416 09102027  " info  		Loading model "adminui-reg" from "C:\ubProject\CityPortal\node_modules\@unitybase\adminui-reg\"
20180416 09102027  " info  		Loading model "RequestList" from "C:\ubProject\CityPortal\models\requests\"
20180416 09102027  "  +    		ubApp.TubDataStore(042D0010).Init
20180416 09102027  "  +    			ubApp.TubApp(02D23EE0).DBExecute
20180416 09102027  "  +    				ubApp.TubApp(02D23EE0).TubApp.InternalDBExecute
20180416 09102027  "  +    					00856EC2 
20180416 09102027  "  -    					00.008.652
20180416 09102027  " SQL   					ubDBSQLite3ThreadSafe.TubSQLite3Statement(02DD6F10) PRAGMA foreign_keys = ON
20180416 09102027  " SQL   					ubDBSQLite3ThreadSafe.TubSQLite3Statement(02DD6910) SELECT A01.ID,A01.entity,A01.state,A01.attribute,A01.roleName,A01.actions  FROM uba_als A01  ORDER BY A01.entity ASC
20180416 09102027  "  -    				00.008.779
20180416 09102027  "  -    			00.008.813
20180416 09102027  " debug 			Query result for entity "uba_als" into data name "": row count=0
20180416 09102027  "  -    		00.008.836
20180416 09102027  " srvr  		The domain loaded successfully with 3 entities
20180416 09102027  " debug 		Create new JavaScript Engine for thread 53616
20180416 09102041  "  +    		008C234A 
20180416 09102041  "  +    			ubApp.TubDataStore(076D5378).Init
20180416 09102041  "  +    				ubApp.TubApp(02D23EE0).DBExecute
20180416 09102041  "  +    					ubApp.TubApp(02D23EE0).TubApp.InternalDBExecute
20180416 09102041  " SQL   						ubDBSQLite3ThreadSafe.TubSQLite3Statement(02DD7270) SELECT A01.ID,A01.name,A01.sessionTimeout,A01.allowedAppMethods  FROM uba_role A01 
20180416 09102041  "  -    					00.000.045
20180416 09102041  "  -    				00.000.107
20180416 09102041  " debug 				Query result for entity "uba_role" into data name "": row count=9
20180416 09102041  "  -    			00.000.118
20180416 09102041  "  +    			ubApp.TubDataStore(076D53F0).Init
20180416 09102041  "  +    				ubApp.TubApp(02D23EE0).DBExecute
20180416 09102041  "  +    					ubApp.TubApp(02D23EE0).TubApp.InternalDBExecute
20180416 09102041  " SQL   						ubDBSQLite3ThreadSafe.TubSQLite3Statement(02DD7210) SELECT A01.ID,A01.entityMask,A01.methodMask,A01.ruleType,A01.ruleRole,A01.disabled,A01.code  FROM uba_els A01 
20180416 09102041  "  -    					00.000.036
20180416 09102041  "  -    				00.000.164
20180416 09102041  " debug 				Query result for entity "uba_els" into data name "": row count=88
20180416 09102041  "  -    			00.000.196
20180416 09102041  "  -    		00.002.172
20180416 09102041  " auth  		New session admin/143293854 created at 127.0.0.1/-504403143769980806 using Mozilla/5.0 (Windows; mORMot 1.18 TWinHTTP)
20180416 09102041  " auth  		New session anonymous/143293849 created at 127.0.0.1/-504403143769980806 using Mozilla/5.0 (Windows; mORMot 1.18 TWinHTTP)
20180416 09102041  "  +    		ubApp.TubDataStore(076D5558).Init
20180416 09102041  "  +    			ubApp.TubApp(02D23EE0).DBExecute
20180416 09102041  "  +    				ubApp.TubApp(02D23EE0).TubApp.InternalDBExecute
20180416 09102041  " debug 					P1: String(34)	UBA.passwordPolicy.maxDurationDays
20180416 09102041  " SQL   					ubDBSQLite3ThreadSafe.TubSQLite3Statement(02DD7330) select settingValue from ubs_settings where settingKey =?
20180416 09102041  "  -    				00.000.031
20180416 09102041  "  -    			00.000.071
20180416 09102041  " debug 			Query result for entity "ubs_settings" into data name "": row count=1
20180416 09102041  "  -    		00.000.080
20180416 09102041  "  +    		ubApp.TubDataStore(076D5558).Init
20180416 09102041  "  +    			ubApp.TubApp(02D23EE0).DBExecute
20180416 09102041  "  +    				ubApp.TubApp(02D23EE0).TubApp.InternalDBExecute
20180416 09102041  " debug 					P1: String(37)	UBA.passwordPolicy.maxInvalidAttempts
20180416 09102041  " SQL   					ubDBSQLite3ThreadSafe.TubSQLite3Statement(02DD7330) select settingValue from ubs_settings where settingKey =?
20180416 09102041  "  -    				00.000.006
20180416 09102041  "  -    			00.000.020
20180416 09102041  " debug 			Query result for entity "ubs_settings" into data name "": row count=1
20180416 09102041  "  -    		00.000.025
20180416 09102041  "  -    	00.267.909
20180416 09102041  "  -    00.267.925
20180416 09102041  ! srvr  	ubServer.TubServer(043374E8) {"THttpApiServer(02CEA990)":{"Cloned":false,"RegisteredUrl":"http://+:888/","HTTPQueueLength":1000,"MaxBandwidth":-1,"MaxConnections":-1,"APIVersion":"HTTP API 2.0","ServerName":"UnityBase","ProcessName":""}} initialized
20180416 09102041  !  -    00.277.278
20180416 09102041  "  +    getAppInfo
20180416 09102041  " http  	127.0.0.1 -> GET getAppInfo
20180416 09102041  " call  	endpoint getAppInfo
20180416 09102041  " http  	127.0.0.1 <- 200
20180416 09102041  "  -    00.000.568
20180416 09102042  #  +    auth?AUTHTYPE=UB&userName=admin
20180416 09102042  # http  	127.0.0.1 -> GET auth?AUTHTYPE=UB&userName=admin
20180416 09102042  # debug 	Create new JavaScript Engine for thread 62092
20180416 09102055  # call  	endpoint auth
20180416 09102055  # http  	127.0.0.1 <- 200
20180416 09102055  #  -    00.213.552
20180416 09102055  $  +    auth?AUTHTYPE=UB&clientNonce=8d0e0312136d63988d84e989c1a4a3d574f5974278dce6cd286f6a888e1e2c6d&password=19055adc006be5eec7d0b32f8c1d90a96ce775c3639902bf15aacc488cc730cc&userName=admin
20180416 09102055  $ http  	127.0.0.1 -> GET auth?AUTHTYPE=UB&clientNonce=8d0e0312136d63988d84e989c1a4a3d574f5974278dce6cd286f6a888e1e2c6d&password=19055adc006be5eec7d0b32f8c1d90a96ce775c3639902bf15aacc488cc730cc&userName=admin
20180416 09102055  $ debug 	Create new JavaScript Engine for thread 63456
20180416 09102106  $ call  	endpoint auth
20180416 09102106  $  +    	ubApp.TubDataStore(076DA8C8).Init
20180416 09102106  $  +    		ubApp.TubApp(02D23EE0).DBExecute
20180416 09102106  $  +    			ubApp.TubApp(02D23EE0).TubApp.InternalDBExecute
20180416 09102106  $  +    				00856EC2 
20180416 09102106  $  -    				00.002.450
20180416 09102106  $ SQL   				ubDBSQLite3ThreadSafe.TubSQLite3Statement(02DD80B0) PRAGMA foreign_keys = ON
20180416 09102106  $ debug 				P1: String(5)	admin
20180416 09102106  $ SQL   				ubDBSQLite3ThreadSafe.TubSQLite3Statement(02DD7A50) select id, name, uPasswordHashHexa, uData, isPending, trustedIP from UBA_USER where name=? and disabled=0
20180416 09102106  $  -    			00.002.499
20180416 09102106  $  -    		00.002.555
20180416 09102106  $ debug 		Query result for entity "uba_user" into data name "": row count=1
20180416 09102106  $  -    	00.002.573
20180416 09102106  $  +    	ubApp.TubDataStore(076DA8C8).Init
20180416 09102106  $  +    		ubApp.TubApp(02D23EE0).DBExecute
20180416 09102106  $  +    			ubApp.TubApp(02D23EE0).TubApp.InternalDBExecute
20180416 09102106  $ debug 				P1: Int64		10
20180416 09102106  $ SQL   				ubDBSQLite3ThreadSafe.TubSQLite3Statement(02DD80B0) SELECT lastPasswordChangeDate FROM uba_user WHERE id=?
20180416 09102106  $  -    			00.000.018
20180416 09102106  $  -    		00.000.040
20180416 09102106  $ debug 		Query result for entity "uba_user" into data name "__expireDate": row count=1
20180416 09102106  $  -    	00.000.048
20180416 09102106  $  +    	ubApp.TubDataStore(07F76368).Init
20180416 09102106  $  +    		ubApp.TubApp(02D23EE0).DBExecute
20180416 09102106  $  +    			ubApp.TubApp(02D23EE0).TubApp.InternalDBExecute
20180416 09102106  $ debug 				P1: Int64		10
20180416 09102106  $ SQL   				ubDBSQLite3ThreadSafe.TubSQLite3Statement(02DD8170) SELECT A01.roleID,A02.name,A02.description  FROM uba_userrole A01  INNER JOIN uba_role A02 ON A02.ID=A01.roleID  WHERE A01.userID=?
20180416 09102106  $  -    			00.000.039
20180416 09102106  $  -    		00.000.077
20180416 09102106  $ debug 		Query result for entity "uba_userrole" into data name "": row count=1
20180416 09102106  $  -    	00.000.083
20180416 09102106  $ auth  	New session admin/143293848 created at 127.0.0.1/-504403143769980806 using Mozilla/5.0 (Windows; mORMot 1.18 TWinHTTP)
20180416 09102106  $  +    	ubMixinClasses.TubStorageMixin(02D742C0).MixinMethod
20180416 09102106  $ debug 		uba_user.select(TubStorageMixin)
20180416 09102106  $  +    		ubApp.TubDataStore(07F76368).Init
20180416 09102106  $  +    			ubApp.TubApp(02D23EE0).DBExecute
20180416 09102106  $  +    				ubApp.TubApp(02D23EE0).TubApp.InternalDBExecute
20180416 09102106  $ debug 					P1: Int64		10
20180416 09102106  $ SQL   					ubDBSQLite3ThreadSafe.TubSQLite3Statement(02DD8290) SELECT A01.name  FROM uba_user A01  WHERE A01.ID=?
20180416 09102106  $  -    				00.000.035
20180416 09102106  $  -    			00.000.086
20180416 09102106  $ debug 			Query result for entity "uba_user" into data name "": row count=1
20180416 09102106  $  -    		00.000.094
20180416 09102106  $  -    	00.000.155
20180416 09102108  $  +    	ubMixinClasses.TubStorageMixin(02D742C0).MixinMethod
20180416 09102108  $ debug 		uba_advSecurity.select(TubStorageMixin)
20180416 09102108  $  +    		ubApp.TubDataStore(07F76368).Init
20180416 09102108  $  +    			ubApp.TubApp(02D23EE0).DBExecute
20180416 09102108  $  +    				ubApp.TubApp(02D23EE0).TubApp.InternalDBExecute
20180416 09102108  $ debug 					P1: Int64		10
20180416 09102108  $ SQL   					ubDBSQLite3ThreadSafe.TubSQLite3Statement(02DD82F0) SELECT A01.ID,A01.allowedIP,A01.refreshIP,A01.fp,A01.refreshFp,A01.keyMediaName,A01.refreshKeyMedia,A01.mi_modifyDate  FROM uba_advSecurity A01  WHERE A01.userID=?
20180416 09102108  $  -    				00.000.055
20180416 09102108  $  -    			00.000.110
20180416 09102108  $ debug 			Query result for entity "uba_advSecurity" into data name "": row count=0
20180416 09102108  $  -    		00.000.121
20180416 09102108  $  -    	00.000.275
20180416 09102108  $  +    	ubMixinClasses.TubStorageMixin(02D742C0).MixinMethod
20180416 09102108  $ debug 		uba_userrole.select(TubStorageMixin)
20180416 09102108  $  +    		ubApp.TubDataStore(07F76368).Init
20180416 09102108  $  +    			ubApp.TubApp(02D23EE0).DBExecute
20180416 09102108  $  +    				ubApp.TubApp(02D23EE0).TubApp.InternalDBExecute
20180416 09102108  $ debug 					P1: Int64		10
20180416 09102108  $ SQL   					ubDBSQLite3ThreadSafe.TubSQLite3Statement(02DD8350) SELECT A01.ID,A02.name,A01.roleID  FROM uba_userrole A01  INNER JOIN uba_role A02 ON A02.ID=A01.roleID  WHERE A01.userID=?
20180416 09102108  $  -    				00.000.064
20180416 09102108  $  -    			00.000.178
20180416 09102108  $ debug 			Query result for entity "uba_userrole" into data name "": row count=1
20180416 09102108  $  -    		00.000.188
20180416 09102108  $  -    	00.000.274
20180416 09102108  $  +    	ubMixinClasses.TubStorageMixin(02D742C0).MixinMethod
20180416 09102108  $ debug 		uba_audit.beforeinsert(TubStorageMixin)
20180416 09102108  $  -    	00.000.009
20180416 09102108  $  +    	ubMixinClasses.TubStorageMixin(02D742C0).MixinMethod
20180416 09102108  $ debug 		uba_audit.insert(TubStorageMixin)
20180416 09102108  $  +    		ubApp.TubDataStore(076DA6C0).TubDataStore.ExecuteInsertFromList
20180416 09102108  $  +    			ubApp.TubDataStore(076DA6C0).TubDataStore.ExecuteInsertFromSQL
20180416 09102108  $  +    				ubApp.TubApp(02D23EE0).DBExecute
20180416 09102108  $  +    					ubApp.TubApp(02D23EE0).TubApp.InternalDBExecute
20180416 09102108  $ debug 						P1: String(8)	uba_user
20180416 09102108  $ debug 						P2: Int64		10
20180416 09102108  $ debug 						P3: String(5)	LOGIN
20180416 09102108  $ debug 						P4: Int64		10
20180416 09102108  $ debug 						P5: DateTime	2018-04-16T09:10:21
20180416 09102108  $ debug 						P6: String(9)	127.0.0.1
20180416 09102108  $ debug 						P7: String(5)	admin
20180416 09102108  $ debug 						P8: String(0)	
20180416 09102108  $ debug 						P9: Int64		335792825434113
20180416 09102108  $ debug 						P10: String(313..)	Cache-Control: no-cache  Connection: Keep-Alive  Pragma: no-cache  Accept: */*  Accept-Encoding: gzi...
20180416 09102108  $ DB    						StartTransaction for connection "main"
20180416 09102108  $ SQL   						ubDBSQLite3ThreadSafe.TubSQLite3Statement(02DD8410) INSERT INTO uba_audit (entity,entityinfo_id,actionType,actionUser,actionTime,remoteIP,targetUser,targetRole,ID,fromValue) VALUES (?,?,?,?,?,?,?,?,?,?)
20180416 09102108  $  -    					00.000.130
20180416 09102108  $  -    				00.000.131
20180416 09102108  $  -    			00.000.229
20180416 09102108  $  -    		00.000.241
20180416 09102108  $  -    	00.000.245
20180416 09102108  $  +    	ubMixinClasses.TubStorageMixin(02D742C0).MixinMethod
20180416 09102108  $ debug 		uba_audit.afterinsert(TubStorageMixin)
20180416 09102108  $  -    	00.000.003
20180416 09102108  $ DB    	Commit connection "main"
20180416 09102108  $ http  	127.0.0.1 <- 200
20180416 09102108  $  -    00.243.926
20180416 09102108  %  +    ubql
20180416 09102108  % http  	127.0.0.1 -> POST ubql
20180416 09102108  % http  	[{"entity":"ubm_desktop","method":"select","fieldList":["ID"],"options":{"limit":1},"whereList":{"lookup":{"expression":"code","condition":"equal","values":{"code":"CityReq_desktop"}}}}]
20180416 09102108  % debug 	Create new JavaScript Engine for thread 52204
20180416 09102122  % auth  	admin/143293848
20180416 09102122  % call  	endpoint ubql
20180416 09102122  %  +    	ubMixinClasses.TubRLSMixin(02D74E20).MixinMethod
20180416 09102122  % debug 		ubm_desktop.select(TubRLSMixin)
20180416 09102122  % debug 		Prepare RLS expression for ubm_desktop
20180416 09102122  %  +    		ubApp.TubDataStore(07F79068).Init
20180416 09102122  %  +    			ubApp.TubApp(02D23EE0).DBExecute
20180416 09102122  %  +    				ubApp.TubApp(02D23EE0).TubApp.InternalDBExecute
20180416 09102122  %  +    					00856EC2 
20180416 09102122  %  -    					00.002.176
20180416 09102122  % SQL   					ubDBSQLite3ThreadSafe.TubSQLite3Statement(02DD8E30) PRAGMA foreign_keys = ON
20180416 09102122  % SQL   					ubDBSQLite3ThreadSafe.TubSQLite3Statement(02DD87D0) select ID, name FROM uba_role
20180416 09102122  %  -    				00.002.205
20180416 09102122  %  -    			00.002.242
20180416 09102122  % debug 			Query result for entity "uba_role" into data name "": row count=9
20180416 09102122  %  -    		00.002.252
20180416 09102122  %  -    	00.003.349
20180416 09102122  %  +    	ubMixinClasses.TubStorageMixin(02D742C0).MixinMethod
20180416 09102122  % debug 		ubm_desktop.select(TubStorageMixin)
20180416 09102122  %  +    		ubApp.TubDataStore(07F78F50).Init
20180416 09102122  %  +    			ubApp.TubApp(02D23EE0).DBExecute
20180416 09102122  %  +    				ubApp.TubApp(02D23EE0).TubApp.InternalDBExecute
20180416 09102122  % debug 					P1: String(15)	CityReq_desktop
20180416 09102122  % debug 					P2: Int64		10
20180416 09102122  % debug 					P3: Int64		10
20180416 09102122  % debug 					P4: DateTime	9999-12-31T00:00:00
20180416 09102122  % SQL   					ubDBSQLite3ThreadSafe.TubSQLite3Statement(02DD8F50) SELECT A01.ID  FROM ubm_desktop A01  WHERE code=? AND (( A01.mi_owner = ? ) OR (1=1) OR exists (select 1 from ubm_desktop_adm admsubtable where admsubtable.instanceID = A01.ID and admsubtable.admSubjID in (select ur.RoleID from uba_userrole ur where ur.UserID = ? union select 10))) AND A01.mi_deleteDate=? LIMIT 1 OFFSET 0 
20180416 09102122  %  -    				00.000.101
20180416 09102122  %  -    			00.000.167
20180416 09102122  % debug 			Query result for entity "ubm_desktop" into data name "": row count=1
20180416 09102122  %  -    		00.000.178
20180416 09102122  %  -    	00.000.285
20180416 09102122  % http  	127.0.0.1 <- 200
20180416 09102122  %  -    00.212.226
20180416 09102122  &  +    ubql
20180416 09102122  & http  	127.0.0.1 -> POST ubql
20180416 09102122  & http  	[{"entity":"ubm_navshortcut","method":"select","fieldList":["ID"],"options":{"limit":1},"whereList":{"lookup":{"expression":"code","condition":"equal","values":{"code":"req_departments_folder"}}}}]
20180416 09102122  & debug 	Create new JavaScript Engine for thread 36544
20180416 09102136  & auth  	admin/143293848
20180416 09102136  & call  	endpoint ubql
20180416 09102136  &  +    	ubMixinClasses.TubRLSMixin(02D74E20).MixinMethod
20180416 09102136  & debug 		ubm_navshortcut.select(TubRLSMixin)
20180416 09102136  & debug 		Prepare RLS expression for ubm_navshortcut
20180416 09102136  &  +    		ubApp.TubDataStore(07F7D488).Init
20180416 09102136  &  +    			ubApp.TubApp(02D23EE0).DBExecute
20180416 09102136  &  +    				ubApp.TubApp(02D23EE0).TubApp.InternalDBExecute
20180416 09102136  &  +    					00856EC2 
20180416 09102136  &  -    					00.002.237
20180416 09102136  & SQL   					ubDBSQLite3ThreadSafe.TubSQLite3Statement(02DD9850) PRAGMA foreign_keys = ON
20180416 09102136  & SQL   					ubDBSQLite3ThreadSafe.TubSQLite3Statement(02DD91F0) select ID, name FROM uba_role
20180416 09102136  &  -    				00.002.274
20180416 09102136  &  -    			00.002.325
20180416 09102136  & debug 			Query result for entity "uba_role" into data name "": row count=9
20180416 09102136  &  -    		00.002.336
20180416 09102136  &  -    	00.003.337
20180416 09102136  &  +    	ubMixinClasses.TubStorageMixin(02D742C0).MixinMethod
20180416 09102136  & debug 		ubm_navshortcut.select(TubStorageMixin)
20180416 09102136  &  +    		ubApp.TubDataStore(07F7D3C0).Init
20180416 09102136  &  +    			ubApp.TubApp(02D23EE0).DBExecute
20180416 09102136  &  +    				ubApp.TubApp(02D23EE0).TubApp.InternalDBExecute
20180416 09102136  & debug 					P1: String(22)	req_departments_folder
20180416 09102136  & debug 					P2: Int64		10
20180416 09102136  & debug 					P3: Int64		10
20180416 09102136  & debug 					P4: DateTime	9999-12-31T00:00:00
20180416 09102136  & SQL   					ubDBSQLite3ThreadSafe.TubSQLite3Statement(02DD9970) SELECT A01.ID  FROM ubm_navshortcut A01  WHERE code=? AND (( A01.mi_owner = ? ) OR                (1=1) OR                              exists (select 1 from ubm_navshortcut_adm admsubtable where admsubtable.instanceID = A01.ID and admsubtable.admSubjID in (select ur.RoleID from uba_userrole ur where ur.UserID = ? union select 10))) AND A01.mi_deleteDate=? LIMIT 1 OFFSET 0 
20180416 09102136  &  -    				00.000.106
20180416 09102136  &  -    			00.000.174
20180416 09102136  & debug 			Query result for entity "ubm_navshortcut" into data name "": row count=1
20180416 09102136  &  -    		00.000.189
20180416 09102136  &  -    	00.000.305
20180416 09102136  & http  	127.0.0.1 <- 200
20180416 09102136  &  -    00.219.740
20180416 09102136  '  +    ubql
20180416 09102136  ' http  	127.0.0.1 -> POST ubql
20180416 09102136  ' http  	[{"entity":"ubm_navshortcut","method":"select","fieldList":["ID"],"options":{"limit":1},"whereList":{"lookup":{"expression":"code","condition":"equal","values":{"code":"req_depart"}}}}]
20180416 09102136  ' debug 	Create new JavaScript Engine for thread 59644
20180416 09102149  ' auth  	admin/143293848
20180416 09102149  ' call  	endpoint ubql
20180416 09102149  '  +    	ubMixinClasses.TubRLSMixin(02D74E20).MixinMethod
20180416 09102149  ' debug 		ubm_navshortcut.select(TubRLSMixin)
20180416 09102149  ' debug 		Prepare RLS expression for ubm_navshortcut
20180416 09102149  '  +    		ubApp.TubDataStore(0D527F98).Init
20180416 09102149  '  +    			ubApp.TubApp(02D23EE0).DBExecute
20180416 09102149  '  +    				ubApp.TubApp(02D23EE0).TubApp.InternalDBExecute
20180416 09102149  '  +    					00856EC2 
20180416 09102149  '  -    					00.002.197
20180416 09102149  ' SQL   					ubDBSQLite3ThreadSafe.TubSQLite3Statement(02DDA2D0) PRAGMA foreign_keys = ON
20180416 09102149  ' SQL   					ubDBSQLite3ThreadSafe.TubSQLite3Statement(02DD9C70) select ID, name FROM uba_role
20180416 09102149  '  -    				00.002.228
20180416 09102149  '  -    			00.002.265
20180416 09102149  ' debug 			Query result for entity "uba_role" into data name "": row count=9
20180416 09102149  '  -    		00.002.276
20180416 09102149  '  -    	00.003.196
20180416 09102149  '  +    	ubMixinClasses.TubStorageMixin(02D742C0).MixinMethod
20180416 09102149  ' debug 		ubm_navshortcut.select(TubStorageMixin)
20180416 09102149  '  +    		ubApp.TubDataStore(0D527ED0).Init
20180416 09102149  '  +    			ubApp.TubApp(02D23EE0).DBExecute
20180416 09102149  '  +    				ubApp.TubApp(02D23EE0).TubApp.InternalDBExecute
20180416 09102149  ' debug 					P1: String(10)	req_depart
20180416 09102149  ' debug 					P2: Int64		10
20180416 09102149  ' debug 					P3: Int64		10
20180416 09102149  ' debug 					P4: DateTime	9999-12-31T00:00:00
20180416 09102149  ' SQL   					ubDBSQLite3ThreadSafe.TubSQLite3Statement(02DDA3F0) SELECT A01.ID  FROM ubm_navshortcut A01  WHERE code=? AND (( A01.mi_owner = ? ) OR                (1=1) OR                              exists (select 1 from ubm_navshortcut_adm admsubtable where admsubtable.instanceID = A01.ID and admsubtable.admSubjID in (select ur.RoleID from uba_userrole ur where ur.UserID = ? union select 10))) AND A01.mi_deleteDate=? LIMIT 1 OFFSET 0 
20180416 09102149  '  -    				00.000.116
20180416 09102149  '  -    			00.000.203
20180416 09102149  ' debug 			Query result for entity "ubm_navshortcut" into data name "": row count=1
20180416 09102149  '  -    		00.000.222
20180416 09102149  '  -    	00.000.378
20180416 09102149  ' http  	127.0.0.1 <- 200
20180416 09102149  '  -    00.211.299
20180416 09102149  (  +    ubql
20180416 09102149  ( http  	127.0.0.1 -> POST ubql
20180416 09102149  ( http  	[{"entity":"ubm_navshortcut","method":"select","fieldList":["ID"],"options":{"limit":1},"whereList":{"lookup":{"expression":"code","condition":"equal","values":{"code":"req_subDepart"}}}}]
20180416 09102149  ( debug 	Create new JavaScript Engine for thread 49380
20180416 09102200  ( auth  	admin/143293848
20180416 09102200  ( call  	endpoint ubql
20180416 09102200  (  +    	ubMixinClasses.TubRLSMixin(02D74E20).MixinMethod
20180416 09102200  ( debug 		ubm_navshortcut.select(TubRLSMixin)
20180416 09102200  ( debug 		Prepare RLS expression for ubm_navshortcut
20180416 09102200  (  +    		ubApp.TubDataStore(0D52C390).Init
20180416 09102200  (  +    			ubApp.TubApp(02D23EE0).DBExecute
20180416 09102200  (  +    				ubApp.TubApp(02D23EE0).TubApp.InternalDBExecute
20180416 09102200  (  +    					00856EC2 
20180416 09102200  (  -    					00.002.178
20180416 09102200  ( SQL   					ubDBSQLite3ThreadSafe.TubSQLite3Statement(02DDACF0) PRAGMA foreign_keys = ON
20180416 09102200  ( SQL   					ubDBSQLite3ThreadSafe.TubSQLite3Statement(02DDA690) select ID, name FROM uba_role
20180416 09102200  (  -    				00.002.210
20180416 09102200  (  -    			00.002.252
20180416 09102200  ( debug 			Query result for entity "uba_role" into data name "": row count=9
20180416 09102200  (  -    		00.002.262
20180416 09102200  (  -    	00.003.147
20180416 09102200  (  +    	ubMixinClasses.TubStorageMixin(02D742C0).MixinMethod
20180416 09102200  ( debug 		ubm_navshortcut.select(TubStorageMixin)
20180416 09102200  (  +    		ubApp.TubDataStore(0D52C2C8).Init
20180416 09102200  (  +    			ubApp.TubApp(02D23EE0).DBExecute
20180416 09102200  (  +    				ubApp.TubApp(02D23EE0).TubApp.InternalDBExecute
20180416 09102200  ( debug 					P1: String(13)	req_subDepart
20180416 09102200  ( debug 					P2: Int64		10
20180416 09102200  ( debug 					P3: Int64		10
20180416 09102200  ( debug 					P4: DateTime	9999-12-31T00:00:00
20180416 09102200  ( SQL   					ubDBSQLite3ThreadSafe.TubSQLite3Statement(02DDAE10) SELECT A01.ID  FROM ubm_navshortcut A01  WHERE code=? AND (( A01.mi_owner = ? ) OR                (1=1) OR                              exists (select 1 from ubm_navshortcut_adm admsubtable where admsubtable.instanceID = A01.ID and admsubtable.admSubjID in (select ur.RoleID from uba_userrole ur where ur.UserID = ? union select 10))) AND A01.mi_deleteDate=? LIMIT 1 OFFSET 0 
20180416 09102200  (  -    				00.000.128
20180416 09102200  (  -    			00.000.275
20180416 09102200  ( debug 			Query result for entity "ubm_navshortcut" into data name "": row count=1
20180416 09102200  (  -    		00.000.289
20180416 09102200  (  -    	00.000.397
20180416 09102200  ( http  	127.0.0.1 <- 200
20180416 09102200  (  -    00.219.325
20180416 09102200  )  +    ubql
20180416 09102200  ) http  	127.0.0.1 -> POST ubql
20180416 09102200  ) http  	[{"entity":"ubm_navshortcut","method":"select","fieldList":["ID"],"options":{"limit":1},"whereList":{"lookup":{"expression":"code","condition":"equal","values":{"code":"req_reqList"}}}}]
20180416 09102200  ) debug 	Create new JavaScript Engine for thread 60148
20180416 09102214  ) auth  	admin/143293848
20180416 09102214  ) call  	endpoint ubql
20180416 09102214  )  +    	ubMixinClasses.TubRLSMixin(02D74E20).MixinMethod
20180416 09102214  ) debug 		ubm_navshortcut.select(TubRLSMixin)
20180416 09102214  ) debug 		Prepare RLS expression for ubm_navshortcut
20180416 09102214  )  +    		ubApp.TubDataStore(0D458F48).Init
20180416 09102214  )  +    			ubApp.TubApp(02D23EE0).DBExecute
20180416 09102214  )  +    				ubApp.TubApp(02D23EE0).TubApp.InternalDBExecute
20180416 09102214  )  +    					00856EC2 
20180416 09102214  )  -    					00.002.803
20180416 09102214  ) SQL   					ubDBSQLite3ThreadSafe.TubSQLite3Statement(02DDB710) PRAGMA foreign_keys = ON
20180416 09102214  ) SQL   					ubDBSQLite3ThreadSafe.TubSQLite3Statement(02DDB0B0) select ID, name FROM uba_role
20180416 09102214  )  -    				00.002.855
20180416 09102214  )  -    			00.002.894
20180416 09102214  ) debug 			Query result for entity "uba_role" into data name "": row count=9
20180416 09102214  )  -    		00.002.905
20180416 09102214  )  -    	00.003.908
20180416 09102214  )  +    	ubMixinClasses.TubStorageMixin(02D742C0).MixinMethod
20180416 09102214  ) debug 		ubm_navshortcut.select(TubStorageMixin)
20180416 09102214  )  +    		ubApp.TubDataStore(0D458E80).Init
20180416 09102214  )  +    			ubApp.TubApp(02D23EE0).DBExecute
20180416 09102214  )  +    				ubApp.TubApp(02D23EE0).TubApp.InternalDBExecute
20180416 09102214  ) debug 					P1: String(11)	req_reqList
20180416 09102214  ) debug 					P2: Int64		10
20180416 09102214  ) debug 					P3: Int64		10
20180416 09102214  ) debug 					P4: DateTime	9999-12-31T00:00:00
20180416 09102214  ) SQL   					ubDBSQLite3ThreadSafe.TubSQLite3Statement(02DDB830) SELECT A01.ID  FROM ubm_navshortcut A01  WHERE code=? AND (( A01.mi_owner = ? ) OR                (1=1) OR                              exists (select 1 from ubm_navshortcut_adm admsubtable where admsubtable.instanceID = A01.ID and admsubtable.admSubjID in (select ur.RoleID from uba_userrole ur where ur.UserID = ? union select 10))) AND A01.mi_deleteDate=? LIMIT 1 OFFSET 0 
20180416 09102214  )  -    				00.000.096
20180416 09102214  )  -    			00.000.180
20180416 09102214  ) debug 			Query result for entity "ubm_navshortcut" into data name "": row count=1
20180416 09102214  )  -    		00.000.197
20180416 09102214  )  -    	00.000.306
20180416 09102214  ) http  	127.0.0.1 <- 200
20180416 09102214  )  -    00.212.887
20180416 09102218  "  +    ubql
20180416 09102218  " http  	127.0.0.1 -> POST ubql
20180416 09102218  " http  	[{"entity":"ubm_enum","method":"select","fieldList":["code"],"options":{"limit":1},"whereList":{"c1":{"expression":"[code]","condition":"equal","values":{"c1":"NEW"}}}}]
20180416 09102218  " auth  	admin/143293848
20180416 09102218  " call  	endpoint ubql
20180416 09102218  "  +    	ubMixinClasses.TubStorageMixin(02D742C0).MixinMethod
20180416 09102218  " debug 		ubm_enum.select(TubStorageMixin)
20180416 09102218  "  +    		ubApp.TubDataStore(0D458D18).Init
20180416 09102218  "  +    			ubApp.TubApp(02D23EE0).DBExecute
20180416 09102218  "  +    				ubApp.TubApp(02D23EE0).TubApp.InternalDBExecute
20180416 09102218  " debug 					P1: String(3)	NEW
20180416 09102218  " debug 					P2: DateTime	9999-12-31T00:00:00
20180416 09102218  " SQL   					ubDBSQLite3ThreadSafe.TubSQLite3Statement(02DDB8F0) SELECT A01.code  FROM ubm_enum A01  WHERE A01.code=? AND A01.mi_deleteDate=? LIMIT 1 OFFSET 0 
20180416 09102218  "  -    				00.000.066
20180416 09102218  "  -    			00.000.161
20180416 09102218  " debug 			Query result for entity "ubm_enum" into data name "": row count=1
20180416 09102218  "  -    		00.000.171
20180416 09102218  "  -    	00.000.269
20180416 09102218  " http  	127.0.0.1 <- 200
20180416 09102218  "  -    00.000.619
20180416 09102218  #  +    ubql
20180416 09102218  # http  	127.0.0.1 -> POST ubql
20180416 09102218  # http  	[{"entity":"ubm_enum","method":"select","fieldList":["code"],"options":{"limit":1},"whereList":{"c1":{"expression":"[code]","condition":"equal","values":{"c1":"PROCESSED"}}}}]
20180416 09102218  # auth  	admin/143293848
20180416 09102218  # call  	endpoint ubql
20180416 09102218  #  +    	ubMixinClasses.TubStorageMixin(02D742C0).MixinMethod
20180416 09102218  # debug 		ubm_enum.select(TubStorageMixin)
20180416 09102218  #  +    		ubApp.TubDataStore(0D458D40).Init
20180416 09102218  #  +    			ubApp.TubApp(02D23EE0).DBExecute
20180416 09102218  #  +    				ubApp.TubApp(02D23EE0).TubApp.InternalDBExecute
20180416 09102218  #  +    					00856EC2 
20180416 09102218  #  -    					00.002.224
20180416 09102218  # SQL   					ubDBSQLite3ThreadSafe.TubSQLite3Statement(076A3090) PRAGMA foreign_keys = ON
20180416 09102218  # debug 					P1: String(9)	PROCESSED
20180416 09102218  # debug 					P2: DateTime	9999-12-31T00:00:00
20180416 09102218  # SQL   					ubDBSQLite3ThreadSafe.TubSQLite3Statement(02DDB9B0) SELECT A01.code  FROM ubm_enum A01  WHERE A01.code=? AND A01.mi_deleteDate=? LIMIT 1 OFFSET 0 
20180416 09102218  #  -    				00.002.342
20180416 09102218  #  -    			00.002.382
20180416 09102218  # debug 			Query result for entity "ubm_enum" into data name "": row count=1
20180416 09102218  #  -    		00.002.395
20180416 09102218  #  -    	00.002.477
20180416 09102218  # http  	127.0.0.1 <- 200
20180416 09102218  #  -    00.002.786
20180416 09102218  $  +    ubql
20180416 09102218  $ http  	127.0.0.1 -> POST ubql
20180416 09102218  $ http  	[{"entity":"ubm_enum","method":"select","fieldList":["code"],"options":{"limit":1},"whereList":{"c1":{"expression":"[code]","condition":"equal","values":{"c1":"REJECTED"}}}}]
20180416 09102218  $ auth  	admin/143293848
20180416 09102218  $ call  	endpoint ubql
20180416 09102218  $  +    	ubMixinClasses.TubStorageMixin(02D742C0).MixinMethod
20180416 09102218  $ debug 		ubm_enum.select(TubStorageMixin)
20180416 09102218  $  +    		ubApp.TubDataStore(0D458F20).Init
20180416 09102218  $  +    			ubApp.TubApp(02D23EE0).DBExecute
20180416 09102218  $  +    				ubApp.TubApp(02D23EE0).TubApp.InternalDBExecute
20180416 09102218  $ debug 					P1: String(8)	REJECTED
20180416 09102218  $ debug 					P2: DateTime	9999-12-31T00:00:00
20180416 09102218  $ SQL   					ubDBSQLite3ThreadSafe.TubSQLite3Statement(076A3090) SELECT A01.code  FROM ubm_enum A01  WHERE A01.code=? AND A01.mi_deleteDate=? LIMIT 1 OFFSET 0 
20180416 09102218  $  -    				00.000.055
20180416 09102218  $  -    			00.000.139
20180416 09102218  $ debug 			Query result for entity "ubm_enum" into data name "": row count=1
20180416 09102218  $  -    		00.000.149
20180416 09102218  $  -    	00.000.225
20180416 09102218  $ http  	127.0.0.1 <- 200
20180416 09102218  $  -    00.000.550
20180416 09102219  %  +    ubql
20180416 09102219  % http  	127.0.0.1 -> POST ubql
20180416 09102219  % http  	[{"entity":"ubm_enum","method":"select","fieldList":["code"],"options":{"limit":1},"whereList":{"c1":{"expression":"[code]","condition":"equal","values":{"c1":"CLOSED"}}}}]
20180416 09102219  % auth  	admin/143293848
20180416 09102219  % call  	endpoint ubql
20180416 09102219  %  +    	ubMixinClasses.TubStorageMixin(02D742C0).MixinMethod
20180416 09102219  % debug 		ubm_enum.select(TubStorageMixin)
20180416 09102219  %  +    		ubApp.TubDataStore(0D458E80).Init
20180416 09102219  %  +    			ubApp.TubApp(02D23EE0).DBExecute
20180416 09102219  %  +    				ubApp.TubApp(02D23EE0).TubApp.InternalDBExecute
20180416 09102219  % debug 					P1: String(6)	CLOSED
20180416 09102219  % debug 					P2: DateTime	9999-12-31T00:00:00
20180416 09102219  % SQL   					ubDBSQLite3ThreadSafe.TubSQLite3Statement(076A30F0) SELECT A01.code  FROM ubm_enum A01  WHERE A01.code=? AND A01.mi_deleteDate=? LIMIT 1 OFFSET 0 
20180416 09102219  %  -    				00.000.055
20180416 09102219  %  -    			00.000.153
20180416 09102219  % debug 			Query result for entity "ubm_enum" into data name "": row count=1
20180416 09102219  %  -    		00.000.163
20180416 09102219  %  -    	00.000.256
20180416 09102219  % http  	127.0.0.1 <- 200
20180416 09102219  %  -    00.000.525
20180416 09102219  &  +    ubql
20180416 09102219  & http  	127.0.0.1 -> POST ubql
20180416 09102219  & http  	[{"entity":"req_depart","method":"select","fieldList":["ID"],"options":{"limit":1},"whereList":{"c1":{"expression":"[name]","condition":"equal","values":{"c1":"Departments of health"}}}}]
20180416 09102219  & auth  	admin/143293848
20180416 09102219  & call  	endpoint ubql
20180416 09102219  &  +    	ubMixinClasses.TubStorageMixin(02D742C0).MixinMethod
20180416 09102219  & debug 		req_depart.select(TubStorageMixin)
20180416 09102219  &  +    		ubApp.TubDataStore(0D458EF8).Init
20180416 09102219  &  +    			ubApp.TubApp(02D23EE0).DBExecute
20180416 09102219  &  +    				ubApp.TubApp(02D23EE0).TubApp.InternalDBExecute
20180416 09102219  & debug 					P1: String(21)	Departments of health
20180416 09102219  & SQL   					ubDBSQLite3ThreadSafe.TubSQLite3Statement(02DDB7D0) SELECT A01.ID  FROM req_depart A01  WHERE A01.name=? LIMIT 1 OFFSET 0 
20180416 09102219  &  -    				00.000.050
20180416 09102219  &  -    			00.000.181
20180416 09102219  & debug 			Query result for entity "req_depart" into data name "": row count=1
20180416 09102219  &  -    		00.000.191
20180416 09102219  &  -    	00.000.269
20180416 09102219  & http  	127.0.0.1 <- 200
20180416 09102219  &  -    00.000.520
20180416 09102219  '  +    ubql
20180416 09102219  ' http  	127.0.0.1 -> POST ubql
20180416 09102219  ' http  	[{"entity":"req_depart","method":"select","fieldList":["ID"],"options":{"limit":1},"whereList":{"c1":{"expression":"[name]","condition":"equal","values":{"c1":"Departments of education"}}}}]
20180416 09102219  ' auth  	admin/143293848
20180416 09102219  ' call  	endpoint ubql
20180416 09102219  '  +    	ubMixinClasses.TubStorageMixin(02D742C0).MixinMethod
20180416 09102219  ' debug 		req_depart.select(TubStorageMixin)
20180416 09102219  '  +    		ubApp.TubDataStore(0D458E80).Init
20180416 09102219  '  +    			ubApp.TubApp(02D23EE0).DBExecute
20180416 09102219  '  +    				ubApp.TubApp(02D23EE0).TubApp.InternalDBExecute
20180416 09102219  ' debug 					P1: String(24)	Departments of education
20180416 09102219  ' SQL   					ubDBSQLite3ThreadSafe.TubSQLite3Statement(076A3150) SELECT A01.ID  FROM req_depart A01  WHERE A01.name=? LIMIT 1 OFFSET 0 
20180416 09102219  '  -    				00.000.046
20180416 09102219  '  -    			00.000.148
20180416 09102219  ' debug 			Query result for entity "req_depart" into data name "": row count=1
20180416 09102219  '  -    		00.000.158
20180416 09102219  '  -    	00.000.220
20180416 09102219  ' http  	127.0.0.1 <- 200
20180416 09102219  '  -    00.000.472
20180416 09102219  (  +    ubql
20180416 09102219  ( http  	127.0.0.1 -> POST ubql
20180416 09102219  ( http  	[{"entity":"uba_user","method":"select","fieldList":["ID"],"options":{"limit":1},"whereList":{"lookup":{"expression":"name","condition":"equal","values":{"code":"hd_user"}}}}]
20180416 09102219  ( auth  	admin/143293848
20180416 09102219  ( call  	endpoint ubql
20180416 09102219  (  +    	ubMixinClasses.TubStorageMixin(02D742C0).MixinMethod
20180416 09102219  ( debug 		uba_user.select(TubStorageMixin)
20180416 09102219  (  +    		ubApp.TubDataStore(0D458EF8).Init
20180416 09102219  (  +    			ubApp.TubApp(02D23EE0).DBExecute
20180416 09102219  (  +    				ubApp.TubApp(02D23EE0).TubApp.InternalDBExecute
20180416 09102219  ( debug 					P1: String(7)	hd_user
20180416 09102219  ( SQL   					ubDBSQLite3ThreadSafe.TubSQLite3Statement(076A3210) SELECT A01.ID  FROM uba_user A01  WHERE name=? LIMIT 1 OFFSET 0 
20180416 09102219  (  -    				00.000.080
20180416 09102219  (  -    			00.000.239
20180416 09102219  ( debug 			Query result for entity "uba_user" into data name "": row count=1
20180416 09102220  (  -    		00.000.270
20180416 09102220  (  -    	00.000.352
20180416 09102220  ( http  	127.0.0.1 <- 200
20180416 09102220  (  -    00.000.730
20180416 09102220  )  +    ubql
20180416 09102220  ) http  	127.0.0.1 -> POST ubql
20180416 09102220  ) http  	[{"entity":"uba_role","method":"select","fieldList":["ID"],"options":{"limit":1},"whereList":{"lookup":{"expression":"name","condition":"equal","values":{"name":"HealthDepartment"}}}}]
20180416 09102220  ) auth  	admin/143293848
20180416 09102220  ) call  	endpoint ubql
20180416 09102220  )  +    	ubMixinClasses.TubStorageMixin(02D742C0).MixinMethod
20180416 09102220  ) debug 		uba_role.select(TubStorageMixin)
20180416 09102220  )  +    		ubApp.TubDataStore(0D4590B0).Init
20180416 09102220  )  +    			ubApp.TubApp(02D23EE0).DBExecute
20180416 09102220  )  +    				ubApp.TubApp(02D23EE0).TubApp.InternalDBExecute
20180416 09102220  ) debug 					P1: String(16)	HealthDepartment
20180416 09102220  ) SQL   					ubDBSQLite3ThreadSafe.TubSQLite3Statement(076A3270) SELECT A01.ID  FROM uba_role A01  WHERE name=? LIMIT 1 OFFSET 0 
20180416 09102220  )  -    				00.000.148
20180416 09102220  )  -    			00.000.219
20180416 09102220  ) debug 			Query result for entity "uba_role" into data name "": row count=1
20180416 09102220  )  -    		00.000.231
20180416 09102220  )  -    	00.000.309
20180416 09102220  ) http  	127.0.0.1 <- 200
20180416 09102220  )  -    00.000.824
20180416 09102220  "  +    ubql
20180416 09102220  " http  	127.0.0.1 -> POST ubql
20180416 09102220  " http  	[{"entity":"uba_userrole","method":"select","fieldList":["ID"],"options":{"limit":1},"whereList":{"c1":{"expression":"[userID]","condition":"equal","values":{"c1":335786699489281}},"c2":{"expression":"[roleID]","condition":"equal","values":{"c2":335786699489285}}}}]
20180416 09102220  " auth  	admin/143293848
20180416 09102220  " call  	endpoint ubql
20180416 09102220  "  +    	ubMixinClasses.TubStorageMixin(02D742C0).MixinMethod
20180416 09102220  " debug 		uba_userrole.select(TubStorageMixin)
20180416 09102220  "  +    		ubApp.TubDataStore(0D45AC08).Init
20180416 09102220  "  +    			ubApp.TubApp(02D23EE0).DBExecute
20180416 09102220  "  +    				ubApp.TubApp(02D23EE0).TubApp.InternalDBExecute
20180416 09102220  " debug 					P1: Int64		335786699489281
20180416 09102220  " debug 					P2: Int64		335786699489285
20180416 09102220  " SQL   					ubDBSQLite3ThreadSafe.TubSQLite3Statement(076A3330) SELECT A01.ID  FROM uba_userrole A01  WHERE A01.userID=? AND A01.roleID=? LIMIT 1 OFFSET 0 
20180416 09102220  "  -    				00.000.066
20180416 09102220  "  -    			00.000.205
20180416 09102220  " debug 			Query result for entity "uba_userrole" into data name "": row count=1
20180416 09102220  "  -    		00.000.224
20180416 09102220  "  -    	00.000.332
20180416 09102220  " http  	127.0.0.1 <- 200
20180416 09102220  "  -    00.000.893
20180416 09102220  #  +    ubql
20180416 09102220  # http  	127.0.0.1 -> POST ubql
20180416 09102220  # http  	[{"entity":"ubm_desktop_adm","method":"select","fieldList":["ID"],"options":{"limit":1},"whereList":{"c1":{"expression":"[instanceID]","condition":"equal","values":{"c1":335784125104129}},"c2":{"expression":"[admSubjID]","condition":"equal","values":{"c2":335786699489285}}}}]
20180416 09102220  # auth  	admin/143293848
20180416 09102220  # call  	endpoint ubql
20180416 09102220  #  +    	ubMixinClasses.TubStorageMixin(02D742C0).MixinMethod
20180416 09102220  # debug 		ubm_desktop_adm.select(TubStorageMixin)
20180416 09102220  #  +    		ubApp.TubDataStore(0D4590B0).Init
20180416 09102220  #  +    			ubApp.TubApp(02D23EE0).DBExecute
20180416 09102220  #  +    				ubApp.TubApp(02D23EE0).TubApp.InternalDBExecute
20180416 09102220  # debug 					P1: Int64		335784125104129
20180416 09102220  # debug 					P2: Int64		335786699489285
20180416 09102220  # SQL   					ubDBSQLite3ThreadSafe.TubSQLite3Statement(076A32D0) SELECT A01.ID  FROM ubm_desktop_adm A01  WHERE A01.instanceID=? AND A01.admSubjID=? LIMIT 1 OFFSET 0 
20180416 09102220  #  -    				00.000.046
20180416 09102220  #  -    			00.000.130
20180416 09102220  # debug 			Query result for entity "ubm_desktop_adm" into data name "": row count=1
20180416 09102220  #  -    		00.000.140
20180416 09102220  #  -    	00.000.216
20180416 09102220  # http  	127.0.0.1 <- 200
20180416 09102220  #  -    00.000.692
20180416 09102220  $  +    ubql
20180416 09102220  $ http  	127.0.0.1 -> POST ubql
20180416 09102220  $ http  	[{"entity":"ubm_navshortcut_adm","method":"select","fieldList":["ID"],"options":{"limit":1},"whereList":{"c1":{"expression":"[instanceID]","condition":"equal","values":{"c1":335785519153155}},"c2":{"expression":"[admSubjID]","condition":"equal","values":{"c2":335786699489285}}}}]
20180416 09102220  $ auth  	admin/143293848
20180416 09102220  $ call  	endpoint ubql
20180416 09102220  $  +    	ubMixinClasses.TubStorageMixin(02D742C0).MixinMethod
20180416 09102220  $ debug 		ubm_navshortcut_adm.select(TubStorageMixin)
20180416 09102220  $  +    		ubApp.TubDataStore(0D45C670).Init
20180416 09102220  $  +    			ubApp.TubApp(02D23EE0).DBExecute
20180416 09102220  $  +    				ubApp.TubApp(02D23EE0).TubApp.InternalDBExecute
20180416 09102220  $ debug 					P1: Int64		335785519153155
20180416 09102220  $ debug 					P2: Int64		335786699489285
20180416 09102220  $ SQL   					ubDBSQLite3ThreadSafe.TubSQLite3Statement(076A33F0) SELECT A01.ID  FROM ubm_navshortcut_adm A01  WHERE A01.instanceID=? AND A01.admSubjID=? LIMIT 1 OFFSET 0 
20180416 09102220  $  -    				00.000.054
20180416 09102220  $  -    			00.000.139
20180416 09102220  $ debug 			Query result for entity "ubm_navshortcut_adm" into data name "": row count=1
20180416 09102220  $  -    		00.000.187
20180416 09102220  $  -    	00.000.275
20180416 09102220  $ http  	127.0.0.1 <- 200
20180416 09102220  $  -    00.000.569
20180416 09102220  %  +    ubql
20180416 09102220  % http  	127.0.0.1 -> POST ubql
20180416 09102220  % http  	[{"entity":"uba_els","method":"select","fieldList":["ID"],"options":{"limit":1},"whereList":{"c1":{"expression":"[code]","condition":"equal","values":{"c1":"READ_UPD_REQ_HD"}}}}]
20180416 09102220  % auth  	admin/143293848
20180416 09102220  % call  	endpoint ubql
20180416 09102220  %  +    	ubMixinClasses.TubStorageMixin(02D742C0).MixinMethod
20180416 09102220  % debug 		uba_els.select(TubStorageMixin)
20180416 09102220  %  +    		ubApp.TubDataStore(0D458E80).Init
20180416 09102220  %  +    			ubApp.TubApp(02D23EE0).DBExecute
20180416 09102220  %  +    				ubApp.TubApp(02D23EE0).TubApp.InternalDBExecute
20180416 09102220  % debug 					P1: String(15)	READ_UPD_REQ_HD
20180416 09102220  % SQL   					ubDBSQLite3ThreadSafe.TubSQLite3Statement(076A3450) SELECT A01.ID  FROM uba_els A01  WHERE A01.code=? LIMIT 1 OFFSET 0 
20180416 09102220  %  -    				00.000.064
20180416 09102220  %  -    			00.000.261
20180416 09102220  % debug 			Query result for entity "uba_els" into data name "": row count=1
20180416 09102220  %  -    		00.000.277
20180416 09102220  %  -    	00.000.379
20180416 09102220  % http  	127.0.0.1 <- 200
20180416 09102220  %  -    00.001.089
20180416 09102227  ! info  ubApp.TubApp(02D23EE0) {   "ClientsCurrent": 1,   "ClientsMax": 1,   "Invalid": 0,   "Responses": 20,   "Modified": 0,   "IncomingBytes": 10240,   "OutcomingBytes": 4523,   "OutcomingFiles": 0,   "ServiceCalls": 20,   "ProcessTime": "1.54s"  }
