c:\UnityBase\UB.exe 4.0.0.0 (2018-02-22 16:30:16)Host=WDFN34211327A User=D071860 CPU=4*9-6-19971:FFFBCBBF8373DAFEBF6F9C0000 OS=23.0=10.0.15063 Wow64=1 Freq=2437498Environment variables=ALLUSERSPROFILE=C:\ProgramData	ANSICON=177x32766 (177x21)	ANSICON_DEF=7	APPDATA=C:\Users\D071860\AppData\Roaming	CommonProgramFiles=C:\Program Files (x86)\Common Files	CommonProgramFiles(x86)=C:\Program Files (x86)\Common Files	CommonProgramW6432=C:\Program Files\Common Files	COMPUTERNAME=WDFN34211327A	ComSpec=C:\WINDOWS\system32\cmd.exe	ConEmuANSI=ON	ConEmuAnsiLog=	ConEmuArgs=	ConEmuArgs2=	ConEmuBackHWND=0x001105EE	ConEmuBaseDir=C:\Program Files\ConEmu\ConEmu	ConEmuBaseDirShort=C:\PROGRA~1\ConEmu\ConEmu	ConEmuBuild=180411	ConEmuCfgDir=	ConEmuConfig=	ConEmuDir=C:\Program Files\ConEmu	ConEmuDrawHWND=0x001B0306	ConEmuDrive=C:	ConEmuHooks=Enabled	ConEmuHWND=0x001904C6	ConEmuPalette=<ConEmu>	ConEmuPID=1208	ConEmuPrompt0=$E[m$E[32m$E]9;8;"USERNAME"$E\@$E]9;8;"COMPUTERNAME"$E\$S	ConEmuPrompt1=$E[m$E[32m$E]9;8;"USERNAME"$E\@$E]9;8;"COMPUTERNAME"$E\$S$E[92m$P$E[90m	ConEmuPrompt2=$_$E[90m$G	ConEmuPrompt3=$E[m$S$E]9;12$E\	ConEmuServerPID=5468	ConEmuTask={Shells::cmd}	ConEmuWorkDir=C:\Users\D071860	ConEmuWorkDrive=C:	DEFLOGDIR=C:\ProgramData\McAfee\Endpoint Security\Logs	HOMEDRIVE=C:	homeloc=D_WDF	HOMEPATH=\Users\D071860	KUBECONFIG=C:\Practice\kubernetes\RUSLAN-KUBECONFIG	LOCALAPPDATA=C:\Users\D071860\AppData\Local	LOGONSERVER=\\DS2WDF0004	NUMBER_OF_PROCESSORS=4	OneDrive=C:\Users\D071860\OneDrive	OS=Windows_NT	Path=C:\Program Files\ConEmu\ConEmu\Scripts;C:\Program Files\ConEmu;C:\Program Files\ConEmu\ConEmu;C:\ProgramData\Oracle\Java\javapath;C:\Program Files\Docker\Docker\Resources\bin;C:\WINDOWS\system32;C:\WINDOWS;C:\WINDOWS\System32\Wbem;C:\WINDOWS\System32\WindowsPowerShell\v1.0\;C:\Program Files\Minikube;C:\Program Files\Kubernetes;C:\Program Files (x86)\Google\Cloud SDK\google-cloud-sdk\bin;C:\Program Files\PuTTY\;C:\Program Files\nodejs\;c:\UnityBase;C:\Users\D071860\AppData\Local\Microsoft\WindowsApps;C:\Users\D071860\AppData\Roaming\npm	PATHEXT=.COM;.EXE;.BAT;.CMD;.VBS;.VBE;.JSE;.WSF;.WSH;.MSC	PROCESSOR_ARCHITECTURE=x86	PROCESSOR_ARCHITEW6432=AMD64	PROCESSOR_IDENTIFIER=Intel64 Family 6 Model 78 Stepping 3, GenuineIntel	PROCESSOR_LEVEL=6	PROCESSOR_REVISION=4e03	ProgramData=C:\ProgramData	ProgramFiles=C:\Program Files (x86)	ProgramFiles(x86)=C:\Program Files (x86)	ProgramW6432=C:\Program Files	PROMPT=$E[m$E[32m$E]9;8;"USERNAME"$E\@$E]9;8;"COMPUTERNAME"$E\$S$E[92m$P$E[90m$_$E[90m$G$E[m$S$E]9;12$E\	PSModulePath=C:\Program Files (x86)\WindowsPowerShell\Modules;C:\WINDOWS\system32\WindowsPowerShell\v1.0\Modules;C:\Program Files (x86)\Google\Cloud SDK\google-cloud-sdk\platform\PowerShell	PUBLIC=C:\Users\Public	SESSIONNAME=Console	SNC_LIB=C:\Program Files (x86)\SAP\FrontEnd\SecureLogin\lib\sapcrypto.dll	SNC_LIB_64=C:\Program Files\SAP\FrontEnd\SecureLogin\lib\sapcrypto.dll	SSF_LIBRARY_PATH=C:\Program Files (x86)\SAP\FrontEnd\SecureLogin\lib\sapcrypto.dll	SSF_LIBRARY_PATH_64=C:\Program Files\SAP\FrontEnd\SecureLogin\lib\sapcrypto.dll	SystemDrive=C:	SystemRoot=C:\WINDOWS	TEMP=C:\Users\D071860\AppData\Local\Temp	TMP=C:\Users\D071860\AppData\Local\Temp	UATDATA=C:\WINDOWS\CCM\UATData\D9F8C395-CAB8-491d-B8AC-179A1FE1BE77	UB_HOME=c:\UnityBase	USERDNSDOMAIN=GLOBAL.CORP.SAP	USERDOMAIN=GLOBAL	USERDOMAIN_ROAMINGPROFILE=GLOBAL	USERNAME=D071860	USERPROFILE=C:\Users\D071860	windir=C:\WINDOWSTubLog 1.18.3488 FTS3 2018-04-15T17:18:5820180415 17185847  ! warn  WebSocket support are disabled because WSServer.host = '' in config
20180415 17185848  !  +    ubServer.TubServer(042A74E8).008863DB 
20180415 17185848  !  +    	Init app
20180415 17185848  ! srvr  		FTS is disabled
20180415 17185848  ! info  		Check blob store "avatars" folder "C:\ubProject\CityPortal\avatars\": folder exists
20180415 17185848  ! info  		Check blob store "attach" folder "C:\ubProject\CityPortal\docs\attach\": folder exists
20180415 17185848  !  -    	00.000.635
20180415 17185848  !  +    	Folder C:\ubProject\CityPortal\node_modules\@unitybase\ub\ modified
20180415 17185848  !  +    		ubCommonClasses.TubThreadSafeCache(02DDCB08).removeStartsWith
20180415 17185848  !  -    		00.000.004
20180415 17185848  !  -    	00.000.011
20180415 17185848  !  +    	Folder C:\ubProject\CityPortal\node_modules\@unitybase\uba\ modified
20180415 17185848  !  +    		ubCommonClasses.TubThreadSafeCache(02DDCB08).removeStartsWith
20180415 17185848  !  -    		00.000.001
20180415 17185848  !  -    	00.000.004
20180415 17185848  !  +    	Folder C:\ubProject\CityPortal\node_modules\@unitybase\ubs\ modified
20180415 17185848  !  +    		ubCommonClasses.TubThreadSafeCache(02DDCB08).removeStartsWith
20180415 17185848  !  -    		00.000.000
20180415 17185848  !  -    	00.000.003
20180415 17185848  !  +    	Folder C:\ubProject\CityPortal\node_modules\@unitybase\ubm\ modified
20180415 17185848  !  +    		ubCommonClasses.TubThreadSafeCache(02DDCB08).removeStartsWith
20180415 17185848  !  -    		00.000.000
20180415 17185848  !  -    	00.000.003
20180415 17185848  !  +    	Folder C:\ubProject\CityPortal\_public_only_\ modified
20180415 17185848  !  +    		ubCommonClasses.TubThreadSafeCache(02DDCB08).removeStartsWith
20180415 17185848  !  -    		00.000.000
20180415 17185848  !  -    	00.000.004
20180415 17185848  !  +    	Folder C:\ubProject\CityPortal\node_modules\@unitybase\adminui-reg\ modified
20180415 17185848  !  +    		ubCommonClasses.TubThreadSafeCache(02DDCB08).removeStartsWith
20180415 17185848  !  -    		00.000.000
20180415 17185848  !  -    	00.000.003
20180415 17185848  !  +    	Folder C:\ubProject\CityPortal\models\requests\ modified
20180415 17185848  !  +    		ubCommonClasses.TubThreadSafeCache(02DDCB08).removeStartsWith
20180415 17185848  !  -    		00.000.000
20180415 17185848  !  -    	00.000.004
20180415 17185848  !  +    	ubApp.TubApp(02D43EE0).init
20180415 17185848  ! srvr  		Mime converters are disabled
20180415 17185848  !  -    	00.000.003
20180415 17185848  ! srvr  	Enable zip compresison
20180415 17185848  ! srvr  	Send initialization request to http://localhost:888/init
20180415 17185848  "  +    InitializationRequest
20180415 17185848  "  +    	init
20180415 17185848  " srvr  		Start application intialization...
20180415 17185848  " info  		Loading domain...
20180415 17185848  " info  		Loading model "UB" from "C:\ubProject\CityPortal\node_modules\@unitybase\ub\"
20180415 17185848  " info  		Loading model "UBA" from "C:\ubProject\CityPortal\node_modules\@unitybase\uba\"
20180415 17185850  " info  		Loading model "UBS" from "C:\ubProject\CityPortal\node_modules\@unitybase\ubs\"
20180415 17185851  " info  		Loading model "UBM" from "C:\ubProject\CityPortal\node_modules\@unitybase\ubm\"
20180415 17185852  " info  		Loading model "adminui-reg" from "C:\ubProject\CityPortal\node_modules\@unitybase\adminui-reg\"
20180415 17185852  " info  		Loading model "RequestList" from "C:\ubProject\CityPortal\models\requests\"
20180415 17185852  "  +    		ubApp.TubDataStore(0423FEA8).Init
20180415 17185852  "  +    			ubApp.TubApp(02D43EE0).DBExecute
20180415 17185852  "  +    				ubApp.TubApp(02D43EE0).TubApp.InternalDBExecute
20180415 17185852  "  +    					00856EC2 
20180415 17185852  "  -    					00.004.361
20180415 17185852  " SQL   					ubDBSQLite3ThreadSafe.TubSQLite3Statement(02DF6EB0) PRAGMA foreign_keys = ON
20180415 17185852  " SQL   					ubDBSQLite3ThreadSafe.TubSQLite3Statement(02DF68B0) SELECT A01.ID,A01.entity,A01.state,A01.attribute,A01.roleName,A01.actions  FROM uba_als A01  ORDER BY A01.entity ASC
20180415 17185852  "  -    				00.004.539
20180415 17185852  "  -    			00.004.590
20180415 17185852  " debug 			Query result for entity "uba_als" into data name "": row count=0
20180415 17185852  "  -    		00.004.624
20180415 17185852  " srvr  		The domain loaded successfully with 3 entities
20180415 17185852  " debug 		Create new JavaScript Engine for thread 17996
20180415 17185906  "  +    		008C234A 
20180415 17185906  "  +    			ubApp.TubDataStore(0755BF00).Init
20180415 17185906  "  +    				ubApp.TubApp(02D43EE0).DBExecute
20180415 17185906  "  +    					ubApp.TubApp(02D43EE0).TubApp.InternalDBExecute
20180415 17185906  " SQL   						ubDBSQLite3ThreadSafe.TubSQLite3Statement(02DF7210) SELECT A01.ID,A01.name,A01.sessionTimeout,A01.allowedAppMethods  FROM uba_role A01 
20180415 17185906  "  -    					00.000.060
20180415 17185906  "  -    				00.000.138
20180415 17185906  " debug 				Query result for entity "uba_role" into data name "": row count=7
20180415 17185906  "  -    			00.000.163
20180415 17185906  "  +    			ubApp.TubDataStore(0755BF78).Init
20180415 17185906  "  +    				ubApp.TubApp(02D43EE0).DBExecute
20180415 17185906  "  +    					ubApp.TubApp(02D43EE0).TubApp.InternalDBExecute
20180415 17185906  " SQL   						ubDBSQLite3ThreadSafe.TubSQLite3Statement(02DF71B0) SELECT A01.ID,A01.entityMask,A01.methodMask,A01.ruleType,A01.ruleRole,A01.disabled,A01.code  FROM uba_els A01 
20180415 17185906  "  -    					00.000.034
20180415 17185906  "  -    				00.000.085
20180415 17185906  " debug 				Query result for entity "uba_els" into data name "": row count=21
20180415 17185906  "  -    			00.000.100
20180415 17185906  "  -    		00.000.983
20180415 17185906  " auth  		New session admin/86212097 created at 127.0.0.1/-504403156654882571 using Mozilla/5.0 (Windows; mORMot 1.18 TWinHTTP)
20180415 17185906  " auth  		New session anonymous/86212096 created at 127.0.0.1/-504403156654882571 using Mozilla/5.0 (Windows; mORMot 1.18 TWinHTTP)
20180415 17185906  "  +    		ubApp.TubDataStore(0755BFC8).Init
20180415 17185906  "  +    			ubApp.TubApp(02D43EE0).DBExecute
20180415 17185906  "  +    				ubApp.TubApp(02D43EE0).TubApp.InternalDBExecute
20180415 17185906  " debug 					P1: String(34)	UBA.passwordPolicy.maxDurationDays
20180415 17185906  " SQL   					ubDBSQLite3ThreadSafe.TubSQLite3Statement(02DF72D0) select settingValue from ubs_settings where settingKey =?
20180415 17185906  "  -    				00.000.045
20180415 17185906  "  -    			00.000.138
20180415 17185906  " debug 			Query result for entity "ubs_settings" into data name "": row count=1
20180415 17185906  "  -    		00.000.149
20180415 17185906  "  +    		ubApp.TubDataStore(0755BFC8).Init
20180415 17185906  "  +    			ubApp.TubApp(02D43EE0).DBExecute
20180415 17185906  "  +    				ubApp.TubApp(02D43EE0).TubApp.InternalDBExecute
20180415 17185906  " debug 					P1: String(37)	UBA.passwordPolicy.maxInvalidAttempts
20180415 17185906  " SQL   					ubDBSQLite3ThreadSafe.TubSQLite3Statement(02DF72D0) select settingValue from ubs_settings where settingKey =?
20180415 17185906  "  -    				00.000.008
20180415 17185906  "  -    			00.000.022
20180415 17185906  " debug 			Query result for entity "ubs_settings" into data name "": row count=1
20180415 17185906  "  -    		00.000.028
20180415 17185906  "  -    	00.322.403
20180415 17185906  "  -    00.322.431
20180415 17185906  ! srvr  	ubServer.TubServer(042A74E8) {"THttpApiServer(02D0A990)":{"Cloned":false,"RegisteredUrl":"http://+:888/","HTTPQueueLength":1000,"MaxBandwidth":-1,"MaxConnections":-1,"APIVersion":"HTTP API 2.0","ServerName":"UnityBase","ProcessName":""}} initialized
20180415 17185906  !  -    00.333.441
20180415 17185906  "  +    getAppInfo
20180415 17185906  " http  	127.0.0.1 -> GET getAppInfo
20180415 17185906  " call  	endpoint getAppInfo
20180415 17185906  " http  	127.0.0.1 <- 200
20180415 17185906  "  -    00.000.541
20180415 17185907  #  +    auth?AUTHTYPE=UB&userName=admin
20180415 17185907  # http  	127.0.0.1 -> GET auth?AUTHTYPE=UB&userName=admin
20180415 17185907  # debug 	Create new JavaScript Engine for thread 33916
20180415 17185920  # call  	endpoint auth
20180415 17185920  # http  	127.0.0.1 <- 200
20180415 17185920  #  -    00.214.007
20180415 17185920  $  +    auth?AUTHTYPE=UB&clientNonce=fcbc5ce1cd8eb549e811dcd9901b036a40bf150f05a3b8a5cc1446d750497a85&password=a52cbec63a9b6635be0b8ce3ed3df16bc28d67d9348c88b54de2eb7d36b0d20b&userName=admin
20180415 17185920  $ http  	127.0.0.1 -> GET auth?AUTHTYPE=UB&clientNonce=fcbc5ce1cd8eb549e811dcd9901b036a40bf150f05a3b8a5cc1446d750497a85&password=a52cbec63a9b6635be0b8ce3ed3df16bc28d67d9348c88b54de2eb7d36b0d20b&userName=admin
20180415 17185920  $ debug 	Create new JavaScript Engine for thread 37984
20180415 17185935  $ call  	endpoint auth
20180415 17185935  $  +    	ubApp.TubDataStore(07561400).Init
20180415 17185935  $  +    		ubApp.TubApp(02D43EE0).DBExecute
20180415 17185935  $  +    			ubApp.TubApp(02D43EE0).TubApp.InternalDBExecute
20180415 17185935  $  +    				00856EC2 
20180415 17185935  $  -    				00.002.155
20180415 17185935  $ SQL   				ubDBSQLite3ThreadSafe.TubSQLite3Statement(02DF8050) PRAGMA foreign_keys = ON
20180415 17185935  $ debug 				P1: String(5)	admin
20180415 17185935  $ SQL   				ubDBSQLite3ThreadSafe.TubSQLite3Statement(02DF79F0) select id, name, uPasswordHashHexa, uData, isPending, trustedIP from UBA_USER where name=? and disabled=0
20180415 17185935  $  -    			00.002.203
20180415 17185935  $  -    		00.002.255
20180415 17185935  $ debug 		Query result for entity "uba_user" into data name "": row count=1
20180415 17185935  $  -    	00.002.270
20180415 17185935  $  +    	ubApp.TubDataStore(07561400).Init
20180415 17185935  $  +    		ubApp.TubApp(02D43EE0).DBExecute
20180415 17185935  $  +    			ubApp.TubApp(02D43EE0).TubApp.InternalDBExecute
20180415 17185935  $ debug 				P1: Int64		10
20180415 17185935  $ SQL   				ubDBSQLite3ThreadSafe.TubSQLite3Statement(02DF8050) SELECT lastPasswordChangeDate FROM uba_user WHERE id=?
20180415 17185935  $  -    			00.000.020
20180415 17185935  $  -    		00.000.044
20180415 17185935  $ debug 		Query result for entity "uba_user" into data name "__expireDate": row count=1
20180415 17185935  $  -    	00.000.051
20180415 17185935  $  +    	ubApp.TubDataStore(07DA0648).Init
20180415 17185935  $  +    		ubApp.TubApp(02D43EE0).DBExecute
20180415 17185935  $  +    			ubApp.TubApp(02D43EE0).TubApp.InternalDBExecute
20180415 17185935  $ debug 				P1: Int64		10
20180415 17185935  $ SQL   				ubDBSQLite3ThreadSafe.TubSQLite3Statement(02DF8110) SELECT A01.roleID,A02.name,A02.description  FROM uba_userrole A01  INNER JOIN uba_role A02 ON A02.ID=A01.roleID  WHERE A01.userID=?
20180415 17185935  $  -    			00.000.041
20180415 17185935  $  -    		00.000.080
20180415 17185935  $ debug 		Query result for entity "uba_userrole" into data name "": row count=1
20180415 17185935  $  -    	00.000.088
20180415 17185935  $ auth  	New session admin/86212099 created at 127.0.0.1/-504403156654882571 using Mozilla/5.0 (Windows; mORMot 1.18 TWinHTTP)
20180415 17185935  $  +    	ubMixinClasses.TubStorageMixin(02D942C0).MixinMethod
20180415 17185935  $ debug 		uba_user.select(TubStorageMixin)
20180415 17185935  $  +    		ubApp.TubDataStore(07DA0648).Init
20180415 17185935  $  +    			ubApp.TubApp(02D43EE0).DBExecute
20180415 17185935  $  +    				ubApp.TubApp(02D43EE0).TubApp.InternalDBExecute
20180415 17185935  $ debug 					P1: Int64		10
20180415 17185935  $ SQL   					ubDBSQLite3ThreadSafe.TubSQLite3Statement(02DF8230) SELECT A01.name  FROM uba_user A01  WHERE A01.ID=?
20180415 17185935  $  -    				00.000.087
20180415 17185935  $  -    			00.000.134
20180415 17185935  $ debug 			Query result for entity "uba_user" into data name "": row count=1
20180415 17185935  $  -    		00.000.144
20180415 17185935  $  -    	00.000.230
20180415 17185937  $  +    	ubMixinClasses.TubStorageMixin(02D942C0).MixinMethod
20180415 17185937  $ debug 		uba_advSecurity.select(TubStorageMixin)
20180415 17185937  $  +    		ubApp.TubDataStore(07DA0648).Init
20180415 17185937  $  +    			ubApp.TubApp(02D43EE0).DBExecute
20180415 17185937  $  +    				ubApp.TubApp(02D43EE0).TubApp.InternalDBExecute
20180415 17185937  $ debug 					P1: Int64		10
20180415 17185937  $ SQL   					ubDBSQLite3ThreadSafe.TubSQLite3Statement(02DF8290) SELECT A01.ID,A01.allowedIP,A01.refreshIP,A01.fp,A01.refreshFp,A01.keyMediaName,A01.refreshKeyMedia,A01.mi_modifyDate  FROM uba_advSecurity A01  WHERE A01.userID=?
20180415 17185937  $  -    				00.000.054
20180415 17185937  $  -    			00.000.114
20180415 17185937  $ debug 			Query result for entity "uba_advSecurity" into data name "": row count=0
20180415 17185937  $  -    		00.000.129
20180415 17185937  $  -    	00.000.274
20180415 17185937  $  +    	ubMixinClasses.TubStorageMixin(02D942C0).MixinMethod
20180415 17185937  $ debug 		uba_userrole.select(TubStorageMixin)
20180415 17185937  $  +    		ubApp.TubDataStore(07DA0648).Init
20180415 17185937  $  +    			ubApp.TubApp(02D43EE0).DBExecute
20180415 17185937  $  +    				ubApp.TubApp(02D43EE0).TubApp.InternalDBExecute
20180415 17185937  $ debug 					P1: Int64		10
20180415 17185937  $ SQL   					ubDBSQLite3ThreadSafe.TubSQLite3Statement(02DF82F0) SELECT A01.ID,A02.name,A01.roleID  FROM uba_userrole A01  INNER JOIN uba_role A02 ON A02.ID=A01.roleID  WHERE A01.userID=?
20180415 17185937  $  -    				00.000.057
20180415 17185937  $  -    			00.000.127
20180415 17185937  $ debug 			Query result for entity "uba_userrole" into data name "": row count=1
20180415 17185937  $  -    		00.000.136
20180415 17185937  $  -    	00.000.220
20180415 17185937  $  +    	ubMixinClasses.TubStorageMixin(02D942C0).MixinMethod
20180415 17185937  $ debug 		uba_audit.beforeinsert(TubStorageMixin)
20180415 17185937  $  -    	00.000.009
20180415 17185937  $  +    	ubMixinClasses.TubStorageMixin(02D942C0).MixinMethod
20180415 17185937  $ debug 		uba_audit.insert(TubStorageMixin)
20180415 17185937  $  +    		ubApp.TubDataStore(075611F8).TubDataStore.ExecuteInsertFromList
20180415 17185937  $  +    			ubApp.TubDataStore(075611F8).TubDataStore.ExecuteInsertFromSQL
20180415 17185937  $  +    				ubApp.TubApp(02D43EE0).DBExecute
20180415 17185937  $  +    					ubApp.TubApp(02D43EE0).TubApp.InternalDBExecute
20180415 17185937  $ debug 						P1: String(8)	uba_user
20180415 17185937  $ debug 						P2: Int64		10
20180415 17185937  $ debug 						P3: String(5)	LOGIN
20180415 17185937  $ debug 						P4: Int64		10
20180415 17185937  $ debug 						P5: DateTime	2018-04-15T17:18:59
20180415 17185937  $ debug 						P6: String(9)	127.0.0.1
20180415 17185937  $ debug 						P7: String(5)	admin
20180415 17185937  $ debug 						P8: String(0)	
20180415 17185937  $ debug 						P9: Int64		335785519022081
20180415 17185937  $ debug 						P10: String(313..)	Cache-Control: no-cache  Connection: Keep-Alive  Pragma: no-cache  Accept: */*  Accept-Encoding: gzi...
20180415 17185937  $ DB    						StartTransaction for connection "main"
20180415 17185937  $ SQL   						ubDBSQLite3ThreadSafe.TubSQLite3Statement(02DF83B0) INSERT INTO uba_audit (entity,entityinfo_id,actionType,actionUser,actionTime,remoteIP,targetUser,targetRole,ID,fromValue) VALUES (?,?,?,?,?,?,?,?,?,?)
20180415 17185937  $  -    					00.000.128
20180415 17185937  $  -    				00.000.130
20180415 17185937  $  -    			00.000.219
20180415 17185937  $  -    		00.000.231
20180415 17185937  $  -    	00.000.235
20180415 17185937  $  +    	ubMixinClasses.TubStorageMixin(02D942C0).MixinMethod
20180415 17185937  $ debug 		uba_audit.afterinsert(TubStorageMixin)
20180415 17185937  $  -    	00.000.003
20180415 17185937  $ DB    	Commit connection "main"
20180415 17185937  $ http  	127.0.0.1 <- 200
20180415 17185937  $  -    00.267.066
20180415 17185937  %  +    ubql
20180415 17185937  % http  	127.0.0.1 -> POST ubql
20180415 17185937  % http  	[{"entity":"ubm_desktop","method":"select","fieldList":["ID"],"options":{"limit":1},"whereList":{"lookup":{"expression":"code","condition":"equal","values":{"code":"CityReq_desktop"}}}}]
20180415 17185937  % debug 	Create new JavaScript Engine for thread 32308
20180415 17185951  % auth  	admin/86212099
20180415 17185951  % call  	endpoint ubql
20180415 17185951  %  +    	ubMixinClasses.TubRLSMixin(02D94E20).MixinMethod
20180415 17185951  % debug 		ubm_desktop.select(TubRLSMixin)
20180415 17185951  % debug 		Prepare RLS expression for ubm_desktop
20180415 17185951  %  +    		ubApp.TubDataStore(07DA3370).Init
20180415 17185951  %  +    			ubApp.TubApp(02D43EE0).DBExecute
20180415 17185951  %  +    				ubApp.TubApp(02D43EE0).TubApp.InternalDBExecute
20180415 17185951  %  +    					00856EC2 
20180415 17185951  %  -    					00.002.269
20180415 17185951  % SQL   					ubDBSQLite3ThreadSafe.TubSQLite3Statement(02DF8DD0) PRAGMA foreign_keys = ON
20180415 17185951  % SQL   					ubDBSQLite3ThreadSafe.TubSQLite3Statement(02DF8770) select ID, name FROM uba_role
20180415 17185951  %  -    				00.002.300
20180415 17185951  %  -    			00.002.330
20180415 17185951  % debug 			Query result for entity "uba_role" into data name "": row count=7
20180415 17185951  %  -    		00.002.340
20180415 17185951  %  -    	00.003.373
20180415 17185951  %  +    	ubMixinClasses.TubStorageMixin(02D942C0).MixinMethod
20180415 17185951  % debug 		ubm_desktop.select(TubStorageMixin)
20180415 17185951  %  +    		ubApp.TubDataStore(07DA3258).Init
20180415 17185951  %  +    			ubApp.TubApp(02D43EE0).DBExecute
20180415 17185951  %  +    				ubApp.TubApp(02D43EE0).TubApp.InternalDBExecute
20180415 17185951  % debug 					P1: String(15)	CityReq_desktop
20180415 17185951  % debug 					P2: Int64		10
20180415 17185951  % debug 					P3: Int64		10
20180415 17185951  % debug 					P4: DateTime	9999-12-31T00:00:00
20180415 17185951  % SQL   					ubDBSQLite3ThreadSafe.TubSQLite3Statement(02DF8E90) SELECT A01.ID  FROM ubm_desktop A01  WHERE code=? AND (( A01.mi_owner = ? ) OR (1=1) OR exists (select 1 from ubm_desktop_adm admsubtable where admsubtable.instanceID = A01.ID and admsubtable.admSubjID in (select ur.RoleID from uba_userrole ur where ur.UserID = ? union select 10))) AND A01.mi_deleteDate=? LIMIT 1 OFFSET 0 
20180415 17185951  %  -    				00.000.091
20180415 17185951  %  -    			00.000.152
20180415 17185951  % debug 			Query result for entity "ubm_desktop" into data name "": row count=1
20180415 17185951  %  -    		00.000.166
20180415 17185951  %  -    	00.000.280
20180415 17185951  % http  	127.0.0.1 <- 200
20180415 17185951  %  -    00.213.251
20180415 17185951  &  +    ubql
20180415 17185951  & http  	127.0.0.1 -> POST ubql
20180415 17185951  & http  	[{"entity":"ubm_navshortcut","method":"select","fieldList":["ID"],"options":{"limit":1},"whereList":{"lookup":{"expression":"code","condition":"equal","values":{"code":"req_departments_folder"}}}}]
20180415 17185951  & debug 	Create new JavaScript Engine for thread 36456
20180415 17190005  & auth  	admin/86212099
20180415 17190005  & call  	endpoint ubql
20180415 17190005  &  +    	ubMixinClasses.TubRLSMixin(02D94E20).MixinMethod
20180415 17190005  & debug 		ubm_navshortcut.select(TubRLSMixin)
20180415 17190005  & debug 		Prepare RLS expression for ubm_navshortcut
20180415 17190005  &  +    		ubApp.TubDataStore(07D5DCE0).Init
20180415 17190005  &  +    			ubApp.TubApp(02D43EE0).DBExecute
20180415 17190005  &  +    				ubApp.TubApp(02D43EE0).TubApp.InternalDBExecute
20180415 17190005  &  +    					00856EC2 
20180415 17190005  &  -    					00.004.251
20180415 17190005  & SQL   					ubDBSQLite3ThreadSafe.TubSQLite3Statement(02DF9790) PRAGMA foreign_keys = ON
20180415 17190005  & SQL   					ubDBSQLite3ThreadSafe.TubSQLite3Statement(02DF9130) select ID, name FROM uba_role
20180415 17190005  &  -    				00.004.306
20180415 17190005  &  -    			00.004.371
20180415 17190005  & debug 			Query result for entity "uba_role" into data name "": row count=7
20180415 17190005  &  -    		00.004.386
20180415 17190005  &  -    	00.005.756
20180415 17190005  &  +    	ubMixinClasses.TubStorageMixin(02D942C0).MixinMethod
20180415 17190005  & debug 		ubm_navshortcut.select(TubStorageMixin)
20180415 17190005  &  +    		ubApp.TubDataStore(07D5DC18).Init
20180415 17190005  &  +    			ubApp.TubApp(02D43EE0).DBExecute
20180415 17190005  &  +    				ubApp.TubApp(02D43EE0).TubApp.InternalDBExecute
20180415 17190005  & debug 					P1: String(22)	req_departments_folder
20180415 17190005  & debug 					P2: Int64		10
20180415 17190005  & debug 					P3: Int64		10
20180415 17190005  & debug 					P4: DateTime	9999-12-31T00:00:00
20180415 17190005  & SQL   					ubDBSQLite3ThreadSafe.TubSQLite3Statement(02DF9850) SELECT A01.ID  FROM ubm_navshortcut A01  WHERE code=? AND (( A01.mi_owner = ? ) OR                (1=1) OR                              exists (select 1 from ubm_navshortcut_adm admsubtable where admsubtable.instanceID = A01.ID and admsubtable.admSubjID in (select ur.RoleID from uba_userrole ur where ur.UserID = ? union select 10))) AND A01.mi_deleteDate=? LIMIT 1 OFFSET 0 
20180415 17190005  &  -    				00.000.143
20180415 17190005  &  -    			00.000.258
20180415 17190005  & debug 			Query result for entity "ubm_navshortcut" into data name "": row count=1
20180415 17190005  &  -    		00.000.279
20180415 17190005  &  -    	00.000.428
20180415 17190005  & http  	127.0.0.1 <- 200
20180415 17190005  &  -    00.266.977
20180415 17190005  '  +    ubql
20180415 17190005  ' http  	127.0.0.1 -> POST ubql
20180415 17190005  ' http  	[{"entity":"ubm_navshortcut","method":"select","fieldList":["ID"],"options":{"limit":1},"whereList":{"lookup":{"expression":"code","condition":"equal","values":{"code":"req_depart"}}}}]
20180415 17190005  ' debug 	Create new JavaScript Engine for thread 38400
20180415 17190019  ' auth  	admin/86212099
20180415 17190019  ' call  	endpoint ubql
20180415 17190019  '  +    	ubMixinClasses.TubRLSMixin(02D94E20).MixinMethod
20180415 17190019  ' debug 		ubm_navshortcut.select(TubRLSMixin)
20180415 17190019  ' debug 		Prepare RLS expression for ubm_navshortcut
20180415 17190019  '  +    		ubApp.TubDataStore(07D61FE8).Init
20180415 17190019  '  +    			ubApp.TubApp(02D43EE0).DBExecute
20180415 17190019  '  +    				ubApp.TubApp(02D43EE0).TubApp.InternalDBExecute
20180415 17190019  '  +    					00856EC2 
20180415 17190019  '  -    					00.002.257
20180415 17190019  ' SQL   					ubDBSQLite3ThreadSafe.TubSQLite3Statement(02DFA1B0) PRAGMA foreign_keys = ON
20180415 17190019  ' SQL   					ubDBSQLite3ThreadSafe.TubSQLite3Statement(02DF9B50) select ID, name FROM uba_role
20180415 17190019  '  -    				00.002.288
20180415 17190019  '  -    			00.002.331
20180415 17190019  ' debug 			Query result for entity "uba_role" into data name "": row count=7
20180415 17190019  '  -    		00.002.344
20180415 17190019  '  -    	00.003.149
20180415 17190019  '  +    	ubMixinClasses.TubStorageMixin(02D942C0).MixinMethod
20180415 17190019  ' debug 		ubm_navshortcut.select(TubStorageMixin)
20180415 17190019  '  +    		ubApp.TubDataStore(07D61F20).Init
20180415 17190019  '  +    			ubApp.TubApp(02D43EE0).DBExecute
20180415 17190019  '  +    				ubApp.TubApp(02D43EE0).TubApp.InternalDBExecute
20180415 17190019  ' debug 					P1: String(10)	req_depart
20180415 17190019  ' debug 					P2: Int64		10
20180415 17190019  ' debug 					P3: Int64		10
20180415 17190019  ' debug 					P4: DateTime	9999-12-31T00:00:00
20180415 17190019  ' SQL   					ubDBSQLite3ThreadSafe.TubSQLite3Statement(02DFA270) SELECT A01.ID  FROM ubm_navshortcut A01  WHERE code=? AND (( A01.mi_owner = ? ) OR                (1=1) OR                              exists (select 1 from ubm_navshortcut_adm admsubtable where admsubtable.instanceID = A01.ID and admsubtable.admSubjID in (select ur.RoleID from uba_userrole ur where ur.UserID = ? union select 10))) AND A01.mi_deleteDate=? LIMIT 1 OFFSET 0 
20180415 17190019  '  -    				00.000.086
20180415 17190019  '  -    			00.000.169
20180415 17190019  ' debug 			Query result for entity "ubm_navshortcut" into data name "": row count=1
20180415 17190019  '  -    		00.000.183
20180415 17190019  '  -    	00.000.312
20180415 17190019  ' http  	127.0.0.1 <- 200
20180415 17190019  '  -    00.221.016
20180415 17190019  (  +    ubql
20180415 17190019  ( http  	127.0.0.1 -> POST ubql
20180415 17190019  ( http  	[{"entity":"ubm_navshortcut","method":"select","fieldList":["ID"],"options":{"limit":1},"whereList":{"lookup":{"expression":"code","condition":"equal","values":{"code":"req_subDepart"}}}}]
20180415 17190019  ( debug 	Create new JavaScript Engine for thread 35800
20180415 17190034  ( auth  	admin/86212099
20180415 17190034  ( call  	endpoint ubql
20180415 17190034  (  +    	ubMixinClasses.TubRLSMixin(02D94E20).MixinMethod
20180415 17190034  ( debug 		ubm_navshortcut.select(TubRLSMixin)
20180415 17190034  ( debug 		Prepare RLS expression for ubm_navshortcut
20180415 17190034  (  +    		ubApp.TubDataStore(0D5C9380).Init
20180415 17190034  (  +    			ubApp.TubApp(02D43EE0).DBExecute
20180415 17190034  (  +    				ubApp.TubApp(02D43EE0).TubApp.InternalDBExecute
20180415 17190034  (  +    					00856EC2 
20180415 17190034  (  -    					00.002.825
20180415 17190034  ( SQL   					ubDBSQLite3ThreadSafe.TubSQLite3Statement(02DFAB70) PRAGMA foreign_keys = ON
20180415 17190034  ( SQL   					ubDBSQLite3ThreadSafe.TubSQLite3Statement(02DFA510) select ID, name FROM uba_role
20180415 17190034  (  -    				00.002.873
20180415 17190034  (  -    			00.002.919
20180415 17190034  ( debug 			Query result for entity "uba_role" into data name "": row count=7
20180415 17190034  (  -    		00.002.933
20180415 17190034  (  -    	00.003.847
20180415 17190034  (  +    	ubMixinClasses.TubStorageMixin(02D942C0).MixinMethod
20180415 17190034  ( debug 		ubm_navshortcut.select(TubStorageMixin)
20180415 17190034  (  +    		ubApp.TubDataStore(0D5C92B8).Init
20180415 17190034  (  +    			ubApp.TubApp(02D43EE0).DBExecute
20180415 17190034  (  +    				ubApp.TubApp(02D43EE0).TubApp.InternalDBExecute
20180415 17190034  ( debug 					P1: String(13)	req_subDepart
20180415 17190034  ( debug 					P2: Int64		10
20180415 17190034  ( debug 					P3: Int64		10
20180415 17190034  ( debug 					P4: DateTime	9999-12-31T00:00:00
20180415 17190034  ( SQL   					ubDBSQLite3ThreadSafe.TubSQLite3Statement(02DFAC30) SELECT A01.ID  FROM ubm_navshortcut A01  WHERE code=? AND (( A01.mi_owner = ? ) OR                (1=1) OR                              exists (select 1 from ubm_navshortcut_adm admsubtable where admsubtable.instanceID = A01.ID and admsubtable.admSubjID in (select ur.RoleID from uba_userrole ur where ur.UserID = ? union select 10))) AND A01.mi_deleteDate=? LIMIT 1 OFFSET 0 
20180415 17190034  (  -    				00.000.104
20180415 17190034  (  -    			00.000.170
20180415 17190034  ( debug 			Query result for entity "ubm_navshortcut" into data name "": row count=0
20180415 17190034  (  -    		00.000.182
20180415 17190034  (  -    	00.000.312
20180415 17190034  ( http  	127.0.0.1 <- 200
20180415 17190034  (  -    00.233.298
20180415 17190034  )  +    ubql
20180415 17190034  ) http  	127.0.0.1 -> POST ubql
20180415 17190034  ) http  	[{"fieldList":["ID"],"entity":"ubm_navshortcut","execParams":{"desktopID":335784125104129,"parentID":335784125136897,"code":"req_subDepart","caption":"SubDepartments","iconCls":"fa fa-user-circle-o","displayOrder":20,"cmdCode":"{\n\t\"cmdType\": \"showList\",\n\t\"cmdData\": {\n\t\t\"params\": [\n\t\t\t{\n\t\t\t\t\"entity\": \"req_subDepart\",\n\t\t\t\t\"method\": \"select\",\n\t\t\t\t\"fieldList\": \"*\"\n\t\t\t}\n\t\t]\n\t}\n}"},"method":"insert"}]
20180415 17190034  ) debug 	Create new JavaScript Engine for thread 20380
20180415 17190047  ) auth  	admin/86212099
20180415 17190047  ) call  	endpoint ubql
20180415 17190047  )  +    	ubMixinClasses.TubStorageMixin(02D942C0).MixinMethod
20180415 17190047  ) debug 		ubm_navshortcut.beforeinsert(TubStorageMixin)
20180415 17190047  )  -    	00.000.007
20180415 17190047  )  +    	ubMixinClasses.TubTreeMixin(02D94DB0).MixinMethod
20180415 17190047  ) debug 		ubm_navshortcut.insert(TubTreeMixin)
20180415 17190047  )  +    		ubApp.TubDataStore(0D5CD4F8).Init
20180415 17190047  )  +    			ubApp.TubApp(02D43EE0).DBExecute
20180415 17190047  )  +    				ubApp.TubApp(02D43EE0).TubApp.InternalDBExecute
20180415 17190047  )  +    					00856EC2 
20180415 17190047  )  -    					00.002.276
20180415 17190047  ) SQL   					ubDBSQLite3ThreadSafe.TubSQLite3Statement(02DFB590) PRAGMA foreign_keys = ON
20180415 17190047  ) debug 					P1: Int64		335784125136897
20180415 17190047  ) SQL   					ubDBSQLite3ThreadSafe.TubSQLite3Statement(02DFAF30) WITH RECURSIVE q AS(  SELECT id, parentID FROM ubm_navshortcut WHERE id = ?   UNION ALL   SELECT gm.id, gm.parentID FROM ubm_navshortcut gm JOIN q ON gm.id = q.parentID) SELECT id FROM q
20180415 17190047  )  -    				00.002.376
20180415 17190047  )  -    			00.002.487
20180415 17190047  ) debug 			Query result for entity "ubm_navshortcut" into data name "calcTreePath": row count=1
20180415 17190047  )  -    		00.002.499
20180415 17190047  )  -    	00.002.561
20180415 17190047  )  +    	ubMixinClasses.TubStorageMixin(02D942C0).MixinMethod
20180415 17190047  ) debug 		ubm_navshortcut.insert(TubStorageMixin)
20180415 17190047  )  +    		ubApp.TubDataStore(0D5CD4F8).TubDataStore.ExecuteInsertFromList
20180415 17190047  )  +    			ubApp.TubDataStore(0D5CD4F8).TubDataStore.ExecuteInsertFromSQL
20180415 17190047  )  +    				ubApp.TubApp(02D43EE0).DBExecute
20180415 17190047  )  +    					ubApp.TubApp(02D43EE0).TubApp.InternalDBExecute
20180415 17190047  ) debug 						P1: Int64		335784125104129
20180415 17190047  ) debug 						P2: Int64		335784125136897
20180415 17190047  ) debug 						P3: String(13)	req_subDepart
20180415 17190047  ) debug 						P4: String(14)	SubDepartments
20180415 17190047  ) debug 						P5: String(19)	fa fa-user-circle-o
20180415 17190047  ) debug 						P6: Int64		20
20180415 17190047  ) debug 						P7: Int64		335785519153153
20180415 17190047  ) debug 						P8: String(33)	/335784125136897/335785519153153/
20180415 17190047  ) debug 						P9: Int64		10
20180415 17190047  ) debug 						P10: DateTime	2018-04-15T17:19:00
20180415 17190047  ) debug 						P11: Int64		10
20180415 17190047  ) debug 						P12: DateTime	2018-04-15T17:19:00
20180415 17190047  ) debug 						P13: Int64		10
20180415 17190047  ) debug 						P14: String(14)	SubDepartments
20180415 17190047  ) debug 						P15: String(148..)	{  "cmdType": "showList",  "cmdData": {   "params": [    {     "entity": "req_subDepart",     "metho...
20180415 17190047  ) DB    						StartTransaction for connection "main"
20180415 17190047  ) SQL   						ubDBSQLite3ThreadSafe.TubSQLite3Statement(02DFB590) INSERT INTO ubm_navshortcut (desktopID,parentID,code,caption,iconCls,displayOrder,ID,mi_treePath,mi_owner,mi_createDate,mi_createUser,mi_modifyDate,mi_modifyUser,caption_uk,cmdCode) VALUES (?,?,?,?,?,?,?,?,?,?,?,?,?,?,?)
20180415 17190047  )  -    					00.000.153
20180415 17190047  )  -    				00.000.155
20180415 17190047  )  -    			00.000.292
20180415 17190047  )  -    		00.000.309
20180415 17190047  )  -    	00.000.316
20180415 17190047  )  +    	ubMixinClasses.TubStorageMixin(02D942C0).MixinMethod
20180415 17190047  ) debug 		ubm_navshortcut.afterinsert(TubStorageMixin)
20180415 17190047  )  +    		ubMixinClasses.TubRLSMixin(02D94E20).MixinMethod
20180415 17190047  ) debug 			ubm_navshortcut.select(TubRLSMixin)
20180415 17190047  ) debug 			Prepare RLS expression for ubm_navshortcut
20180415 17190047  )  +    			ubApp.TubDataStore(0D5CD700).Init
20180415 17190047  )  +    				ubApp.TubApp(02D43EE0).DBExecute
20180415 17190047  )  +    					ubApp.TubApp(02D43EE0).TubApp.InternalDBExecute
20180415 17190047  ) SQL   						ubDBSQLite3ThreadSafe.TubSQLite3Statement(02DFAED0) select ID, name FROM uba_role
20180415 17190047  )  -    					00.000.022
20180415 17190047  )  -    				00.000.055
20180415 17190047  ) debug 				Query result for entity "uba_role" into data name "": row count=7
20180415 17190047  )  -    			00.000.061
20180415 17190047  )  -    		00.000.827
20180415 17190047  )  +    		ubMixinClasses.TubStorageMixin(02D942C0).MixinMethod
20180415 17190047  ) debug 			ubm_navshortcut.select(TubStorageMixin)
20180415 17190047  )  +    			ubApp.TubDataStore(0D5CD4F8).Init
20180415 17190047  )  +    				ubApp.TubApp(02D43EE0).DBExecute
20180415 17190047  )  +    					ubApp.TubApp(02D43EE0).TubApp.InternalDBExecute
20180415 17190047  ) debug 						P1: Int64		10
20180415 17190047  ) debug 						P2: Int64		10
20180415 17190047  ) debug 						P3: Int64		335785519153153
20180415 17190047  ) debug 						P4: DateTime	9999-12-31T00:00:00
20180415 17190047  ) SQL   						ubDBSQLite3ThreadSafe.TubSQLite3Statement(02DFB7D0) SELECT A01.ID  FROM ubm_navshortcut A01  WHERE (( A01.mi_owner = ? ) OR                (1=1) OR                              exists (select 1 from ubm_navshortcut_adm admsubtable where admsubtable.instanceID = A01.ID and admsubtable.admSubjID in (select ur.RoleID from uba_userrole ur where ur.UserID = ? union select 10))) AND A01.ID=? AND A01.mi_deleteDate=?
20180415 17190047  )  -    					00.000.082
20180415 17190047  )  -    				00.000.095
20180415 17190047  ) debug 				Query result for entity "ubm_navshortcut" into data name "selectAfterInsert": row count=1
20180415 17190047  )  -    			00.000.108
20180415 17190047  )  -    		00.000.221
20180415 17190047  )  -    	00.001.184
20180415 17190047  )  +    	ubMixinClasses.TubAuditMixin(02D94F70).MixinMethod
20180415 17190047  ) debug 		ubm_navshortcut.afterinsert(TubAuditMixin)
20180415 17190047  )  +    		ubApp.TubDataStore(0D578AD8).TubDataStore.ExecuteInsertFromSQL
20180415 17190047  )  +    			ubApp.TubApp(02D43EE0).DBExecute
20180415 17190047  )  +    				ubApp.TubApp(02D43EE0).TubApp.InternalDBExecute
20180415 17190047  ) debug 					P1: Int64		335785519153154
20180415 17190047  ) debug 					P2: String(15)	ubm_navshortcut
20180415 17190047  ) debug 					P3: Int64		335785519153153
20180415 17190047  ) debug 					P4: String(6)	INSERT
20180415 17190047  ) debug 					P5: Int64		10
20180415 17190047  ) debug 					P6: DateTime	2018-04-15T17:19:00
20180415 17190047  ) debug 					P7: String(9)	127.0.0.1
20180415 17190047  ) debug 					P8: Int64		335785519153153
20180415 17190047  ) debug 					P9: String(574..)	{"desktopID":335784125104129,"parentID":335784125136897,"code":"req_subDepart","caption":"SubDepartm...
20180415 17190047  ) SQL   					ubDBSQLite3ThreadSafe.TubSQLite3Statement(02DFB8F0) INSERT INTO uba_auditTrail (ID,entity,entityinfo_id,actionType,actionUser,actionTime,remoteIP,parentEntityInfo_id,toValue) VALUES (?,?,?,?,?,?,?,?,?)
20180415 17190047  )  -    				00.000.097
20180415 17190047  )  -    			00.000.098
20180415 17190047  )  -    		00.000.183
20180415 17190047  )  -    	00.000.210
20180415 17190047  ) DB    	Commit connection "main" in 363us
20180415 17190047  ) http  	127.0.0.1 <- 200
20180415 17190047  )  -    00.212.866
20180415 17190048  "  +    ubql
20180415 17190048  " http  	127.0.0.1 -> POST ubql
20180415 17190048  " http  	[{"entity":"ubm_navshortcut","method":"select","fieldList":["ID"],"options":{"limit":1},"whereList":{"lookup":{"expression":"code","condition":"equal","values":{"code":"req_reqList"}}}}]
20180415 17190048  " auth  	admin/86212099
20180415 17190048  " call  	endpoint ubql
20180415 17190048  "  +    	ubMixinClasses.TubRLSMixin(02D94E20).MixinMethod
20180415 17190048  " debug 		ubm_navshortcut.select(TubRLSMixin)
20180415 17190048  " debug 		Prepare RLS expression for ubm_navshortcut
20180415 17190048  "  +    		ubApp.TubDataStore(0D578B00).Init
20180415 17190048  "  +    			ubApp.TubApp(02D43EE0).DBExecute
20180415 17190048  "  +    				ubApp.TubApp(02D43EE0).TubApp.InternalDBExecute
20180415 17190048  " SQL   					ubDBSQLite3ThreadSafe.TubSQLite3Statement(02DFB710) select ID, name FROM uba_role
20180415 17190048  "  -    				00.000.048
20180415 17190048  "  -    			00.000.180
20180415 17190048  " debug 			Query result for entity "uba_role" into data name "": row count=7
20180415 17190048  "  -    		00.000.189
20180415 17190048  "  -    	00.000.923
20180415 17190048  "  +    	ubMixinClasses.TubStorageMixin(02D942C0).MixinMethod
20180415 17190048  " debug 		ubm_navshortcut.select(TubStorageMixin)
20180415 17190048  "  +    		ubApp.TubDataStore(0D5CD598).Init
20180415 17190048  "  +    			ubApp.TubApp(02D43EE0).DBExecute
20180415 17190048  "  +    				ubApp.TubApp(02D43EE0).TubApp.InternalDBExecute
20180415 17190048  " debug 					P1: String(11)	req_reqList
20180415 17190048  " debug 					P2: Int64		10
20180415 17190048  " debug 					P3: Int64		10
20180415 17190048  " debug 					P4: DateTime	9999-12-31T00:00:00
20180415 17190048  " SQL   					ubDBSQLite3ThreadSafe.TubSQLite3Statement(02DFB950) SELECT A01.ID  FROM ubm_navshortcut A01  WHERE code=? AND (( A01.mi_owner = ? ) OR                (1=1) OR                              exists (select 1 from ubm_navshortcut_adm admsubtable where admsubtable.instanceID = A01.ID and admsubtable.admSubjID in (select ur.RoleID from uba_userrole ur where ur.UserID = ? union select 10))) AND A01.mi_deleteDate=? LIMIT 1 OFFSET 0 
20180415 17190048  "  -    				00.000.142
20180415 17190048  "  -    			00.000.193
20180415 17190048  " debug 			Query result for entity "ubm_navshortcut" into data name "": row count=0
20180415 17190048  "  -    		00.000.207
20180415 17190048  "  -    	00.000.307
20180415 17190048  " http  	127.0.0.1 <- 200
20180415 17190048  "  -    00.001.598
20180415 17190048  #  +    ubql
20180415 17190048  # http  	127.0.0.1 -> POST ubql
20180415 17190048  # http  	[{"fieldList":["ID"],"entity":"ubm_navshortcut","execParams":{"desktopID":335784125104129,"parentID":335784125136897,"code":"req_reqList","caption":"Request List","iconCls":"fa fa-user-circle-o","displayOrder":20,"cmdCode":"{\n\t\"cmdType\": \"showList\",\n\t\"cmdData\": {\n\t\t\"params\": [\n\t\t\t{\n\t\t\t\t\"entity\": \"req_reqList\",\n\t\t\t\t\"method\": \"select\",\n\t\t\t\t\"fieldList\": \"*\"\n\t\t\t}\n\t\t]\n\t}\n}"},"method":"insert"}]
20180415 17190048  # auth  	admin/86212099
20180415 17190048  # call  	endpoint ubql
20180415 17190048  #  +    	ubMixinClasses.TubStorageMixin(02D942C0).MixinMethod
20180415 17190048  # debug 		ubm_navshortcut.beforeinsert(TubStorageMixin)
20180415 17190048  #  -    	00.000.006
20180415 17190048  #  +    	ubMixinClasses.TubTreeMixin(02D94DB0).MixinMethod
20180415 17190048  # debug 		ubm_navshortcut.insert(TubTreeMixin)
20180415 17190048  #  +    		ubApp.TubDataStore(0D5CD520).Init
20180415 17190048  #  +    			ubApp.TubApp(02D43EE0).DBExecute
20180415 17190048  #  +    				ubApp.TubApp(02D43EE0).TubApp.InternalDBExecute
20180415 17190048  #  +    					00856EC2 
20180415 17190048  #  -    					00.002.415
20180415 17190048  # SQL   					ubDBSQLite3ThreadSafe.TubSQLite3Statement(0D500090) PRAGMA foreign_keys = ON
20180415 17190048  # debug 					P1: Int64		335784125136897
20180415 17190048  # SQL   					ubDBSQLite3ThreadSafe.TubSQLite3Statement(02DFB830) WITH RECURSIVE q AS(  SELECT id, parentID FROM ubm_navshortcut WHERE id = ?   UNION ALL   SELECT gm.id, gm.parentID FROM ubm_navshortcut gm JOIN q ON gm.id = q.parentID) SELECT id FROM q
20180415 17190048  #  -    				00.002.503
20180415 17190048  #  -    			00.002.626
20180415 17190048  # debug 			Query result for entity "ubm_navshortcut" into data name "calcTreePath": row count=1
20180415 17190048  #  -    		00.002.637
20180415 17190048  #  -    	00.002.656
20180415 17190048  #  +    	ubMixinClasses.TubStorageMixin(02D942C0).MixinMethod
20180415 17190048  # debug 		ubm_navshortcut.insert(TubStorageMixin)
20180415 17190048  #  +    		ubApp.TubDataStore(0D5CD520).TubDataStore.ExecuteInsertFromList
20180415 17190048  #  +    			ubApp.TubDataStore(0D5CD520).TubDataStore.ExecuteInsertFromSQL
20180415 17190048  #  +    				ubApp.TubApp(02D43EE0).DBExecute
20180415 17190048  #  +    					ubApp.TubApp(02D43EE0).TubApp.InternalDBExecute
20180415 17190048  # debug 						P1: Int64		335784125104129
20180415 17190048  # debug 						P2: Int64		335784125136897
20180415 17190048  # debug 						P3: String(11)	req_reqList
20180415 17190048  # debug 						P4: String(12)	Request List
20180415 17190048  # debug 						P5: String(19)	fa fa-user-circle-o
20180415 17190048  # debug 						P6: Int64		20
20180415 17190048  # debug 						P7: Int64		335785519153155
20180415 17190048  # debug 						P8: String(33)	/335784125136897/335785519153155/
20180415 17190048  # debug 						P9: Int64		10
20180415 17190048  # debug 						P10: DateTime	2018-04-15T17:19:00
20180415 17190048  # debug 						P11: Int64		10
20180415 17190048  # debug 						P12: DateTime	2018-04-15T17:19:00
20180415 17190048  # debug 						P13: Int64		10
20180415 17190048  # debug 						P14: String(12)	Request List
20180415 17190048  # debug 						P15: String(146..)	{  "cmdType": "showList",  "cmdData": {   "params": [    {     "entity": "req_reqList",     "method"...
20180415 17190048  # DB    						StartTransaction for connection "main"
20180415 17190048  # SQL   						ubDBSQLite3ThreadSafe.TubSQLite3Statement(0D500090) INSERT INTO ubm_navshortcut (desktopID,parentID,code,caption,iconCls,displayOrder,ID,mi_treePath,mi_owner,mi_createDate,mi_createUser,mi_modifyDate,mi_modifyUser,caption_uk,cmdCode) VALUES (?,?,?,?,?,?,?,?,?,?,?,?,?,?,?)
20180415 17190048  #  -    					00.000.166
20180415 17190048  #  -    				00.000.167
20180415 17190048  #  -    			00.000.289
20180415 17190048  #  -    		00.000.308
20180415 17190048  #  -    	00.000.319
20180415 17190048  #  +    	ubMixinClasses.TubStorageMixin(02D942C0).MixinMethod
20180415 17190048  # debug 		ubm_navshortcut.afterinsert(TubStorageMixin)
20180415 17190048  #  +    		ubMixinClasses.TubRLSMixin(02D94E20).MixinMethod
20180415 17190048  # debug 			ubm_navshortcut.select(TubRLSMixin)
20180415 17190048  # debug 			Prepare RLS expression for ubm_navshortcut
20180415 17190048  #  +    			ubApp.TubDataStore(0D5CD5C0).Init
20180415 17190048  #  +    				ubApp.TubApp(02D43EE0).DBExecute
20180415 17190048  #  +    					ubApp.TubApp(02D43EE0).TubApp.InternalDBExecute
20180415 17190048  # SQL   						ubDBSQLite3ThreadSafe.TubSQLite3Statement(02DFB770) select ID, name FROM uba_role
20180415 17190048  #  -    					00.000.022
20180415 17190048  #  -    				00.000.065
20180415 17190048  # debug 				Query result for entity "uba_role" into data name "": row count=7
20180415 17190048  #  -    			00.000.075
20180415 17190048  #  -    		00.000.851
20180415 17190048  #  +    		ubMixinClasses.TubStorageMixin(02D942C0).MixinMethod
20180415 17190048  # debug 			ubm_navshortcut.select(TubStorageMixin)
20180415 17190048  #  +    			ubApp.TubDataStore(0D5CD520).Init
20180415 17190048  #  +    				ubApp.TubApp(02D43EE0).DBExecute
20180415 17190048  #  +    					ubApp.TubApp(02D43EE0).TubApp.InternalDBExecute
20180415 17190048  # debug 						P1: Int64		10
20180415 17190048  # debug 						P2: Int64		10
20180415 17190048  # debug 						P3: Int64		335785519153155
20180415 17190048  # debug 						P4: DateTime	9999-12-31T00:00:00
20180415 17190048  # SQL   						ubDBSQLite3ThreadSafe.TubSQLite3Statement(0D5002D0) SELECT A01.ID  FROM ubm_navshortcut A01  WHERE (( A01.mi_owner = ? ) OR                (1=1) OR                              exists (select 1 from ubm_navshortcut_adm admsubtable where admsubtable.instanceID = A01.ID and admsubtable.admSubjID in (select ur.RoleID from uba_userrole ur where ur.UserID = ? union select 10))) AND A01.ID=? AND A01.mi_deleteDate=?
20180415 17190048  #  -    					00.000.077
20180415 17190048  #  -    				00.000.087
20180415 17190048  # debug 				Query result for entity "ubm_navshortcut" into data name "selectAfterInsert": row count=1
20180415 17190048  #  -    			00.000.100
20180415 17190048  #  -    		00.000.210
20180415 17190048  #  -    	00.001.122
20180415 17190048  #  +    	ubMixinClasses.TubAuditMixin(02D94F70).MixinMethod
20180415 17190048  # debug 		ubm_navshortcut.afterinsert(TubAuditMixin)
20180415 17190048  #  +    		ubApp.TubDataStore(0D578F38).TubDataStore.ExecuteInsertFromSQL
20180415 17190048  #  +    			ubApp.TubApp(02D43EE0).DBExecute
20180415 17190048  #  +    				ubApp.TubApp(02D43EE0).TubApp.InternalDBExecute
20180415 17190048  # debug 					P1: Int64		335785519153156
20180415 17190048  # debug 					P2: String(15)	ubm_navshortcut
20180415 17190048  # debug 					P3: Int64		335785519153155
20180415 17190048  # debug 					P4: String(6)	INSERT
20180415 17190048  # debug 					P5: Int64		10
20180415 17190048  # debug 					P6: DateTime	2018-04-15T17:19:00
20180415 17190048  # debug 					P7: String(9)	127.0.0.1
20180415 17190048  # debug 					P8: Int64		335785519153155
20180415 17190048  # debug 					P9: String(568..)	{"desktopID":335784125104129,"parentID":335784125136897,"code":"req_reqList","caption":"Request List...
20180415 17190048  # SQL   					ubDBSQLite3ThreadSafe.TubSQLite3Statement(0D5003F0) INSERT INTO uba_auditTrail (ID,entity,entityinfo_id,actionType,actionUser,actionTime,remoteIP,parentEntityInfo_id,toValue) VALUES (?,?,?,?,?,?,?,?,?)
20180415 17190048  #  -    				00.000.126
20180415 17190048  #  -    			00.000.178
20180415 17190048  #  -    		00.000.251
20180415 17190048  #  -    	00.000.280
20180415 17190048  # DB    	Commit connection "main" in 377us
20180415 17190048  # http  	127.0.0.1 <- 200
20180415 17190048  #  -    00.005.334
20180415 17190052  $  +    ubql
20180415 17190052  $ http  	127.0.0.1 -> POST ubql
20180415 17190052  $ http  	[{"entity":"ubm_enum","method":"select","fieldList":["code"],"options":{"limit":1},"whereList":{"c1":{"expression":"[code]","condition":"equal","values":{"c1":"NEW"}}}}]
20180415 17190052  $ auth  	admin/86212099
20180415 17190052  $ call  	endpoint ubql
20180415 17190052  $  +    	ubMixinClasses.TubStorageMixin(02D942C0).MixinMethod
20180415 17190052  $ debug 		ubm_enum.select(TubStorageMixin)
20180415 17190052  $  +    		ubApp.TubDataStore(0D57AD38).Init
20180415 17190052  $  +    			ubApp.TubApp(02D43EE0).DBExecute
20180415 17190052  $  +    				ubApp.TubApp(02D43EE0).TubApp.InternalDBExecute
20180415 17190052  $ debug 					P1: String(3)	NEW
20180415 17190052  $ debug 					P2: DateTime	9999-12-31T00:00:00
20180415 17190052  $ SQL   					ubDBSQLite3ThreadSafe.TubSQLite3Statement(0D500450) SELECT A01.code  FROM ubm_enum A01  WHERE A01.code=? AND A01.mi_deleteDate=? LIMIT 1 OFFSET 0 
20180415 17190052  $  -    				00.000.056
20180415 17190052  $  -    			00.000.149
20180415 17190052  $ debug 			Query result for entity "ubm_enum" into data name "": row count=1
20180415 17190052  $  -    		00.000.162
20180415 17190052  $  -    	00.000.246
20180415 17190052  $ http  	127.0.0.1 <- 200
20180415 17190052  $  -    00.000.582
20180415 17190052  %  +    ubql
20180415 17190052  % http  	127.0.0.1 -> POST ubql
20180415 17190052  % http  	[{"entity":"ubm_enum","method":"select","fieldList":["code"],"options":{"limit":1},"whereList":{"c1":{"expression":"[code]","condition":"equal","values":{"c1":"PROCESSED"}}}}]
20180415 17190052  % auth  	admin/86212099
20180415 17190052  % call  	endpoint ubql
20180415 17190052  %  +    	ubMixinClasses.TubStorageMixin(02D942C0).MixinMethod
20180415 17190052  % debug 		ubm_enum.select(TubStorageMixin)
20180415 17190052  %  +    		ubApp.TubDataStore(0D57AD38).Init
20180415 17190052  %  +    			ubApp.TubApp(02D43EE0).DBExecute
20180415 17190052  %  +    				ubApp.TubApp(02D43EE0).TubApp.InternalDBExecute
20180415 17190052  % debug 					P1: String(9)	PROCESSED
20180415 17190052  % debug 					P2: DateTime	9999-12-31T00:00:00
20180415 17190052  % SQL   					ubDBSQLite3ThreadSafe.TubSQLite3Statement(0D500330) SELECT A01.code  FROM ubm_enum A01  WHERE A01.code=? AND A01.mi_deleteDate=? LIMIT 1 OFFSET 0 
20180415 17190052  %  -    				00.000.053
20180415 17190052  %  -    			00.000.150
20180415 17190052  % debug 			Query result for entity "ubm_enum" into data name "": row count=1
20180415 17190052  %  -    		00.000.159
20180415 17190052  %  -    	00.000.234
20180415 17190052  % http  	127.0.0.1 <- 200
20180415 17190052  %  -    00.000.524
20180415 17190052  &  +    ubql
20180415 17190052  & http  	127.0.0.1 -> POST ubql
20180415 17190052  & http  	[{"entity":"ubm_enum","method":"select","fieldList":["code"],"options":{"limit":1},"whereList":{"c1":{"expression":"[code]","condition":"equal","values":{"c1":"REJECTED"}}}}]
20180415 17190052  & auth  	admin/86212099
20180415 17190052  & call  	endpoint ubql
20180415 17190052  &  +    	ubMixinClasses.TubStorageMixin(02D942C0).MixinMethod
20180415 17190052  & debug 		ubm_enum.select(TubStorageMixin)
20180415 17190052  &  +    		ubApp.TubDataStore(0D57AD38).Init
20180415 17190052  &  +    			ubApp.TubApp(02D43EE0).DBExecute
20180415 17190052  &  +    				ubApp.TubApp(02D43EE0).TubApp.InternalDBExecute
20180415 17190052  & debug 					P1: String(8)	REJECTED
20180415 17190052  & debug 					P2: DateTime	9999-12-31T00:00:00
20180415 17190052  & SQL   					ubDBSQLite3ThreadSafe.TubSQLite3Statement(0D500570) SELECT A01.code  FROM ubm_enum A01  WHERE A01.code=? AND A01.mi_deleteDate=? LIMIT 1 OFFSET 0 
20180415 17190052  &  -    				00.000.062
20180415 17190052  &  -    			00.000.149
20180415 17190052  & debug 			Query result for entity "ubm_enum" into data name "": row count=1
20180415 17190052  &  -    		00.000.159
20180415 17190052  &  -    	00.000.245
20180415 17190052  & http  	127.0.0.1 <- 200
20180415 17190052  &  -    00.000.539
20180415 17190052  '  +    ubql
20180415 17190052  ' http  	127.0.0.1 -> POST ubql
20180415 17190052  ' http  	[{"entity":"ubm_enum","method":"select","fieldList":["code"],"options":{"limit":1},"whereList":{"c1":{"expression":"[code]","condition":"equal","values":{"c1":"CLOSED"}}}}]
20180415 17190052  ' auth  	admin/86212099
20180415 17190052  ' call  	endpoint ubql
20180415 17190052  '  +    	ubMixinClasses.TubStorageMixin(02D942C0).MixinMethod
20180415 17190052  ' debug 		ubm_enum.select(TubStorageMixin)
20180415 17190052  '  +    		ubApp.TubDataStore(0D57AD38).Init
20180415 17190052  '  +    			ubApp.TubApp(02D43EE0).DBExecute
20180415 17190052  '  +    				ubApp.TubApp(02D43EE0).TubApp.InternalDBExecute
20180415 17190052  ' debug 					P1: String(6)	CLOSED
20180415 17190052  ' debug 					P2: DateTime	9999-12-31T00:00:00
20180415 17190052  ' SQL   					ubDBSQLite3ThreadSafe.TubSQLite3Statement(0D5005D0) SELECT A01.code  FROM ubm_enum A01  WHERE A01.code=? AND A01.mi_deleteDate=? LIMIT 1 OFFSET 0 
20180415 17190052  '  -    				00.000.064
20180415 17190052  '  -    			00.000.184
20180415 17190052  ' debug 			Query result for entity "ubm_enum" into data name "": row count=1
20180415 17190052  '  -    		00.000.195
20180415 17190052  '  -    	00.000.285
20180415 17190052  ' http  	127.0.0.1 <- 200
20180415 17190052  '  -    00.000.617
20180415 17190052  (  +    ubql
20180415 17190052  ( http  	127.0.0.1 -> POST ubql
20180415 17190052  ( http  	[{"entity":"req_depart","method":"select","fieldList":["ID"],"options":{"limit":1},"whereList":{"c1":{"expression":"[name]","condition":"equal","values":{"c1":"Departments of health"}}}}]
20180415 17190052  ( auth  	admin/86212099
20180415 17190052  ( call  	endpoint ubql
20180415 17190052  (  +    	ubMixinClasses.TubStorageMixin(02D942C0).MixinMethod
20180415 17190052  ( debug 		req_depart.select(TubStorageMixin)
20180415 17190052  (  +    		ubApp.TubDataStore(0D578F38).Init
20180415 17190052  (  +    			ubApp.TubApp(02D43EE0).DBExecute
20180415 17190052  (  +    				ubApp.TubApp(02D43EE0).TubApp.InternalDBExecute
20180415 17190052  ( debug 					P1: String(21)	Departments of health
20180415 17190052  ( SQL   					ubDBSQLite3ThreadSafe.TubSQLite3Statement(0D500270) SELECT A01.ID  FROM req_depart A01  WHERE A01.name=? LIMIT 1 OFFSET 0 
20180415 17190052  (  -    				00.000.042
20180415 17190052  (  -    			00.000.132
20180415 17190052  ( debug 			Query result for entity "req_depart" into data name "": row count=1
20180415 17190052  (  -    		00.000.141
20180415 17190052  (  -    	00.000.212
20180415 17190052  ( http  	127.0.0.1 <- 200
20180415 17190052  (  -    00.000.464
20180415 17190052  )  +    ubql
20180415 17190052  ) http  	127.0.0.1 -> POST ubql
20180415 17190052  ) http  	[{"entity":"req_depart","method":"select","fieldList":["ID"],"options":{"limit":1},"whereList":{"c1":{"expression":"[name]","condition":"equal","values":{"c1":"Departments of education"}}}}]
20180415 17190052  ) auth  	admin/86212099
20180415 17190052  ) call  	endpoint ubql
20180415 17190052  )  +    	ubMixinClasses.TubStorageMixin(02D942C0).MixinMethod
20180415 17190052  ) debug 		req_depart.select(TubStorageMixin)
20180415 17190052  )  +    		ubApp.TubDataStore(0D57ABD0).Init
20180415 17190052  )  +    			ubApp.TubApp(02D43EE0).DBExecute
20180415 17190052  )  +    				ubApp.TubApp(02D43EE0).TubApp.InternalDBExecute
20180415 17190052  ) debug 					P1: String(24)	Departments of education
20180415 17190052  ) SQL   					ubDBSQLite3ThreadSafe.TubSQLite3Statement(0D5004B0) SELECT A01.ID  FROM req_depart A01  WHERE A01.name=? LIMIT 1 OFFSET 0 
20180415 17190052  )  -    				00.000.062
20180415 17190053  )  -    			00.000.205
20180415 17190053  ) debug 			Query result for entity "req_depart" into data name "": row count=1
20180415 17190053  )  -    		00.000.219
20180415 17190053  )  -    	00.000.310
20180415 17190053  ) http  	127.0.0.1 <- 200
20180415 17190053  )  -    00.000.740
20180415 17190060  ! info  ubApp.TubApp(02D43EE0) {   "ClientsCurrent": 1,   "ClientsMax": 1,   "Invalid": 0,   "Responses": 16,   "Modified": 0,   "IncomingBytes": 8451,   "OutcomingBytes": 4727,   "OutcomingFiles": 0,   "ServiceCalls": 16,   "ProcessTime": "1.63s"  }
