c:\UnityBase\UB.exe 4.0.0.0 (2018-02-22 16:30:16)Host=WDFN34211327A User=D071860 CPU=4*9-6-19971:FFFBCBBF8373DAFEBF6F9C0000 OS=23.0=10.0.15063 Wow64=1 Freq=2437498Environment variables=ALLUSERSPROFILE=C:\ProgramData	ANSICON=121x32766 (121x26)	ANSICON_DEF=7	APPDATA=C:\Users\D071860\AppData\Roaming	CommonProgramFiles=C:\Program Files (x86)\Common Files	CommonProgramFiles(x86)=C:\Program Files (x86)\Common Files	CommonProgramW6432=C:\Program Files\Common Files	COMPUTERNAME=WDFN34211327A	ComSpec=C:\WINDOWS\system32\cmd.exe	ConEmuANSI=ON	ConEmuAnsiLog=	ConEmuArgs=	ConEmuArgs2=	ConEmuBackHWND=0x001105EE	ConEmuBaseDir=C:\Program Files\ConEmu\ConEmu	ConEmuBaseDirShort=C:\PROGRA~1\ConEmu\ConEmu	ConEmuBuild=180411	ConEmuCfgDir=	ConEmuConfig=	ConEmuDir=C:\Program Files\ConEmu	ConEmuDrawHWND=0x001B0306	ConEmuDrive=C:	ConEmuHooks=Enabled	ConEmuHWND=0x001904C6	ConEmuPalette=<ConEmu>	ConEmuPID=1208	ConEmuPrompt0=$E[m$E[32m$E]9;8;"USERNAME"$E\@$E]9;8;"COMPUTERNAME"$E\$S	ConEmuPrompt1=$E[m$E[32m$E]9;8;"USERNAME"$E\@$E]9;8;"COMPUTERNAME"$E\$S$E[92m$P$E[90m	ConEmuPrompt2=$_$E[90m$G	ConEmuPrompt3=$E[m$S$E]9;12$E\	ConEmuServerPID=5468	ConEmuTask={Shells::cmd}	ConEmuWorkDir=C:\Users\D071860	ConEmuWorkDrive=C:	DEFLOGDIR=C:\ProgramData\McAfee\Endpoint Security\Logs	HOMEDRIVE=C:	homeloc=D_WDF	HOMEPATH=\Users\D071860	KUBECONFIG=C:\Practice\kubernetes\RUSLAN-KUBECONFIG	LOCALAPPDATA=C:\Users\D071860\AppData\Local	LOGONSERVER=\\DS2WDF0004	NUMBER_OF_PROCESSORS=4	OneDrive=C:\Users\D071860\OneDrive	OS=Windows_NT	Path=C:\Program Files\ConEmu\ConEmu\Scripts;C:\Program Files\ConEmu;C:\Program Files\ConEmu\ConEmu;C:\ProgramData\Oracle\Java\javapath;C:\Program Files\Docker\Docker\Resources\bin;C:\WINDOWS\system32;C:\WINDOWS;C:\WINDOWS\System32\Wbem;C:\WINDOWS\System32\WindowsPowerShell\v1.0\;C:\Program Files\Minikube;C:\Program Files\Kubernetes;C:\Program Files (x86)\Google\Cloud SDK\google-cloud-sdk\bin;C:\Program Files\PuTTY\;C:\Program Files\nodejs\;c:\UnityBase;C:\Users\D071860\AppData\Local\Microsoft\WindowsApps;C:\Users\D071860\AppData\Roaming\npm	PATHEXT=.COM;.EXE;.BAT;.CMD;.VBS;.VBE;.JSE;.WSF;.WSH;.MSC	PROCESSOR_ARCHITECTURE=x86	PROCESSOR_ARCHITEW6432=AMD64	PROCESSOR_IDENTIFIER=Intel64 Family 6 Model 78 Stepping 3, GenuineIntel	PROCESSOR_LEVEL=6	PROCESSOR_REVISION=4e03	ProgramData=C:\ProgramData	ProgramFiles=C:\Program Files (x86)	ProgramFiles(x86)=C:\Program Files (x86)	ProgramW6432=C:\Program Files	PROMPT=$E[m$E[32m$E]9;8;"USERNAME"$E\@$E]9;8;"COMPUTERNAME"$E\$S$E[92m$P$E[90m$_$E[90m$G$E[m$S$E]9;12$E\	PSModulePath=C:\Program Files (x86)\WindowsPowerShell\Modules;C:\WINDOWS\system32\WindowsPowerShell\v1.0\Modules;C:\Program Files (x86)\Google\Cloud SDK\google-cloud-sdk\platform\PowerShell	PUBLIC=C:\Users\Public	SESSIONNAME=Console	SNC_LIB=C:\Program Files (x86)\SAP\FrontEnd\SecureLogin\lib\sapcrypto.dll	SNC_LIB_64=C:\Program Files\SAP\FrontEnd\SecureLogin\lib\sapcrypto.dll	SSF_LIBRARY_PATH=C:\Program Files (x86)\SAP\FrontEnd\SecureLogin\lib\sapcrypto.dll	SSF_LIBRARY_PATH_64=C:\Program Files\SAP\FrontEnd\SecureLogin\lib\sapcrypto.dll	SystemDrive=C:	SystemRoot=C:\WINDOWS	TEMP=C:\Users\D071860\AppData\Local\Temp	TMP=C:\Users\D071860\AppData\Local\Temp	UATDATA=C:\WINDOWS\CCM\UATData\D9F8C395-CAB8-491d-B8AC-179A1FE1BE77	UB_HOME=c:\UnityBase	USERDNSDOMAIN=GLOBAL.CORP.SAP	USERDOMAIN=GLOBAL	USERDOMAIN_ROAMINGPROFILE=GLOBAL	USERNAME=D071860	USERPROFILE=C:\Users\D071860	windir=C:\WINDOWSTubLog 1.18.3488 FTS3 2018-04-15T21:15:3720180415 21153753  ! warn  WebSocket support are disabled because WSServer.host = '' in config
20180415 21153753  !  +    ubServer.TubServer(042D74E8).008863DB 
20180415 21153753  !  +    	Init app
20180415 21153753  ! srvr  		FTS is disabled
20180415 21153753  ! info  		Check blob store "avatars" folder "C:\ubProject\CityPortal\avatars\": folder exists
20180415 21153753  ! info  		Check blob store "attach" folder "C:\ubProject\CityPortal\docs\attach\": folder exists
20180415 21153753  !  -    	00.000.453
20180415 21153753  !  +    	Folder C:\ubProject\CityPortal\node_modules\@unitybase\ub\ modified
20180415 21153753  !  +    		ubCommonClasses.TubThreadSafeCache(029ECB08).removeStartsWith
20180415 21153753  !  -    		00.000.004
20180415 21153753  !  -    	00.000.012
20180415 21153753  !  +    	Folder C:\ubProject\CityPortal\node_modules\@unitybase\uba\ modified
20180415 21153753  !  +    		ubCommonClasses.TubThreadSafeCache(029ECB08).removeStartsWith
20180415 21153753  !  -    		00.000.001
20180415 21153753  !  -    	00.000.004
20180415 21153753  !  +    	Folder C:\ubProject\CityPortal\node_modules\@unitybase\ubs\ modified
20180415 21153753  !  +    		ubCommonClasses.TubThreadSafeCache(029ECB08).removeStartsWith
20180415 21153753  !  -    		00.000.000
20180415 21153753  !  -    	00.000.003
20180415 21153753  !  +    	Folder C:\ubProject\CityPortal\node_modules\@unitybase\ubm\ modified
20180415 21153753  !  +    		ubCommonClasses.TubThreadSafeCache(029ECB08).removeStartsWith
20180415 21153753  !  -    		00.000.000
20180415 21153753  !  -    	00.000.003
20180415 21153753  !  +    	Folder C:\ubProject\CityPortal\_public_only_\ modified
20180415 21153753  !  +    		ubCommonClasses.TubThreadSafeCache(029ECB08).removeStartsWith
20180415 21153753  !  -    		00.000.000
20180415 21153753  !  -    	00.000.003
20180415 21153753  !  +    	Folder C:\ubProject\CityPortal\node_modules\@unitybase\adminui-reg\ modified
20180415 21153753  !  +    		ubCommonClasses.TubThreadSafeCache(029ECB08).removeStartsWith
20180415 21153753  !  -    		00.000.000
20180415 21153753  !  -    	00.000.004
20180415 21153753  !  +    	Folder C:\ubProject\CityPortal\models\requests\ modified
20180415 21153753  !  +    		ubCommonClasses.TubThreadSafeCache(029ECB08).removeStartsWith
20180415 21153753  !  -    		00.000.000
20180415 21153753  !  -    	00.000.003
20180415 21153753  !  +    	ubApp.TubApp(02953EE0).init
20180415 21153753  ! srvr  		Mime converters are disabled
20180415 21153753  !  -    	00.000.002
20180415 21153753  ! srvr  	Enable zip compresison
20180415 21153753  ! srvr  	Send initialization request to http://localhost:888/init
20180415 21153753  "  +    InitializationRequest
20180415 21153753  "  +    	init
20180415 21153753  " srvr  		Start application intialization...
20180415 21153753  " info  		Loading domain...
20180415 21153753  " info  		Loading model "UB" from "C:\ubProject\CityPortal\node_modules\@unitybase\ub\"
20180415 21153753  " info  		Loading model "UBA" from "C:\ubProject\CityPortal\node_modules\@unitybase\uba\"
20180415 21153756  " info  		Loading model "UBS" from "C:\ubProject\CityPortal\node_modules\@unitybase\ubs\"
20180415 21153757  " info  		Loading model "UBM" from "C:\ubProject\CityPortal\node_modules\@unitybase\ubm\"
20180415 21153757  " info  		Loading model "adminui-reg" from "C:\ubProject\CityPortal\node_modules\@unitybase\adminui-reg\"
20180415 21153757  " info  		Loading model "RequestList" from "C:\ubProject\CityPortal\models\requests\"
20180415 21153757  "  +    		ubApp.TubDataStore(0426FF98).Init
20180415 21153757  "  +    			ubApp.TubApp(02953EE0).DBExecute
20180415 21153757  "  +    				ubApp.TubApp(02953EE0).TubApp.InternalDBExecute
20180415 21153757  "  +    					00856EC2 
20180415 21153758  "  -    					00.010.946
20180415 21153758  " SQL   					ubDBSQLite3ThreadSafe.TubSQLite3Statement(02A06F10) PRAGMA foreign_keys = ON
20180415 21153758  " SQL   					ubDBSQLite3ThreadSafe.TubSQLite3Statement(02A06910) SELECT A01.ID,A01.entity,A01.state,A01.attribute,A01.roleName,A01.actions  FROM uba_als A01  ORDER BY A01.entity ASC
20180415 21153758  "  -    				00.011.125
20180415 21153758  "  -    			00.011.185
20180415 21153758  " debug 			Query result for entity "uba_als" into data name "": row count=0
20180415 21153758  "  -    		00.011.211
20180415 21153758  " srvr  		The domain loaded successfully with 3 entities
20180415 21153758  " debug 		Create new JavaScript Engine for thread 58300
20180415 21153812  "  +    		008C234A 
20180415 21153812  "  +    			ubApp.TubDataStore(06D49DB8).Init
20180415 21153812  "  +    				ubApp.TubApp(02953EE0).DBExecute
20180415 21153812  "  +    					ubApp.TubApp(02953EE0).TubApp.InternalDBExecute
20180415 21153812  " SQL   						ubDBSQLite3ThreadSafe.TubSQLite3Statement(02A07270) SELECT A01.ID,A01.name,A01.sessionTimeout,A01.allowedAppMethods  FROM uba_role A01 
20180415 21153812  "  -    					00.000.067
20180415 21153812  "  -    				00.000.145
20180415 21153812  " debug 				Query result for entity "uba_role" into data name "": row count=9
20180415 21153812  "  -    			00.000.178
20180415 21153812  "  +    			ubApp.TubDataStore(06D49E30).Init
20180415 21153812  "  +    				ubApp.TubApp(02953EE0).DBExecute
20180415 21153812  "  +    					ubApp.TubApp(02953EE0).TubApp.InternalDBExecute
20180415 21153812  " SQL   						ubDBSQLite3ThreadSafe.TubSQLite3Statement(02A07210) SELECT A01.ID,A01.entityMask,A01.methodMask,A01.ruleType,A01.ruleRole,A01.disabled,A01.code  FROM uba_els A01 
20180415 21153812  "  -    					00.000.050
20180415 21153812  "  -    				00.000.201
20180415 21153812  " debug 				Query result for entity "uba_els" into data name "": row count=88
20180415 21153812  "  -    			00.000.231
20180415 21153812  "  -    		00.002.570
20180415 21153812  " auth  		New session admin/100411276 created at 127.0.0.1/-216172771913236053 using Mozilla/5.0 (Windows; mORMot 1.18 TWinHTTP)
20180415 21153812  " auth  		New session anonymous/100411279 created at 127.0.0.1/-216172771913236053 using Mozilla/5.0 (Windows; mORMot 1.18 TWinHTTP)
20180415 21153812  "  +    		ubApp.TubDataStore(06D49F98).Init
20180415 21153812  "  +    			ubApp.TubApp(02953EE0).DBExecute
20180415 21153812  "  +    				ubApp.TubApp(02953EE0).TubApp.InternalDBExecute
20180415 21153812  " debug 					P1: String(34)	UBA.passwordPolicy.maxDurationDays
20180415 21153812  " SQL   					ubDBSQLite3ThreadSafe.TubSQLite3Statement(02A07330) select settingValue from ubs_settings where settingKey =?
20180415 21153812  "  -    				00.000.041
20180415 21153812  "  -    			00.000.094
20180415 21153812  " debug 			Query result for entity "ubs_settings" into data name "": row count=1
20180415 21153812  "  -    		00.000.105
20180415 21153812  "  +    		ubApp.TubDataStore(06D49F98).Init
20180415 21153812  "  +    			ubApp.TubApp(02953EE0).DBExecute
20180415 21153812  "  +    				ubApp.TubApp(02953EE0).TubApp.InternalDBExecute
20180415 21153812  " debug 					P1: String(37)	UBA.passwordPolicy.maxInvalidAttempts
20180415 21153812  " SQL   					ubDBSQLite3ThreadSafe.TubSQLite3Statement(02A07330) select settingValue from ubs_settings where settingKey =?
20180415 21153812  "  -    				00.000.007
20180415 21153812  "  -    			00.000.020
20180415 21153812  " debug 			Query result for entity "ubs_settings" into data name "": row count=1
20180415 21153812  "  -    		00.000.026
20180415 21153812  "  -    	00.337.869
20180415 21153812  "  -    00.337.890
20180415 21153812  ! srvr  	ubServer.TubServer(042D74E8) {"THttpApiServer(0291A990)":{"Cloned":false,"RegisteredUrl":"http://+:888/","HTTPQueueLength":1000,"MaxBandwidth":-1,"MaxConnections":-1,"APIVersion":"HTTP API 2.0","ServerName":"UnityBase","ProcessName":""}} initialized
20180415 21153812  !  -    00.346.168
20180415 21153812  "  +    getAppInfo
20180415 21153812  " http  	127.0.0.1 -> GET getAppInfo
20180415 21153812  " call  	endpoint getAppInfo
20180415 21153812  " http  	127.0.0.1 <- 200
20180415 21153812  "  -    00.000.624
20180415 21153814  #  +    auth?AUTHTYPE=UB&userName=admin
20180415 21153814  # http  	127.0.0.1 -> GET auth?AUTHTYPE=UB&userName=admin
20180415 21153814  # debug 	Create new JavaScript Engine for thread 57544
20180415 21153829  # call  	endpoint auth
20180415 21153829  # http  	127.0.0.1 <- 200
20180415 21153829  #  -    00.247.967
20180415 21153829  $  +    auth?AUTHTYPE=UB&clientNonce=bd9c4f46f239268921676051294f362c557efc887cc4f4a679e25f0fbfafd9ee&password=750863885d277fb3cfbcfaf44fae5c889f478ccdc6064ead57a20d4bfc05c0c6&userName=admin
20180415 21153829  $ http  	127.0.0.1 -> GET auth?AUTHTYPE=UB&clientNonce=bd9c4f46f239268921676051294f362c557efc887cc4f4a679e25f0fbfafd9ee&password=750863885d277fb3cfbcfaf44fae5c889f478ccdc6064ead57a20d4bfc05c0c6&userName=admin
20180415 21153829  $ debug 	Create new JavaScript Engine for thread 57600
20180415 21153845  $ call  	endpoint auth
20180415 21153845  $  +    	ubApp.TubDataStore(07DBACE8).Init
20180415 21153845  $  +    		ubApp.TubApp(02953EE0).DBExecute
20180415 21153845  $  +    			ubApp.TubApp(02953EE0).TubApp.InternalDBExecute
20180415 21153845  $  +    				00856EC2 
20180415 21153845  $  -    				00.002.362
20180415 21153845  $ SQL   				ubDBSQLite3ThreadSafe.TubSQLite3Statement(02A080B0) PRAGMA foreign_keys = ON
20180415 21153845  $ debug 				P1: String(5)	admin
20180415 21153845  $ SQL   				ubDBSQLite3ThreadSafe.TubSQLite3Statement(02A07A50) select id, name, uPasswordHashHexa, uData, isPending, trustedIP from UBA_USER where name=? and disabled=0
20180415 21153845  $  -    			00.002.431
20180415 21153845  $  -    		00.002.522
20180415 21153845  $ debug 		Query result for entity "uba_user" into data name "": row count=1
20180415 21153845  $  -    	00.002.541
20180415 21153845  $  +    	ubApp.TubDataStore(07DBACE8).Init
20180415 21153845  $  +    		ubApp.TubApp(02953EE0).DBExecute
20180415 21153845  $  +    			ubApp.TubApp(02953EE0).TubApp.InternalDBExecute
20180415 21153845  $ debug 				P1: Int64		10
20180415 21153845  $ SQL   				ubDBSQLite3ThreadSafe.TubSQLite3Statement(02A080B0) SELECT lastPasswordChangeDate FROM uba_user WHERE id=?
20180415 21153845  $  -    			00.000.029
20180415 21153845  $  -    		00.000.066
20180415 21153845  $ debug 		Query result for entity "uba_user" into data name "__expireDate": row count=1
20180415 21153845  $  -    	00.000.076
20180415 21153845  $  +    	ubApp.TubDataStore(07DBC660).Init
20180415 21153845  $  +    		ubApp.TubApp(02953EE0).DBExecute
20180415 21153845  $  +    			ubApp.TubApp(02953EE0).TubApp.InternalDBExecute
20180415 21153845  $ debug 				P1: Int64		10
20180415 21153845  $ SQL   				ubDBSQLite3ThreadSafe.TubSQLite3Statement(02A08170) SELECT A01.roleID,A02.name,A02.description  FROM uba_userrole A01  INNER JOIN uba_role A02 ON A02.ID=A01.roleID  WHERE A01.userID=?
20180415 21153845  $  -    			00.000.072
20180415 21153845  $  -    		00.000.134
20180415 21153845  $ debug 		Query result for entity "uba_userrole" into data name "": row count=1
20180415 21153845  $  -    	00.000.151
20180415 21153845  $ auth  	New session admin/100411278 created at 127.0.0.1/-216172771913236053 using Mozilla/5.0 (Windows; mORMot 1.18 TWinHTTP)
20180415 21153845  $  +    	ubMixinClasses.TubStorageMixin(029A42C0).MixinMethod
20180415 21153845  $ debug 		uba_user.select(TubStorageMixin)
20180415 21153845  $  +    		ubApp.TubDataStore(07DBC660).Init
20180415 21153845  $  +    			ubApp.TubApp(02953EE0).DBExecute
20180415 21153845  $  +    				ubApp.TubApp(02953EE0).TubApp.InternalDBExecute
20180415 21153845  $ debug 					P1: Int64		10
20180415 21153845  $ SQL   					ubDBSQLite3ThreadSafe.TubSQLite3Statement(02A08290) SELECT A01.name  FROM uba_user A01  WHERE A01.ID=?
20180415 21153845  $  -    				00.000.056
20180415 21153845  $  -    			00.000.114
20180415 21153845  $ debug 			Query result for entity "uba_user" into data name "": row count=1
20180415 21153845  $  -    		00.000.125
20180415 21153845  $  -    	00.000.219
20180415 21153848  $  +    	ubMixinClasses.TubStorageMixin(029A42C0).MixinMethod
20180415 21153848  $ debug 		uba_advSecurity.select(TubStorageMixin)
20180415 21153848  $  +    		ubApp.TubDataStore(07DBC660).Init
20180415 21153848  $  +    			ubApp.TubApp(02953EE0).DBExecute
20180415 21153848  $  +    				ubApp.TubApp(02953EE0).TubApp.InternalDBExecute
20180415 21153848  $ debug 					P1: Int64		10
20180415 21153848  $ SQL   					ubDBSQLite3ThreadSafe.TubSQLite3Statement(02A082F0) SELECT A01.ID,A01.allowedIP,A01.refreshIP,A01.fp,A01.refreshFp,A01.keyMediaName,A01.refreshKeyMedia,A01.mi_modifyDate  FROM uba_advSecurity A01  WHERE A01.userID=?
20180415 21153848  $  -    				00.000.057
20180415 21153848  $  -    			00.000.125
20180415 21153848  $ debug 			Query result for entity "uba_advSecurity" into data name "": row count=0
20180415 21153848  $  -    		00.000.135
20180415 21153848  $  -    	00.000.265
20180415 21153848  $  +    	ubMixinClasses.TubStorageMixin(029A42C0).MixinMethod
20180415 21153848  $ debug 		uba_userrole.select(TubStorageMixin)
20180415 21153848  $  +    		ubApp.TubDataStore(07DBC660).Init
20180415 21153848  $  +    			ubApp.TubApp(02953EE0).DBExecute
20180415 21153848  $  +    				ubApp.TubApp(02953EE0).TubApp.InternalDBExecute
20180415 21153848  $ debug 					P1: Int64		10
20180415 21153848  $ SQL   					ubDBSQLite3ThreadSafe.TubSQLite3Statement(02A08350) SELECT A01.ID,A02.name,A01.roleID  FROM uba_userrole A01  INNER JOIN uba_role A02 ON A02.ID=A01.roleID  WHERE A01.userID=?
20180415 21153848  $  -    				00.000.069
20180415 21153848  $  -    			00.000.160
20180415 21153848  $ debug 			Query result for entity "uba_userrole" into data name "": row count=1
20180415 21153848  $  -    		00.000.170
20180415 21153848  $  -    	00.000.257
20180415 21153848  $  +    	ubMixinClasses.TubStorageMixin(029A42C0).MixinMethod
20180415 21153848  $ debug 		uba_audit.beforeinsert(TubStorageMixin)
20180415 21153848  $  -    	00.000.013
20180415 21153848  $  +    	ubMixinClasses.TubStorageMixin(029A42C0).MixinMethod
20180415 21153848  $ debug 		uba_audit.insert(TubStorageMixin)
20180415 21153848  $  +    		ubApp.TubDataStore(07DBAAE0).TubDataStore.ExecuteInsertFromList
20180415 21153848  $  +    			ubApp.TubDataStore(07DBAAE0).TubDataStore.ExecuteInsertFromSQL
20180415 21153848  $  +    				ubApp.TubApp(02953EE0).DBExecute
20180415 21153848  $  +    					ubApp.TubApp(02953EE0).TubApp.InternalDBExecute
20180415 21153848  $ debug 						P1: String(8)	uba_user
20180415 21153848  $ debug 						P2: Int64		10
20180415 21153848  $ debug 						P3: String(5)	LOGIN
20180415 21153848  $ debug 						P4: Int64		10
20180415 21153848  $ debug 						P5: DateTime	2018-04-15T21:15:38
20180415 21153848  $ debug 						P6: String(9)	127.0.0.1
20180415 21153848  $ debug 						P7: String(5)	admin
20180415 21153848  $ debug 						P8: String(0)	
20180415 21153848  $ debug 						P9: Int64		335787336499201
20180415 21153848  $ debug 						P10: String(313..)	Cache-Control: no-cache  Connection: Keep-Alive  Pragma: no-cache  Accept: */*  Accept-Encoding: gzi...
20180415 21153848  $ DB    						StartTransaction for connection "main"
20180415 21153848  $ SQL   						ubDBSQLite3ThreadSafe.TubSQLite3Statement(02A08410) INSERT INTO uba_audit (entity,entityinfo_id,actionType,actionUser,actionTime,remoteIP,targetUser,targetRole,ID,fromValue) VALUES (?,?,?,?,?,?,?,?,?,?)
20180415 21153848  $  -    					00.000.190
20180415 21153848  $  -    				00.000.194
20180415 21153848  $  -    			00.000.343
20180415 21153848  $  -    		00.000.361
20180415 21153848  $  -    	00.000.368
20180415 21153848  $  +    	ubMixinClasses.TubStorageMixin(029A42C0).MixinMethod
20180415 21153848  $ debug 		uba_audit.afterinsert(TubStorageMixin)
20180415 21153848  $  -    	00.000.006
20180415 21153848  $ DB    	Commit connection "main"
20180415 21153848  $ http  	127.0.0.1 <- 200
20180415 21153848  $  -    00.293.807
20180415 21153848  %  +    ubql
20180415 21153848  % http  	127.0.0.1 -> POST ubql
20180415 21153848  % http  	[{"entity":"ubm_desktop","method":"select","fieldList":["ID"],"options":{"limit":1},"whereList":{"lookup":{"expression":"code","condition":"equal","values":{"code":"CityReq_desktop"}}}}]
20180415 21153848  % debug 	Create new JavaScript Engine for thread 57692
20180415 21153901  % auth  	admin/100411278
20180415 21153901  % call  	endpoint ubql
20180415 21153901  %  +    	ubMixinClasses.TubRLSMixin(029A4E20).MixinMethod
20180415 21153901  % debug 		ubm_desktop.select(TubRLSMixin)
20180415 21153901  % debug 		Prepare RLS expression for ubm_desktop
20180415 21153901  %  +    		ubApp.TubDataStore(07DBF360).Init
20180415 21153901  %  +    			ubApp.TubApp(02953EE0).DBExecute
20180415 21153901  %  +    				ubApp.TubApp(02953EE0).TubApp.InternalDBExecute
20180415 21153901  %  +    					00856EC2 
20180415 21153901  %  -    					00.002.279
20180415 21153901  % SQL   					ubDBSQLite3ThreadSafe.TubSQLite3Statement(02A08E30) PRAGMA foreign_keys = ON
20180415 21153901  % SQL   					ubDBSQLite3ThreadSafe.TubSQLite3Statement(02A087D0) select ID, name FROM uba_role
20180415 21153901  %  -    				00.002.325
20180415 21153901  %  -    			00.002.382
20180415 21153901  % debug 			Query result for entity "uba_role" into data name "": row count=9
20180415 21153901  %  -    		00.002.396
20180415 21153902  %  -    	00.003.875
20180415 21153902  %  +    	ubMixinClasses.TubStorageMixin(029A42C0).MixinMethod
20180415 21153902  % debug 		ubm_desktop.select(TubStorageMixin)
20180415 21153902  %  +    		ubApp.TubDataStore(07DBF248).Init
20180415 21153902  %  +    			ubApp.TubApp(02953EE0).DBExecute
20180415 21153902  %  +    				ubApp.TubApp(02953EE0).TubApp.InternalDBExecute
20180415 21153902  % debug 					P1: String(15)	CityReq_desktop
20180415 21153902  % debug 					P2: Int64		10
20180415 21153902  % debug 					P3: Int64		10
20180415 21153902  % debug 					P4: DateTime	9999-12-31T00:00:00
20180415 21153902  % SQL   					ubDBSQLite3ThreadSafe.TubSQLite3Statement(02A08F50) SELECT A01.ID  FROM ubm_desktop A01  WHERE code=? AND (( A01.mi_owner = ? ) OR (1=1) OR exists (select 1 from ubm_desktop_adm admsubtable where admsubtable.instanceID = A01.ID and admsubtable.admSubjID in (select ur.RoleID from uba_userrole ur where ur.UserID = ? union select 10))) AND A01.mi_deleteDate=? LIMIT 1 OFFSET 0 
20180415 21153902  %  -    				00.000.149
20180415 21153902  %  -    			00.000.226
20180415 21153902  % debug 			Query result for entity "ubm_desktop" into data name "": row count=1
20180415 21153902  %  -    		00.000.243
20180415 21153902  %  -    	00.000.391
20180415 21153902  % http  	127.0.0.1 <- 200
20180415 21153902  %  -    00.252.569
20180415 21153902  &  +    ubql
20180415 21153902  & http  	127.0.0.1 -> POST ubql
20180415 21153902  & http  	[{"entity":"ubm_navshortcut","method":"select","fieldList":["ID"],"options":{"limit":1},"whereList":{"lookup":{"expression":"code","condition":"equal","values":{"code":"req_departments_folder"}}}}]
20180415 21153902  & debug 	Create new JavaScript Engine for thread 56524
20180415 21153917  & auth  	admin/100411278
20180415 21153917  & call  	endpoint ubql
20180415 21153917  &  +    	ubMixinClasses.TubRLSMixin(029A4E20).MixinMethod
20180415 21153917  & debug 		ubm_navshortcut.select(TubRLSMixin)
20180415 21153917  & debug 		Prepare RLS expression for ubm_navshortcut
20180415 21153917  &  +    		ubApp.TubDataStore(07D768D8).Init
20180415 21153917  &  +    			ubApp.TubApp(02953EE0).DBExecute
20180415 21153917  &  +    				ubApp.TubApp(02953EE0).TubApp.InternalDBExecute
20180415 21153917  &  +    					00856EC2 
20180415 21153917  &  -    					00.002.227
20180415 21153917  & SQL   					ubDBSQLite3ThreadSafe.TubSQLite3Statement(02A09850) PRAGMA foreign_keys = ON
20180415 21153917  & SQL   					ubDBSQLite3ThreadSafe.TubSQLite3Statement(02A091F0) select ID, name FROM uba_role
20180415 21153917  &  -    				00.002.260
20180415 21153917  &  -    			00.002.301
20180415 21153917  & debug 			Query result for entity "uba_role" into data name "": row count=9
20180415 21153917  &  -    		00.002.313
20180415 21153917  &  -    	00.003.574
20180415 21153917  &  +    	ubMixinClasses.TubStorageMixin(029A42C0).MixinMethod
20180415 21153917  & debug 		ubm_navshortcut.select(TubStorageMixin)
20180415 21153917  &  +    		ubApp.TubDataStore(07D76810).Init
20180415 21153917  &  +    			ubApp.TubApp(02953EE0).DBExecute
20180415 21153917  &  +    				ubApp.TubApp(02953EE0).TubApp.InternalDBExecute
20180415 21153917  & debug 					P1: String(22)	req_departments_folder
20180415 21153917  & debug 					P2: Int64		10
20180415 21153917  & debug 					P3: Int64		10
20180415 21153917  & debug 					P4: DateTime	9999-12-31T00:00:00
20180415 21153917  & SQL   					ubDBSQLite3ThreadSafe.TubSQLite3Statement(02A09970) SELECT A01.ID  FROM ubm_navshortcut A01  WHERE code=? AND (( A01.mi_owner = ? ) OR                (1=1) OR                              exists (select 1 from ubm_navshortcut_adm admsubtable where admsubtable.instanceID = A01.ID and admsubtable.admSubjID in (select ur.RoleID from uba_userrole ur where ur.UserID = ? union select 10))) AND A01.mi_deleteDate=? LIMIT 1 OFFSET 0 
20180415 21153917  &  -    				00.000.138
20180415 21153917  &  -    			00.000.243
20180415 21153917  & debug 			Query result for entity "ubm_navshortcut" into data name "": row count=1
20180415 21153917  &  -    		00.000.261
20180415 21153917  &  -    	00.000.445
20180415 21153917  & http  	127.0.0.1 <- 200
20180415 21153917  &  -    00.247.599
20180415 21153917  '  +    ubql
20180415 21153917  ' http  	127.0.0.1 -> POST ubql
20180415 21153917  ' http  	[{"entity":"ubm_navshortcut","method":"select","fieldList":["ID"],"options":{"limit":1},"whereList":{"lookup":{"expression":"code","condition":"equal","values":{"code":"req_depart"}}}}]
20180415 21153917  ' debug 	Create new JavaScript Engine for thread 58112
20180415 21153933  ' auth  	admin/100411278
20180415 21153933  ' call  	endpoint ubql
20180415 21153933  '  +    	ubMixinClasses.TubRLSMixin(029A4E20).MixinMethod
20180415 21153933  ' debug 		ubm_navshortcut.select(TubRLSMixin)
20180415 21153933  ' debug 		Prepare RLS expression for ubm_navshortcut
20180415 21153933  '  +    		ubApp.TubDataStore(07D7AC58).Init
20180415 21153933  '  +    			ubApp.TubApp(02953EE0).DBExecute
20180415 21153933  '  +    				ubApp.TubApp(02953EE0).TubApp.InternalDBExecute
20180415 21153933  '  +    					00856EC2 
20180415 21153933  '  -    					00.002.394
20180415 21153933  ' SQL   					ubDBSQLite3ThreadSafe.TubSQLite3Statement(02A0A2D0) PRAGMA foreign_keys = ON
20180415 21153933  ' SQL   					ubDBSQLite3ThreadSafe.TubSQLite3Statement(02A09C70) select ID, name FROM uba_role
20180415 21153933  '  -    				00.002.440
20180415 21153933  '  -    			00.002.512
20180415 21153933  ' debug 			Query result for entity "uba_role" into data name "": row count=9
20180415 21153933  '  -    		00.002.523
20180415 21153933  '  -    	00.003.660
20180415 21153933  '  +    	ubMixinClasses.TubStorageMixin(029A42C0).MixinMethod
20180415 21153933  ' debug 		ubm_navshortcut.select(TubStorageMixin)
20180415 21153933  '  +    		ubApp.TubDataStore(07D7AB90).Init
20180415 21153933  '  +    			ubApp.TubApp(02953EE0).DBExecute
20180415 21153933  '  +    				ubApp.TubApp(02953EE0).TubApp.InternalDBExecute
20180415 21153933  ' debug 					P1: String(10)	req_depart
20180415 21153933  ' debug 					P2: Int64		10
20180415 21153933  ' debug 					P3: Int64		10
20180415 21153933  ' debug 					P4: DateTime	9999-12-31T00:00:00
20180415 21153933  ' SQL   					ubDBSQLite3ThreadSafe.TubSQLite3Statement(02A0A3F0) SELECT A01.ID  FROM ubm_navshortcut A01  WHERE code=? AND (( A01.mi_owner = ? ) OR                (1=1) OR                              exists (select 1 from ubm_navshortcut_adm admsubtable where admsubtable.instanceID = A01.ID and admsubtable.admSubjID in (select ur.RoleID from uba_userrole ur where ur.UserID = ? union select 10))) AND A01.mi_deleteDate=? LIMIT 1 OFFSET 0 
20180415 21153933  '  -    				00.000.096
20180415 21153933  '  -    			00.000.170
20180415 21153933  ' debug 			Query result for entity "ubm_navshortcut" into data name "": row count=1
20180415 21153933  '  -    		00.000.186
20180415 21153933  '  -    	00.000.338
20180415 21153933  ' http  	127.0.0.1 <- 200
20180415 21153933  '  -    00.254.229
20180415 21153933  (  +    ubql
20180415 21153933  ( http  	127.0.0.1 -> POST ubql
20180415 21153933  ( http  	[{"entity":"ubm_navshortcut","method":"select","fieldList":["ID"],"options":{"limit":1},"whereList":{"lookup":{"expression":"code","condition":"equal","values":{"code":"req_subDepart"}}}}]
20180415 21153933  ( debug 	Create new JavaScript Engine for thread 57564
20180415 21153949  ( auth  	admin/100411278
20180415 21153949  ( call  	endpoint ubql
20180415 21153949  (  +    	ubMixinClasses.TubRLSMixin(029A4E20).MixinMethod
20180415 21153949  ( debug 		ubm_navshortcut.select(TubRLSMixin)
20180415 21153949  ( debug 		Prepare RLS expression for ubm_navshortcut
20180415 21153949  (  +    		ubApp.TubDataStore(07D7EFD8).Init
20180415 21153949  (  +    			ubApp.TubApp(02953EE0).DBExecute
20180415 21153949  (  +    				ubApp.TubApp(02953EE0).TubApp.InternalDBExecute
20180415 21153949  (  +    					00856EC2 
20180415 21153949  (  -    					00.002.707
20180415 21153949  ( SQL   					ubDBSQLite3ThreadSafe.TubSQLite3Statement(02A0ACF0) PRAGMA foreign_keys = ON
20180415 21153949  ( SQL   					ubDBSQLite3ThreadSafe.TubSQLite3Statement(02A0A690) select ID, name FROM uba_role
20180415 21153949  (  -    				00.002.742
20180415 21153949  (  -    			00.002.785
20180415 21153949  ( debug 			Query result for entity "uba_role" into data name "": row count=9
20180415 21153949  (  -    		00.002.796
20180415 21153949  (  -    	00.003.757
20180415 21153949  (  +    	ubMixinClasses.TubStorageMixin(029A42C0).MixinMethod
20180415 21153949  ( debug 		ubm_navshortcut.select(TubStorageMixin)
20180415 21153949  (  +    		ubApp.TubDataStore(07D7EF10).Init
20180415 21153949  (  +    			ubApp.TubApp(02953EE0).DBExecute
20180415 21153949  (  +    				ubApp.TubApp(02953EE0).TubApp.InternalDBExecute
20180415 21153949  ( debug 					P1: String(13)	req_subDepart
20180415 21153949  ( debug 					P2: Int64		10
20180415 21153949  ( debug 					P3: Int64		10
20180415 21153949  ( debug 					P4: DateTime	9999-12-31T00:00:00
20180415 21153949  ( SQL   					ubDBSQLite3ThreadSafe.TubSQLite3Statement(02A0AE10) SELECT A01.ID  FROM ubm_navshortcut A01  WHERE code=? AND (( A01.mi_owner = ? ) OR                (1=1) OR                              exists (select 1 from ubm_navshortcut_adm admsubtable where admsubtable.instanceID = A01.ID and admsubtable.admSubjID in (select ur.RoleID from uba_userrole ur where ur.UserID = ? union select 10))) AND A01.mi_deleteDate=? LIMIT 1 OFFSET 0 
20180415 21153949  (  -    				00.000.115
20180415 21153949  (  -    			00.000.184
20180415 21153949  ( debug 			Query result for entity "ubm_navshortcut" into data name "": row count=1
20180415 21153949  (  -    		00.000.198
20180415 21153949  (  -    	00.000.324
20180415 21153949  ( http  	127.0.0.1 <- 200
20180415 21153949  (  -    00.252.057
20180415 21153949  )  +    ubql
20180415 21153949  ) http  	127.0.0.1 -> POST ubql
20180415 21153949  ) http  	[{"entity":"ubm_navshortcut","method":"select","fieldList":["ID"],"options":{"limit":1},"whereList":{"lookup":{"expression":"code","condition":"equal","values":{"code":"req_reqList"}}}}]
20180415 21153949  ) debug 	Create new JavaScript Engine for thread 55712
20180415 21154002  ) auth  	admin/100411278
20180415 21154002  ) call  	endpoint ubql
20180415 21154002  )  +    	ubMixinClasses.TubRLSMixin(029A4E20).MixinMethod
20180415 21154002  ) debug 		ubm_navshortcut.select(TubRLSMixin)
20180415 21154002  ) debug 		Prepare RLS expression for ubm_navshortcut
20180415 21154002  )  +    		ubApp.TubDataStore(07D83358).Init
20180415 21154002  )  +    			ubApp.TubApp(02953EE0).DBExecute
20180415 21154002  )  +    				ubApp.TubApp(02953EE0).TubApp.InternalDBExecute
20180415 21154002  )  +    					00856EC2 
20180415 21154002  )  -    					00.002.439
20180415 21154002  ) SQL   					ubDBSQLite3ThreadSafe.TubSQLite3Statement(02A0B710) PRAGMA foreign_keys = ON
20180415 21154002  ) SQL   					ubDBSQLite3ThreadSafe.TubSQLite3Statement(02A0B0B0) select ID, name FROM uba_role
20180415 21154002  )  -    				00.002.524
20180415 21154002  )  -    			00.002.603
20180415 21154002  ) debug 			Query result for entity "uba_role" into data name "": row count=9
20180415 21154002  )  -    		00.002.616
20180415 21154002  )  -    	00.003.746
20180415 21154002  )  +    	ubMixinClasses.TubStorageMixin(029A42C0).MixinMethod
20180415 21154002  ) debug 		ubm_navshortcut.select(TubStorageMixin)
20180415 21154002  )  +    		ubApp.TubDataStore(07D83290).Init
20180415 21154002  )  +    			ubApp.TubApp(02953EE0).DBExecute
20180415 21154002  )  +    				ubApp.TubApp(02953EE0).TubApp.InternalDBExecute
20180415 21154002  ) debug 					P1: String(11)	req_reqList
20180415 21154002  ) debug 					P2: Int64		10
20180415 21154002  ) debug 					P3: Int64		10
20180415 21154002  ) debug 					P4: DateTime	9999-12-31T00:00:00
20180415 21154002  ) SQL   					ubDBSQLite3ThreadSafe.TubSQLite3Statement(02A0B830) SELECT A01.ID  FROM ubm_navshortcut A01  WHERE code=? AND (( A01.mi_owner = ? ) OR                (1=1) OR                              exists (select 1 from ubm_navshortcut_adm admsubtable where admsubtable.instanceID = A01.ID and admsubtable.admSubjID in (select ur.RoleID from uba_userrole ur where ur.UserID = ? union select 10))) AND A01.mi_deleteDate=? LIMIT 1 OFFSET 0 
20180415 21154002  )  -    				00.000.119
20180415 21154002  )  -    			00.000.212
20180415 21154002  ) debug 			Query result for entity "ubm_navshortcut" into data name "": row count=1
20180415 21154002  )  -    		00.000.226
20180415 21154002  )  -    	00.000.352
20180415 21154002  ) http  	127.0.0.1 <- 200
20180415 21154002  )  -    00.247.665
20180415 21154007  "  +    ubql
20180415 21154007  " http  	127.0.0.1 -> POST ubql
20180415 21154007  " http  	[{"entity":"ubm_enum","method":"select","fieldList":["code"],"options":{"limit":1},"whereList":{"c1":{"expression":"[code]","condition":"equal","values":{"c1":"NEW"}}}}]
20180415 21154007  " auth  	admin/100411278
20180415 21154007  " call  	endpoint ubql
20180415 21154007  "  +    	ubMixinClasses.TubStorageMixin(029A42C0).MixinMethod
20180415 21154007  " debug 		ubm_enum.select(TubStorageMixin)
20180415 21154007  "  +    		ubApp.TubDataStore(07D83308).Init
20180415 21154007  "  +    			ubApp.TubApp(02953EE0).DBExecute
20180415 21154007  "  +    				ubApp.TubApp(02953EE0).TubApp.InternalDBExecute
20180415 21154007  " debug 					P1: String(3)	NEW
20180415 21154007  " debug 					P2: DateTime	9999-12-31T00:00:00
20180415 21154007  " SQL   					ubDBSQLite3ThreadSafe.TubSQLite3Statement(02A0B8F0) SELECT A01.code  FROM ubm_enum A01  WHERE A01.code=? AND A01.mi_deleteDate=? LIMIT 1 OFFSET 0 
20180415 21154007  "  -    				00.000.065
20180415 21154007  "  -    			00.000.161
20180415 21154007  " debug 			Query result for entity "ubm_enum" into data name "": row count=1
20180415 21154007  "  -    		00.000.175
20180415 21154007  "  -    	00.000.265
20180415 21154007  " http  	127.0.0.1 <- 200
20180415 21154007  "  -    00.000.799
20180415 21154007  #  +    ubql
20180415 21154007  # http  	127.0.0.1 -> POST ubql
20180415 21154007  # http  	[{"entity":"ubm_enum","method":"select","fieldList":["code"],"options":{"limit":1},"whereList":{"c1":{"expression":"[code]","condition":"equal","values":{"c1":"PROCESSED"}}}}]
20180415 21154007  # auth  	admin/100411278
20180415 21154007  # call  	endpoint ubql
20180415 21154007  #  +    	ubMixinClasses.TubStorageMixin(029A42C0).MixinMethod
20180415 21154007  # debug 		ubm_enum.select(TubStorageMixin)
20180415 21154007  #  +    		ubApp.TubDataStore(07D832B8).Init
20180415 21154007  #  +    			ubApp.TubApp(02953EE0).DBExecute
20180415 21154007  #  +    				ubApp.TubApp(02953EE0).TubApp.InternalDBExecute
20180415 21154007  #  +    					00856EC2 
20180415 21154007  #  -    					00.002.368
20180415 21154007  # SQL   					ubDBSQLite3ThreadSafe.TubSQLite3Statement(0D6A3E30) PRAGMA foreign_keys = ON
20180415 21154007  # debug 					P1: String(9)	PROCESSED
20180415 21154007  # debug 					P2: DateTime	9999-12-31T00:00:00
20180415 21154007  # SQL   					ubDBSQLite3ThreadSafe.TubSQLite3Statement(02A0B9B0) SELECT A01.code  FROM ubm_enum A01  WHERE A01.code=? AND A01.mi_deleteDate=? LIMIT 1 OFFSET 0 
20180415 21154007  #  -    				00.002.506
20180415 21154007  #  -    			00.002.554
20180415 21154007  # debug 			Query result for entity "ubm_enum" into data name "": row count=1
20180415 21154007  #  -    		00.002.566
20180415 21154007  #  -    	00.002.674
20180415 21154007  # http  	127.0.0.1 <- 200
20180415 21154007  #  -    00.003.143
20180415 21154007  $  +    ubql
20180415 21154007  $ http  	127.0.0.1 -> POST ubql
20180415 21154007  $ http  	[{"entity":"ubm_enum","method":"select","fieldList":["code"],"options":{"limit":1},"whereList":{"c1":{"expression":"[code]","condition":"equal","values":{"c1":"REJECTED"}}}}]
20180415 21154007  $ auth  	admin/100411278
20180415 21154007  $ call  	endpoint ubql
20180415 21154007  $  +    	ubMixinClasses.TubStorageMixin(029A42C0).MixinMethod
20180415 21154007  $ debug 		ubm_enum.select(TubStorageMixin)
20180415 21154007  $  +    		ubApp.TubDataStore(07D83330).Init
20180415 21154007  $  +    			ubApp.TubApp(02953EE0).DBExecute
20180415 21154007  $  +    				ubApp.TubApp(02953EE0).TubApp.InternalDBExecute
20180415 21154007  $ debug 					P1: String(8)	REJECTED
20180415 21154007  $ debug 					P2: DateTime	9999-12-31T00:00:00
20180415 21154007  $ SQL   					ubDBSQLite3ThreadSafe.TubSQLite3Statement(0D60C820) SELECT A01.code  FROM ubm_enum A01  WHERE A01.code=? AND A01.mi_deleteDate=? LIMIT 1 OFFSET 0 
20180415 21154007  $  -    				00.000.058
20180415 21154007  $  -    			00.000.135
20180415 21154007  $ debug 			Query result for entity "ubm_enum" into data name "": row count=1
20180415 21154007  $  -    		00.000.146
20180415 21154007  $  -    	00.000.240
20180415 21154007  $ http  	127.0.0.1 <- 200
20180415 21154007  $  -    00.000.577
20180415 21154007  %  +    ubql
20180415 21154007  % http  	127.0.0.1 -> POST ubql
20180415 21154007  % http  	[{"entity":"ubm_enum","method":"select","fieldList":["code"],"options":{"limit":1},"whereList":{"c1":{"expression":"[code]","condition":"equal","values":{"c1":"CLOSED"}}}}]
20180415 21154007  % auth  	admin/100411278
20180415 21154007  % call  	endpoint ubql
20180415 21154007  %  +    	ubMixinClasses.TubStorageMixin(029A42C0).MixinMethod
20180415 21154007  % debug 		ubm_enum.select(TubStorageMixin)
20180415 21154007  %  +    		ubApp.TubDataStore(07D83100).Init
20180415 21154007  %  +    			ubApp.TubApp(02953EE0).DBExecute
20180415 21154007  %  +    				ubApp.TubApp(02953EE0).TubApp.InternalDBExecute
20180415 21154007  % debug 					P1: String(6)	CLOSED
20180415 21154007  % debug 					P2: DateTime	9999-12-31T00:00:00
20180415 21154007  % SQL   					ubDBSQLite3ThreadSafe.TubSQLite3Statement(0D60C880) SELECT A01.code  FROM ubm_enum A01  WHERE A01.code=? AND A01.mi_deleteDate=? LIMIT 1 OFFSET 0 
20180415 21154007  %  -    				00.000.061
20180415 21154007  %  -    			00.000.135
20180415 21154007  % debug 			Query result for entity "ubm_enum" into data name "": row count=1
20180415 21154007  %  -    		00.000.146
20180415 21154007  %  -    	00.000.227
20180415 21154007  % http  	127.0.0.1 <- 200
20180415 21154007  %  -    00.000.524
20180415 21154008  &  +    ubql
20180415 21154008  & http  	127.0.0.1 -> POST ubql
20180415 21154008  & http  	[{"entity":"req_depart","method":"select","fieldList":["ID"],"options":{"limit":1},"whereList":{"c1":{"expression":"[name]","condition":"equal","values":{"c1":"Departments of health"}}}}]
20180415 21154008  & auth  	admin/100411278
20180415 21154008  & call  	endpoint ubql
20180415 21154008  &  +    	ubMixinClasses.TubStorageMixin(029A42C0).MixinMethod
20180415 21154008  & debug 		req_depart.select(TubStorageMixin)
20180415 21154008  &  +    		ubApp.TubDataStore(07D831C8).Init
20180415 21154008  &  +    			ubApp.TubApp(02953EE0).DBExecute
20180415 21154008  &  +    				ubApp.TubApp(02953EE0).TubApp.InternalDBExecute
20180415 21154008  & debug 					P1: String(21)	Departments of health
20180415 21154008  & SQL   					ubDBSQLite3ThreadSafe.TubSQLite3Statement(02A0B7D0) SELECT A01.ID  FROM req_depart A01  WHERE A01.name=? LIMIT 1 OFFSET 0 
20180415 21154008  &  -    				00.000.044
20180415 21154008  &  -    			00.000.150
20180415 21154008  & debug 			Query result for entity "req_depart" into data name "": row count=1
20180415 21154008  &  -    		00.000.166
20180415 21154008  &  -    	00.000.238
20180415 21154008  & http  	127.0.0.1 <- 200
20180415 21154008  &  -    00.000.499
20180415 21154008  '  +    ubql
20180415 21154008  ' http  	127.0.0.1 -> POST ubql
20180415 21154008  ' http  	[{"entity":"req_depart","method":"select","fieldList":["ID"],"options":{"limit":1},"whereList":{"c1":{"expression":"[name]","condition":"equal","values":{"c1":"Departments of education"}}}}]
20180415 21154008  ' auth  	admin/100411278
20180415 21154008  ' call  	endpoint ubql
20180415 21154008  '  +    	ubMixinClasses.TubStorageMixin(029A42C0).MixinMethod
20180415 21154008  ' debug 		req_depart.select(TubStorageMixin)
20180415 21154008  '  +    		ubApp.TubDataStore(07D83128).Init
20180415 21154008  '  +    			ubApp.TubApp(02953EE0).DBExecute
20180415 21154008  '  +    				ubApp.TubApp(02953EE0).TubApp.InternalDBExecute
20180415 21154008  ' debug 					P1: String(24)	Departments of education
20180415 21154008  ' SQL   					ubDBSQLite3ThreadSafe.TubSQLite3Statement(0D60C8E0) SELECT A01.ID  FROM req_depart A01  WHERE A01.name=? LIMIT 1 OFFSET 0 
20180415 21154008  '  -    				00.000.048
20180415 21154008  '  -    			00.000.126
20180415 21154008  ' debug 			Query result for entity "req_depart" into data name "": row count=1
20180415 21154008  '  -    		00.000.136
20180415 21154008  '  -    	00.000.200
20180415 21154008  ' http  	127.0.0.1 <- 200
20180415 21154008  '  -    00.000.482
20180415 21154008  (  +    ubql
20180415 21154008  ( http  	127.0.0.1 -> POST ubql
20180415 21154008  ( http  	[{"entity":"uba_user","method":"select","fieldList":["ID"],"options":{"limit":1},"whereList":{"lookup":{"expression":"name","condition":"equal","values":{"code":"hd_user"}}}}]
20180415 21154008  ( auth  	admin/100411278
20180415 21154008  ( call  	endpoint ubql
20180415 21154008  (  +    	ubMixinClasses.TubStorageMixin(029A42C0).MixinMethod
20180415 21154008  ( debug 		uba_user.select(TubStorageMixin)
20180415 21154008  (  +    		ubApp.TubDataStore(07D82F98).Init
20180415 21154008  (  +    			ubApp.TubApp(02953EE0).DBExecute
20180415 21154008  (  +    				ubApp.TubApp(02953EE0).TubApp.InternalDBExecute
20180415 21154008  ( debug 					P1: String(7)	hd_user
20180415 21154008  ( SQL   					ubDBSQLite3ThreadSafe.TubSQLite3Statement(0D60C9A0) SELECT A01.ID  FROM uba_user A01  WHERE name=? LIMIT 1 OFFSET 0 
20180415 21154008  (  -    				00.000.077
20180415 21154008  (  -    			00.000.198
20180415 21154008  ( debug 			Query result for entity "uba_user" into data name "": row count=1
20180415 21154008  (  -    		00.000.212
20180415 21154008  (  -    	00.000.322
20180415 21154008  ( http  	127.0.0.1 <- 200
20180415 21154008  (  -    00.000.828
20180415 21154008  )  +    ubql
20180415 21154008  ) http  	127.0.0.1 -> POST ubql
20180415 21154008  ) http  	[{"entity":"uba_role","method":"select","fieldList":["ID"],"options":{"limit":1},"whereList":{"lookup":{"expression":"name","condition":"equal","values":{"name":"HealthDepartment"}}}}]
20180415 21154008  ) auth  	admin/100411278
20180415 21154008  ) call  	endpoint ubql
20180415 21154008  )  +    	ubMixinClasses.TubStorageMixin(029A42C0).MixinMethod
20180415 21154008  ) debug 		uba_role.select(TubStorageMixin)
20180415 21154008  )  +    		ubApp.TubDataStore(07D83330).Init
20180415 21154008  )  +    			ubApp.TubApp(02953EE0).DBExecute
20180415 21154008  )  +    				ubApp.TubApp(02953EE0).TubApp.InternalDBExecute
20180415 21154008  ) debug 					P1: String(16)	HealthDepartment
20180415 21154008  ) SQL   					ubDBSQLite3ThreadSafe.TubSQLite3Statement(0D60CA00) SELECT A01.ID  FROM uba_role A01  WHERE name=? LIMIT 1 OFFSET 0 
20180415 21154008  )  -    				00.000.089
20180415 21154008  )  -    			00.000.156
20180415 21154008  ) debug 			Query result for entity "uba_role" into data name "": row count=1
20180415 21154008  )  -    		00.000.166
20180415 21154008  )  -    	00.000.227
20180415 21154008  ) http  	127.0.0.1 <- 200
20180415 21154008  )  -    00.000.499
20180415 21154008  "  +    ubql
20180415 21154008  " http  	127.0.0.1 -> POST ubql
20180415 21154008  " http  	[{"entity":"uba_userrole","method":"select","fieldList":["ID"],"options":{"limit":1},"whereList":{"c1":{"expression":"[userID]","condition":"equal","values":{"c1":335786699489281}},"c2":{"expression":"[roleID]","condition":"equal","values":{"c2":335786699489285}}}}]
20180415 21154008  " auth  	admin/100411278
20180415 21154008  " call  	endpoint ubql
20180415 21154008  "  +    	ubMixinClasses.TubStorageMixin(029A42C0).MixinMethod
20180415 21154008  " debug 		uba_userrole.select(TubStorageMixin)
20180415 21154008  "  +    		ubApp.TubDataStore(07D833A8).Init
20180415 21154008  "  +    			ubApp.TubApp(02953EE0).DBExecute
20180415 21154008  "  +    				ubApp.TubApp(02953EE0).TubApp.InternalDBExecute
20180415 21154008  " debug 					P1: Int64		335786699489281
20180415 21154008  " debug 					P2: Int64		335786699489285
20180415 21154008  " SQL   					ubDBSQLite3ThreadSafe.TubSQLite3Statement(0D60CAC0) SELECT A01.ID  FROM uba_userrole A01  WHERE A01.userID=? AND A01.roleID=? LIMIT 1 OFFSET 0 
20180415 21154008  "  -    				00.000.049
20180415 21154008  "  -    			00.000.141
20180415 21154008  " debug 			Query result for entity "uba_userrole" into data name "": row count=1
20180415 21154008  "  -    		00.000.153
20180415 21154008  "  -    	00.000.251
20180415 21154008  " http  	127.0.0.1 <- 200
20180415 21154008  "  -    00.000.800
20180415 21154009  #  +    ubql
20180415 21154009  # http  	127.0.0.1 -> POST ubql
20180415 21154009  # http  	[{"entity":"ubm_desktop_adm","method":"select","fieldList":["ID"],"options":{"limit":1},"whereList":{"c1":{"expression":"[instanceID]","condition":"equal","values":{"c1":335784125104129}},"c2":{"expression":"[admSubjID]","condition":"equal","values":{"c2":335786699489285}}}}]
20180415 21154009  # auth  	admin/100411278
20180415 21154009  # call  	endpoint ubql
20180415 21154009  #  +    	ubMixinClasses.TubStorageMixin(029A42C0).MixinMethod
20180415 21154009  # debug 		ubm_desktop_adm.select(TubStorageMixin)
20180415 21154009  #  +    		ubApp.TubDataStore(07D834C0).Init
20180415 21154009  #  +    			ubApp.TubApp(02953EE0).DBExecute
20180415 21154009  #  +    				ubApp.TubApp(02953EE0).TubApp.InternalDBExecute
20180415 21154009  # debug 					P1: Int64		335784125104129
20180415 21154009  # debug 					P2: Int64		335786699489285
20180415 21154009  # SQL   					ubDBSQLite3ThreadSafe.TubSQLite3Statement(0D60CA60) SELECT A01.ID  FROM ubm_desktop_adm A01  WHERE A01.instanceID=? AND A01.admSubjID=? LIMIT 1 OFFSET 0 
20180415 21154009  #  -    				00.000.069
20180415 21154009  #  -    			00.000.184
20180415 21154009  # debug 			Query result for entity "ubm_desktop_adm" into data name "": row count=1
20180415 21154009  #  -    		00.000.196
20180415 21154009  #  -    	00.000.307
20180415 21154009  # http  	127.0.0.1 <- 200
20180415 21154009  #  -    00.001.029
20180415 21154009  $  +    ubql
20180415 21154009  $ http  	127.0.0.1 -> POST ubql
20180415 21154009  $ http  	[{"entity":"ubm_navshortcut_adm","method":"select","fieldList":["ID"],"options":{"limit":1},"whereList":{"c1":{"expression":"[instanceID]","condition":"equal","values":{"c1":335785519153155}},"c2":{"expression":"[admSubjID]","condition":"equal","values":{"c2":335786699489285}}}}]
20180415 21154009  $ auth  	admin/100411278
20180415 21154009  $ call  	endpoint ubql
20180415 21154009  $  +    	ubMixinClasses.TubStorageMixin(029A42C0).MixinMethod
20180415 21154009  $ debug 		ubm_navshortcut_adm.select(TubStorageMixin)
20180415 21154009  $  +    		ubApp.TubDataStore(07D832E0).Init
20180415 21154009  $  +    			ubApp.TubApp(02953EE0).DBExecute
20180415 21154009  $  +    				ubApp.TubApp(02953EE0).TubApp.InternalDBExecute
20180415 21154009  $ debug 					P1: Int64		335785519153155
20180415 21154009  $ debug 					P2: Int64		335786699489285
20180415 21154009  $ SQL   					ubDBSQLite3ThreadSafe.TubSQLite3Statement(0D60CB80) SELECT A01.ID  FROM ubm_navshortcut_adm A01  WHERE A01.instanceID=? AND A01.admSubjID=? LIMIT 1 OFFSET 0 
20180415 21154009  $  -    				00.000.066
20180415 21154009  $  -    			00.000.172
20180415 21154009  $ debug 			Query result for entity "ubm_navshortcut_adm" into data name "": row count=1
20180415 21154009  $  -    		00.000.250
20180415 21154009  $  -    	00.000.366
20180415 21154009  $ http  	127.0.0.1 <- 200
20180415 21154009  $  -    00.000.770
20180415 21154009  %  +    ubql
20180415 21154009  % http  	127.0.0.1 -> POST ubql
20180415 21154009  % http  	[{"entity":"uba_els","method":"select","fieldList":["ID"],"options":{"limit":1},"whereList":{"c1":{"expression":"[code]","condition":"equal","values":{"c1":"READ_UPD_REQ_HD"}}}}]
20180415 21154009  % auth  	admin/100411278
20180415 21154009  % call  	endpoint ubql
20180415 21154009  %  +    	ubMixinClasses.TubStorageMixin(029A42C0).MixinMethod
20180415 21154009  % debug 		uba_els.select(TubStorageMixin)
20180415 21154009  %  +    		ubApp.TubDataStore(07D83268).Init
20180415 21154009  %  +    			ubApp.TubApp(02953EE0).DBExecute
20180415 21154009  %  +    				ubApp.TubApp(02953EE0).TubApp.InternalDBExecute
20180415 21154009  % debug 					P1: String(15)	READ_UPD_REQ_HD
20180415 21154009  % SQL   					ubDBSQLite3ThreadSafe.TubSQLite3Statement(0D60CBE0) SELECT A01.ID  FROM uba_els A01  WHERE A01.code=? LIMIT 1 OFFSET 0 
20180415 21154009  %  -    				00.000.164
20180415 21154009  %  -    			00.000.475
20180415 21154009  % debug 			Query result for entity "uba_els" into data name "": row count=1
20180415 21154009  %  -    		00.000.508
20180415 21154009  %  -    	00.000.720
20180415 21154009  % http  	127.0.0.1 <- 200
20180415 21154009  %  -    00.001.736
20180415 21154017  ! info  ubApp.TubApp(02953EE0) {   "ClientsCurrent": 1,   "ClientsMax": 1,   "Invalid": 0,   "Responses": 20,   "Modified": 0,   "IncomingBytes": 10240,   "OutcomingBytes": 4523,   "OutcomingFiles": 0,   "ServiceCalls": 20,   "ProcessTime": "1.80s"  }
