c:\UnityBase\UB.exe 4.0.0.0 (2018-02-22 16:30:16)Host=WDFN34211327A User=D071860 CPU=4*9-6-19971:FFFBCBBF8373DAFEBF6F9C0000 OS=23.0=10.0.15063 Wow64=1 Freq=2437498Environment variables=ALLUSERSPROFILE=C:\ProgramData	ANSICON=121x32766 (121x26)	ANSICON_DEF=7	APPDATA=C:\Users\D071860\AppData\Roaming	CommonProgramFiles=C:\Program Files (x86)\Common Files	CommonProgramFiles(x86)=C:\Program Files (x86)\Common Files	CommonProgramW6432=C:\Program Files\Common Files	COMPUTERNAME=WDFN34211327A	ComSpec=C:\WINDOWS\system32\cmd.exe	ConEmuANSI=ON	ConEmuAnsiLog=	ConEmuArgs=	ConEmuArgs2=	ConEmuBackHWND=0x001105EE	ConEmuBaseDir=C:\Program Files\ConEmu\ConEmu	ConEmuBaseDirShort=C:\PROGRA~1\ConEmu\ConEmu	ConEmuBuild=180411	ConEmuCfgDir=	ConEmuConfig=	ConEmuDir=C:\Program Files\ConEmu	ConEmuDrawHWND=0x001B0306	ConEmuDrive=C:	ConEmuHooks=Enabled	ConEmuHWND=0x001904C6	ConEmuPalette=<ConEmu>	ConEmuPID=1208	ConEmuPrompt0=$E[m$E[32m$E]9;8;"USERNAME"$E\@$E]9;8;"COMPUTERNAME"$E\$S	ConEmuPrompt1=$E[m$E[32m$E]9;8;"USERNAME"$E\@$E]9;8;"COMPUTERNAME"$E\$S$E[92m$P$E[90m	ConEmuPrompt2=$_$E[90m$G	ConEmuPrompt3=$E[m$S$E]9;12$E\	ConEmuServerPID=5468	ConEmuTask={Shells::cmd}	ConEmuWorkDir=C:\Users\D071860	ConEmuWorkDrive=C:	DEFLOGDIR=C:\ProgramData\McAfee\Endpoint Security\Logs	HOMEDRIVE=C:	homeloc=D_WDF	HOMEPATH=\Users\D071860	KUBECONFIG=C:\Practice\kubernetes\RUSLAN-KUBECONFIG	LOCALAPPDATA=C:\Users\D071860\AppData\Local	LOGONSERVER=\\DS2WDF0004	NUMBER_OF_PROCESSORS=4	OneDrive=C:\Users\D071860\OneDrive	OS=Windows_NT	Path=C:\Program Files\ConEmu\ConEmu\Scripts;C:\Program Files\ConEmu;C:\Program Files\ConEmu\ConEmu;C:\ProgramData\Oracle\Java\javapath;C:\Program Files\Docker\Docker\Resources\bin;C:\WINDOWS\system32;C:\WINDOWS;C:\WINDOWS\System32\Wbem;C:\WINDOWS\System32\WindowsPowerShell\v1.0\;C:\Program Files\Minikube;C:\Program Files\Kubernetes;C:\Program Files (x86)\Google\Cloud SDK\google-cloud-sdk\bin;C:\Program Files\PuTTY\;C:\Program Files\nodejs\;c:\UnityBase;C:\Users\D071860\AppData\Local\Microsoft\WindowsApps;C:\Users\D071860\AppData\Roaming\npm	PATHEXT=.COM;.EXE;.BAT;.CMD;.VBS;.VBE;.JSE;.WSF;.WSH;.MSC	PROCESSOR_ARCHITECTURE=x86	PROCESSOR_ARCHITEW6432=AMD64	PROCESSOR_IDENTIFIER=Intel64 Family 6 Model 78 Stepping 3, GenuineIntel	PROCESSOR_LEVEL=6	PROCESSOR_REVISION=4e03	ProgramData=C:\ProgramData	ProgramFiles=C:\Program Files (x86)	ProgramFiles(x86)=C:\Program Files (x86)	ProgramW6432=C:\Program Files	PROMPT=$E[m$E[32m$E]9;8;"USERNAME"$E\@$E]9;8;"COMPUTERNAME"$E\$S$E[92m$P$E[90m$_$E[90m$G$E[m$S$E]9;12$E\	PSModulePath=C:\Program Files (x86)\WindowsPowerShell\Modules;C:\WINDOWS\system32\WindowsPowerShell\v1.0\Modules;C:\Program Files (x86)\Google\Cloud SDK\google-cloud-sdk\platform\PowerShell	PUBLIC=C:\Users\Public	SESSIONNAME=Console	SNC_LIB=C:\Program Files (x86)\SAP\FrontEnd\SecureLogin\lib\sapcrypto.dll	SNC_LIB_64=C:\Program Files\SAP\FrontEnd\SecureLogin\lib\sapcrypto.dll	SSF_LIBRARY_PATH=C:\Program Files (x86)\SAP\FrontEnd\SecureLogin\lib\sapcrypto.dll	SSF_LIBRARY_PATH_64=C:\Program Files\SAP\FrontEnd\SecureLogin\lib\sapcrypto.dll	SystemDrive=C:	SystemRoot=C:\WINDOWS	TEMP=C:\Users\D071860\AppData\Local\Temp	TMP=C:\Users\D071860\AppData\Local\Temp	UATDATA=C:\WINDOWS\CCM\UATData\D9F8C395-CAB8-491d-B8AC-179A1FE1BE77	UB_HOME=c:\UnityBase	USERDNSDOMAIN=GLOBAL.CORP.SAP	USERDOMAIN=GLOBAL	USERDOMAIN_ROAMINGPROFILE=GLOBAL	USERNAME=D071860	USERPROFILE=C:\Users\D071860	windir=C:\WINDOWSTubLog 1.18.3488 FTS3 2018-04-15T18:53:3120180415 18533147  ! warn  WebSocket support are disabled because WSServer.host = '' in config
20180415 18533147  !  +    ubServer.TubServer(042C74E8).008863DB 
20180415 18533147  !  +    	Init app
20180415 18533147  ! srvr  		FTS is disabled
20180415 18533147  ! info  		Check blob store "avatars" folder "C:\ubProject\CityPortal\avatars\": folder exists
20180415 18533147  ! info  		Check blob store "attach" folder "C:\ubProject\CityPortal\docs\attach\": folder exists
20180415 18533147  !  -    	00.000.540
20180415 18533147  !  +    	Folder C:\ubProject\CityPortal\node_modules\@unitybase\ub\ modified
20180415 18533147  !  +    		ubCommonClasses.TubThreadSafeCache(029ACB08).removeStartsWith
20180415 18533147  !  -    		00.000.004
20180415 18533147  !  -    	00.000.010
20180415 18533147  !  +    	Folder C:\ubProject\CityPortal\node_modules\@unitybase\uba\ modified
20180415 18533147  !  +    		ubCommonClasses.TubThreadSafeCache(029ACB08).removeStartsWith
20180415 18533147  !  -    		00.000.001
20180415 18533147  !  -    	00.000.008
20180415 18533147  !  +    	Folder C:\ubProject\CityPortal\node_modules\@unitybase\ubs\ modified
20180415 18533147  !  +    		ubCommonClasses.TubThreadSafeCache(029ACB08).removeStartsWith
20180415 18533147  !  -    		00.000.000
20180415 18533147  !  -    	00.000.004
20180415 18533147  !  +    	Folder C:\ubProject\CityPortal\node_modules\@unitybase\ubm\ modified
20180415 18533147  !  +    		ubCommonClasses.TubThreadSafeCache(029ACB08).removeStartsWith
20180415 18533147  !  -    		00.000.000
20180415 18533147  !  -    	00.000.003
20180415 18533147  !  +    	Folder C:\ubProject\CityPortal\_public_only_\ modified
20180415 18533147  !  +    		ubCommonClasses.TubThreadSafeCache(029ACB08).removeStartsWith
20180415 18533147  !  -    		00.000.000
20180415 18533147  !  -    	00.000.004
20180415 18533147  !  +    	Folder C:\ubProject\CityPortal\node_modules\@unitybase\adminui-reg\ modified
20180415 18533147  !  +    		ubCommonClasses.TubThreadSafeCache(029ACB08).removeStartsWith
20180415 18533147  !  -    		00.000.000
20180415 18533147  !  -    	00.000.003
20180415 18533147  !  +    	Folder C:\ubProject\CityPortal\models\requests\ modified
20180415 18533147  !  +    		ubCommonClasses.TubThreadSafeCache(029ACB08).removeStartsWith
20180415 18533147  !  -    		00.000.000
20180415 18533147  !  -    	00.000.003
20180415 18533148  !  +    	ubApp.TubApp(02913EE0).init
20180415 18533148  ! srvr  		Mime converters are disabled
20180415 18533148  !  -    	00.000.003
20180415 18533148  ! srvr  	Enable zip compresison
20180415 18533148  ! srvr  	Send initialization request to http://localhost:888/init
20180415 18533148  "  +    InitializationRequest
20180415 18533148  "  +    	init
20180415 18533148  " srvr  		Start application intialization...
20180415 18533148  " info  		Loading domain...
20180415 18533148  " info  		Loading model "UB" from "C:\ubProject\CityPortal\node_modules\@unitybase\ub\"
20180415 18533148  " info  		Loading model "UBA" from "C:\ubProject\CityPortal\node_modules\@unitybase\uba\"
20180415 18533149  " info  		Loading model "UBS" from "C:\ubProject\CityPortal\node_modules\@unitybase\ubs\"
20180415 18533150  " info  		Loading model "UBM" from "C:\ubProject\CityPortal\node_modules\@unitybase\ubm\"
20180415 18533151  " info  		Loading model "adminui-reg" from "C:\ubProject\CityPortal\node_modules\@unitybase\adminui-reg\"
20180415 18533151  " info  		Loading model "RequestList" from "C:\ubProject\CityPortal\models\requests\"
20180415 18533151  "  +    		ubApp.TubDataStore(0425FEA8).Init
20180415 18533151  "  +    			ubApp.TubApp(02913EE0).DBExecute
20180415 18533151  "  +    				ubApp.TubApp(02913EE0).TubApp.InternalDBExecute
20180415 18533151  "  +    					00856EC2 
20180415 18533151  "  -    					00.008.512
20180415 18533151  " SQL   					ubDBSQLite3ThreadSafe.TubSQLite3Statement(029C6EB0) PRAGMA foreign_keys = ON
20180415 18533151  " SQL   					ubDBSQLite3ThreadSafe.TubSQLite3Statement(029C68B0) SELECT A01.ID,A01.entity,A01.state,A01.attribute,A01.roleName,A01.actions  FROM uba_als A01  ORDER BY A01.entity ASC
20180415 18533151  "  -    				00.008.642
20180415 18533151  "  -    			00.008.675
20180415 18533151  " debug 			Query result for entity "uba_als" into data name "": row count=0
20180415 18533151  "  -    		00.008.699
20180415 18533152  " srvr  		The domain loaded successfully with 3 entities
20180415 18533152  " debug 		Create new JavaScript Engine for thread 41660
20180415 18533202  "  +    		008C234A 
20180415 18533202  "  +    			ubApp.TubDataStore(0759BF00).Init
20180415 18533202  "  +    				ubApp.TubApp(02913EE0).DBExecute
20180415 18533202  "  +    					ubApp.TubApp(02913EE0).TubApp.InternalDBExecute
20180415 18533202  " SQL   						ubDBSQLite3ThreadSafe.TubSQLite3Statement(029C7210) SELECT A01.ID,A01.name,A01.sessionTimeout,A01.allowedAppMethods  FROM uba_role A01 
20180415 18533202  "  -    					00.000.043
20180415 18533202  "  -    				00.000.111
20180415 18533202  " debug 				Query result for entity "uba_role" into data name "": row count=7
20180415 18533202  "  -    			00.000.127
20180415 18533202  "  +    			ubApp.TubDataStore(0759BF78).Init
20180415 18533202  "  +    				ubApp.TubApp(02913EE0).DBExecute
20180415 18533202  "  +    					ubApp.TubApp(02913EE0).TubApp.InternalDBExecute
20180415 18533202  " SQL   						ubDBSQLite3ThreadSafe.TubSQLite3Statement(029C71B0) SELECT A01.ID,A01.entityMask,A01.methodMask,A01.ruleType,A01.ruleRole,A01.disabled,A01.code  FROM uba_els A01 
20180415 18533202  "  -    					00.000.034
20180415 18533202  "  -    				00.000.189
20180415 18533202  " debug 				Query result for entity "uba_els" into data name "": row count=60
20180415 18533202  "  -    			00.000.208
20180415 18533202  "  -    		00.001.677
20180415 18533202  " auth  		New session admin/91885257 created at 127.0.0.1/-216172767618269048 using Mozilla/5.0 (Windows; mORMot 1.18 TWinHTTP)
20180415 18533202  " auth  		New session anonymous/91885256 created at 127.0.0.1/-216172767618269048 using Mozilla/5.0 (Windows; mORMot 1.18 TWinHTTP)
20180415 18533202  "  +    		ubApp.TubDataStore(0759C180).Init
20180415 18533202  "  +    			ubApp.TubApp(02913EE0).DBExecute
20180415 18533202  "  +    				ubApp.TubApp(02913EE0).TubApp.InternalDBExecute
20180415 18533202  " debug 					P1: String(34)	UBA.passwordPolicy.maxDurationDays
20180415 18533202  " SQL   					ubDBSQLite3ThreadSafe.TubSQLite3Statement(029C72D0) select settingValue from ubs_settings where settingKey =?
20180415 18533202  "  -    				00.000.032
20180415 18533202  "  -    			00.000.082
20180415 18533202  " debug 			Query result for entity "ubs_settings" into data name "": row count=1
20180415 18533202  "  -    		00.000.090
20180415 18533202  "  +    		ubApp.TubDataStore(0759C180).Init
20180415 18533202  "  +    			ubApp.TubApp(02913EE0).DBExecute
20180415 18533202  "  +    				ubApp.TubApp(02913EE0).TubApp.InternalDBExecute
20180415 18533202  " debug 					P1: String(37)	UBA.passwordPolicy.maxInvalidAttempts
20180415 18533202  " SQL   					ubDBSQLite3ThreadSafe.TubSQLite3Statement(029C72D0) select settingValue from ubs_settings where settingKey =?
20180415 18533202  "  -    				00.000.006
20180415 18533202  "  -    			00.000.022
20180415 18533202  " debug 			Query result for entity "ubs_settings" into data name "": row count=1
20180415 18533202  "  -    		00.000.027
20180415 18533202  "  -    	00.259.453
20180415 18533202  "  -    00.259.469
20180415 18533202  ! srvr  	ubServer.TubServer(042C74E8) {"THttpApiServer(028DA990)":{"Cloned":false,"RegisteredUrl":"http://+:888/","HTTPQueueLength":1000,"MaxBandwidth":-1,"MaxConnections":-1,"APIVersion":"HTTP API 2.0","ServerName":"UnityBase","ProcessName":""}} initialized
20180415 18533202  !  -    00.268.613
20180415 18533202  "  +    getAppInfo
20180415 18533202  " http  	127.0.0.1 -> GET getAppInfo
20180415 18533202  " call  	endpoint getAppInfo
20180415 18533202  " http  	127.0.0.1 <- 200
20180415 18533202  "  -    00.000.628
20180415 18533203  #  +    auth?AUTHTYPE=UB&userName=admin
20180415 18533203  # http  	127.0.0.1 -> GET auth?AUTHTYPE=UB&userName=admin
20180415 18533203  # debug 	Create new JavaScript Engine for thread 41868
20180415 18533217  # call  	endpoint auth
20180415 18533218  # http  	127.0.0.1 <- 200
20180415 18533218  #  -    00.229.820
20180415 18533218  $  +    auth?AUTHTYPE=UB&clientNonce=59d33b79aa5a29093ecfe5f184a625886a9c29a0ff714aeb05e9d2c7ebcc7305&password=f078ea6d9b258aa4d1a34664f3bef07ff1cf783f2af6bb0d8c272f32d7c1bc80&userName=admin
20180415 18533218  $ http  	127.0.0.1 -> GET auth?AUTHTYPE=UB&clientNonce=59d33b79aa5a29093ecfe5f184a625886a9c29a0ff714aeb05e9d2c7ebcc7305&password=f078ea6d9b258aa4d1a34664f3bef07ff1cf783f2af6bb0d8c272f32d7c1bc80&userName=admin
20180415 18533218  $ debug 	Create new JavaScript Engine for thread 42064
20180415 18533230  $ call  	endpoint auth
20180415 18533230  $  +    	ubApp.TubDataStore(075A1400).Init
20180415 18533230  $  +    		ubApp.TubApp(02913EE0).DBExecute
20180415 18533230  $  +    			ubApp.TubApp(02913EE0).TubApp.InternalDBExecute
20180415 18533230  $  +    				00856EC2 
20180415 18533230  $  -    				00.002.167
20180415 18533230  $ SQL   				ubDBSQLite3ThreadSafe.TubSQLite3Statement(029C8050) PRAGMA foreign_keys = ON
20180415 18533230  $ debug 				P1: String(5)	admin
20180415 18533230  $ SQL   				ubDBSQLite3ThreadSafe.TubSQLite3Statement(029C79F0) select id, name, uPasswordHashHexa, uData, isPending, trustedIP from UBA_USER where name=? and disabled=0
20180415 18533230  $  -    			00.002.230
20180415 18533230  $  -    		00.002.283
20180415 18533230  $ debug 		Query result for entity "uba_user" into data name "": row count=1
20180415 18533230  $  -    	00.002.300
20180415 18533230  $  +    	ubApp.TubDataStore(075A1400).Init
20180415 18533230  $  +    		ubApp.TubApp(02913EE0).DBExecute
20180415 18533230  $  +    			ubApp.TubApp(02913EE0).TubApp.InternalDBExecute
20180415 18533230  $ debug 				P1: Int64		10
20180415 18533230  $ SQL   				ubDBSQLite3ThreadSafe.TubSQLite3Statement(029C8050) SELECT lastPasswordChangeDate FROM uba_user WHERE id=?
20180415 18533230  $  -    			00.000.018
20180415 18533230  $  -    		00.000.042
20180415 18533230  $ debug 		Query result for entity "uba_user" into data name "__expireDate": row count=1
20180415 18533230  $  -    	00.000.049
20180415 18533230  $  +    	ubApp.TubDataStore(07E8EBF8).Init
20180415 18533230  $  +    		ubApp.TubApp(02913EE0).DBExecute
20180415 18533230  $  +    			ubApp.TubApp(02913EE0).TubApp.InternalDBExecute
20180415 18533230  $ debug 				P1: Int64		10
20180415 18533230  $ SQL   				ubDBSQLite3ThreadSafe.TubSQLite3Statement(029C8110) SELECT A01.roleID,A02.name,A02.description  FROM uba_userrole A01  INNER JOIN uba_role A02 ON A02.ID=A01.roleID  WHERE A01.userID=?
20180415 18533230  $  -    			00.000.038
20180415 18533230  $  -    		00.000.077
20180415 18533230  $ debug 		Query result for entity "uba_userrole" into data name "": row count=1
20180415 18533230  $  -    	00.000.085
20180415 18533230  $ auth  	New session admin/91885259 created at 127.0.0.1/-216172767618269048 using Mozilla/5.0 (Windows; mORMot 1.18 TWinHTTP)
20180415 18533230  $  +    	ubMixinClasses.TubStorageMixin(029642C0).MixinMethod
20180415 18533230  $ debug 		uba_user.select(TubStorageMixin)
20180415 18533230  $  +    		ubApp.TubDataStore(07E8EBF8).Init
20180415 18533230  $  +    			ubApp.TubApp(02913EE0).DBExecute
20180415 18533230  $  +    				ubApp.TubApp(02913EE0).TubApp.InternalDBExecute
20180415 18533230  $ debug 					P1: Int64		10
20180415 18533230  $ SQL   					ubDBSQLite3ThreadSafe.TubSQLite3Statement(029C8230) SELECT A01.name  FROM uba_user A01  WHERE A01.ID=?
20180415 18533230  $  -    				00.000.045
20180415 18533230  $  -    			00.000.089
20180415 18533230  $ debug 			Query result for entity "uba_user" into data name "": row count=1
20180415 18533230  $  -    		00.000.098
20180415 18533230  $  -    	00.000.182
20180415 18533233  $  +    	ubMixinClasses.TubStorageMixin(029642C0).MixinMethod
20180415 18533233  $ debug 		uba_advSecurity.select(TubStorageMixin)
20180415 18533233  $  +    		ubApp.TubDataStore(07E8EBF8).Init
20180415 18533233  $  +    			ubApp.TubApp(02913EE0).DBExecute
20180415 18533233  $  +    				ubApp.TubApp(02913EE0).TubApp.InternalDBExecute
20180415 18533233  $ debug 					P1: Int64		10
20180415 18533233  $ SQL   					ubDBSQLite3ThreadSafe.TubSQLite3Statement(029C8290) SELECT A01.ID,A01.allowedIP,A01.refreshIP,A01.fp,A01.refreshFp,A01.keyMediaName,A01.refreshKeyMedia,A01.mi_modifyDate  FROM uba_advSecurity A01  WHERE A01.userID=?
20180415 18533233  $  -    				00.000.082
20180415 18533233  $  -    			00.000.155
20180415 18533233  $ debug 			Query result for entity "uba_advSecurity" into data name "": row count=0
20180415 18533233  $  -    		00.000.169
20180415 18533233  $  -    	00.000.592
20180415 18533233  $  +    	ubMixinClasses.TubStorageMixin(029642C0).MixinMethod
20180415 18533233  $ debug 		uba_userrole.select(TubStorageMixin)
20180415 18533233  $  +    		ubApp.TubDataStore(07E8EBF8).Init
20180415 18533233  $  +    			ubApp.TubApp(02913EE0).DBExecute
20180415 18533233  $  +    				ubApp.TubApp(02913EE0).TubApp.InternalDBExecute
20180415 18533233  $ debug 					P1: Int64		10
20180415 18533233  $ SQL   					ubDBSQLite3ThreadSafe.TubSQLite3Statement(029C82F0) SELECT A01.ID,A02.name,A01.roleID  FROM uba_userrole A01  INNER JOIN uba_role A02 ON A02.ID=A01.roleID  WHERE A01.userID=?
20180415 18533233  $  -    				00.000.065
20180415 18533233  $  -    			00.000.141
20180415 18533233  $ debug 			Query result for entity "uba_userrole" into data name "": row count=1
20180415 18533233  $  -    		00.000.151
20180415 18533233  $  -    	00.000.241
20180415 18533233  $  +    	ubMixinClasses.TubStorageMixin(029642C0).MixinMethod
20180415 18533233  $ debug 		uba_audit.beforeinsert(TubStorageMixin)
20180415 18533233  $  -    	00.000.009
20180415 18533233  $  +    	ubMixinClasses.TubStorageMixin(029642C0).MixinMethod
20180415 18533233  $ debug 		uba_audit.insert(TubStorageMixin)
20180415 18533233  $  +    		ubApp.TubDataStore(075A11F8).TubDataStore.ExecuteInsertFromList
20180415 18533233  $  +    			ubApp.TubDataStore(075A11F8).TubDataStore.ExecuteInsertFromSQL
20180415 18533233  $  +    				ubApp.TubApp(02913EE0).DBExecute
20180415 18533233  $  +    					ubApp.TubApp(02913EE0).TubApp.InternalDBExecute
20180415 18533233  $ debug 						P1: String(8)	uba_user
20180415 18533233  $ debug 						P2: Int64		10
20180415 18533233  $ debug 						P3: String(5)	LOGIN
20180415 18533233  $ debug 						P4: Int64		10
20180415 18533233  $ debug 						P5: DateTime	2018-04-15T18:53:32
20180415 18533233  $ debug 						P6: String(9)	127.0.0.1
20180415 18533233  $ debug 						P7: String(5)	admin
20180415 18533233  $ debug 						P8: String(0)	
20180415 18533233  $ debug 						P9: Int64		335786245128193
20180415 18533233  $ debug 						P10: String(313..)	Cache-Control: no-cache  Connection: Keep-Alive  Pragma: no-cache  Accept: */*  Accept-Encoding: gzi...
20180415 18533233  $ DB    						StartTransaction for connection "main"
20180415 18533233  $ SQL   						ubDBSQLite3ThreadSafe.TubSQLite3Statement(029C83B0) INSERT INTO uba_audit (entity,entityinfo_id,actionType,actionUser,actionTime,remoteIP,targetUser,targetRole,ID,fromValue) VALUES (?,?,?,?,?,?,?,?,?,?)
20180415 18533233  $  -    					00.000.164
20180415 18533233  $  -    				00.000.166
20180415 18533233  $  -    			00.000.254
20180415 18533233  $  -    		00.000.265
20180415 18533233  $  -    	00.000.269
20180415 18533233  $  +    	ubMixinClasses.TubStorageMixin(029642C0).MixinMethod
20180415 18533233  $ debug 		uba_audit.afterinsert(TubStorageMixin)
20180415 18533233  $  -    	00.000.004
20180415 18533233  $ DB    	Commit connection "main"
20180415 18533233  $ http  	127.0.0.1 <- 200
20180415 18533233  $  -    00.245.774
20180415 18533233  %  +    ubql
20180415 18533233  % http  	127.0.0.1 -> POST ubql
20180415 18533233  % http  	[{"entity":"ubm_desktop","method":"select","fieldList":["ID"],"options":{"limit":1},"whereList":{"lookup":{"expression":"code","condition":"equal","values":{"code":"CityReq_desktop"}}}}]
20180415 18533233  % debug 	Create new JavaScript Engine for thread 42712
20180415 18533246  % auth  	admin/91885259
20180415 18533246  % call  	endpoint ubql
20180415 18533246  %  +    	ubMixinClasses.TubRLSMixin(02964E20).MixinMethod
20180415 18533246  % debug 		ubm_desktop.select(TubRLSMixin)
20180415 18533246  % debug 		Prepare RLS expression for ubm_desktop
20180415 18533246  %  +    		ubApp.TubDataStore(07E7E928).Init
20180415 18533246  %  +    			ubApp.TubApp(02913EE0).DBExecute
20180415 18533246  %  +    				ubApp.TubApp(02913EE0).TubApp.InternalDBExecute
20180415 18533246  %  +    					00856EC2 
20180415 18533246  %  -    					00.002.495
20180415 18533246  % SQL   					ubDBSQLite3ThreadSafe.TubSQLite3Statement(029C8DD0) PRAGMA foreign_keys = ON
20180415 18533246  % SQL   					ubDBSQLite3ThreadSafe.TubSQLite3Statement(029C8770) select ID, name FROM uba_role
20180415 18533246  %  -    				00.002.546
20180415 18533246  %  -    			00.002.601
20180415 18533246  % debug 			Query result for entity "uba_role" into data name "": row count=7
20180415 18533246  %  -    		00.002.613
20180415 18533246  %  -    	00.003.797
20180415 18533246  %  +    	ubMixinClasses.TubStorageMixin(029642C0).MixinMethod
20180415 18533246  % debug 		ubm_desktop.select(TubStorageMixin)
20180415 18533246  %  +    		ubApp.TubDataStore(07E7E810).Init
20180415 18533246  %  +    			ubApp.TubApp(02913EE0).DBExecute
20180415 18533246  %  +    				ubApp.TubApp(02913EE0).TubApp.InternalDBExecute
20180415 18533246  % debug 					P1: String(15)	CityReq_desktop
20180415 18533246  % debug 					P2: Int64		10
20180415 18533246  % debug 					P3: Int64		10
20180415 18533246  % debug 					P4: DateTime	9999-12-31T00:00:00
20180415 18533246  % SQL   					ubDBSQLite3ThreadSafe.TubSQLite3Statement(029C8E90) SELECT A01.ID  FROM ubm_desktop A01  WHERE code=? AND (( A01.mi_owner = ? ) OR (1=1) OR exists (select 1 from ubm_desktop_adm admsubtable where admsubtable.instanceID = A01.ID and admsubtable.admSubjID in (select ur.RoleID from uba_userrole ur where ur.UserID = ? union select 10))) AND A01.mi_deleteDate=? LIMIT 1 OFFSET 0 
20180415 18533246  %  -    				00.000.117
20180415 18533246  %  -    			00.000.220
20180415 18533246  % debug 			Query result for entity "ubm_desktop" into data name "": row count=1
20180415 18533246  %  -    		00.000.233
20180415 18533246  %  -    	00.000.349
20180415 18533246  % http  	127.0.0.1 <- 200
20180415 18533246  %  -    00.208.394
20180415 18533246  &  +    ubql
20180415 18533246  & http  	127.0.0.1 -> POST ubql
20180415 18533246  & http  	[{"entity":"ubm_navshortcut","method":"select","fieldList":["ID"],"options":{"limit":1},"whereList":{"lookup":{"expression":"code","condition":"equal","values":{"code":"req_departments_folder"}}}}]
20180415 18533246  & debug 	Create new JavaScript Engine for thread 42700
20180415 18533260  & auth  	admin/91885259
20180415 18533260  & call  	endpoint ubql
20180415 18533260  &  +    	ubMixinClasses.TubRLSMixin(02964E20).MixinMethod
20180415 18533260  & debug 		ubm_navshortcut.select(TubRLSMixin)
20180415 18533260  & debug 		Prepare RLS expression for ubm_navshortcut
20180415 18533260  &  +    		ubApp.TubDataStore(07DFFAC8).Init
20180415 18533260  &  +    			ubApp.TubApp(02913EE0).DBExecute
20180415 18533260  &  +    				ubApp.TubApp(02913EE0).TubApp.InternalDBExecute
20180415 18533260  &  +    					00856EC2 
20180415 18533260  &  -    					00.002.250
20180415 18533260  & SQL   					ubDBSQLite3ThreadSafe.TubSQLite3Statement(029C9790) PRAGMA foreign_keys = ON
20180415 18533260  & SQL   					ubDBSQLite3ThreadSafe.TubSQLite3Statement(029C9130) select ID, name FROM uba_role
20180415 18533260  &  -    				00.002.282
20180415 18533260  &  -    			00.002.315
20180415 18533260  & debug 			Query result for entity "uba_role" into data name "": row count=7
20180415 18533260  &  -    		00.002.328
20180415 18533260  &  -    	00.003.334
20180415 18533260  &  +    	ubMixinClasses.TubStorageMixin(029642C0).MixinMethod
20180415 18533260  & debug 		ubm_navshortcut.select(TubStorageMixin)
20180415 18533260  &  +    		ubApp.TubDataStore(07DFFA00).Init
20180415 18533260  &  +    			ubApp.TubApp(02913EE0).DBExecute
20180415 18533260  &  +    				ubApp.TubApp(02913EE0).TubApp.InternalDBExecute
20180415 18533260  & debug 					P1: String(22)	req_departments_folder
20180415 18533260  & debug 					P2: Int64		10
20180415 18533260  & debug 					P3: Int64		10
20180415 18533260  & debug 					P4: DateTime	9999-12-31T00:00:00
20180415 18533260  & SQL   					ubDBSQLite3ThreadSafe.TubSQLite3Statement(029C9850) SELECT A01.ID  FROM ubm_navshortcut A01  WHERE code=? AND (( A01.mi_owner = ? ) OR                (1=1) OR                              exists (select 1 from ubm_navshortcut_adm admsubtable where admsubtable.instanceID = A01.ID and admsubtable.admSubjID in (select ur.RoleID from uba_userrole ur where ur.UserID = ? union select 10))) AND A01.mi_deleteDate=? LIMIT 1 OFFSET 0 
20180415 18533260  &  -    				00.000.085
20180415 18533260  &  -    			00.000.178
20180415 18533260  & debug 			Query result for entity "ubm_navshortcut" into data name "": row count=1
20180415 18533260  &  -    		00.000.191
20180415 18533260  &  -    	00.000.301
20180415 18533260  & http  	127.0.0.1 <- 200
20180415 18533260  &  -    00.227.404
20180415 18533260  '  +    ubql
20180415 18533260  ' http  	127.0.0.1 -> POST ubql
20180415 18533260  ' http  	[{"entity":"ubm_navshortcut","method":"select","fieldList":["ID"],"options":{"limit":1},"whereList":{"lookup":{"expression":"code","condition":"equal","values":{"code":"req_depart"}}}}]
20180415 18533260  ' debug 	Create new JavaScript Engine for thread 38632
20180415 18533311  ' auth  	admin/91885259
20180415 18533311  ' call  	endpoint ubql
20180415 18533311  '  +    	ubMixinClasses.TubRLSMixin(02964E20).MixinMethod
20180415 18533311  ' debug 		ubm_navshortcut.select(TubRLSMixin)
20180415 18533311  ' debug 		Prepare RLS expression for ubm_navshortcut
20180415 18533311  '  +    		ubApp.TubDataStore(07D51FC0).Init
20180415 18533311  '  +    			ubApp.TubApp(02913EE0).DBExecute
20180415 18533311  '  +    				ubApp.TubApp(02913EE0).TubApp.InternalDBExecute
20180415 18533311  '  +    					00856EC2 
20180415 18533311  '  -    					00.002.226
20180415 18533311  ' SQL   					ubDBSQLite3ThreadSafe.TubSQLite3Statement(029CA1B0) PRAGMA foreign_keys = ON
20180415 18533311  ' SQL   					ubDBSQLite3ThreadSafe.TubSQLite3Statement(029C9B50) select ID, name FROM uba_role
20180415 18533311  '  -    				00.002.257
20180415 18533311  '  -    			00.002.293
20180415 18533311  ' debug 			Query result for entity "uba_role" into data name "": row count=7
20180415 18533311  '  -    		00.002.322
20180415 18533311  '  -    	00.003.135
20180415 18533311  '  +    	ubMixinClasses.TubStorageMixin(029642C0).MixinMethod
20180415 18533311  ' debug 		ubm_navshortcut.select(TubStorageMixin)
20180415 18533311  '  +    		ubApp.TubDataStore(07D51EF8).Init
20180415 18533311  '  +    			ubApp.TubApp(02913EE0).DBExecute
20180415 18533311  '  +    				ubApp.TubApp(02913EE0).TubApp.InternalDBExecute
20180415 18533311  ' debug 					P1: String(10)	req_depart
20180415 18533311  ' debug 					P2: Int64		10
20180415 18533311  ' debug 					P3: Int64		10
20180415 18533311  ' debug 					P4: DateTime	9999-12-31T00:00:00
20180415 18533311  ' SQL   					ubDBSQLite3ThreadSafe.TubSQLite3Statement(029CA270) SELECT A01.ID  FROM ubm_navshortcut A01  WHERE code=? AND (( A01.mi_owner = ? ) OR                (1=1) OR                              exists (select 1 from ubm_navshortcut_adm admsubtable where admsubtable.instanceID = A01.ID and admsubtable.admSubjID in (select ur.RoleID from uba_userrole ur where ur.UserID = ? union select 10))) AND A01.mi_deleteDate=? LIMIT 1 OFFSET 0 
20180415 18533311  '  -    				00.000.087
20180415 18533311  '  -    			00.000.159
20180415 18533311  ' debug 			Query result for entity "ubm_navshortcut" into data name "": row count=1
20180415 18533311  '  -    		00.000.173
20180415 18533311  '  -    	00.000.299
20180415 18533311  ' http  	127.0.0.1 <- 200
20180415 18533311  '  -    00.206.867
20180415 18533311  (  +    ubql
20180415 18533311  ( http  	127.0.0.1 -> POST ubql
20180415 18533311  ( http  	[{"entity":"ubm_navshortcut","method":"select","fieldList":["ID"],"options":{"limit":1},"whereList":{"lookup":{"expression":"code","condition":"equal","values":{"code":"req_subDepart"}}}}]
20180415 18533311  ( debug 	Create new JavaScript Engine for thread 42716
20180415 18533324  ( auth  	admin/91885259
20180415 18533324  ( call  	endpoint ubql
20180415 18533324  (  +    	ubMixinClasses.TubRLSMixin(02964E20).MixinMethod
20180415 18533324  ( debug 		ubm_navshortcut.select(TubRLSMixin)
20180415 18533324  ( debug 		Prepare RLS expression for ubm_navshortcut
20180415 18533324  (  +    		ubApp.TubDataStore(07D562C8).Init
20180415 18533324  (  +    			ubApp.TubApp(02913EE0).DBExecute
20180415 18533324  (  +    				ubApp.TubApp(02913EE0).TubApp.InternalDBExecute
20180415 18533324  (  +    					00856EC2 
20180415 18533324  (  -    					00.002.176
20180415 18533324  ( SQL   					ubDBSQLite3ThreadSafe.TubSQLite3Statement(029CAB70) PRAGMA foreign_keys = ON
20180415 18533324  ( SQL   					ubDBSQLite3ThreadSafe.TubSQLite3Statement(029CA510) select ID, name FROM uba_role
20180415 18533324  (  -    				00.002.205
20180415 18533324  (  -    			00.002.260
20180415 18533324  ( debug 			Query result for entity "uba_role" into data name "": row count=7
20180415 18533324  (  -    		00.002.270
20180415 18533324  (  -    	00.003.049
20180415 18533324  (  +    	ubMixinClasses.TubStorageMixin(029642C0).MixinMethod
20180415 18533324  ( debug 		ubm_navshortcut.select(TubStorageMixin)
20180415 18533324  (  +    		ubApp.TubDataStore(07D56200).Init
20180415 18533324  (  +    			ubApp.TubApp(02913EE0).DBExecute
20180415 18533324  (  +    				ubApp.TubApp(02913EE0).TubApp.InternalDBExecute
20180415 18533324  ( debug 					P1: String(13)	req_subDepart
20180415 18533324  ( debug 					P2: Int64		10
20180415 18533324  ( debug 					P3: Int64		10
20180415 18533324  ( debug 					P4: DateTime	9999-12-31T00:00:00
20180415 18533324  ( SQL   					ubDBSQLite3ThreadSafe.TubSQLite3Statement(029CAC30) SELECT A01.ID  FROM ubm_navshortcut A01  WHERE code=? AND (( A01.mi_owner = ? ) OR                (1=1) OR                              exists (select 1 from ubm_navshortcut_adm admsubtable where admsubtable.instanceID = A01.ID and admsubtable.admSubjID in (select ur.RoleID from uba_userrole ur where ur.UserID = ? union select 10))) AND A01.mi_deleteDate=? LIMIT 1 OFFSET 0 
20180415 18533324  (  -    				00.000.082
20180415 18533324  (  -    			00.000.164
20180415 18533324  ( debug 			Query result for entity "ubm_navshortcut" into data name "": row count=1
20180415 18533324  (  -    		00.000.175
20180415 18533324  (  -    	00.000.284
20180415 18533324  ( http  	127.0.0.1 <- 200
20180415 18533324  (  -    00.208.463
20180415 18533324  )  +    ubql
20180415 18533324  ) http  	127.0.0.1 -> POST ubql
20180415 18533324  ) http  	[{"entity":"ubm_navshortcut","method":"select","fieldList":["ID"],"options":{"limit":1},"whereList":{"lookup":{"expression":"code","condition":"equal","values":{"code":"req_reqList"}}}}]
20180415 18533324  ) debug 	Create new JavaScript Engine for thread 32160
20180415 18533337  ) auth  	admin/91885259
20180415 18533337  ) call  	endpoint ubql
20180415 18533337  )  +    	ubMixinClasses.TubRLSMixin(02964E20).MixinMethod
20180415 18533337  ) debug 		ubm_navshortcut.select(TubRLSMixin)
20180415 18533337  ) debug 		Prepare RLS expression for ubm_navshortcut
20180415 18533337  )  +    		ubApp.TubDataStore(0D35C080).Init
20180415 18533337  )  +    			ubApp.TubApp(02913EE0).DBExecute
20180415 18533337  )  +    				ubApp.TubApp(02913EE0).TubApp.InternalDBExecute
20180415 18533337  )  +    					00856EC2 
20180415 18533337  )  -    					00.002.461
20180415 18533337  ) SQL   					ubDBSQLite3ThreadSafe.TubSQLite3Statement(029CB530) PRAGMA foreign_keys = ON
20180415 18533337  ) SQL   					ubDBSQLite3ThreadSafe.TubSQLite3Statement(029CAED0) select ID, name FROM uba_role
20180415 18533337  )  -    				00.002.538
20180415 18533337  )  -    			00.002.578
20180415 18533337  ) debug 			Query result for entity "uba_role" into data name "": row count=7
20180415 18533337  )  -    		00.002.588
20180415 18533337  )  -    	00.003.413
20180415 18533337  )  +    	ubMixinClasses.TubStorageMixin(029642C0).MixinMethod
20180415 18533337  ) debug 		ubm_navshortcut.select(TubStorageMixin)
20180415 18533337  )  +    		ubApp.TubDataStore(0D35BFB8).Init
20180415 18533337  )  +    			ubApp.TubApp(02913EE0).DBExecute
20180415 18533337  )  +    				ubApp.TubApp(02913EE0).TubApp.InternalDBExecute
20180415 18533337  ) debug 					P1: String(11)	req_reqList
20180415 18533337  ) debug 					P2: Int64		10
20180415 18533337  ) debug 					P3: Int64		10
20180415 18533337  ) debug 					P4: DateTime	9999-12-31T00:00:00
20180415 18533337  ) SQL   					ubDBSQLite3ThreadSafe.TubSQLite3Statement(029CB5F0) SELECT A01.ID  FROM ubm_navshortcut A01  WHERE code=? AND (( A01.mi_owner = ? ) OR                (1=1) OR                              exists (select 1 from ubm_navshortcut_adm admsubtable where admsubtable.instanceID = A01.ID and admsubtable.admSubjID in (select ur.RoleID from uba_userrole ur where ur.UserID = ? union select 10))) AND A01.mi_deleteDate=? LIMIT 1 OFFSET 0 
20180415 18533337  )  -    				00.000.095
20180415 18533337  )  -    			00.000.175
20180415 18533337  ) debug 			Query result for entity "ubm_navshortcut" into data name "": row count=1
20180415 18533337  )  -    		00.000.191
20180415 18533337  )  -    	00.000.304
20180415 18533337  ) http  	127.0.0.1 <- 200
20180415 18533337  )  -    00.204.896
20180415 18533342  "  +    ubql
20180415 18533342  " http  	127.0.0.1 -> POST ubql
20180415 18533342  " http  	[{"entity":"ubm_enum","method":"select","fieldList":["code"],"options":{"limit":1},"whereList":{"c1":{"expression":"[code]","condition":"equal","values":{"c1":"NEW"}}}}]
20180415 18533342  " auth  	admin/91885259
20180415 18533342  " call  	endpoint ubql
20180415 18533342  "  +    	ubMixinClasses.TubStorageMixin(029642C0).MixinMethod
20180415 18533342  " debug 		ubm_enum.select(TubStorageMixin)
20180415 18533342  "  +    		ubApp.TubDataStore(0D35BE50).Init
20180415 18533342  "  +    			ubApp.TubApp(02913EE0).DBExecute
20180415 18533342  "  +    				ubApp.TubApp(02913EE0).TubApp.InternalDBExecute
20180415 18533342  " debug 					P1: String(3)	NEW
20180415 18533342  " debug 					P2: DateTime	9999-12-31T00:00:00
20180415 18533342  " SQL   					ubDBSQLite3ThreadSafe.TubSQLite3Statement(029CB6B0) SELECT A01.code  FROM ubm_enum A01  WHERE A01.code=? AND A01.mi_deleteDate=? LIMIT 1 OFFSET 0 
20180415 18533342  "  -    				00.000.071
20180415 18533342  "  -    			00.000.179
20180415 18533342  " debug 			Query result for entity "ubm_enum" into data name "": row count=1
20180415 18533342  "  -    		00.000.190
20180415 18533342  "  -    	00.000.336
20180415 18533342  " http  	127.0.0.1 <- 200
20180415 18533342  "  -    00.000.690
20180415 18533342  #  +    ubql
20180415 18533342  # http  	127.0.0.1 -> POST ubql
20180415 18533342  # http  	[{"entity":"ubm_enum","method":"select","fieldList":["code"],"options":{"limit":1},"whereList":{"c1":{"expression":"[code]","condition":"equal","values":{"c1":"PROCESSED"}}}}]
20180415 18533342  # auth  	admin/91885259
20180415 18533342  # call  	endpoint ubql
20180415 18533342  #  +    	ubMixinClasses.TubStorageMixin(029642C0).MixinMethod
20180415 18533342  # debug 		ubm_enum.select(TubStorageMixin)
20180415 18533342  #  +    		ubApp.TubDataStore(0D35BE78).Init
20180415 18533342  #  +    			ubApp.TubApp(02913EE0).DBExecute
20180415 18533342  #  +    				ubApp.TubApp(02913EE0).TubApp.InternalDBExecute
20180415 18533342  #  +    					00856EC2 
20180415 18533342  #  -    					00.002.229
20180415 18533342  # SQL   					ubDBSQLite3ThreadSafe.TubSQLite3Statement(029CBD70) PRAGMA foreign_keys = ON
20180415 18533342  # debug 					P1: String(9)	PROCESSED
20180415 18533342  # debug 					P2: DateTime	9999-12-31T00:00:00
20180415 18533342  # SQL   					ubDBSQLite3ThreadSafe.TubSQLite3Statement(029CB770) SELECT A01.code  FROM ubm_enum A01  WHERE A01.code=? AND A01.mi_deleteDate=? LIMIT 1 OFFSET 0 
20180415 18533342  #  -    				00.002.352
20180415 18533342  #  -    			00.002.388
20180415 18533342  # debug 			Query result for entity "ubm_enum" into data name "": row count=1
20180415 18533342  #  -    		00.002.401
20180415 18533342  #  -    	00.002.499
20180415 18533342  # http  	127.0.0.1 <- 200
20180415 18533342  #  -    00.002.874
20180415 18533342  $  +    ubql
20180415 18533342  $ http  	127.0.0.1 -> POST ubql
20180415 18533342  $ http  	[{"entity":"ubm_enum","method":"select","fieldList":["code"],"options":{"limit":1},"whereList":{"c1":{"expression":"[code]","condition":"equal","values":{"c1":"REJECTED"}}}}]
20180415 18533342  $ auth  	admin/91885259
20180415 18533342  $ call  	endpoint ubql
20180415 18533342  $  +    	ubMixinClasses.TubStorageMixin(029642C0).MixinMethod
20180415 18533342  $ debug 		ubm_enum.select(TubStorageMixin)
20180415 18533342  $  +    		ubApp.TubDataStore(0D35C058).Init
20180415 18533342  $  +    			ubApp.TubApp(02913EE0).DBExecute
20180415 18533342  $  +    				ubApp.TubApp(02913EE0).TubApp.InternalDBExecute
20180415 18533342  $ debug 					P1: String(8)	REJECTED
20180415 18533342  $ debug 					P2: DateTime	9999-12-31T00:00:00
20180415 18533342  $ SQL   					ubDBSQLite3ThreadSafe.TubSQLite3Statement(029CBDD0) SELECT A01.code  FROM ubm_enum A01  WHERE A01.code=? AND A01.mi_deleteDate=? LIMIT 1 OFFSET 0 
20180415 18533342  $  -    				00.000.058
20180415 18533342  $  -    			00.000.150
20180415 18533342  $ debug 			Query result for entity "ubm_enum" into data name "": row count=1
20180415 18533342  $  -    		00.000.160
20180415 18533342  $  -    	00.000.240
20180415 18533342  $ http  	127.0.0.1 <- 200
20180415 18533342  $  -    00.000.530
20180415 18533342  %  +    ubql
20180415 18533342  % http  	127.0.0.1 -> POST ubql
20180415 18533342  % http  	[{"entity":"ubm_enum","method":"select","fieldList":["code"],"options":{"limit":1},"whereList":{"c1":{"expression":"[code]","condition":"equal","values":{"c1":"CLOSED"}}}}]
20180415 18533342  % auth  	admin/91885259
20180415 18533342  % call  	endpoint ubql
20180415 18533342  %  +    	ubMixinClasses.TubStorageMixin(029642C0).MixinMethod
20180415 18533342  % debug 		ubm_enum.select(TubStorageMixin)
20180415 18533342  %  +    		ubApp.TubDataStore(0D35BFB8).Init
20180415 18533342  %  +    			ubApp.TubApp(02913EE0).DBExecute
20180415 18533342  %  +    				ubApp.TubApp(02913EE0).TubApp.InternalDBExecute
20180415 18533342  % debug 					P1: String(6)	CLOSED
20180415 18533342  % debug 					P2: DateTime	9999-12-31T00:00:00
20180415 18533342  % SQL   					ubDBSQLite3ThreadSafe.TubSQLite3Statement(029CBD70) SELECT A01.code  FROM ubm_enum A01  WHERE A01.code=? AND A01.mi_deleteDate=? LIMIT 1 OFFSET 0 
20180415 18533342  %  -    				00.000.053
20180415 18533342  %  -    			00.000.143
20180415 18533342  % debug 			Query result for entity "ubm_enum" into data name "": row count=1
20180415 18533342  %  -    		00.000.153
20180415 18533342  %  -    	00.000.230
20180415 18533342  % http  	127.0.0.1 <- 200
20180415 18533342  %  -    00.000.492
20180415 18533343  &  +    ubql
20180415 18533343  & http  	127.0.0.1 -> POST ubql
20180415 18533343  & http  	[{"entity":"req_depart","method":"select","fieldList":["ID"],"options":{"limit":1},"whereList":{"c1":{"expression":"[name]","condition":"equal","values":{"c1":"Departments of health"}}}}]
20180415 18533343  & auth  	admin/91885259
20180415 18533343  & call  	endpoint ubql
20180415 18533343  &  +    	ubMixinClasses.TubStorageMixin(029642C0).MixinMethod
20180415 18533343  & debug 		req_depart.select(TubStorageMixin)
20180415 18533343  &  +    		ubApp.TubDataStore(0D35C030).Init
20180415 18533343  &  +    			ubApp.TubApp(02913EE0).DBExecute
20180415 18533343  &  +    				ubApp.TubApp(02913EE0).TubApp.InternalDBExecute
20180415 18533343  & debug 					P1: String(21)	Departments of health
20180415 18533343  & SQL   					ubDBSQLite3ThreadSafe.TubSQLite3Statement(029CB590) SELECT A01.ID  FROM req_depart A01  WHERE A01.name=? LIMIT 1 OFFSET 0 
20180415 18533343  &  -    				00.000.045
20180415 18533343  &  -    			00.000.155
20180415 18533343  & debug 			Query result for entity "req_depart" into data name "": row count=1
20180415 18533343  &  -    		00.000.166
20180415 18533343  &  -    	00.000.246
20180415 18533343  & http  	127.0.0.1 <- 200
20180415 18533343  &  -    00.000.561
20180415 18533343  '  +    ubql
20180415 18533343  ' http  	127.0.0.1 -> POST ubql
20180415 18533343  ' http  	[{"entity":"req_depart","method":"select","fieldList":["ID"],"options":{"limit":1},"whereList":{"c1":{"expression":"[name]","condition":"equal","values":{"c1":"Departments of education"}}}}]
20180415 18533343  ' auth  	admin/91885259
20180415 18533343  ' call  	endpoint ubql
20180415 18533343  '  +    	ubMixinClasses.TubStorageMixin(029642C0).MixinMethod
20180415 18533343  ' debug 		req_depart.select(TubStorageMixin)
20180415 18533343  '  +    		ubApp.TubDataStore(0D35BFB8).Init
20180415 18533343  '  +    			ubApp.TubApp(02913EE0).DBExecute
20180415 18533343  '  +    				ubApp.TubApp(02913EE0).TubApp.InternalDBExecute
20180415 18533343  ' debug 					P1: String(24)	Departments of education
20180415 18533343  ' SQL   					ubDBSQLite3ThreadSafe.TubSQLite3Statement(029CBE30) SELECT A01.ID  FROM req_depart A01  WHERE A01.name=? LIMIT 1 OFFSET 0 
20180415 18533343  '  -    				00.000.042
20180415 18533343  '  -    			00.000.119
20180415 18533343  ' debug 			Query result for entity "req_depart" into data name "": row count=1
20180415 18533343  '  -    		00.000.128
20180415 18533343  '  -    	00.000.205
20180415 18533343  ' http  	127.0.0.1 <- 200
20180415 18533343  '  -    00.000.478
20180415 18533350  ! info  ubApp.TubApp(02913EE0) {   "ClientsCurrent": 1,   "ClientsMax": 1,   "Invalid": 0,   "Responses": 14,   "Modified": 0,   "IncomingBytes": 6883,   "OutcomingBytes": 3205,   "OutcomingFiles": 0,   "ServiceCalls": 14,   "ProcessTime": "1.53s"  }
