c:\UnityBase\UB.exe 4.0.0.0 (2018-02-22 16:30:16)Host=WDFN34211327A User=D071860 CPU=4*9-6-19971:FFFBCBBF8373DAFEBF6F9C0000 OS=23.0=10.0.15063 Wow64=1 Freq=2437498Environment variables=ALLUSERSPROFILE=C:\ProgramData	ANSICON=121x32766 (121x26)	ANSICON_DEF=7	APPDATA=C:\Users\D071860\AppData\Roaming	CommonProgramFiles=C:\Program Files (x86)\Common Files	CommonProgramFiles(x86)=C:\Program Files (x86)\Common Files	CommonProgramW6432=C:\Program Files\Common Files	COMPUTERNAME=WDFN34211327A	ComSpec=C:\WINDOWS\system32\cmd.exe	ConEmuANSI=ON	ConEmuAnsiLog=	ConEmuArgs=	ConEmuArgs2=	ConEmuBackHWND=0x000B026E	ConEmuBaseDir=C:\Program Files\ConEmu\ConEmu	ConEmuBaseDirShort=C:\PROGRA~1\ConEmu\ConEmu	ConEmuBuild=180411	ConEmuCfgDir=	ConEmuConfig=	ConEmuDir=C:\Program Files\ConEmu	ConEmuDrawHWND=0x00180912	ConEmuDrive=C:	ConEmuHooks=Enabled	ConEmuHWND=0x001904C6	ConEmuPalette=<ConEmu>	ConEmuPID=1208	ConEmuPrompt0=$E[m$E[32m$E]9;8;"USERNAME"$E\@$E]9;8;"COMPUTERNAME"$E\$S	ConEmuPrompt1=$E[m$E[32m$E]9;8;"USERNAME"$E\@$E]9;8;"COMPUTERNAME"$E\$S$E[92m$P$E[90m	ConEmuPrompt2=$_$E[90m$G	ConEmuPrompt3=$E[m$S$E]9;12$E\	ConEmuServerPID=20132	ConEmuTask={Shells::cmd}	ConEmuWorkDir=C:\Users\D071860	ConEmuWorkDrive=C:	DEFLOGDIR=C:\ProgramData\McAfee\Endpoint Security\Logs	HOMEDRIVE=C:	homeloc=D_WDF	HOMEPATH=\Users\D071860	KUBECONFIG=C:\Practice\kubernetes\RUSLAN-KUBECONFIG	LOCALAPPDATA=C:\Users\D071860\AppData\Local	LOGONSERVER=\\DS2WDF0004	NUMBER_OF_PROCESSORS=4	OneDrive=C:\Users\D071860\OneDrive	OS=Windows_NT	Path=C:\Program Files\ConEmu\ConEmu\Scripts;C:\Program Files\ConEmu;C:\Program Files\ConEmu\ConEmu;C:\ProgramData\Oracle\Java\javapath;C:\Program Files\Docker\Docker\Resources\bin;C:\WINDOWS\system32;C:\WINDOWS;C:\WINDOWS\System32\Wbem;C:\WINDOWS\System32\WindowsPowerShell\v1.0\;C:\Program Files\Minikube;C:\Program Files\Kubernetes;C:\Program Files (x86)\Google\Cloud SDK\google-cloud-sdk\bin;C:\Program Files\PuTTY\;C:\Program Files\nodejs\;c:\UnityBase;C:\Users\D071860\AppData\Local\Microsoft\WindowsApps;C:\Users\D071860\AppData\Roaming\npm	PATHEXT=.COM;.EXE;.BAT;.CMD;.VBS;.VBE;.JS;.JSE;.WSF;.WSH;.MSC	PROCESSOR_ARCHITECTURE=x86	PROCESSOR_ARCHITEW6432=AMD64	PROCESSOR_IDENTIFIER=Intel64 Family 6 Model 78 Stepping 3, GenuineIntel	PROCESSOR_LEVEL=6	PROCESSOR_REVISION=4e03	ProgramData=C:\ProgramData	ProgramFiles=C:\Program Files (x86)	ProgramFiles(x86)=C:\Program Files (x86)	ProgramW6432=C:\Program Files	PROMPT=$E[m$E[32m$E]9;8;"USERNAME"$E\@$E]9;8;"COMPUTERNAME"$E\$S$E[92m$P$E[90m$_$E[90m$G$E[m$S$E]9;12$E\	PSModulePath=C:\Program Files (x86)\WindowsPowerShell\Modules;C:\WINDOWS\system32\WindowsPowerShell\v1.0\Modules;C:\Program Files (x86)\Google\Cloud SDK\google-cloud-sdk\platform\PowerShell	PUBLIC=C:\Users\Public	SESSIONNAME=Console	SNC_LIB=C:\Program Files (x86)\SAP\FrontEnd\SecureLogin\lib\sapcrypto.dll	SNC_LIB_64=C:\Program Files\SAP\FrontEnd\SecureLogin\lib\sapcrypto.dll	SSF_LIBRARY_PATH=C:\Program Files (x86)\SAP\FrontEnd\SecureLogin\lib\sapcrypto.dll	SSF_LIBRARY_PATH_64=C:\Program Files\SAP\FrontEnd\SecureLogin\lib\sapcrypto.dll	SystemDrive=C:	SystemRoot=C:\WINDOWS	TEMP=C:\Users\D071860\AppData\Local\Temp	TMP=C:\Users\D071860\AppData\Local\Temp	UATDATA=C:\WINDOWS\CCM\UATData\D9F8C395-CAB8-491d-B8AC-179A1FE1BE77	UB_HOME=c:\UnityBase	USERDNSDOMAIN=GLOBAL.CORP.SAP	USERDOMAIN=GLOBAL	USERDOMAIN_ROAMINGPROFILE=GLOBAL	USERNAME=D071860	USERPROFILE=C:\Users\D071860	windir=C:\WINDOWSTubLog 1.18.3488 FTS3 2018-04-16T09:10:2420180416 09102423  ! warn  WebSocket support are disabled because WSServer.host = '' in config
20180416 09102423  !  +    ubServer.TubServer(02D2E5C0).008863DB 
20180416 09102423  !  +    	Init app
20180416 09102423  ! srvr  		FTS is disabled
20180416 09102423  ! info  		Check blob store "avatars" folder "C:\ubProject\CityPortal\avatars\": folder exists
20180416 09102423  ! info  		Check blob store "attach" folder "C:\ubProject\CityPortal\docs\attach\": folder exists
20180416 09102423  !  -    	00.000.404
20180416 09102423  !  +    	Folder C:\ubProject\CityPortal\node_modules\@unitybase\ub\ modified
20180416 09102423  !  +    		ubCommonClasses.TubThreadSafeCache(02D2CB08).removeStartsWith
20180416 09102423  !  -    		00.000.004
20180416 09102423  !  -    	00.000.021
20180416 09102423  !  +    	Folder C:\ubProject\CityPortal\node_modules\@unitybase\uba\ modified
20180416 09102423  !  +    		ubCommonClasses.TubThreadSafeCache(02D2CB08).removeStartsWith
20180416 09102423  !  -    		00.000.000
20180416 09102423  !  -    	00.000.004
20180416 09102423  !  +    	Folder C:\ubProject\CityPortal\node_modules\@unitybase\ubs\ modified
20180416 09102423  !  +    		ubCommonClasses.TubThreadSafeCache(02D2CB08).removeStartsWith
20180416 09102423  !  -    		00.000.000
20180416 09102423  !  -    	00.000.003
20180416 09102423  !  +    	Folder C:\ubProject\CityPortal\node_modules\@unitybase\ubm\ modified
20180416 09102423  !  +    		ubCommonClasses.TubThreadSafeCache(02D2CB08).removeStartsWith
20180416 09102423  !  -    		00.000.000
20180416 09102423  !  -    	00.000.003
20180416 09102423  !  +    	Folder C:\ubProject\CityPortal\_public_only_\ modified
20180416 09102423  !  +    		ubCommonClasses.TubThreadSafeCache(02D2CB08).removeStartsWith
20180416 09102423  !  -    		00.000.000
20180416 09102423  !  -    	00.000.004
20180416 09102423  !  +    	Folder C:\ubProject\CityPortal\node_modules\@unitybase\adminui-reg\ modified
20180416 09102423  !  +    		ubCommonClasses.TubThreadSafeCache(02D2CB08).removeStartsWith
20180416 09102423  !  -    		00.000.000
20180416 09102423  !  -    	00.000.004
20180416 09102423  !  +    	Folder C:\ubProject\CityPortal\models\requests\ modified
20180416 09102423  !  +    		ubCommonClasses.TubThreadSafeCache(02D2CB08).removeStartsWith
20180416 09102423  !  -    		00.000.000
20180416 09102423  !  -    	00.000.004
20180416 09102423  !  +    	ubApp.TubApp(02C93EE0).init
20180416 09102423  ! srvr  		Mime converters are disabled
20180416 09102423  !  -    	00.000.003
20180416 09102424  ! srvr  	Enable zip compresison
20180416 09102424  ! srvr  	Send initialization request to http://localhost:888/init
20180416 09102425  "  +    InitializationRequest
20180416 09102425  "  +    	init
20180416 09102425  " srvr  		Start application intialization...
20180416 09102425  " info  		Loading domain...
20180416 09102425  " info  		Loading model "UB" from "C:\ubProject\CityPortal\node_modules\@unitybase\ub\"
20180416 09102425  " info  		Loading model "UBA" from "C:\ubProject\CityPortal\node_modules\@unitybase\uba\"
20180416 09102426  " info  		Loading model "UBS" from "C:\ubProject\CityPortal\node_modules\@unitybase\ubs\"
20180416 09102427  " info  		Loading model "UBM" from "C:\ubProject\CityPortal\node_modules\@unitybase\ubm\"
20180416 09102427  " info  		Loading model "adminui-reg" from "C:\ubProject\CityPortal\node_modules\@unitybase\adminui-reg\"
20180416 09102427  " info  		Loading model "RequestList" from "C:\ubProject\CityPortal\models\requests\"
20180416 09102427  "  +    		ubApp.TubDataStore(041C4E90).Init
20180416 09102427  "  +    			ubApp.TubApp(02C93EE0).DBExecute
20180416 09102427  "  +    				ubApp.TubApp(02C93EE0).TubApp.InternalDBExecute
20180416 09102427  "  +    					00856EC2 
20180416 09102428  "  -    					00.008.851
20180416 09102428  " SQL   					ubDBSQLite3ThreadSafe.TubSQLite3Statement(02D46E50) PRAGMA foreign_keys = ON
20180416 09102428  " SQL   					ubDBSQLite3ThreadSafe.TubSQLite3Statement(02D46850) SELECT A01.ID,A01.entity,A01.state,A01.attribute,A01.roleName,A01.actions  FROM uba_als A01  ORDER BY A01.entity ASC
20180416 09102428  "  -    				00.009.003
20180416 09102428  "  -    			00.009.058
20180416 09102428  " debug 			Query result for entity "uba_als" into data name "": row count=0
20180416 09102428  "  -    		00.009.084
20180416 09102428  " srvr  		The domain loaded successfully with 3 entities
20180416 09102428  " debug 		Create new JavaScript Engine for thread 53600
20180416 09102442  "  +    		008C234A 
20180416 09102442  "  +    			ubApp.TubDataStore(0571A7D0).Init
20180416 09102442  "  +    				ubApp.TubApp(02C93EE0).DBExecute
20180416 09102442  "  +    					ubApp.TubApp(02C93EE0).TubApp.InternalDBExecute
20180416 09102442  " SQL   						ubDBSQLite3ThreadSafe.TubSQLite3Statement(02D471B0) SELECT A01.ID,A01.name,A01.sessionTimeout,A01.allowedAppMethods  FROM uba_role A01 
20180416 09102442  "  -    					00.000.057
20180416 09102442  "  -    				00.000.150
20180416 09102442  " debug 				Query result for entity "uba_role" into data name "": row count=9
20180416 09102442  "  -    			00.000.164
20180416 09102442  "  +    			ubApp.TubDataStore(0571A848).Init
20180416 09102442  "  +    				ubApp.TubApp(02C93EE0).DBExecute
20180416 09102442  "  +    					ubApp.TubApp(02C93EE0).TubApp.InternalDBExecute
20180416 09102442  " SQL   						ubDBSQLite3ThreadSafe.TubSQLite3Statement(02D47150) SELECT A01.ID,A01.entityMask,A01.methodMask,A01.ruleType,A01.ruleRole,A01.disabled,A01.code  FROM uba_els A01 
20180416 09102442  "  -    					00.000.073
20180416 09102442  "  -    				00.000.272
20180416 09102442  " debug 				Query result for entity "uba_els" into data name "": row count=88
20180416 09102442  "  -    			00.000.315
20180416 09102442  "  -    		00.002.818
20180416 09102442  " auth  		New session admin/143297854 created at 127.0.0.1/-432345549732052378 using Mozilla/5.0 (Windows; mORMot 1.18 TWinHTTP)
20180416 09102442  " auth  		New session anonymous/143297849 created at 127.0.0.1/-432345549732052378 using Mozilla/5.0 (Windows; mORMot 1.18 TWinHTTP)
20180416 09102442  "  +    		ubApp.TubDataStore(0571A9B0).Init
20180416 09102442  "  +    			ubApp.TubApp(02C93EE0).DBExecute
20180416 09102442  "  +    				ubApp.TubApp(02C93EE0).TubApp.InternalDBExecute
20180416 09102442  " debug 					P1: String(34)	UBA.passwordPolicy.maxDurationDays
20180416 09102442  " SQL   					ubDBSQLite3ThreadSafe.TubSQLite3Statement(02D47270) select settingValue from ubs_settings where settingKey =?
20180416 09102442  "  -    				00.000.040
20180416 09102442  "  -    			00.000.116
20180416 09102442  " debug 			Query result for entity "ubs_settings" into data name "": row count=1
20180416 09102442  "  -    		00.000.128
20180416 09102442  "  +    		ubApp.TubDataStore(0571A9B0).Init
20180416 09102442  "  +    			ubApp.TubApp(02C93EE0).DBExecute
20180416 09102442  "  +    				ubApp.TubApp(02C93EE0).TubApp.InternalDBExecute
20180416 09102442  " debug 					P1: String(37)	UBA.passwordPolicy.maxInvalidAttempts
20180416 09102442  " SQL   					ubDBSQLite3ThreadSafe.TubSQLite3Statement(02D47270) select settingValue from ubs_settings where settingKey =?
20180416 09102442  "  -    				00.000.009
20180416 09102442  "  -    			00.000.041
20180416 09102442  " debug 			Query result for entity "ubs_settings" into data name "": row count=1
20180416 09102442  "  -    		00.000.048
20180416 09102442  "  -    	00.280.653
20180416 09102442  "  -    00.280.670
20180416 09102442  ! srvr  	ubServer.TubServer(02D2E5C0) {"THttpApiServer(02C5A990)":{"Cloned":false,"RegisteredUrl":"http://+:888/","HTTPQueueLength":1000,"MaxBandwidth":-1,"MaxConnections":-1,"APIVersion":"HTTP API 2.0","ServerName":"UnityBase","ProcessName":""}} initialized
20180416 09102442  !  -    00.304.845
20180416 09102823  "  +    logout
20180416 09102823  " http  	127.0.0.1 -> POST logout
20180416 09102823  " http  	{}
20180416 09102823  #  +    adm
20180416 09102823  # http  	127.0.0.1 -> GET adm
20180416 09102823  # debug 	Create new JavaScript Engine for thread 58832
20180416 09102823  " http  	<- 401
20180416 09102823  "  -    00.000.099
20180416 09102838  # call  	endpoint adm
20180416 09102838  #  +    	ubApp.TubApp(02C93EE0).008CA69A 
20180416 09102838  # debug 		FOLDER_CHECKSUM: calc folder checksum C:\ubProject\CityPortal\node_modules\@unitybase\ub\public\
20180416 09102838  # debug 		FOLDER_CHECKSUM: put folder checksum 00157f1fae1f03ef6a703e934be7d698 to UB_STATIC.checkSum_C:\ubProject\CityPortal\node_modules\@unitybase\ub\public\
20180416 09102838  #  -    	00.003.979
20180416 09102838  #  +    	ubApp.TubApp(02C93EE0).008CA69A 
20180416 09102838  # debug 		FOLDER_CHECKSUM: calc folder checksum C:\ubProject\CityPortal\node_modules\@unitybase\uba\public\
20180416 09102838  # debug 		FOLDER_CHECKSUM: put folder checksum a32940308a4662e5435a97adb22e235d to UB_STATIC.checkSum_C:\ubProject\CityPortal\node_modules\@unitybase\uba\public\
20180416 09102838  #  -    	00.006.156
20180416 09102838  #  +    	ubApp.TubApp(02C93EE0).008CA69A 
20180416 09102838  # debug 		FOLDER_CHECKSUM: calc folder checksum C:\ubProject\CityPortal\node_modules\@unitybase\ubs\public\
20180416 09102840  # debug 		FOLDER_CHECKSUM: put folder checksum 09ae0381f4412f542ab1aadbbe332ebf to UB_STATIC.checkSum_C:\ubProject\CityPortal\node_modules\@unitybase\ubs\public\
20180416 09102840  #  -    	00.008.694
20180416 09102840  #  +    	ubApp.TubApp(02C93EE0).008CA69A 
20180416 09102840  # debug 		FOLDER_CHECKSUM: calc folder checksum C:\ubProject\CityPortal\node_modules\@unitybase\ubm\public\
20180416 09102840  # debug 		FOLDER_CHECKSUM: put folder checksum dc6e83da37c06ee25743d7dbdcd06b0e to UB_STATIC.checkSum_C:\ubProject\CityPortal\node_modules\@unitybase\ubm\public\
20180416 09102840  #  -    	00.004.780
20180416 09102840  #  +    	ubApp.TubApp(02C93EE0).008CA69A 
20180416 09102840  # debug 		FOLDER_CHECKSUM: calc folder checksum C:\ubProject\CityPortal\node_modules\@unitybase\ub-pub\
20180416 09102840  # debug 		FOLDER_CHECKSUM: put folder checksum cbdc3e54b9e8fec97c835c258b8ab6ad to UB_STATIC.checkSum_C:\ubProject\CityPortal\node_modules\@unitybase\ub-pub\
20180416 09102840  #  -    	00.006.239
20180416 09102840  #  +    	ubApp.TubApp(02C93EE0).008CA69A 
20180416 09102840  # debug 		FOLDER_CHECKSUM: calc folder checksum C:\ubProject\CityPortal\node_modules\@unitybase\adminui-pub\
20180416 09102855  # debug 		FOLDER_CHECKSUM: put folder checksum d8933199bb724b06e155d3bbe71a5c41 to UB_STATIC.checkSum_C:\ubProject\CityPortal\node_modules\@unitybase\adminui-pub\
20180416 09102855  #  -    	00.227.257
20180416 09102855  #  +    	ubApp.TubApp(02C93EE0).008CA69A 
20180416 09102855  # debug 		FOLDER_CHECKSUM: calc folder checksum C:\ubProject\CityPortal\node_modules\@unitybase\adminui-reg\public\
20180416 09102855  # debug 		FOLDER_CHECKSUM: put folder checksum f1d3ff8443297732862df21dc4e57262 to UB_STATIC.checkSum_C:\ubProject\CityPortal\node_modules\@unitybase\adminui-reg\public\
20180416 09102855  #  -    	00.000.068
20180416 09102855  #  +    	ubApp.TubApp(02C93EE0).008CA69A 
20180416 09102855  # debug 		FOLDER_CHECKSUM: calc folder checksum C:\ubProject\CityPortal\models\requests\public\
20180416 09102855  # debug 		FOLDER_CHECKSUM: put folder checksum f3f0469c69da14a607f61c610ad87640 to UB_STATIC.checkSum_C:\ubProject\CityPortal\models\requests\public\
20180416 09102855  #  -    	00.014.770
20180416 09102856  # ERROR 	invalid path models/adminui-pub/themes/UBGrayTheme/UBGrayTheme-all.css 
20180416 09102856  #  +    	ubApp.TubApp(02C93EE0).008CA40C 
20180416 09102856  # debug 		STATIC_SCECKSUM: Calc file checksum 
20180416 09102856  # debug 		STATIC_SCECKSUM: put file checksum d41d8cd98f00b204e9800998ecf8427e to UB_STATIC.checkSum_
20180416 09102856  #  -    	00.000.007
20180416 09102856  # ERROR 	invalid path models/adminui-pub/ub-css-all.css 
20180416 09102856  # ERROR 	invalid path models/adminui-pub/themes/UBGrayTheme/ub.css 
20180416 09102856  # ERROR 	invalid path clientRequire/systemjs/dist/system.js 
20180416 09102856  # ERROR 	invalid path models/adminui-pub/dist/ext-all.min.js 
20180416 09102856  # info  	Generate index.mustache from template C:\ubProject\CityPortal\node_modules\@unitybase\adminui-pub\index.mustache 
20180416 09102856  # http  	127.0.0.1 <- 200
20180416 09102856  #  -    00.536.537
20180416 09102861  $  +    models/adminui-pub/themes/UBGrayTheme/UBGrayTheme-all.css?ver=d41d8cd98f00b204e9800998ecf8427e
20180416 09102861  $ http  	127.0.0.1 -> GET models/adminui-pub/themes/UBGrayTheme/UBGrayTheme-all.css?ver=d41d8cd98f00b204e9800998ecf8427e
20180416 09102861  $ debug 	Create new JavaScript Engine for thread 52108
20180416 09102861  %  +    models/adminui-pub/ub-css-all.css?ver=d41d8cd98f00b204e9800998ecf8427e
20180416 09102861  % http  	127.0.0.1 -> GET models/adminui-pub/ub-css-all.css?ver=d41d8cd98f00b204e9800998ecf8427e
20180416 09102861  &  +    clientRequire/font-awesome/css/font-awesome.min.css
20180416 09102861  & http  	127.0.0.1 -> GET clientRequire/font-awesome/css/font-awesome.min.css
20180416 09102861  '  +    models/adminui-pub/themes/UBGrayTheme/ub.css?ver=d41d8cd98f00b204e9800998ecf8427e
20180416 09102861  ' http  	127.0.0.1 -> GET models/adminui-pub/themes/UBGrayTheme/ub.css?ver=d41d8cd98f00b204e9800998ecf8427e
20180416 09102861  (  +    clientRequire/es6-promise/dist/es6-promise.auto.min.js
20180416 09102861  ( http  	127.0.0.1 -> GET clientRequire/es6-promise/dist/es6-promise.auto.min.js
20180416 09102861  )  +    clientRequire/systemjs/dist/system.js?ver=d41d8cd98f00b204e9800998ecf8427e
20180416 09102861  ) http  	127.0.0.1 -> GET clientRequire/systemjs/dist/system.js?ver=d41d8cd98f00b204e9800998ecf8427e
20180416 09102904  % debug 	Create new JavaScript Engine for thread 52588
20180416 09102907  & debug 	Create new JavaScript Engine for thread 5360
20180416 09102912  ' debug 	Create new JavaScript Engine for thread 53756
20180416 09102917  ( debug 	Create new JavaScript Engine for thread 64320
20180416 09102922  ) debug 	Create new JavaScript Engine for thread 51612
20180416 09102928  $ call  	endpoint models
20180416 09102929  % call  	endpoint models
20180416 09102937  & call  	endpoint clientRequire
20180416 09102937  & info  	Call clientRequire 
20180416 09102938  $ http  	127.0.0.1 <- 200
20180416 09102938  $  -    00.621.155
20180416 09102938  % http  	127.0.0.1 <- 200
20180416 09102938  %  -    00.628.434
20180416 09102941  "  +    models/adminui-pub/dist/ext-all.min.js?ver=d41d8cd98f00b204e9800998ecf8427e
20180416 09102941  " http  	127.0.0.1 -> GET models/adminui-pub/dist/ext-all.min.js?ver=d41d8cd98f00b204e9800998ecf8427e
20180416 09102941  " call  	endpoint models
20180416 09102943  & http  	127.0.0.1 <- 200
20180416 09102943  &  -    00.706.224
20180416 09102943  ' call  	endpoint models
20180416 09102947  " http  	127.0.0.1 <- 200
20180416 09102947  "  -    00.094.219
20180416 09102949  ( call  	endpoint clientRequire
20180416 09102949  ( info  	Call clientRequire 
20180416 09102950  ' http  	127.0.0.1 <- 200
20180416 09102950  '  -    00.817.116
20180416 09102953  ) call  	endpoint clientRequire
20180416 09102953  ) info  	Call clientRequire 
20180416 09102953  ( http  	127.0.0.1 <- 200
20180416 09102953  (  -    00.867.817
20180416 09102955  #  +    clientRequire/font-awesome/fonts/fontawesome-webfont.woff2?v=4.7.0
20180416 09102955  # http  	127.0.0.1 -> GET clientRequire/font-awesome/fonts/fontawesome-webfont.woff2?v=4.7.0
20180416 09102955  # call  	endpoint clientRequire
20180416 09102955  # info  	Call clientRequire 
20180416 09102957  ) http  	127.0.0.1 <- 200
20180416 09102957  )  -    00.925.060
20180416 09102959  # http  	127.0.0.1 <- 200
20180416 09102959  #  -    00.066.718
20180416 09103014  %  +    clientRequire/@unitybase/adminui-pub/package.json
20180416 09103014  % http  	127.0.0.1 -> GET clientRequire/@unitybase/adminui-pub/package.json
20180416 09103014  % call  	endpoint clientRequire
20180416 09103014  % info  	Call clientRequire 
20180416 09103014  % http  	127.0.0.1 <- 200
20180416 09103014  %  -    00.002.043
20180416 09103015  $  +    clientRequire/@unitybase/adminui-pub/dist/adminui.app.min.js
20180416 09103015  $ http  	127.0.0.1 -> GET clientRequire/@unitybase/adminui-pub/dist/adminui.app.min.js
20180416 09103015  $ call  	endpoint clientRequire
20180416 09103015  $ info  	Call clientRequire 
20180416 09103015  $ http  	127.0.0.1 <- 200
20180416 09103015  $  -    00.002.084
20180416 09103019  &  +    models/UB/img/UBLogo32.png
20180416 09103019  & http  	127.0.0.1 -> GET models/UB/img/UBLogo32.png
20180416 09103019  & call  	endpoint models
20180416 09103019  & http  	127.0.0.1 <- 200
20180416 09103019  &  -    00.001.288
20180416 09103020  '  +    models/UB/img/UBLogo48.png
20180416 09103020  ' http  	127.0.0.1 -> GET models/UB/img/UBLogo48.png
20180416 09103020  ' call  	endpoint models
20180416 09103020  ' http  	127.0.0.1 <- 200
20180416 09103020  '  -    00.001.798
20180416 09103031  "  +    getAppInfo
20180416 09103031  " http  	127.0.0.1 -> GET getAppInfo
20180416 09103031  " call  	endpoint getAppInfo
20180416 09103031  " http  	127.0.0.1 <- 304
20180416 09103031  "  -    00.000.642
20180416 09103031  (  +    clientRequire/@unitybase/adminui-pub/themes/UBGrayTheme/UBGrayTheme.js
20180416 09103031  ( http  	127.0.0.1 -> GET clientRequire/@unitybase/adminui-pub/themes/UBGrayTheme/UBGrayTheme.js
20180416 09103031  ( call  	endpoint clientRequire
20180416 09103031  ( info  	Call clientRequire 
20180416 09103031  ( http  	127.0.0.1 <- 200
20180416 09103031  (  -    00.002.053
20180416 09103031  )  +    models/adminui-pub/locale/lang-en.js?ubver=d8933199bb724b06e155d3bbe71a5c41
20180416 09103031  ) http  	127.0.0.1 -> GET models/adminui-pub/locale/lang-en.js?ubver=d8933199bb724b06e155d3bbe71a5c41
20180416 09103031  ) call  	endpoint models
20180416 09103031  ) http  	127.0.0.1 <- 200
20180416 09103031  )  -    00.001.314
20180416 09103031  #  +    models/UB/img/UBLogo128.png
20180416 09103031  # http  	127.0.0.1 -> GET models/UB/img/UBLogo128.png
20180416 09103031  # call  	endpoint models
20180416 09103031  # http  	127.0.0.1 <- 200
20180416 09103031  #  -    00.001.109
20180416 09103032  %  +    models/UB/img/UBLogo16.ico
20180416 09103032  % http  	127.0.0.1 -> GET models/UB/img/UBLogo16.ico
20180416 09103032  % call  	endpoint models
20180416 09103032  % http  	127.0.0.1 <- 200
20180416 09103032  %  -    00.001.136
20180416 09103033  $  +    models/adminui-pub/themes/UBGrayTheme/images/form/exclamation.png
20180416 09103033  $ http  	127.0.0.1 -> GET models/adminui-pub/themes/UBGrayTheme/images/form/exclamation.png
20180416 09103033  $ call  	endpoint models
20180416 09103033  $ http  	127.0.0.1 <- 200
20180416 09103033  $  -    00.000.775
20180416 09103431  &  +    auth?AUTHTYPE=UB&userName=admin
20180416 09103431  & http  	127.0.0.1 -> POST auth?AUTHTYPE=UB&userName=admin
20180416 09103431  & call  	endpoint auth
20180416 09103432  & http  	127.0.0.1 <- 200
20180416 09103432  &  -    00.003.802
20180416 09103432  '  +    auth?AUTHTYPE=UB&clientNonce=8d0e0312136d63988d84e989c1a4a3d574f5974278dce6cd286f6a888e1e2c6d&password=09efc6d99e7457df4055553ed83dab5c134e0b3b22824577cd2387d6a1f5b31a&userName=admin
20180416 09103432  ' http  	127.0.0.1 -> POST auth?AUTHTYPE=UB&clientNonce=8d0e0312136d63988d84e989c1a4a3d574f5974278dce6cd286f6a888e1e2c6d&password=09efc6d99e7457df4055553ed83dab5c134e0b3b22824577cd2387d6a1f5b31a&userName=admin
20180416 09103432  ' call  	endpoint auth
20180416 09103432  '  +    	ubApp.TubDataStore(0571DCA0).Init
20180416 09103432  '  +    		ubApp.TubApp(02C93EE0).DBExecute
20180416 09103432  '  +    			ubApp.TubApp(02C93EE0).TubApp.InternalDBExecute
20180416 09103432  '  +    				00856EC2 
20180416 09103432  '  -    				00.002.898
20180416 09103432  ' SQL   				ubDBSQLite3ThreadSafe.TubSQLite3Statement(02D490D0) PRAGMA foreign_keys = ON
20180416 09103432  ' debug 				P1: String(5)	admin
20180416 09103432  ' SQL   				ubDBSQLite3ThreadSafe.TubSQLite3Statement(02D47690) select id, name, uPasswordHashHexa, uData, isPending, trustedIP from UBA_USER where name=? and disabled=0
20180416 09103432  '  -    			00.002.955
20180416 09103432  '  -    		00.003.003
20180416 09103432  ' debug 		Query result for entity "uba_user" into data name "": row count=1
20180416 09103432  '  -    	00.003.020
20180416 09103432  '  +    	ubApp.TubDataStore(0571DCA0).Init
20180416 09103432  '  +    		ubApp.TubApp(02C93EE0).DBExecute
20180416 09103432  '  +    			ubApp.TubApp(02C93EE0).TubApp.InternalDBExecute
20180416 09103432  ' debug 				P1: Int64		10
20180416 09103432  ' SQL   				ubDBSQLite3ThreadSafe.TubSQLite3Statement(02D490D0) SELECT lastPasswordChangeDate FROM uba_user WHERE id=?
20180416 09103432  '  -    			00.000.018
20180416 09103432  '  -    		00.000.042
20180416 09103432  ' debug 		Query result for entity "uba_user" into data name "__expireDate": row count=1
20180416 09103432  '  -    	00.000.053
20180416 09103432  '  +    	ubApp.TubDataStore(06D33A28).Init
20180416 09103432  '  +    		ubApp.TubApp(02C93EE0).DBExecute
20180416 09103432  '  +    			ubApp.TubApp(02C93EE0).TubApp.InternalDBExecute
20180416 09103432  ' debug 				P1: Int64		10
20180416 09103432  ' SQL   				ubDBSQLite3ThreadSafe.TubSQLite3Statement(02D49190) SELECT A01.roleID,A02.name,A02.description  FROM uba_userrole A01  INNER JOIN uba_role A02 ON A02.ID=A01.roleID  WHERE A01.userID=?
20180416 09103432  '  -    			00.000.039
20180416 09103432  '  -    		00.000.076
20180416 09103432  ' debug 		Query result for entity "uba_userrole" into data name "": row count=1
20180416 09103432  '  -    	00.000.083
20180416 09103432  ' auth  	New session admin/143297848 created at 127.0.0.1/-432345554027019682 using Mozilla/5.0 (Windows NT 10.0; Win64; x64) AppleWebKit/537.36 (KHTML, like Gecko) Chrome/65.0.3325.181 Safari/537.36
20180416 09103432  '  +    	ubMixinClasses.TubStorageMixin(02CE42C0).MixinMethod
20180416 09103432  ' debug 		uba_user.select(TubStorageMixin)
20180416 09103432  '  +    		ubApp.TubDataStore(06D33A28).Init
20180416 09103432  '  +    			ubApp.TubApp(02C93EE0).DBExecute
20180416 09103432  '  +    				ubApp.TubApp(02C93EE0).TubApp.InternalDBExecute
20180416 09103432  ' debug 					P1: Int64		10
20180416 09103432  ' SQL   					ubDBSQLite3ThreadSafe.TubSQLite3Statement(02D492B0) SELECT A01.name  FROM uba_user A01  WHERE A01.ID=?
20180416 09103432  '  -    				00.000.040
20180416 09103432  '  -    			00.000.090
20180416 09103432  ' debug 			Query result for entity "uba_user" into data name "": row count=1
20180416 09103432  '  -    		00.000.098
20180416 09103432  '  -    	00.000.177
20180416 09103432  '  +    	ubMixinClasses.TubStorageMixin(02CE42C0).MixinMethod
20180416 09103432  ' debug 		uba_advSecurity.select(TubStorageMixin)
20180416 09103432  '  +    		ubApp.TubDataStore(06D33A28).Init
20180416 09103432  '  +    			ubApp.TubApp(02C93EE0).DBExecute
20180416 09103432  '  +    				ubApp.TubApp(02C93EE0).TubApp.InternalDBExecute
20180416 09103432  ' debug 					P1: Int64		10
20180416 09103432  ' SQL   					ubDBSQLite3ThreadSafe.TubSQLite3Statement(02D49310) SELECT A01.ID,A01.allowedIP,A01.refreshIP,A01.fp,A01.refreshFp,A01.keyMediaName,A01.refreshKeyMedia,A01.mi_modifyDate  FROM uba_advSecurity A01  WHERE A01.userID=?
20180416 09103432  '  -    				00.000.122
20180416 09103432  '  -    			00.000.219
20180416 09103432  ' debug 			Query result for entity "uba_advSecurity" into data name "": row count=0
20180416 09103432  '  -    		00.000.264
20180416 09103432  '  -    	00.000.402
20180416 09103433  '  +    	ubMixinClasses.TubStorageMixin(02CE42C0).MixinMethod
20180416 09103433  ' debug 		uba_userrole.select(TubStorageMixin)
20180416 09103433  '  +    		ubApp.TubDataStore(06D33A28).Init
20180416 09103433  '  +    			ubApp.TubApp(02C93EE0).DBExecute
20180416 09103433  '  +    				ubApp.TubApp(02C93EE0).TubApp.InternalDBExecute
20180416 09103433  ' debug 					P1: Int64		10
20180416 09103433  ' SQL   					ubDBSQLite3ThreadSafe.TubSQLite3Statement(02D49370) SELECT A01.ID,A02.name,A01.roleID  FROM uba_userrole A01  INNER JOIN uba_role A02 ON A02.ID=A01.roleID  WHERE A01.userID=?
20180416 09103433  '  -    				00.000.064
20180416 09103433  '  -    			00.000.157
20180416 09103433  ' debug 			Query result for entity "uba_userrole" into data name "": row count=1
20180416 09103433  '  -    		00.000.168
20180416 09103433  '  -    	00.000.262
20180416 09103433  '  +    	ubMixinClasses.TubStorageMixin(02CE42C0).MixinMethod
20180416 09103433  ' debug 		uba_audit.beforeinsert(TubStorageMixin)
20180416 09103433  '  -    	00.000.010
20180416 09103433  '  +    	ubMixinClasses.TubStorageMixin(02CE42C0).MixinMethod
20180416 09103433  ' debug 		uba_audit.insert(TubStorageMixin)
20180416 09103433  '  +    		ubApp.TubDataStore(06D31A20).TubDataStore.ExecuteInsertFromList
20180416 09103433  '  +    			ubApp.TubDataStore(06D31A20).TubDataStore.ExecuteInsertFromSQL
20180416 09103433  '  +    				ubApp.TubApp(02C93EE0).DBExecute
20180416 09103433  '  +    					ubApp.TubApp(02C93EE0).TubApp.InternalDBExecute
20180416 09103433  ' debug 						P1: String(8)	uba_user
20180416 09103433  ' debug 						P2: Int64		10
20180416 09103433  ' debug 						P3: String(5)	LOGIN
20180416 09103433  ' debug 						P4: Int64		10
20180416 09103433  ' debug 						P5: DateTime	2018-04-16T09:10:34
20180416 09103433  ' debug 						P6: String(9)	127.0.0.1
20180416 09103433  ' debug 						P7: String(5)	admin
20180416 09103433  ' debug 						P8: String(0)	
20180416 09103433  ' debug 						P9: Int64		335792827170817
20180416 09103433  ' debug 						P10: String(556..)	Connection: keep-alive  Content-Length: 0  Accept: application/json, text/plain, */*  Accept-Encodin...
20180416 09103433  ' DB    						StartTransaction for connection "main"
20180416 09103433  ' SQL   						ubDBSQLite3ThreadSafe.TubSQLite3Statement(02D49430) INSERT INTO uba_audit (entity,entityinfo_id,actionType,actionUser,actionTime,remoteIP,targetUser,targetRole,ID,fromValue) VALUES (?,?,?,?,?,?,?,?,?,?)
20180416 09103433  '  -    					00.000.125
20180416 09103433  '  -    				00.000.127
20180416 09103433  '  -    			00.000.221
20180416 09103433  '  -    		00.000.233
20180416 09103433  '  -    	00.000.237
20180416 09103433  '  +    	ubMixinClasses.TubStorageMixin(02CE42C0).MixinMethod
20180416 09103433  ' debug 		uba_audit.afterinsert(TubStorageMixin)
20180416 09103433  '  -    	00.000.003
20180416 09103433  ' DB    	Commit connection "main"
20180416 09103433  ' http  	127.0.0.1 <- 200
20180416 09103433  '  -    00.010.406
20180416 09103433  "  +    getDomainInfo?userName=admin&v=4
20180416 09103433  " http  	127.0.0.1 -> GET getDomainInfo?userName=admin&v=4
20180416 09103433  " auth  	admin/143297848
20180416 09103433  " call  	endpoint getDomainInfo
20180416 09103433  " http  	127.0.0.1 <- 304
20180416 09103433  "  -    00.001.782
20180416 09103434  (  +    models/UB/locale/lang-en.js?ubver=00157f1fae1f03ef6a703e934be7d698
20180416 09103434  ( http  	127.0.0.1 -> GET models/UB/locale/lang-en.js?ubver=00157f1fae1f03ef6a703e934be7d698
20180416 09103434  ( call  	endpoint models
20180416 09103434  )  +    models/UBA/locale/lang-en.js?ubver=a32940308a4662e5435a97adb22e235d
20180416 09103434  ) http  	127.0.0.1 -> GET models/UBA/locale/lang-en.js?ubver=a32940308a4662e5435a97adb22e235d
20180416 09103434  ) call  	endpoint models
20180416 09103434  #  +    models/UBS/locale/lang-en.js?ubver=09ae0381f4412f542ab1aadbbe332ebf
20180416 09103434  # http  	127.0.0.1 -> GET models/UBS/locale/lang-en.js?ubver=09ae0381f4412f542ab1aadbbe332ebf
20180416 09103434  ) http  	127.0.0.1 <- 200
20180416 09103434  ( http  	127.0.0.1 <- 200
20180416 09103434  )  -    00.001.483
20180416 09103434  (  -    00.001.643
20180416 09103434  # call  	endpoint models
20180416 09103434  %  +    models/UBM/locale/lang-en.js?ubver=dc6e83da37c06ee25743d7dbdcd06b0e
20180416 09103434  % http  	127.0.0.1 -> GET models/UBM/locale/lang-en.js?ubver=dc6e83da37c06ee25743d7dbdcd06b0e
20180416 09103434  % call  	endpoint models
20180416 09103434  % http  	127.0.0.1 <- 200
20180416 09103434  %  -    00.000.912
20180416 09103434  # http  	127.0.0.1 <- 200
20180416 09103434  #  -    00.002.957
20180416 09103436  $  +    clientRequire/@unitybase/ubs/package.json
20180416 09103436  $ http  	127.0.0.1 -> GET clientRequire/@unitybase/ubs/package.json
20180416 09103436  $ call  	endpoint clientRequire
20180416 09103436  $ info  	Call clientRequire 
20180416 09103436  $ http  	127.0.0.1 <- 200
20180416 09103436  $  -    00.001.020
20180416 09103436  &  +    clientRequire/@unitybase/ubs/public/initModel.js
20180416 09103436  & http  	127.0.0.1 -> GET clientRequire/@unitybase/ubs/public/initModel.js
20180416 09103436  & call  	endpoint clientRequire
20180416 09103436  & info  	Call clientRequire 
20180416 09103436  & http  	127.0.0.1 <- 200
20180416 09103436  &  -    00.001.398
20180416 09103436  '  +    clientRequire/@unitybase/ubs/public/dist/ubs.main.min.js?ubver=2018-04-16T11:10:24
20180416 09103436  ' http  	127.0.0.1 -> GET clientRequire/@unitybase/ubs/public/dist/ubs.main.min.js?ubver=2018-04-16T11:10:24
20180416 09103436  ' call  	endpoint clientRequire
20180416 09103436  "  +    clientRequire/@unitybase/ubm/package.json
20180416 09103436  " http  	127.0.0.1 -> GET clientRequire/@unitybase/ubm/package.json
20180416 09103436  " call  	endpoint clientRequire
20180416 09103436  ' info  	Call clientRequire 
20180416 09103436  " info  	Call clientRequire 
20180416 09103436  ' http  	127.0.0.1 <- 200
20180416 09103436  '  -    00.001.978
20180416 09103436  " http  	127.0.0.1 <- 200
20180416 09103436  "  -    00.001.341
20180416 09103436  )  +    clientRequire/@unitybase/ubm/public/initModel.js
20180416 09103436  ) http  	127.0.0.1 -> GET clientRequire/@unitybase/ubm/public/initModel.js
20180416 09103436  ) call  	endpoint clientRequire
20180416 09103436  ) info  	Call clientRequire 
20180416 09103436  ) http  	127.0.0.1 <- 200
20180416 09103436  )  -    00.001.670
20180416 09103440  (  +    ubql
20180416 09103440  ( http  	127.0.0.1 -> POST ubql
20180416 09103440  ( http  	[{"entity":"ubs_settings","method":"select","fieldList":["ID","settingKey","name","description","type","settingValue","defaultValue"],"version":"1523736113"},{"entity":"ubm_desktop","method":"select","fieldList":["ID","caption","code","url","isDefault","mi_owner","mi_createDate","mi_createUser","mi_modifyDate","mi_modifyUser","mi_deleteDate","mi_deleteUser"],"version":"-1"},{"entity":"ubm_form","method":"select","fieldList":["ID","code","description","caption","formType","formDef","formCode","model","entity","isDefault","mi_owner","mi_createDate","mi_createUser","mi_modifyDate","mi_modifyUser"],"version":2110448184},{"entity":"ubm_enum","method":"select","fieldList":["ID","eGroup","code","shortName","name","sortOrder","mi_owner","mi_createDate","mi_createUser","mi_modifyDate","mi_modifyUser","mi_deleteDate","mi_deleteUser"],"version":"1523803103"}]
20180416 09103440  ( auth  	admin/143297848
20180416 09103440  ( call  	endpoint ubql
20180416 09103440  (  +    	ubMixinClasses.TubStorageMixin(02CE42C0).MixinMethod
20180416 09103440  ( debug 		ubs_settings.select(TubStorageMixin)
20180416 09103440  (  +    		ubApp.TubDataStore(06D33CF8).Init
20180416 09103440  (  +    			ubApp.TubApp(02C93EE0).DBExecute
20180416 09103440  (  +    				ubApp.TubApp(02C93EE0).TubApp.InternalDBExecute
20180416 09103440  (  +    					00856EC2 
20180416 09103440  (  -    					00.002.326
20180416 09103440  ( SQL   					ubDBSQLite3ThreadSafe.TubSQLite3Statement(02D49B50) PRAGMA foreign_keys = ON
20180416 09103440  ( SQL   					ubDBSQLite3ThreadSafe.TubSQLite3Statement(02D494F0) SELECT ( (SELECT COALESCE(strftime('%s',  MAX(mi_modifyDate)),1) FROM ubs_settings) ) AS dataVersion
20180416 09103440  (  -    				00.002.372
20180416 09103440  (  -    			00.002.427
20180416 09103440  ( debug 			Query result for entity "ubs_settings" into data name "": row count=1
20180416 09103440  (  -    		00.002.440
20180416 09103440  (  -    	00.002.543
20180416 09103440  (  +    	ubMixinClasses.TubRLSMixin(02CE4E20).MixinMethod
20180416 09103440  ( debug 		ubm_desktop.select(TubRLSMixin)
20180416 09103440  ( debug 		Prepare RLS expression for ubm_desktop
20180416 09103440  (  +    		ubApp.TubDataStore(06D33E88).Init
20180416 09103440  (  +    			ubApp.TubApp(02C93EE0).DBExecute
20180416 09103440  (  +    				ubApp.TubApp(02C93EE0).TubApp.InternalDBExecute
20180416 09103440  ( SQL   					ubDBSQLite3ThreadSafe.TubSQLite3Statement(02D491F0) select ID, name FROM uba_role
20180416 09103440  (  -    				00.000.025
20180416 09103440  (  -    			00.000.079
20180416 09103440  ( debug 			Query result for entity "uba_role" into data name "": row count=9
20180416 09103440  (  -    		00.000.093
20180416 09103440  (  -    	00.001.155
20180416 09103440  (  +    	ubMixinClasses.TubStorageMixin(02CE42C0).MixinMethod
20180416 09103440  ( debug 		ubm_desktop.select(TubStorageMixin)
20180416 09103440  (  +    		ubApp.TubDataStore(06D33C80).Init
20180416 09103440  (  +    			ubApp.TubApp(02C93EE0).DBExecute
20180416 09103440  (  +    				ubApp.TubApp(02C93EE0).TubApp.InternalDBExecute
20180416 09103440  ( debug 					P1: Int64		10
20180416 09103440  ( debug 					P2: Int64		10
20180416 09103440  ( debug 					P3: DateTime	9999-12-31T00:00:00
20180416 09103440  ( SQL   					ubDBSQLite3ThreadSafe.TubSQLite3Statement(02D49BB0) SELECT A01.ID,A01.caption,A01.code,A01.url,A01.isDefault,A01.mi_owner,A01.mi_createDate,A01.mi_createUser,A01.mi_modifyDate,A01.mi_modifyUser,A01.mi_deleteDate,A01.mi_deleteUser  FROM ubm_desktop A01  WHERE (( A01.mi_owner = ? ) OR (1=1) OR exists (select 1 from ubm_desktop_adm admsubtable where admsubtable.instanceID = A01.ID and admsubtable.admSubjID in (select ur.RoleID from uba_userrole ur where ur.UserID = ? union select 10))) AND A01.mi_deleteDate=?
20180416 09103440  (  -    				00.000.110
20180416 09103440  (  -    			00.000.178
20180416 09103440  ( debug 			Query result for entity "ubm_desktop" into data name "": row count=2
20180416 09103440  (  -    		00.000.194
20180416 09103440  (  -    	00.000.343
20180416 09103442  (  +    	ubMixinClasses.TubStorageMixin(02CE42C0).MixinMethod
20180416 09103442  ( debug 		ubm_enum.select(TubStorageMixin)
20180416 09103442  (  +    		ubApp.TubDataStore(06D35CD8).Init
20180416 09103442  (  +    			ubApp.TubApp(02C93EE0).DBExecute
20180416 09103442  (  +    				ubApp.TubApp(02C93EE0).TubApp.InternalDBExecute
20180416 09103442  ( SQL   					ubDBSQLite3ThreadSafe.TubSQLite3Statement(02D49C70) SELECT ( (SELECT COALESCE(strftime('%s',  MAX(mi_modifyDate)),1) FROM ubm_enum) ) AS dataVersion
20180416 09103442  (  -    				00.000.070
20180416 09103442  (  -    			00.000.148
20180416 09103442  ( debug 			Query result for entity "ubm_enum" into data name "": row count=1
20180416 09103442  (  -    		00.000.156
20180416 09103442  (  -    	00.000.267
20180416 09103442  ( http  	127.0.0.1 <- 200
20180416 09103442  (  -    00.039.607
20180416 09103445  %  +    ubql
20180416 09103445  % http  	127.0.0.1 -> POST ubql
20180416 09103445  % http  	[{"entity":"ubm_navshortcut","method":"select","fieldList":["ID","desktopID","parentID","code","isFolder","caption","inWindow","isCollapsed","displayOrder","iconCls","mi_modifyDate"],"orderList":{"0":{"expression":"desktopID","order":"asc"},"1":{"expression":"parentID","order":"asc"},"2":{"expression":"displayOrder","order":"asc"},"3":{"expression":"caption","order":"asc"}}}]
20180416 09103445  % auth  	admin/143297848
20180416 09103445  % call  	endpoint ubql
20180416 09103445  %  +    	ubMixinClasses.TubRLSMixin(02CE4E20).MixinMethod
20180416 09103445  % debug 		ubm_navshortcut.select(TubRLSMixin)
20180416 09103445  % debug 		Prepare RLS expression for ubm_navshortcut
20180416 09103445  %  +    		ubApp.TubDataStore(06D33AA0).Init
20180416 09103445  %  +    			ubApp.TubApp(02C93EE0).DBExecute
20180416 09103445  %  +    				ubApp.TubApp(02C93EE0).TubApp.InternalDBExecute
20180416 09103445  %  +    					00856EC2 
20180416 09103445  %  -    					00.002.187
20180416 09103445  % SQL   					ubDBSQLite3ThreadSafe.TubSQLite3Statement(02D4A270) PRAGMA foreign_keys = ON
20180416 09103445  % SQL   					ubDBSQLite3ThreadSafe.TubSQLite3Statement(02D49250) select ID, name FROM uba_role
20180416 09103445  %  -    				00.002.221
20180416 09103445  %  -    			00.002.260
20180416 09103445  % debug 			Query result for entity "uba_role" into data name "": row count=9
20180416 09103445  %  -    		00.002.271
20180416 09103445  %  -    	00.003.351
20180416 09103445  %  +    	ubMixinClasses.TubStorageMixin(02CE42C0).MixinMethod
20180416 09103445  % debug 		ubm_navshortcut.select(TubStorageMixin)
20180416 09103445  %  +    		ubApp.TubDataStore(06D33DC0).Init
20180416 09103445  %  +    			ubApp.TubApp(02C93EE0).DBExecute
20180416 09103445  %  +    				ubApp.TubApp(02C93EE0).TubApp.InternalDBExecute
20180416 09103445  % debug 					P1: Int64		10
20180416 09103445  % debug 					P2: Int64		10
20180416 09103445  % debug 					P3: DateTime	9999-12-31T00:00:00
20180416 09103445  % SQL   					ubDBSQLite3ThreadSafe.TubSQLite3Statement(02D4A390) SELECT A01.ID,A01.desktopID,A01.parentID,A01.code,A01.isFolder,A01.caption,A01.inWindow,A01.isCollapsed,A01.displayOrder,A01.iconCls,A01.mi_modifyDate  FROM ubm_navshortcut A01  WHERE (( A01.mi_owner = ? ) OR                (1=1) OR                              exists (select 1 from ubm_navshortcut_adm admsubtable where admsubtable.instanceID = A01.ID and admsubtable.admSubjID in (select ur.RoleID from uba_userrole ur where ur.UserID = ? union select 10))) AND A01.mi_deleteDate=? ORDER BY 2 ASC,3 ASC,9 ASC,... (truncated) length=517
20180416 09103445  %  -    				00.000.125
20180416 09103445  %  -    			00.000.309
20180416 09103445  % debug 			Query result for entity "ubm_navshortcut" into data name "": row count=33
20180416 09103445  %  -    		00.000.338
20180416 09103445  %  -    	00.000.493
20180416 09103445  % http  	127.0.0.1 <- 200
20180416 09103445  %  -    00.004.412
20180416 09103450  #  +    models/adminui-pub/themes/UBGrayTheme/images/toolbar/more.png
20180416 09103450  # http  	127.0.0.1 -> GET models/adminui-pub/themes/UBGrayTheme/images/toolbar/more.png
20180416 09103450  # call  	endpoint models
20180416 09103450  $  +    models/adminui-pub/themes/UBGrayTheme/images/grid/hd-pop.png
20180416 09103450  $ http  	127.0.0.1 -> GET models/adminui-pub/themes/UBGrayTheme/images/grid/hd-pop.png
20180416 09103450  $ call  	endpoint models
20180416 09103450  # http  	127.0.0.1 <- 200
20180416 09103450  #  -    00.001.108
20180416 09103450  &  +    models/adminui-pub/themes/UBGrayTheme/images/button/default-toolbar-small-arrow.png
20180416 09103450  & http  	127.0.0.1 -> GET models/adminui-pub/themes/UBGrayTheme/images/button/default-toolbar-small-arrow.png
20180416 09103450  & call  	endpoint models
20180416 09103450  $ http  	127.0.0.1 <- 200
20180416 09103450  $  -    00.001.069
20180416 09103450  & http  	127.0.0.1 <- 200
20180416 09103450  &  -    00.001.057
20180416 09104154  '  +    ubql
20180416 09104154  ' http  	127.0.0.1 -> POST ubql
20180416 09104154  ' http  	[{"entity":"ubm_navshortcut","method":"select","fieldList":["ID","cmdCode"],"whereList":{"c1":{"expression":"[ID]","condition":"equal","values":{"c1":335775710838895}}}}]
20180416 09104154  ' auth  	admin/143297848
20180416 09104154  ' call  	endpoint ubql
20180416 09104154  '  +    	ubMixinClasses.TubRLSMixin(02CE4E20).MixinMethod
20180416 09104154  ' debug 		ubm_navshortcut.select(TubRLSMixin)
20180416 09104154  ' debug 		Prepare RLS expression for ubm_navshortcut
20180416 09104154  '  +    		ubApp.TubDataStore(06D33A78).Init
20180416 09104154  '  +    			ubApp.TubApp(02C93EE0).DBExecute
20180416 09104154  '  +    				ubApp.TubApp(02C93EE0).TubApp.InternalDBExecute
20180416 09104154  ' SQL   					ubDBSQLite3ThreadSafe.TubSQLite3Statement(02D4A2D0) select ID, name FROM uba_role
20180416 09104154  '  -    				00.000.045
20180416 09104154  '  -    			00.000.110
20180416 09104154  ' debug 			Query result for entity "uba_role" into data name "": row count=9
20180416 09104154  '  -    		00.000.121
20180416 09104154  '  -    	00.001.395
20180416 09104154  '  +    	ubMixinClasses.TubStorageMixin(02CE42C0).MixinMethod
20180416 09104154  ' debug 		ubm_navshortcut.select(TubStorageMixin)
20180416 09104154  '  +    		ubApp.TubDataStore(06D35CD8).Init
20180416 09104154  '  +    			ubApp.TubApp(02C93EE0).DBExecute
20180416 09104154  '  +    				ubApp.TubApp(02C93EE0).TubApp.InternalDBExecute
20180416 09104154  ' debug 					P1: Int64		335775710838895
20180416 09104154  ' debug 					P2: Int64		10
20180416 09104154  ' debug 					P3: Int64		10
20180416 09104154  ' debug 					P4: DateTime	9999-12-31T00:00:00
20180416 09104154  ' SQL   					ubDBSQLite3ThreadSafe.TubSQLite3Statement(02D4A510) SELECT A01.ID,A01.cmdCode  FROM ubm_navshortcut A01  WHERE A01.ID=? AND (( A01.mi_owner = ? ) OR                (1=1) OR                              exists (select 1 from ubm_navshortcut_adm admsubtable where admsubtable.instanceID = A01.ID and admsubtable.admSubjID in (select ur.RoleID from uba_userrole ur where ur.UserID = ? union select 10))) AND A01.mi_deleteDate=?
20180416 09104154  '  -    				00.000.111
20180416 09104154  '  -    			00.000.200
20180416 09104154  ' debug 			Query result for entity "ubm_navshortcut" into data name "": row count=1
20180416 09104154  '  -    		00.000.213
20180416 09104154  '  -    	00.000.322
20180416 09104154  ' http  	127.0.0.1 <- 200
20180416 09104154  '  -    00.002.393
20180416 09104157  "  +    models/adminui-pub/themes/UBGrayTheme/images/tab/tab-default-close-dark.png
20180416 09104157  " http  	127.0.0.1 -> GET models/adminui-pub/themes/UBGrayTheme/images/tab/tab-default-close-dark.png
20180416 09104157  " call  	endpoint models
20180416 09104157  " http  	127.0.0.1 <- 200
20180416 09104157  "  -    00.000.917
20180416 09104159  )  +    models/adminui-pub/themes/UBGrayTheme/images/loadmask/loading.gif
20180416 09104159  ) http  	127.0.0.1 -> GET models/adminui-pub/themes/UBGrayTheme/images/loadmask/loading.gif
20180416 09104159  ) call  	endpoint models
20180416 09104159  ) http  	127.0.0.1 <- 200
20180416 09104159  )  -    00.000.871
20180416 09104160  (  +    models/adminui-pub/themes/UBGrayTheme/images/form/trigger.png
20180416 09104160  ( http  	127.0.0.1 -> GET models/adminui-pub/themes/UBGrayTheme/images/form/trigger.png
20180416 09104160  ( call  	endpoint models
20180416 09104160  ( http  	127.0.0.1 <- 200
20180416 09104160  (  -    00.000.711
20180416 09104161  %  +    models/adminui-pub/themes/UBGrayTheme/ubimages/sum.png
20180416 09104161  % http  	127.0.0.1 -> GET models/adminui-pub/themes/UBGrayTheme/ubimages/sum.png
20180416 09104161  % call  	endpoint models
20180416 09104161  #  +    models/adminui-pub/themes/UBGrayTheme/images/grid/page-next.png
20180416 09104161  # http  	127.0.0.1 -> GET models/adminui-pub/themes/UBGrayTheme/images/grid/page-next.png
20180416 09104161  # call  	endpoint models
20180416 09104161  $  +    models/adminui-pub/themes/UBGrayTheme/images/grid/page-prev.png
20180416 09104161  $ http  	127.0.0.1 -> GET models/adminui-pub/themes/UBGrayTheme/images/grid/page-prev.png
20180416 09104161  $ call  	endpoint models
20180416 09104161  % http  	127.0.0.1 <- 200
20180416 09104161  %  -    00.001.334
20180416 09104161  $ http  	127.0.0.1 <- 200
20180416 09104161  # http  	127.0.0.1 <- 200
20180416 09104161  $  -    00.000.598
20180416 09104161  #  -    00.001.571
20180416 09104202  &  +    ubql
20180416 09104202  & http  	127.0.0.1 -> POST ubql
20180416 09104202  & http  	[{"entity":"ubs_report","method":"select","fieldList":["ID","model","report_code","name","mi_modifyDate"],"version":"-1"}]
20180416 09104202  & auth  	admin/143297848
20180416 09104202  & call  	endpoint ubql
20180416 09104203  & http  	127.0.0.1 <- 200
20180416 09104203  &  -    00.014.246
20180416 09104414  '  +    ubql
20180416 09104414  ' http  	127.0.0.1 -> POST ubql
20180416 09104414  ' http  	[{"entity":"ubs_report","fieldList":["model","report_code","name","template","code","ID","mi_modifyDate"],"ID":1322283145,"alsNeed":false,"method":"select"}]
20180416 09104414  ' auth  	admin/143297848
20180416 09104414  ' call  	endpoint ubql
20180416 09104416  ' http  	127.0.0.1 <- 200
20180416 09104416  '  -    00.022.231
20180416 09104417  "  +    getDocument?entity=ubs_report&attribute=template&ID=1322283145&origName=Reqlist_HD_month.template&filename=ubs_report1322283145template&_dc=1523869844267
20180416 09104417  " http  	127.0.0.1 -> GET getDocument?entity=ubs_report&attribute=template&ID=1322283145&origName=Reqlist_HD_month.template&filename=ubs_report1322283145template&_dc=1523869844267
20180416 09104417  " auth  	admin/143297848
20180416 09104417  " call  	endpoint getDocument
20180416 09104417  )  +    getDocument?entity=ubs_report&attribute=code&ID=1322283145&origName=Reqlist_HD_month.js&filename=ubs_report1322283145code&_dc=1523869844268
20180416 09104417  ) http  	127.0.0.1 -> GET getDocument?entity=ubs_report&attribute=code&ID=1322283145&origName=Reqlist_HD_month.js&filename=ubs_report1322283145code&_dc=1523869844268
20180416 09104417  ) auth  	admin/143297848
20180416 09104417  ) call  	endpoint getDocument
20180416 09104418  " http  	127.0.0.1 <- 200
20180416 09104418  "  -    00.017.627
20180416 09104418  ) http  	127.0.0.1 <- 200
20180416 09104418  )  -    00.018.721
20180416 09104418  (  +    clientRequire/@unitybase/adminui-pub/dist/adminui.0.min.js
20180416 09104418  ( http  	127.0.0.1 -> GET clientRequire/@unitybase/adminui-pub/dist/adminui.0.min.js
20180416 09104418  ( call  	endpoint clientRequire
20180416 09104418  ( info  	Call clientRequire 
20180416 09104418  ( http  	127.0.0.1 <- 200
20180416 09104418  (  -    00.001.335
20180416 09104520  %  +    models/adminui-pub/locale/tinymce/en.js
20180416 09104520  % http  	127.0.0.1 -> GET models/adminui-pub/locale/tinymce/en.js
20180416 09104520  % call  	endpoint models
20180416 09104520  % http  	127.0.0.1 <- 200
20180416 09104520  %  -    00.000.688
20180416 09104522  #  +    clientRequire/tinymce//skins/lightgray/skin.min.css
20180416 09104522  # http  	127.0.0.1 -> GET clientRequire/tinymce//skins/lightgray/skin.min.css
20180416 09104522  # call  	endpoint clientRequire
20180416 09104522  # info  	Call clientRequire 
20180416 09104522  # http  	127.0.0.1 <- 200
20180416 09104522  #  -    00.001.207
20180416 09104526  $  +    clientRequire/tinymce//skins/lightgray/content.min.css
20180416 09104526  $ http  	127.0.0.1 -> GET clientRequire/tinymce//skins/lightgray/content.min.css
20180416 09104526  $ call  	endpoint clientRequire
20180416 09104526  $ info  	Call clientRequire 
20180416 09104526  $ http  	127.0.0.1 <- 200
20180416 09104526  $  -    00.002.507
20180416 09104527  &  +    clientRequire/tinymce//skins/lightgray/fonts/tinymce-small.woff
20180416 09104527  & http  	127.0.0.1 -> GET clientRequire/tinymce//skins/lightgray/fonts/tinymce-small.woff
20180416 09104527  & call  	endpoint clientRequire
20180416 09104527  & info  	Call clientRequire 
20180416 09104527  & http  	127.0.0.1 <- 200
20180416 09104527  &  -    00.001.424
20180416 09104645  '  +    clientRequire/tinymce//skins/lightgray/fonts/tinymce.woff
20180416 09104645  ' http  	127.0.0.1 -> GET clientRequire/tinymce//skins/lightgray/fonts/tinymce.woff
20180416 09104645  ' call  	endpoint clientRequire
20180416 09104645  ' info  	Call clientRequire 
20180416 09104645  ' http  	127.0.0.1 <- 200
20180416 09104645  '  -    00.001.390
20180416 09115800  "  +    setDocument?ID=1322283145&attribute=template&entity=ubs_report&filename=Reqlist_HD_month.template
20180416 09115800  " http  	127.0.0.1 -> POST setDocument?ID=1322283145&attribute=template&entity=ubs_report&filename=Reqlist_HD_month.template
20180416 09115800  " http  	!BIN(940)
20180416 09115800  " auth  	admin/143297848
20180416 09115800  " call  	endpoint setDocument
20180416 09115800  )  +    setDocument?ID=1322283145&attribute=code&entity=ubs_report&filename=Reqlist_HD_month.js
20180416 09115800  ) http  	127.0.0.1 -> POST setDocument?ID=1322283145&attribute=code&entity=ubs_report&filename=Reqlist_HD_month.js
20180416 09115800  ) http  	!BIN(846)
20180416 09115800  ) auth  	admin/143297848
20180416 09115800  ) call  	endpoint setDocument
20180416 09115801  " http  	127.0.0.1 <- 200
20180416 09115801  "  -    00.012.487
20180416 09115801  ) http  	127.0.0.1 <- 200
20180416 09115801  )  -    00.013.318
20180416 09115801  (  +    ubql
20180416 09115801  ( http  	127.0.0.1 -> POST ubql
20180416 09115801  ( http  	[{"fieldList":["model","report_code","name","template","code","ID","mi_modifyDate"],"entity":"ubs_report","method":"update","alsNeed":false,"execParams":{"template":"{\"store\":\"mdb\",\"fName\":\"Reqlist_HD_month.template\",\"origName\":\"Reqlist_HD_month.template\",\"relPath\":\"\",\"ct\":\"application/template\",\"size\":940,\"md5\":\"9eb3d4bb60c9f1ebd2b9a2fd9b7f4dd3\",\"revision\":1,\"isDirty\":true}","code":"{\"store\":\"mdb\",\"fName\":\"Reqlist_HD_month.js\",\"origName\":\"Reqlist_HD_month.js\",\"relPath\":\"\",\"ct\":\"application/javascript\",\"size\":846,\"md5\":\"8ab3e29a97b7cc2d385534393a3a3897\",\"revision\":1,\"isDirty\":true}","ID":1322283145,"mi_modifyDate":"2018-04-16T11:04:48.000Z"}}]
20180416 09115801  ( auth  	admin/143297848
20180416 09115801  ( call  	endpoint ubql
20180416 09115801  (  +    	ubMixinClasses.TubStorageMixin(02CE42C0).MixinMethod
20180416 09115801  ( debug 		ubs_report.beforeupdate(TubStorageMixin)
20180416 09115801  (  -    	00.009.915
20180416 09115803  (  +    	ubMixinClasses.TubStorageMixin(02CE42C0).MixinMethod
20180416 09115803  ( debug 		ubs_report.afterupdate(TubStorageMixin)
20180416 09115803  (  -    	00.006.557
20180416 09115803  (  +    	ubMixinClasses.TubAuditMixin(02CE4F70).MixinMethod
20180416 09115803  ( debug 		ubs_report.afterupdate(TubAuditMixin)
20180416 09115803  (  +    		ubApp.TubDataStore(06D38208).TubDataStore.ExecuteInsertFromSQL
20180416 09115803  (  +    			ubApp.TubApp(02C93EE0).DBExecute
20180416 09115803  (  +    				ubApp.TubApp(02C93EE0).TubApp.InternalDBExecute
20180416 09115803  ( debug 					P1: Int64		335792837853185
20180416 09115803  ( debug 					P2: String(10)	ubs_report
20180416 09115803  ( debug 					P3: Int64		1322283145
20180416 09115803  ( debug 					P4: String(6)	UPDATE
20180416 09115803  ( debug 					P5: Int64		10
20180416 09115803  ( debug 					P6: DateTime	2018-04-16T09:11:58
20180416 09115803  ( debug 					P7: String(9)	127.0.0.1
20180416 09115803  ( debug 					P8: Int64		1322283145
20180416 09115803  ( debug 					P9: String(1)	]
20180416 09115803  ( debug 					P10: String(552..)	{"template":"{\"store\":\"mdb\",\"fName\":\"Reqlist_HD_month.template\",\"origName\":\"Reqlist_HD_mo...
20180416 09115803  ( DB    					StartTransaction for connection "main"
20180416 09115803  ( SQL   					ubDBSQLite3ThreadSafe.TubSQLite3Statement(02D4A4B0) INSERT INTO uba_auditTrail (ID,entity,entityinfo_id,actionType,actionUser,actionTime,remoteIP,parentEntityInfo_id,fromValue,toValue) VALUES (?,?,?,?,?,?,?,?,?,?)
20180416 09115803  (  -    				00.000.188
20180416 09115803  (  -    			00.000.190
20180416 09115803  (  -    		00.000.296
20180416 09115803  (  -    	00.000.349
20180416 09115803  ( DB    	Commit connection "main" in 103us
20180416 09115803  ( http  	127.0.0.1 <- 200
20180416 09115803  (  -    00.030.581
20180416 09115807  %  +    getDocument?entity=ubs_report&attribute=template&ID=1322283145&origName=Reqlist_HD_month.template&filename=ubs_report1322283145template&_dc=1523869918068
20180416 09115807  % http  	127.0.0.1 -> GET getDocument?entity=ubs_report&attribute=template&ID=1322283145&origName=Reqlist_HD_month.template&filename=ubs_report1322283145template&_dc=1523869918068
20180416 09115807  % auth  	admin/143297848
20180416 09115807  % call  	endpoint getDocument
20180416 09115807  #  +    getDocument?entity=ubs_report&attribute=code&ID=1322283145&origName=Reqlist_HD_month.js&filename=ubs_report1322283145code&_dc=1523869918068
20180416 09115807  # http  	127.0.0.1 -> GET getDocument?entity=ubs_report&attribute=code&ID=1322283145&origName=Reqlist_HD_month.js&filename=ubs_report1322283145code&_dc=1523869918068
20180416 09115807  # auth  	admin/143297848
20180416 09115807  # call  	endpoint getDocument
20180416 09115809  # http  	127.0.0.1 <- 200
20180416 09115809  #  -    00.020.652
20180416 09115809  % http  	127.0.0.1 <- 200
20180416 09115809  %  -    00.021.245
20180416 09115907  $  +    clientRequire/@unitybase/adminui-pub/dist/adminui.4.min.js
20180416 09115907  $ http  	127.0.0.1 -> GET clientRequire/@unitybase/adminui-pub/dist/adminui.4.min.js
20180416 09115907  $ call  	endpoint clientRequire
20180416 09115907  $ info  	Call clientRequire 
20180416 09115907  $ http  	127.0.0.1 <- 200
20180416 09115907  $  -    00.001.257
20180416 09125006  &  +    setDocument?ID=1322283145&attribute=code&entity=ubs_report&filename=Reqlist_HD_month.js
20180416 09125006  & http  	127.0.0.1 -> POST setDocument?ID=1322283145&attribute=code&entity=ubs_report&filename=Reqlist_HD_month.js
20180416 09125006  & http  	!BIN(1012)
20180416 09125006  & auth  	admin/143297848
20180416 09125006  & call  	endpoint setDocument
20180416 09125007  & http  	127.0.0.1 <- 200
20180416 09125007  &  -    00.013.012
20180416 09125007  '  +    ubql
20180416 09125007  ' http  	127.0.0.1 -> POST ubql
20180416 09125007  ' http  	[{"fieldList":["model","report_code","name","template","code","ID","mi_modifyDate"],"entity":"ubs_report","method":"update","alsNeed":false,"execParams":{"code":"{\"store\":\"mdb\",\"fName\":\"Reqlist_HD_month.js\",\"origName\":\"Reqlist_HD_month.js\",\"relPath\":\"\",\"ct\":\"application/javascript\",\"size\":1012,\"md5\":\"4c60cc230782a6127d138b9a487ed769\",\"revision\":1,\"isDirty\":true}","ID":1322283145,"mi_modifyDate":"2018-04-16T11:11:58.000Z"}}]
20180416 09125007  ' auth  	admin/143297848
20180416 09125007  ' call  	endpoint ubql
20180416 09125007  '  +    	ubMixinClasses.TubStorageMixin(02CE42C0).MixinMethod
20180416 09125007  ' debug 		ubs_report.beforeupdate(TubStorageMixin)
20180416 09125007  ' EXC   		EMetabaseException {"errorCode":25,"Message":"Record modified by another user"} at 0094C650 
20180416 09125007  '  -    	00.002.878
20180416 09125007  ' ERROR 	POST ubql ERROR=500 (Record modified by another user)
20180416 09125007  '  -    00.003.581
20180416 09125433  "  +    ubql
20180416 09125433  " http  	127.0.0.1 -> POST ubql
20180416 09125433  " http  	[{"fieldList":["model","report_code","name","template","code","ID","mi_modifyDate"],"entity":"ubs_report","method":"update","alsNeed":false,"execParams":{"code":"{\"store\":\"mdb\",\"fName\":\"Reqlist_HD_month.js\",\"origName\":\"Reqlist_HD_month.js\",\"relPath\":\"\",\"ct\":\"application/javascript\",\"size\":1012,\"md5\":\"4c60cc230782a6127d138b9a487ed769\",\"revision\":1,\"isDirty\":true}","ID":1322283145,"mi_modifyDate":"2018-04-16T11:11:58.000Z"}}]
20180416 09125433  " auth  	admin/143297848
20180416 09125433  " call  	endpoint ubql
20180416 09125433  "  +    	ubMixinClasses.TubStorageMixin(02CE42C0).MixinMethod
20180416 09125433  " debug 		ubs_report.beforeupdate(TubStorageMixin)
20180416 09125433  " EXC   		EMetabaseException {"errorCode":25,"Message":"Record modified by another user"} at 0094C650 
20180416 09125433  "  -    	00.004.194
20180416 09125433  " ERROR 	POST ubql ERROR=500 (Record modified by another user)
20180416 09125433  "  -    00.005.072
20180416 09125832  ! info  ubApp.TubApp(02C93EE0) {   "ClientsCurrent": 1,   "ClientsMax": 1,   "Invalid": 3,   "Responses": 60,   "Modified": 0,   "IncomingBytes": 44441,   "OutcomingBytes": 23444,   "OutcomingFiles": 46,   "ServiceCalls": 60,   "ProcessTime": "5.56s"  }
