c:\UnityBase\UB.exe 4.0.0.0 (2018-02-22 16:30:16)Host=WDFN34211327A User=D071860 CPU=4*9-6-19971:FFFBCBBF8373DAFEBF6F9C0000 OS=23.0=10.0.15063 Wow64=1 Freq=2437498Environment variables=ALLUSERSPROFILE=C:\ProgramData	ANSICON=121x32766 (121x26)	ANSICON_DEF=7	APPDATA=C:\Users\D071860\AppData\Roaming	CommonProgramFiles=C:\Program Files (x86)\Common Files	CommonProgramFiles(x86)=C:\Program Files (x86)\Common Files	CommonProgramW6432=C:\Program Files\Common Files	COMPUTERNAME=WDFN34211327A	ComSpec=C:\WINDOWS\system32\cmd.exe	ConEmuANSI=ON	ConEmuAnsiLog=	ConEmuArgs=	ConEmuArgs2=	ConEmuBackHWND=0x001105EE	ConEmuBaseDir=C:\Program Files\ConEmu\ConEmu	ConEmuBaseDirShort=C:\PROGRA~1\ConEmu\ConEmu	ConEmuBuild=180411	ConEmuCfgDir=	ConEmuConfig=	ConEmuDir=C:\Program Files\ConEmu	ConEmuDrawHWND=0x001B0306	ConEmuDrive=C:	ConEmuHooks=Enabled	ConEmuHWND=0x001904C6	ConEmuPalette=<ConEmu>	ConEmuPID=1208	ConEmuPrompt0=$E[m$E[32m$E]9;8;"USERNAME"$E\@$E]9;8;"COMPUTERNAME"$E\$S	ConEmuPrompt1=$E[m$E[32m$E]9;8;"USERNAME"$E\@$E]9;8;"COMPUTERNAME"$E\$S$E[92m$P$E[90m	ConEmuPrompt2=$_$E[90m$G	ConEmuPrompt3=$E[m$S$E]9;12$E\	ConEmuServerPID=5468	ConEmuTask={Shells::cmd}	ConEmuWorkDir=C:\Users\D071860	ConEmuWorkDrive=C:	DEFLOGDIR=C:\ProgramData\McAfee\Endpoint Security\Logs	HOMEDRIVE=C:	homeloc=D_WDF	HOMEPATH=\Users\D071860	KUBECONFIG=C:\Practice\kubernetes\RUSLAN-KUBECONFIG	LOCALAPPDATA=C:\Users\D071860\AppData\Local	LOGONSERVER=\\DS2WDF0004	NUMBER_OF_PROCESSORS=4	OneDrive=C:\Users\D071860\OneDrive	OS=Windows_NT	Path=C:\Program Files\ConEmu\ConEmu\Scripts;C:\Program Files\ConEmu;C:\Program Files\ConEmu\ConEmu;C:\ProgramData\Oracle\Java\javapath;C:\Program Files\Docker\Docker\Resources\bin;C:\WINDOWS\system32;C:\WINDOWS;C:\WINDOWS\System32\Wbem;C:\WINDOWS\System32\WindowsPowerShell\v1.0\;C:\Program Files\Minikube;C:\Program Files\Kubernetes;C:\Program Files (x86)\Google\Cloud SDK\google-cloud-sdk\bin;C:\Program Files\PuTTY\;C:\Program Files\nodejs\;c:\UnityBase;C:\Users\D071860\AppData\Local\Microsoft\WindowsApps;C:\Users\D071860\AppData\Roaming\npm	PATHEXT=.COM;.EXE;.BAT;.CMD;.VBS;.VBE;.JSE;.WSF;.WSH;.MSC	PROCESSOR_ARCHITECTURE=x86	PROCESSOR_ARCHITEW6432=AMD64	PROCESSOR_IDENTIFIER=Intel64 Family 6 Model 78 Stepping 3, GenuineIntel	PROCESSOR_LEVEL=6	PROCESSOR_REVISION=4e03	ProgramData=C:\ProgramData	ProgramFiles=C:\Program Files (x86)	ProgramFiles(x86)=C:\Program Files (x86)	ProgramW6432=C:\Program Files	PROMPT=$E[m$E[32m$E]9;8;"USERNAME"$E\@$E]9;8;"COMPUTERNAME"$E\$S$E[92m$P$E[90m$_$E[90m$G$E[m$S$E]9;12$E\	PSModulePath=C:\Program Files (x86)\WindowsPowerShell\Modules;C:\WINDOWS\system32\WindowsPowerShell\v1.0\Modules;C:\Program Files (x86)\Google\Cloud SDK\google-cloud-sdk\platform\PowerShell	PUBLIC=C:\Users\Public	SESSIONNAME=Console	SNC_LIB=C:\Program Files (x86)\SAP\FrontEnd\SecureLogin\lib\sapcrypto.dll	SNC_LIB_64=C:\Program Files\SAP\FrontEnd\SecureLogin\lib\sapcrypto.dll	SSF_LIBRARY_PATH=C:\Program Files (x86)\SAP\FrontEnd\SecureLogin\lib\sapcrypto.dll	SSF_LIBRARY_PATH_64=C:\Program Files\SAP\FrontEnd\SecureLogin\lib\sapcrypto.dll	SystemDrive=C:	SystemRoot=C:\WINDOWS	TEMP=C:\Users\D071860\AppData\Local\Temp	TMP=C:\Users\D071860\AppData\Local\Temp	UATDATA=C:\WINDOWS\CCM\UATData\D9F8C395-CAB8-491d-B8AC-179A1FE1BE77	UB_HOME=c:\UnityBase	USERDNSDOMAIN=GLOBAL.CORP.SAP	USERDOMAIN=GLOBAL	USERDOMAIN_ROAMINGPROFILE=GLOBAL	USERNAME=D071860	USERPROFILE=C:\Users\D071860	windir=C:\WINDOWSTubLog 1.18.3488 FTS3 2018-04-15T20:12:3520180415 20123549  ! warn  WebSocket support are disabled because WSServer.host = '' in config
20180415 20123549  !  +    ubServer.TubServer(042774E8).008863DB 
20180415 20123549  !  +    	Init app
20180415 20123549  ! srvr  		FTS is disabled
20180415 20123549  ! info  		Check blob store "avatars" folder "C:\ubProject\CityPortal\avatars\": folder exists
20180415 20123549  ! info  		Check blob store "attach" folder "C:\ubProject\CityPortal\docs\attach\": folder exists
20180415 20123549  !  -    	00.000.406
20180415 20123549  !  +    	Folder C:\ubProject\CityPortal\node_modules\@unitybase\ub\ modified
20180415 20123549  !  +    		ubCommonClasses.TubThreadSafeCache(02DACB08).removeStartsWith
20180415 20123549  !  -    		00.000.004
20180415 20123549  !  -    	00.000.009
20180415 20123549  !  +    	Folder C:\ubProject\CityPortal\node_modules\@unitybase\uba\ modified
20180415 20123549  !  +    		ubCommonClasses.TubThreadSafeCache(02DACB08).removeStartsWith
20180415 20123549  !  -    		00.000.000
20180415 20123549  !  -    	00.000.004
20180415 20123549  !  +    	Folder C:\ubProject\CityPortal\node_modules\@unitybase\ubs\ modified
20180415 20123549  !  +    		ubCommonClasses.TubThreadSafeCache(02DACB08).removeStartsWith
20180415 20123549  !  -    		00.000.000
20180415 20123549  !  -    	00.000.004
20180415 20123549  !  +    	Folder C:\ubProject\CityPortal\node_modules\@unitybase\ubm\ modified
20180415 20123549  !  +    		ubCommonClasses.TubThreadSafeCache(02DACB08).removeStartsWith
20180415 20123549  !  -    		00.000.000
20180415 20123549  !  -    	00.000.003
20180415 20123549  !  +    	Folder C:\ubProject\CityPortal\_public_only_\ modified
20180415 20123549  !  +    		ubCommonClasses.TubThreadSafeCache(02DACB08).removeStartsWith
20180415 20123549  !  -    		00.000.000
20180415 20123549  !  -    	00.000.003
20180415 20123549  !  +    	Folder C:\ubProject\CityPortal\node_modules\@unitybase\adminui-reg\ modified
20180415 20123549  !  +    		ubCommonClasses.TubThreadSafeCache(02DACB08).removeStartsWith
20180415 20123549  !  -    		00.000.000
20180415 20123549  !  -    	00.000.004
20180415 20123549  !  +    	Folder C:\ubProject\CityPortal\models\requests\ modified
20180415 20123549  !  +    		ubCommonClasses.TubThreadSafeCache(02DACB08).removeStartsWith
20180415 20123549  !  -    		00.000.000
20180415 20123549  !  -    	00.000.003
20180415 20123549  !  +    	ubApp.TubApp(02D13EE0).init
20180415 20123549  ! srvr  		Mime converters are disabled
20180415 20123549  !  -    	00.000.002
20180415 20123549  ! srvr  	Enable zip compresison
20180415 20123549  ! srvr  	Send initialization request to http://localhost:888/init
20180415 20123550  "  +    InitializationRequest
20180415 20123550  "  +    	init
20180415 20123550  " srvr  		Start application intialization...
20180415 20123550  " info  		Loading domain...
20180415 20123550  " info  		Loading model "UB" from "C:\ubProject\CityPortal\node_modules\@unitybase\ub\"
20180415 20123550  " info  		Loading model "UBA" from "C:\ubProject\CityPortal\node_modules\@unitybase\uba\"
20180415 20123551  " info  		Loading model "UBS" from "C:\ubProject\CityPortal\node_modules\@unitybase\ubs\"
20180415 20123552  " info  		Loading model "UBM" from "C:\ubProject\CityPortal\node_modules\@unitybase\ubm\"
20180415 20123552  " info  		Loading model "adminui-reg" from "C:\ubProject\CityPortal\node_modules\@unitybase\adminui-reg\"
20180415 20123552  " info  		Loading model "RequestList" from "C:\ubProject\CityPortal\models\requests\"
20180415 20123552  "  +    		ubApp.TubDataStore(0420FF98).Init
20180415 20123552  "  +    			ubApp.TubApp(02D13EE0).DBExecute
20180415 20123552  "  +    				ubApp.TubApp(02D13EE0).TubApp.InternalDBExecute
20180415 20123552  "  +    					00856EC2 
20180415 20123553  "  -    					00.008.587
20180415 20123553  " SQL   					ubDBSQLite3ThreadSafe.TubSQLite3Statement(02DC6F10) PRAGMA foreign_keys = ON
20180415 20123553  " SQL   					ubDBSQLite3ThreadSafe.TubSQLite3Statement(02DC6910) SELECT A01.ID,A01.entity,A01.state,A01.attribute,A01.roleName,A01.actions  FROM uba_als A01  ORDER BY A01.entity ASC
20180415 20123553  "  -    				00.008.715
20180415 20123553  "  -    			00.008.748
20180415 20123553  " debug 			Query result for entity "uba_als" into data name "": row count=0
20180415 20123553  "  -    		00.008.773
20180415 20123553  " srvr  		The domain loaded successfully with 3 entities
20180415 20123553  " debug 		Create new JavaScript Engine for thread 41004
20180415 20123603  "  +    		008C234A 
20180415 20123603  "  +    			ubApp.TubDataStore(0754CCD0).Init
20180415 20123603  "  +    				ubApp.TubApp(02D13EE0).DBExecute
20180415 20123603  "  +    					ubApp.TubApp(02D13EE0).TubApp.InternalDBExecute
20180415 20123603  " SQL   						ubDBSQLite3ThreadSafe.TubSQLite3Statement(02DC7270) SELECT A01.ID,A01.name,A01.sessionTimeout,A01.allowedAppMethods  FROM uba_role A01 
20180415 20123603  "  -    					00.000.057
20180415 20123603  "  -    				00.000.130
20180415 20123603  " debug 				Query result for entity "uba_role" into data name "": row count=9
20180415 20123603  "  -    			00.000.151
20180415 20123603  "  +    			ubApp.TubDataStore(0754CD48).Init
20180415 20123603  "  +    				ubApp.TubApp(02D13EE0).DBExecute
20180415 20123603  "  +    					ubApp.TubApp(02D13EE0).TubApp.InternalDBExecute
20180415 20123603  " SQL   						ubDBSQLite3ThreadSafe.TubSQLite3Statement(02DC7210) SELECT A01.ID,A01.entityMask,A01.methodMask,A01.ruleType,A01.ruleRole,A01.disabled,A01.code  FROM uba_els A01 
20180415 20123603  "  -    					00.000.029
20180415 20123603  "  -    				00.000.160
20180415 20123603  " debug 				Query result for entity "uba_els" into data name "": row count=88
20180415 20123603  "  -    			00.000.185
20180415 20123603  "  -    		00.002.273
20180415 20123603  " auth  		New session admin/96629182 created at 127.0.0.1/-72057588132347343 using Mozilla/5.0 (Windows; mORMot 1.18 TWinHTTP)
20180415 20123603  " auth  		New session anonymous/96629177 created at 127.0.0.1/-72057588132347343 using Mozilla/5.0 (Windows; mORMot 1.18 TWinHTTP)
20180415 20123603  "  +    		ubApp.TubDataStore(0754CEB0).Init
20180415 20123603  "  +    			ubApp.TubApp(02D13EE0).DBExecute
20180415 20123603  "  +    				ubApp.TubApp(02D13EE0).TubApp.InternalDBExecute
20180415 20123603  " debug 					P1: String(34)	UBA.passwordPolicy.maxDurationDays
20180415 20123603  " SQL   					ubDBSQLite3ThreadSafe.TubSQLite3Statement(02DC7330) select settingValue from ubs_settings where settingKey =?
20180415 20123603  "  -    				00.000.031
20180415 20123603  "  -    			00.000.080
20180415 20123603  " debug 			Query result for entity "ubs_settings" into data name "": row count=1
20180415 20123603  "  -    		00.000.089
20180415 20123603  "  +    		ubApp.TubDataStore(0754CEB0).Init
20180415 20123603  "  +    			ubApp.TubApp(02D13EE0).DBExecute
20180415 20123603  "  +    				ubApp.TubApp(02D13EE0).TubApp.InternalDBExecute
20180415 20123603  " debug 					P1: String(37)	UBA.passwordPolicy.maxInvalidAttempts
20180415 20123603  " SQL   					ubDBSQLite3ThreadSafe.TubSQLite3Statement(02DC7330) select settingValue from ubs_settings where settingKey =?
20180415 20123603  "  -    				00.000.006
20180415 20123603  "  -    			00.000.019
20180415 20123603  " debug 			Query result for entity "ubs_settings" into data name "": row count=1
20180415 20123603  "  -    		00.000.024
20180415 20123603  "  -    	00.258.789
20180415 20123603  "  -    00.258.805
20180415 20123603  ! srvr  	ubServer.TubServer(042774E8) {"THttpApiServer(02CDA990)":{"Cloned":false,"RegisteredUrl":"http://+:888/","HTTPQueueLength":1000,"MaxBandwidth":-1,"MaxConnections":-1,"APIVersion":"HTTP API 2.0","ServerName":"UnityBase","ProcessName":""}} initialized
20180415 20123603  !  -    00.267.393
20180415 20123604  "  +    getAppInfo
20180415 20123604  " http  	127.0.0.1 -> GET getAppInfo
20180415 20123604  " call  	endpoint getAppInfo
20180415 20123604  " http  	127.0.0.1 <- 200
20180415 20123604  "  -    00.000.617
20180415 20123604  #  +    auth?AUTHTYPE=UB&userName=admin
20180415 20123604  # http  	127.0.0.1 -> GET auth?AUTHTYPE=UB&userName=admin
20180415 20123604  # debug 	Create new JavaScript Engine for thread 39212
20180415 20123617  # call  	endpoint auth
20180415 20123617  # http  	127.0.0.1 <- 200
20180415 20123617  #  -    00.207.386
20180415 20123617  $  +    auth?AUTHTYPE=UB&clientNonce=f6807e60e0552c6ff2a191a5d270cd5ae962997e7b5bf9912af67b35d79fb435&password=2f7c746c171d5844b2623855357b1af4e2ab7408cde7be74356cfd79a5a451a1&userName=admin
20180415 20123617  $ http  	127.0.0.1 -> GET auth?AUTHTYPE=UB&clientNonce=f6807e60e0552c6ff2a191a5d270cd5ae962997e7b5bf9912af67b35d79fb435&password=2f7c746c171d5844b2623855357b1af4e2ab7408cde7be74356cfd79a5a451a1&userName=admin
20180415 20123617  $ debug 	Create new JavaScript Engine for thread 18800
20180415 20123630  $ call  	endpoint auth
20180415 20123630  $  +    	ubApp.TubDataStore(07552220).Init
20180415 20123630  $  +    		ubApp.TubApp(02D13EE0).DBExecute
20180415 20123630  $  +    			ubApp.TubApp(02D13EE0).TubApp.InternalDBExecute
20180415 20123630  $  +    				00856EC2 
20180415 20123630  $  -    				00.002.195
20180415 20123630  $ SQL   				ubDBSQLite3ThreadSafe.TubSQLite3Statement(02DC80B0) PRAGMA foreign_keys = ON
20180415 20123630  $ debug 				P1: String(5)	admin
20180415 20123630  $ SQL   				ubDBSQLite3ThreadSafe.TubSQLite3Statement(02DC7A50) select id, name, uPasswordHashHexa, uData, isPending, trustedIP from UBA_USER where name=? and disabled=0
20180415 20123630  $  -    			00.002.242
20180415 20123630  $  -    		00.002.285
20180415 20123630  $ debug 		Query result for entity "uba_user" into data name "": row count=1
20180415 20123630  $  -    	00.002.310
20180415 20123630  $  +    	ubApp.TubDataStore(07552220).Init
20180415 20123630  $  +    		ubApp.TubApp(02D13EE0).DBExecute
20180415 20123630  $  +    			ubApp.TubApp(02D13EE0).TubApp.InternalDBExecute
20180415 20123630  $ debug 				P1: Int64		10
20180415 20123630  $ SQL   				ubDBSQLite3ThreadSafe.TubSQLite3Statement(02DC80B0) SELECT lastPasswordChangeDate FROM uba_user WHERE id=?
20180415 20123630  $  -    			00.000.018
20180415 20123630  $  -    		00.000.041
20180415 20123630  $ debug 		Query result for entity "uba_user" into data name "__expireDate": row count=1
20180415 20123630  $  -    	00.000.049
20180415 20123630  $  +    	ubApp.TubDataStore(07553AF8).Init
20180415 20123630  $  +    		ubApp.TubApp(02D13EE0).DBExecute
20180415 20123630  $  +    			ubApp.TubApp(02D13EE0).TubApp.InternalDBExecute
20180415 20123630  $ debug 				P1: Int64		10
20180415 20123630  $ SQL   				ubDBSQLite3ThreadSafe.TubSQLite3Statement(02DC8170) SELECT A01.roleID,A02.name,A02.description  FROM uba_userrole A01  INNER JOIN uba_role A02 ON A02.ID=A01.roleID  WHERE A01.userID=?
20180415 20123630  $  -    			00.000.038
20180415 20123630  $  -    		00.000.073
20180415 20123630  $ debug 		Query result for entity "uba_userrole" into data name "": row count=1
20180415 20123630  $  -    	00.000.081
20180415 20123630  $ auth  	New session admin/96629176 created at 127.0.0.1/-72057588132347343 using Mozilla/5.0 (Windows; mORMot 1.18 TWinHTTP)
20180415 20123630  $  +    	ubMixinClasses.TubStorageMixin(02D642C0).MixinMethod
20180415 20123630  $ debug 		uba_user.select(TubStorageMixin)
20180415 20123630  $  +    		ubApp.TubDataStore(07553AF8).Init
20180415 20123630  $  +    			ubApp.TubApp(02D13EE0).DBExecute
20180415 20123630  $  +    				ubApp.TubApp(02D13EE0).TubApp.InternalDBExecute
20180415 20123630  $ debug 					P1: Int64		10
20180415 20123630  $ SQL   					ubDBSQLite3ThreadSafe.TubSQLite3Statement(02DC8290) SELECT A01.name  FROM uba_user A01  WHERE A01.ID=?
20180415 20123630  $  -    				00.000.038
20180415 20123630  $  -    			00.000.079
20180415 20123630  $ debug 			Query result for entity "uba_user" into data name "": row count=1
20180415 20123630  $  -    		00.000.087
20180415 20123630  $  -    	00.000.145
20180415 20123632  $  +    	ubMixinClasses.TubStorageMixin(02D642C0).MixinMethod
20180415 20123632  $ debug 		uba_advSecurity.select(TubStorageMixin)
20180415 20123632  $  +    		ubApp.TubDataStore(07553AF8).Init
20180415 20123632  $  +    			ubApp.TubApp(02D13EE0).DBExecute
20180415 20123632  $  +    				ubApp.TubApp(02D13EE0).TubApp.InternalDBExecute
20180415 20123632  $ debug 					P1: Int64		10
20180415 20123632  $ SQL   					ubDBSQLite3ThreadSafe.TubSQLite3Statement(02DC82F0) SELECT A01.ID,A01.allowedIP,A01.refreshIP,A01.fp,A01.refreshFp,A01.keyMediaName,A01.refreshKeyMedia,A01.mi_modifyDate  FROM uba_advSecurity A01  WHERE A01.userID=?
20180415 20123632  $  -    				00.000.063
20180415 20123632  $  -    			00.000.122
20180415 20123632  $ debug 			Query result for entity "uba_advSecurity" into data name "": row count=0
20180415 20123632  $  -    		00.000.133
20180415 20123632  $  -    	00.000.293
20180415 20123632  $  +    	ubMixinClasses.TubStorageMixin(02D642C0).MixinMethod
20180415 20123632  $ debug 		uba_userrole.select(TubStorageMixin)
20180415 20123632  $  +    		ubApp.TubDataStore(07553AF8).Init
20180415 20123632  $  +    			ubApp.TubApp(02D13EE0).DBExecute
20180415 20123632  $  +    				ubApp.TubApp(02D13EE0).TubApp.InternalDBExecute
20180415 20123632  $ debug 					P1: Int64		10
20180415 20123632  $ SQL   					ubDBSQLite3ThreadSafe.TubSQLite3Statement(02DC8350) SELECT A01.ID,A02.name,A01.roleID  FROM uba_userrole A01  INNER JOIN uba_role A02 ON A02.ID=A01.roleID  WHERE A01.userID=?
20180415 20123632  $  -    				00.000.056
20180415 20123632  $  -    			00.000.138
20180415 20123632  $ debug 			Query result for entity "uba_userrole" into data name "": row count=1
20180415 20123632  $  -    		00.000.147
20180415 20123632  $  -    	00.000.230
20180415 20123632  $  +    	ubMixinClasses.TubStorageMixin(02D642C0).MixinMethod
20180415 20123632  $ debug 		uba_audit.beforeinsert(TubStorageMixin)
20180415 20123632  $  -    	00.000.009
20180415 20123632  $  +    	ubMixinClasses.TubStorageMixin(02D642C0).MixinMethod
20180415 20123632  $ debug 		uba_audit.insert(TubStorageMixin)
20180415 20123632  $  +    		ubApp.TubDataStore(07552018).TubDataStore.ExecuteInsertFromList
20180415 20123632  $  +    			ubApp.TubDataStore(07552018).TubDataStore.ExecuteInsertFromSQL
20180415 20123632  $  +    				ubApp.TubApp(02D13EE0).DBExecute
20180415 20123632  $  +    					ubApp.TubApp(02D13EE0).TubApp.InternalDBExecute
20180415 20123632  $ debug 						P1: String(8)	uba_user
20180415 20123632  $ debug 						P2: Int64		10
20180415 20123632  $ debug 						P3: String(5)	LOGIN
20180415 20123632  $ debug 						P4: Int64		10
20180415 20123632  $ debug 						P5: DateTime	2018-04-15T20:12:36
20180415 20123632  $ debug 						P6: String(9)	127.0.0.1
20180415 20123632  $ debug 						P7: String(5)	admin
20180415 20123632  $ debug 						P8: String(0)	
20180415 20123632  $ debug 						P9: Int64		335786852384769
20180415 20123632  $ debug 						P10: String(313..)	Cache-Control: no-cache  Connection: Keep-Alive  Pragma: no-cache  Accept: */*  Accept-Encoding: gzi...
20180415 20123632  $ DB    						StartTransaction for connection "main"
20180415 20123632  $ SQL   						ubDBSQLite3ThreadSafe.TubSQLite3Statement(02DC8410) INSERT INTO uba_audit (entity,entityinfo_id,actionType,actionUser,actionTime,remoteIP,targetUser,targetRole,ID,fromValue) VALUES (?,?,?,?,?,?,?,?,?,?)
20180415 20123632  $  -    					00.000.112
20180415 20123632  $  -    				00.000.114
20180415 20123632  $  -    			00.000.205
20180415 20123632  $  -    		00.000.217
20180415 20123632  $  -    	00.000.220
20180415 20123632  $  +    	ubMixinClasses.TubStorageMixin(02D642C0).MixinMethod
20180415 20123632  $ debug 		uba_audit.afterinsert(TubStorageMixin)
20180415 20123632  $  -    	00.000.003
20180415 20123632  $ DB    	Commit connection "main"
20180415 20123632  $ http  	127.0.0.1 <- 200
20180415 20123632  $  -    00.241.066
20180415 20123632  %  +    getDomainInfo?extended=true&userName=admin&v=4
20180415 20123632  % http  	127.0.0.1 -> GET getDomainInfo?extended=true&userName=admin&v=4
20180415 20123632  % debug 	Create new JavaScript Engine for thread 7816
20180415 20123646  % auth  	admin/96629176
20180415 20123646  % call  	endpoint getDomainInfo
20180415 20123646  % http  	127.0.0.1 <- 200
20180415 20123646  %  -    00.225.340
20180415 20123650  &  +    runSQL?CONNECTION=main
20180415 20123650  & http  	127.0.0.1 -> POST runSQL?CONNECTION=main
20180415 20123650  & http  	select name, tbl_name as caption from sqlite_master where type='table' and name not like 'sqlite_%'
20180415 20123650  & debug 	Create new JavaScript Engine for thread 22468
20180415 20123701  & auth  	admin/96629176
20180415 20123701  & call  	endpoint runSQL
20180415 20123701  &  +    	ubApp.TubApp(02D13EE0).DBExecute
20180415 20123701  &  +    		ubApp.TubApp(02D13EE0).TubApp.InternalDBExecute
20180415 20123701  &  +    			00856EC2 
20180415 20123702  &  -    			00.007.337
20180415 20123702  & SQL   			ubDBSQLite3ThreadSafe.TubSQLite3Statement(02DC9130) PRAGMA foreign_keys = ON
20180415 20123702  & SQL   			ubDBSQLite3ThreadSafe.TubSQLite3Statement(02DC8AD0) select name, tbl_name as caption from sqlite_master where type='table' and name not like 'sqlite_%'
20180415 20123702  &  -    		00.007.377
20180415 20123702  &  -    	00.007.441
20180415 20123702  & http  	127.0.0.1 <- 200
20180415 20123702  &  -    00.223.578
20180415 20123702  '  +    runSQL?CONNECTION=main
20180415 20123702  ' http  	127.0.0.1 -> POST runSQL?CONNECTION=main
20180415 20123702  ' http  	PRAGMA table_info('uba_user')
20180415 20123702  ' debug 	Create new JavaScript Engine for thread 16908
20180415 20123715  ' auth  	admin/96629176
20180415 20123715  ' call  	endpoint runSQL
20180415 20123715  '  +    	ubApp.TubApp(02D13EE0).DBExecute
20180415 20123715  '  +    		ubApp.TubApp(02D13EE0).TubApp.InternalDBExecute
20180415 20123715  '  +    			00856EC2 
20180415 20123715  '  -    			00.002.293
20180415 20123715  ' SQL   			ubDBSQLite3ThreadSafe.TubSQLite3Statement(02DC9A30) PRAGMA foreign_keys = ON
20180415 20123715  ' SQL   			ubDBSQLite3ThreadSafe.TubSQLite3Statement(02DC93D0) PRAGMA table_info('uba_user')
20180415 20123715  '  -    		00.002.324
20180415 20123715  '  -    	00.002.360
20180415 20123715  ' http  	127.0.0.1 <- 200
20180415 20123715  '  -    00.209.466
20180415 20123715  (  +    runSQL?CONNECTION=main
20180415 20123715  ( http  	127.0.0.1 -> POST runSQL?CONNECTION=main
20180415 20123715  ( http  	PRAGMA foreign_key_list('uba_user')
20180415 20123715  ( debug 	Create new JavaScript Engine for thread 43608
20180415 20123728  ( auth  	admin/96629176
20180415 20123728  ( call  	endpoint runSQL
20180415 20123728  (  +    	ubApp.TubApp(02D13EE0).DBExecute
20180415 20123728  (  +    		ubApp.TubApp(02D13EE0).TubApp.InternalDBExecute
20180415 20123728  (  +    			00856EC2 
20180415 20123728  (  -    			00.002.053
20180415 20123728  ( SQL   			ubDBSQLite3ThreadSafe.TubSQLite3Statement(02DCA390) PRAGMA foreign_keys = ON
20180415 20123728  ( SQL   			ubDBSQLite3ThreadSafe.TubSQLite3Statement(02DC9D30) PRAGMA foreign_key_list('uba_user')
20180415 20123728  (  -    		00.002.083
20180415 20123728  (  -    	00.002.107
20180415 20123728  ( http  	127.0.0.1 <- 200
20180415 20123728  (  -    00.208.483
20180415 20123728  )  +    runSQL?CONNECTION=main
20180415 20123728  ) http  	127.0.0.1 -> POST runSQL?CONNECTION=main
20180415 20123728  ) http  	PRAGMA index_list('uba_user')
20180415 20123728  ) debug 	Create new JavaScript Engine for thread 42752
20180415 20123741  ) auth  	admin/96629176
20180415 20123741  ) call  	endpoint runSQL
20180415 20123741  )  +    	ubApp.TubApp(02D13EE0).DBExecute
20180415 20123741  )  +    		ubApp.TubApp(02D13EE0).TubApp.InternalDBExecute
20180415 20123741  )  +    			00856EC2 
20180415 20123741  )  -    			00.002.052
20180415 20123741  ) SQL   			ubDBSQLite3ThreadSafe.TubSQLite3Statement(02DCAC90) PRAGMA foreign_keys = ON
20180415 20123741  ) SQL   			ubDBSQLite3ThreadSafe.TubSQLite3Statement(02DCA630) PRAGMA index_list('uba_user')
20180415 20123741  )  -    		00.002.080
20180415 20123741  )  -    	00.002.107
20180415 20123741  ) http  	127.0.0.1 <- 200
20180415 20123741  )  -    00.207.409
20180415 20123741  "  +    runSQL?CONNECTION=main
20180415 20123741  " http  	127.0.0.1 -> POST runSQL?CONNECTION=main
20180415 20123741  " http  	PRAGMA index_xinfo(IDX_USR_MI_MODIFYUSER)
20180415 20123741  " auth  	admin/96629176
20180415 20123741  " call  	endpoint runSQL
20180415 20123741  "  +    	ubApp.TubApp(02D13EE0).DBExecute
20180415 20123741  "  +    		ubApp.TubApp(02D13EE0).TubApp.InternalDBExecute
20180415 20123741  " SQL   			ubDBSQLite3ThreadSafe.TubSQLite3Statement(02DCA630) PRAGMA index_xinfo(IDX_USR_MI_MODIFYUSER)
20180415 20123741  "  -    		00.000.026
20180415 20123741  "  -    	00.000.104
20180415 20123741  " http  	127.0.0.1 <- 200
20180415 20123741  "  -    00.000.329
20180415 20123741  #  +    runSQL?CONNECTION=main
20180415 20123741  # http  	127.0.0.1 -> POST runSQL?CONNECTION=main
20180415 20123741  # http  	PRAGMA index_xinfo(IDX_USR_MI_CREATEUSER)
20180415 20123741  # auth  	admin/96629176
20180415 20123741  # call  	endpoint runSQL
20180415 20123741  #  +    	ubApp.TubApp(02D13EE0).DBExecute
20180415 20123741  #  +    		ubApp.TubApp(02D13EE0).TubApp.InternalDBExecute
20180415 20123741  #  +    			00856EC2 
20180415 20123742  #  -    			00.002.278
20180415 20123742  # SQL   			ubDBSQLite3ThreadSafe.TubSQLite3Statement(02DCB290) PRAGMA foreign_keys = ON
20180415 20123742  # SQL   			ubDBSQLite3ThreadSafe.TubSQLite3Statement(02DCA630) PRAGMA index_xinfo(IDX_USR_MI_CREATEUSER)
20180415 20123742  #  -    		00.002.301
20180415 20123742  #  -    	00.002.325
20180415 20123742  # http  	127.0.0.1 <- 200
20180415 20123742  #  -    00.002.547
20180415 20123742  $  +    runSQL?CONNECTION=main
20180415 20123742  $ http  	127.0.0.1 -> POST runSQL?CONNECTION=main
20180415 20123742  $ http  	PRAGMA index_xinfo(IDX_USR_MI_OWNER)
20180415 20123742  $ auth  	admin/96629176
20180415 20123742  $ call  	endpoint runSQL
20180415 20123742  $  +    	ubApp.TubApp(02D13EE0).DBExecute
20180415 20123742  $  +    		ubApp.TubApp(02D13EE0).TubApp.InternalDBExecute
20180415 20123742  $ SQL   			ubDBSQLite3ThreadSafe.TubSQLite3Statement(02DCA630) PRAGMA index_xinfo(IDX_USR_MI_OWNER)
20180415 20123742  $  -    		00.000.025
20180415 20123742  $  -    	00.000.067
20180415 20123742  $ http  	127.0.0.1 <- 200
20180415 20123742  $  -    00.000.236
20180415 20123742  %  +    runSQL?CONNECTION=main
20180415 20123742  % http  	127.0.0.1 -> POST runSQL?CONNECTION=main
20180415 20123742  % http  	PRAGMA index_xinfo(UIDX_USR_NAME)
20180415 20123742  % auth  	admin/96629176
20180415 20123742  % call  	endpoint runSQL
20180415 20123742  %  +    	ubApp.TubApp(02D13EE0).DBExecute
20180415 20123742  %  +    		ubApp.TubApp(02D13EE0).TubApp.InternalDBExecute
20180415 20123742  %  +    			00856EC2 
20180415 20123742  %  -    			00.002.350
20180415 20123742  % SQL   			ubDBSQLite3ThreadSafe.TubSQLite3Statement(02DCB890) PRAGMA foreign_keys = ON
20180415 20123742  % SQL   			ubDBSQLite3ThreadSafe.TubSQLite3Statement(02DCA630) PRAGMA index_xinfo(UIDX_USR_NAME)
20180415 20123742  %  -    		00.002.375
20180415 20123742  %  -    	00.002.400
20180415 20123742  % http  	127.0.0.1 <- 200
20180415 20123742  %  -    00.002.634
20180415 20123742  &  +    runSQL?CONNECTION=main
20180415 20123742  & http  	127.0.0.1 -> POST runSQL?CONNECTION=main
20180415 20123742  & http  	PRAGMA table_info('uba_role')
20180415 20123742  & auth  	admin/96629176
20180415 20123742  & call  	endpoint runSQL
20180415 20123742  &  +    	ubApp.TubApp(02D13EE0).DBExecute
20180415 20123742  &  +    		ubApp.TubApp(02D13EE0).TubApp.InternalDBExecute
20180415 20123742  & SQL   			ubDBSQLite3ThreadSafe.TubSQLite3Statement(02DCA630) PRAGMA table_info('uba_role')
20180415 20123742  &  -    		00.000.028
20180415 20123742  &  -    	00.000.077
20180415 20123742  & http  	127.0.0.1 <- 200
20180415 20123742  &  -    00.000.235
20180415 20123742  '  +    runSQL?CONNECTION=main
20180415 20123742  ' http  	127.0.0.1 -> POST runSQL?CONNECTION=main
20180415 20123742  ' http  	PRAGMA foreign_key_list('uba_role')
20180415 20123742  ' auth  	admin/96629176
20180415 20123742  ' call  	endpoint runSQL
20180415 20123742  '  +    	ubApp.TubApp(02D13EE0).DBExecute
20180415 20123742  '  +    		ubApp.TubApp(02D13EE0).TubApp.InternalDBExecute
20180415 20123742  ' SQL   			ubDBSQLite3ThreadSafe.TubSQLite3Statement(02DCA630) PRAGMA foreign_key_list('uba_role')
20180415 20123742  '  -    		00.000.027
20180415 20123742  '  -    	00.000.089
20180415 20123742  ' http  	127.0.0.1 <- 200
20180415 20123742  '  -    00.000.362
20180415 20123742  (  +    runSQL?CONNECTION=main
20180415 20123742  ( http  	127.0.0.1 -> POST runSQL?CONNECTION=main
20180415 20123742  ( http  	PRAGMA index_list('uba_role')
20180415 20123742  ( auth  	admin/96629176
20180415 20123742  ( call  	endpoint runSQL
20180415 20123742  (  +    	ubApp.TubApp(02D13EE0).DBExecute
20180415 20123742  (  +    		ubApp.TubApp(02D13EE0).TubApp.InternalDBExecute
20180415 20123742  ( SQL   			ubDBSQLite3ThreadSafe.TubSQLite3Statement(02DCA630) PRAGMA index_list('uba_role')
20180415 20123742  (  -    		00.000.025
20180415 20123742  (  -    	00.000.070
20180415 20123742  ( http  	127.0.0.1 <- 200
20180415 20123742  (  -    00.000.229
20180415 20123743  )  +    runSQL?CONNECTION=main
20180415 20123743  ) http  	127.0.0.1 -> POST runSQL?CONNECTION=main
20180415 20123743  ) http  	PRAGMA index_xinfo(IDX_ROLE_MI_MODIFYUSER)
20180415 20123743  ) auth  	admin/96629176
20180415 20123743  ) call  	endpoint runSQL
20180415 20123743  )  +    	ubApp.TubApp(02D13EE0).DBExecute
20180415 20123743  )  +    		ubApp.TubApp(02D13EE0).TubApp.InternalDBExecute
20180415 20123743  ) SQL   			ubDBSQLite3ThreadSafe.TubSQLite3Statement(02DCA630) PRAGMA index_xinfo(IDX_ROLE_MI_MODIFYUSER)
20180415 20123743  )  -    		00.000.024
20180415 20123743  )  -    	00.000.067
20180415 20123743  ) http  	127.0.0.1 <- 200
20180415 20123743  )  -    00.000.236
20180415 20123743  "  +    runSQL?CONNECTION=main
20180415 20123743  " http  	127.0.0.1 -> POST runSQL?CONNECTION=main
20180415 20123743  " http  	PRAGMA index_xinfo(IDX_ROLE_MI_CREATEUSER)
20180415 20123743  " auth  	admin/96629176
20180415 20123743  " call  	endpoint runSQL
20180415 20123743  "  +    	ubApp.TubApp(02D13EE0).DBExecute
20180415 20123743  "  +    		ubApp.TubApp(02D13EE0).TubApp.InternalDBExecute
20180415 20123743  " SQL   			ubDBSQLite3ThreadSafe.TubSQLite3Statement(02DCA630) PRAGMA index_xinfo(IDX_ROLE_MI_CREATEUSER)
20180415 20123743  "  -    		00.000.025
20180415 20123743  "  -    	00.000.068
20180415 20123743  " http  	127.0.0.1 <- 200
20180415 20123743  "  -    00.000.228
20180415 20123743  #  +    runSQL?CONNECTION=main
20180415 20123743  # http  	127.0.0.1 -> POST runSQL?CONNECTION=main
20180415 20123743  # http  	PRAGMA index_xinfo(IDX_ROLE_MI_OWNER)
20180415 20123743  # auth  	admin/96629176
20180415 20123743  # call  	endpoint runSQL
20180415 20123743  #  +    	ubApp.TubApp(02D13EE0).DBExecute
20180415 20123743  #  +    		ubApp.TubApp(02D13EE0).TubApp.InternalDBExecute
20180415 20123743  # SQL   			ubDBSQLite3ThreadSafe.TubSQLite3Statement(02DCA630) PRAGMA index_xinfo(IDX_ROLE_MI_OWNER)
20180415 20123743  #  -    		00.000.043
20180415 20123743  #  -    	00.000.109
20180415 20123743  # http  	127.0.0.1 <- 200
20180415 20123743  #  -    00.000.263
20180415 20123743  $  +    runSQL?CONNECTION=main
20180415 20123743  $ http  	127.0.0.1 -> POST runSQL?CONNECTION=main
20180415 20123743  $ http  	PRAGMA index_xinfo(UIDX_ROLE_NAME)
20180415 20123743  $ auth  	admin/96629176
20180415 20123743  $ call  	endpoint runSQL
20180415 20123743  $  +    	ubApp.TubApp(02D13EE0).DBExecute
20180415 20123743  $  +    		ubApp.TubApp(02D13EE0).TubApp.InternalDBExecute
20180415 20123743  $ SQL   			ubDBSQLite3ThreadSafe.TubSQLite3Statement(02DCA630) PRAGMA index_xinfo(UIDX_ROLE_NAME)
20180415 20123743  $  -    		00.000.025
20180415 20123743  $  -    	00.000.079
20180415 20123743  $ http  	127.0.0.1 <- 200
20180415 20123743  $  -    00.000.224
20180415 20123743  %  +    runSQL?CONNECTION=main
20180415 20123743  % http  	127.0.0.1 -> POST runSQL?CONNECTION=main
20180415 20123743  % http  	PRAGMA table_info('req_depart')
20180415 20123743  % auth  	admin/96629176
20180415 20123743  % call  	endpoint runSQL
20180415 20123743  %  +    	ubApp.TubApp(02D13EE0).DBExecute
20180415 20123743  %  +    		ubApp.TubApp(02D13EE0).TubApp.InternalDBExecute
20180415 20123743  % SQL   			ubDBSQLite3ThreadSafe.TubSQLite3Statement(02DCA630) PRAGMA table_info('req_depart')
20180415 20123743  %  -    		00.000.026
20180415 20123743  %  -    	00.000.088
20180415 20123743  % http  	127.0.0.1 <- 200
20180415 20123743  %  -    00.000.239
20180415 20123743  &  +    runSQL?CONNECTION=main
20180415 20123743  & http  	127.0.0.1 -> POST runSQL?CONNECTION=main
20180415 20123743  & http  	PRAGMA foreign_key_list('req_depart')
20180415 20123743  & auth  	admin/96629176
20180415 20123743  & call  	endpoint runSQL
20180415 20123743  &  +    	ubApp.TubApp(02D13EE0).DBExecute
20180415 20123743  &  +    		ubApp.TubApp(02D13EE0).TubApp.InternalDBExecute
20180415 20123743  & SQL   			ubDBSQLite3ThreadSafe.TubSQLite3Statement(02DCA630) PRAGMA foreign_key_list('req_depart')
20180415 20123743  &  -    		00.000.023
20180415 20123743  &  -    	00.000.034
20180415 20123743  & http  	127.0.0.1 <- 200
20180415 20123743  &  -    00.000.191
20180415 20123743  '  +    runSQL?CONNECTION=main
20180415 20123743  ' http  	127.0.0.1 -> POST runSQL?CONNECTION=main
20180415 20123743  ' http  	PRAGMA index_list('req_depart')
20180415 20123743  ' auth  	admin/96629176
20180415 20123743  ' call  	endpoint runSQL
20180415 20123743  '  +    	ubApp.TubApp(02D13EE0).DBExecute
20180415 20123743  '  +    		ubApp.TubApp(02D13EE0).TubApp.InternalDBExecute
20180415 20123743  ' SQL   			ubDBSQLite3ThreadSafe.TubSQLite3Statement(02DCA630) PRAGMA index_list('req_depart')
20180415 20123743  '  -    		00.000.025
20180415 20123743  '  -    	00.000.072
20180415 20123743  ' http  	127.0.0.1 <- 200
20180415 20123743  '  -    00.000.228
20180415 20123743  (  +    runSQL?CONNECTION=main
20180415 20123743  ( http  	127.0.0.1 -> POST runSQL?CONNECTION=main
20180415 20123743  ( http  	PRAGMA index_xinfo(IDX_REQ_DEPART_ROLEINSYSTEM)
20180415 20123743  ( auth  	admin/96629176
20180415 20123743  ( call  	endpoint runSQL
20180415 20123743  (  +    	ubApp.TubApp(02D13EE0).DBExecute
20180415 20123743  (  +    		ubApp.TubApp(02D13EE0).TubApp.InternalDBExecute
20180415 20123743  ( SQL   			ubDBSQLite3ThreadSafe.TubSQLite3Statement(02DCA630) PRAGMA index_xinfo(IDX_REQ_DEPART_ROLEINSYSTEM)
20180415 20123743  (  -    		00.000.034
20180415 20123743  (  -    	00.000.084
20180415 20123743  ( http  	127.0.0.1 <- 200
20180415 20123743  (  -    00.000.229
20180415 20123743  )  +    runSQL?CONNECTION=main
20180415 20123743  ) http  	127.0.0.1 -> POST runSQL?CONNECTION=main
20180415 20123743  ) http  	PRAGMA index_xinfo(UIDX_REQ_DEPART_NAME)
20180415 20123743  ) auth  	admin/96629176
20180415 20123743  ) call  	endpoint runSQL
20180415 20123743  )  +    	ubApp.TubApp(02D13EE0).DBExecute
20180415 20123743  )  +    		ubApp.TubApp(02D13EE0).TubApp.InternalDBExecute
20180415 20123743  ) SQL   			ubDBSQLite3ThreadSafe.TubSQLite3Statement(02DCA630) PRAGMA index_xinfo(UIDX_REQ_DEPART_NAME)
20180415 20123743  )  -    		00.000.025
20180415 20123743  )  -    	00.000.069
20180415 20123743  ) http  	127.0.0.1 <- 200
20180415 20123743  )  -    00.000.203
20180415 20123744  "  +    runSQL?CONNECTION=main
20180415 20123744  " http  	127.0.0.1 -> POST runSQL?CONNECTION=main
20180415 20123744  " http  	PRAGMA table_info('req_reqList')
20180415 20123744  " auth  	admin/96629176
20180415 20123744  " call  	endpoint runSQL
20180415 20123744  "  +    	ubApp.TubApp(02D13EE0).DBExecute
20180415 20123744  "  +    		ubApp.TubApp(02D13EE0).TubApp.InternalDBExecute
20180415 20123744  " SQL   			ubDBSQLite3ThreadSafe.TubSQLite3Statement(02DCA630) PRAGMA table_info('req_reqList')
20180415 20123744  "  -    		00.000.038
20180415 20123744  "  -    	00.000.123
20180415 20123744  " http  	127.0.0.1 <- 200
20180415 20123744  "  -    00.000.261
20180415 20123744  #  +    runSQL?CONNECTION=main
20180415 20123744  # http  	127.0.0.1 -> POST runSQL?CONNECTION=main
20180415 20123744  # http  	PRAGMA foreign_key_list('req_reqList')
20180415 20123744  # auth  	admin/96629176
20180415 20123744  # call  	endpoint runSQL
20180415 20123744  #  +    	ubApp.TubApp(02D13EE0).DBExecute
20180415 20123744  #  +    		ubApp.TubApp(02D13EE0).TubApp.InternalDBExecute
20180415 20123744  # SQL   			ubDBSQLite3ThreadSafe.TubSQLite3Statement(02DCA630) PRAGMA foreign_key_list('req_reqList')
20180415 20123744  #  -    		00.000.027
20180415 20123744  #  -    	00.000.084
20180415 20123744  # http  	127.0.0.1 <- 200
20180415 20123744  #  -    00.000.231
20180415 20123744  $  +    runSQL?CONNECTION=main
20180415 20123744  $ http  	127.0.0.1 -> POST runSQL?CONNECTION=main
20180415 20123744  $ http  	PRAGMA index_list('req_reqList')
20180415 20123744  $ auth  	admin/96629176
20180415 20123744  $ call  	endpoint runSQL
20180415 20123744  $  +    	ubApp.TubApp(02D13EE0).DBExecute
20180415 20123744  $  +    		ubApp.TubApp(02D13EE0).TubApp.InternalDBExecute
20180415 20123744  $ SQL   			ubDBSQLite3ThreadSafe.TubSQLite3Statement(02DCA630) PRAGMA index_list('req_reqList')
20180415 20123744  $  -    		00.000.035
20180415 20123744  $  -    	00.000.082
20180415 20123744  $ http  	127.0.0.1 <- 200
20180415 20123744  $  -    00.000.230
20180415 20123744  %  +    runSQL?CONNECTION=main
20180415 20123744  % http  	127.0.0.1 -> POST runSQL?CONNECTION=main
20180415 20123744  % http  	PRAGMA index_xinfo(IDX_REQ_SUBDEPARTMENT)
20180415 20123744  % auth  	admin/96629176
20180415 20123744  % call  	endpoint runSQL
20180415 20123744  %  +    	ubApp.TubApp(02D13EE0).DBExecute
20180415 20123744  %  +    		ubApp.TubApp(02D13EE0).TubApp.InternalDBExecute
20180415 20123744  % SQL   			ubDBSQLite3ThreadSafe.TubSQLite3Statement(02DCA630) PRAGMA index_xinfo(IDX_REQ_SUBDEPARTMENT)
20180415 20123744  %  -    		00.000.035
20180415 20123744  %  -    	00.000.092
20180415 20123744  % http  	127.0.0.1 <- 200
20180415 20123744  %  -    00.000.299
20180415 20123744  &  +    runSQL?CONNECTION=main
20180415 20123744  & http  	127.0.0.1 -> POST runSQL?CONNECTION=main
20180415 20123744  & http  	PRAGMA index_xinfo(IDX_REQ_DEPARTMENT)
20180415 20123744  & auth  	admin/96629176
20180415 20123744  & call  	endpoint runSQL
20180415 20123744  &  +    	ubApp.TubApp(02D13EE0).DBExecute
20180415 20123744  &  +    		ubApp.TubApp(02D13EE0).TubApp.InternalDBExecute
20180415 20123744  & SQL   			ubDBSQLite3ThreadSafe.TubSQLite3Statement(02DCA630) PRAGMA index_xinfo(IDX_REQ_DEPARTMENT)
20180415 20123744  &  -    		00.000.025
20180415 20123744  &  -    	00.000.070
20180415 20123744  & http  	127.0.0.1 <- 200
20180415 20123744  &  -    00.000.223
20180415 20123744  '  +    runSQL?CONNECTION=main
20180415 20123744  ' http  	127.0.0.1 -> POST runSQL?CONNECTION=main
20180415 20123744  ' http  	PRAGMA table_info('req_subDepart')
20180415 20123744  ' auth  	admin/96629176
20180415 20123744  ' call  	endpoint runSQL
20180415 20123744  '  +    	ubApp.TubApp(02D13EE0).DBExecute
20180415 20123744  '  +    		ubApp.TubApp(02D13EE0).TubApp.InternalDBExecute
20180415 20123744  ' SQL   			ubDBSQLite3ThreadSafe.TubSQLite3Statement(02DCA630) PRAGMA table_info('req_subDepart')
20180415 20123744  '  -    		00.000.035
20180415 20123744  '  -    	00.000.080
20180415 20123744  ' http  	127.0.0.1 <- 200
20180415 20123744  '  -    00.000.225
20180415 20123744  (  +    runSQL?CONNECTION=main
20180415 20123744  ( http  	127.0.0.1 -> POST runSQL?CONNECTION=main
20180415 20123744  ( http  	PRAGMA foreign_key_list('req_subDepart')
20180415 20123744  ( auth  	admin/96629176
20180415 20123744  ( call  	endpoint runSQL
20180415 20123744  (  +    	ubApp.TubApp(02D13EE0).DBExecute
20180415 20123744  (  +    		ubApp.TubApp(02D13EE0).TubApp.InternalDBExecute
20180415 20123744  ( SQL   			ubDBSQLite3ThreadSafe.TubSQLite3Statement(02DCA630) PRAGMA foreign_key_list('req_subDepart')
20180415 20123744  (  -    		00.000.062
20180415 20123744  (  -    	00.000.096
20180415 20123744  ( http  	127.0.0.1 <- 200
20180415 20123744  (  -    00.000.244
20180415 20123744  )  +    runSQL?CONNECTION=main
20180415 20123744  ) http  	127.0.0.1 -> POST runSQL?CONNECTION=main
20180415 20123744  ) http  	PRAGMA index_list('req_subDepart')
20180415 20123744  ) auth  	admin/96629176
20180415 20123744  ) call  	endpoint runSQL
20180415 20123744  )  +    	ubApp.TubApp(02D13EE0).DBExecute
20180415 20123744  )  +    		ubApp.TubApp(02D13EE0).TubApp.InternalDBExecute
20180415 20123744  ) SQL   			ubDBSQLite3ThreadSafe.TubSQLite3Statement(02DCA630) PRAGMA index_list('req_subDepart')
20180415 20123744  )  -    		00.000.024
20180415 20123744  )  -    	00.000.078
20180415 20123744  ) http  	127.0.0.1 <- 200
20180415 20123744  )  -    00.000.235
20180415 20123744  "  +    runSQL?CONNECTION=main
20180415 20123744  " http  	127.0.0.1 -> POST runSQL?CONNECTION=main
20180415 20123744  " http  	PRAGMA index_xinfo(IDX_REQ_SUBDEPART_DEPARTMENT)
20180415 20123744  " auth  	admin/96629176
20180415 20123744  " call  	endpoint runSQL
20180415 20123744  "  +    	ubApp.TubApp(02D13EE0).DBExecute
20180415 20123744  "  +    		ubApp.TubApp(02D13EE0).TubApp.InternalDBExecute
20180415 20123744  " SQL   			ubDBSQLite3ThreadSafe.TubSQLite3Statement(02DCA630) PRAGMA index_xinfo(IDX_REQ_SUBDEPART_DEPARTMENT)
20180415 20123744  "  -    		00.000.024
20180415 20123744  "  -    	00.000.066
20180415 20123744  " http  	127.0.0.1 <- 200
20180415 20123744  "  -    00.000.384
20180415 20123745  #  +    runSQL?CONNECTION=main
20180415 20123745  # http  	127.0.0.1 -> POST runSQL?CONNECTION=main
20180415 20123745  # http  	ALTER TABLE req_reqList ADD mi_createDate DATETIME DEFAULT (strftime('%Y-%m-%dT%H:%M:%SZ', 'now')) NULL
20180415 20123745  # auth  	admin/96629176
20180415 20123745  # call  	endpoint runSQL
20180415 20123745  #  +    	ubApp.TubApp(02D13EE0).DBExecute
20180415 20123745  #  +    		ubApp.TubApp(02D13EE0).TubApp.InternalDBExecute
20180415 20123745  # EXC   			ESQLite3Exception {"ErrorCode":1,"SQLite3ErrorCode":"ERROR","Message":"Error SQLITE_ERROR (1) [ALTER TABLE req_reqList ADD mi_createDate DATETIME DEFAULT (strftime('%Y-%m-%dT%H:%M:%SZ', 'now')) NULL] using 3.17.0 - Cannot add a column with non-constant default, extended_errcode=1"} at 00625076 
20180415 20123745  # EXC   			EMetabaseException {"errorCode":0,"Message":"Internal server error"} at 008C4B3B 
20180415 20123745  # EXC   			EMetabaseException {"errorCode":0,"Message":"Internal server error"} at 008C4B3B 
20180415 20123745  #  -    		00.001.775
20180415 20123745  #  -    	00.001.779
20180415 20123745  # ERROR 	POST runSQL?CONNECTION=main ERROR=500 (Internal server error)
20180415 20123745  #  -    00.002.353
20180415 20123753  ! info  ubApp.TubApp(02D13EE0) {   "ClientsCurrent": 1,   "ClientsMax": 1,   "Invalid": 1,   "Responses": 33,   "Modified": 0,   "IncomingBytes": 13347,   "OutcomingBytes": 175020,   "OutcomingFiles": 0,   "ServiceCalls": 33,   "ProcessTime": "1.53s"  }
20180415 20123759  ! EXC   C:\\Users\\D071860\\AppData\\Roaming\\npm\\node_modules\\@unitybase\\ubcli\\node_modules\\@unitybase\\base\\UBConnection.js:421\r\rError: Server error: \"Internal server error\nUBConnection.prototype.xhr@C:\\Users\\D071860\\AppData\\Roaming\\npm\\node_modules\\@unitybase\\ubcli\\node_modules\\@unitybase\\base\\UBConnection.js:421:15\nrunDDLGenerator@C:\\Users\\D071860\\AppData\\Roaming\\npm\\node_modules\\@unitybase\\ubcli\\lib\\generateDDL.js:119:23\ngenerateDDL@C:\\Users\\D071860\\AppData\\Roaming\\npm\\node_modules\\@unitybase\\ubcli\\lib\\generateDDL.js:54:5\n@C:\\Users\\D071860\\AppData\\Roaming\\npm\\node_modules\\@unitybase\\ubcli\\bin\\ubcli.js:20:40\nModule.prototype._compile@module.js:579:16\nModule._extensions[\".js\"]@module.js:588:3\nModule.prototype.load@module.js:496:3\ntryModuleLoad@module.js:455:5\nModule._load@module.js:447:3\nModule.prototype.require@module.js:506:10\n@shell.js:1:16\n
