c:\UnityBase\UB.exe 4.0.0.0 (2018-02-22 16:30:16)Host=WDFN34211327A User=D071860 CPU=4*9-6-19971:FFFBCBBF8373DAFEBF6F9C0000 OS=23.0=10.0.15063 Wow64=1 Freq=2437498Environment variables=ALLUSERSPROFILE=C:\ProgramData	ANSICON=121x32766 (121x26)	ANSICON_DEF=7	APPDATA=C:\Users\D071860\AppData\Roaming	CommonProgramFiles=C:\Program Files (x86)\Common Files	CommonProgramFiles(x86)=C:\Program Files (x86)\Common Files	CommonProgramW6432=C:\Program Files\Common Files	COMPUTERNAME=WDFN34211327A	ComSpec=C:\WINDOWS\system32\cmd.exe	ConEmuANSI=ON	ConEmuAnsiLog=	ConEmuArgs=	ConEmuArgs2=	ConEmuBackHWND=0x001105EE	ConEmuBaseDir=C:\Program Files\ConEmu\ConEmu	ConEmuBaseDirShort=C:\PROGRA~1\ConEmu\ConEmu	ConEmuBuild=180411	ConEmuCfgDir=	ConEmuConfig=	ConEmuDir=C:\Program Files\ConEmu	ConEmuDrawHWND=0x001B0306	ConEmuDrive=C:	ConEmuHooks=Enabled	ConEmuHWND=0x001904C6	ConEmuPalette=<ConEmu>	ConEmuPID=1208	ConEmuPrompt0=$E[m$E[32m$E]9;8;"USERNAME"$E\@$E]9;8;"COMPUTERNAME"$E\$S	ConEmuPrompt1=$E[m$E[32m$E]9;8;"USERNAME"$E\@$E]9;8;"COMPUTERNAME"$E\$S$E[92m$P$E[90m	ConEmuPrompt2=$_$E[90m$G	ConEmuPrompt3=$E[m$S$E]9;12$E\	ConEmuServerPID=5468	ConEmuTask={Shells::cmd}	ConEmuWorkDir=C:\Users\D071860	ConEmuWorkDrive=C:	DEFLOGDIR=C:\ProgramData\McAfee\Endpoint Security\Logs	HOMEDRIVE=C:	homeloc=D_WDF	HOMEPATH=\Users\D071860	KUBECONFIG=C:\Practice\kubernetes\RUSLAN-KUBECONFIG	LOCALAPPDATA=C:\Users\D071860\AppData\Local	LOGONSERVER=\\DS2WDF0004	NUMBER_OF_PROCESSORS=4	OneDrive=C:\Users\D071860\OneDrive	OS=Windows_NT	Path=C:\Program Files\ConEmu\ConEmu\Scripts;C:\Program Files\ConEmu;C:\Program Files\ConEmu\ConEmu;C:\ProgramData\Oracle\Java\javapath;C:\Program Files\Docker\Docker\Resources\bin;C:\WINDOWS\system32;C:\WINDOWS;C:\WINDOWS\System32\Wbem;C:\WINDOWS\System32\WindowsPowerShell\v1.0\;C:\Program Files\Minikube;C:\Program Files\Kubernetes;C:\Program Files (x86)\Google\Cloud SDK\google-cloud-sdk\bin;C:\Program Files\PuTTY\;C:\Program Files\nodejs\;c:\UnityBase;C:\Users\D071860\AppData\Local\Microsoft\WindowsApps;C:\Users\D071860\AppData\Roaming\npm	PATHEXT=.COM;.EXE;.BAT;.CMD;.VBS;.VBE;.JSE;.WSF;.WSH;.MSC	PROCESSOR_ARCHITECTURE=x86	PROCESSOR_ARCHITEW6432=AMD64	PROCESSOR_IDENTIFIER=Intel64 Family 6 Model 78 Stepping 3, GenuineIntel	PROCESSOR_LEVEL=6	PROCESSOR_REVISION=4e03	ProgramData=C:\ProgramData	ProgramFiles=C:\Program Files (x86)	ProgramFiles(x86)=C:\Program Files (x86)	ProgramW6432=C:\Program Files	PROMPT=$E[m$E[32m$E]9;8;"USERNAME"$E\@$E]9;8;"COMPUTERNAME"$E\$S$E[92m$P$E[90m$_$E[90m$G$E[m$S$E]9;12$E\	PSModulePath=C:\Program Files (x86)\WindowsPowerShell\Modules;C:\WINDOWS\system32\WindowsPowerShell\v1.0\Modules;C:\Program Files (x86)\Google\Cloud SDK\google-cloud-sdk\platform\PowerShell	PUBLIC=C:\Users\Public	SESSIONNAME=Console	SNC_LIB=C:\Program Files (x86)\SAP\FrontEnd\SecureLogin\lib\sapcrypto.dll	SNC_LIB_64=C:\Program Files\SAP\FrontEnd\SecureLogin\lib\sapcrypto.dll	SSF_LIBRARY_PATH=C:\Program Files (x86)\SAP\FrontEnd\SecureLogin\lib\sapcrypto.dll	SSF_LIBRARY_PATH_64=C:\Program Files\SAP\FrontEnd\SecureLogin\lib\sapcrypto.dll	SystemDrive=C:	SystemRoot=C:\WINDOWS	TEMP=C:\Users\D071860\AppData\Local\Temp	TMP=C:\Users\D071860\AppData\Local\Temp	UATDATA=C:\WINDOWS\CCM\UATData\D9F8C395-CAB8-491d-B8AC-179A1FE1BE77	UB_HOME=c:\UnityBase	USERDNSDOMAIN=GLOBAL.CORP.SAP	USERDOMAIN=GLOBAL	USERDOMAIN_ROAMINGPROFILE=GLOBAL	USERNAME=D071860	USERPROFILE=C:\Users\D071860	windir=C:\WINDOWSTubLog 1.18.3488 FTS3 2018-04-15T21:07:1120180415 21071150  ! warn  WebSocket support are disabled because WSServer.host = '' in config
20180415 21071150  !  +    ubServer.TubServer(042F74E8).008863DB 
20180415 21071150  !  +    	Init app
20180415 21071150  ! srvr  		FTS is disabled
20180415 21071150  ! info  		Check blob store "avatars" folder "C:\ubProject\CityPortal\avatars\": folder exists
20180415 21071150  ! info  		Check blob store "attach" folder "C:\ubProject\CityPortal\docs\attach\": folder exists
20180415 21071150  !  -    	00.000.504
20180415 21071150  !  +    	Folder C:\ubProject\CityPortal\node_modules\@unitybase\ub\ modified
20180415 21071150  !  +    		ubCommonClasses.TubThreadSafeCache(02E2CB08).removeStartsWith
20180415 21071150  !  -    		00.000.004
20180415 21071150  !  -    	00.000.009
20180415 21071150  !  +    	Folder C:\ubProject\CityPortal\node_modules\@unitybase\uba\ modified
20180415 21071150  !  +    		ubCommonClasses.TubThreadSafeCache(02E2CB08).removeStartsWith
20180415 21071150  !  -    		00.000.000
20180415 21071150  !  -    	00.000.004
20180415 21071150  !  +    	Folder C:\ubProject\CityPortal\node_modules\@unitybase\ubs\ modified
20180415 21071150  !  +    		ubCommonClasses.TubThreadSafeCache(02E2CB08).removeStartsWith
20180415 21071150  !  -    		00.000.000
20180415 21071150  !  -    	00.000.003
20180415 21071150  !  +    	Folder C:\ubProject\CityPortal\node_modules\@unitybase\ubm\ modified
20180415 21071150  !  +    		ubCommonClasses.TubThreadSafeCache(02E2CB08).removeStartsWith
20180415 21071150  !  -    		00.000.000
20180415 21071150  !  -    	00.000.003
20180415 21071150  !  +    	Folder C:\ubProject\CityPortal\_public_only_\ modified
20180415 21071150  !  +    		ubCommonClasses.TubThreadSafeCache(02E2CB08).removeStartsWith
20180415 21071150  !  -    		00.000.000
20180415 21071150  !  -    	00.000.003
20180415 21071150  !  +    	Folder C:\ubProject\CityPortal\node_modules\@unitybase\adminui-reg\ modified
20180415 21071150  !  +    		ubCommonClasses.TubThreadSafeCache(02E2CB08).removeStartsWith
20180415 21071150  !  -    		00.000.000
20180415 21071150  !  -    	00.000.003
20180415 21071150  !  +    	Folder C:\ubProject\CityPortal\models\requests\ modified
20180415 21071150  !  +    		ubCommonClasses.TubThreadSafeCache(02E2CB08).removeStartsWith
20180415 21071150  !  -    		00.000.000
20180415 21071150  !  -    	00.000.003
20180415 21071151  !  +    	ubApp.TubApp(02D93EE0).init
20180415 21071151  ! srvr  		Mime converters are disabled
20180415 21071151  !  -    	00.000.003
20180415 21071151  ! srvr  	Enable zip compresison
20180415 21071151  ! srvr  	Send initialization request to http://localhost:888/init
20180415 21071151  "  +    InitializationRequest
20180415 21071151  "  +    	init
20180415 21071151  " srvr  		Start application intialization...
20180415 21071151  " info  		Loading domain...
20180415 21071151  " info  		Loading model "UB" from "C:\ubProject\CityPortal\node_modules\@unitybase\ub\"
20180415 21071151  " info  		Loading model "UBA" from "C:\ubProject\CityPortal\node_modules\@unitybase\uba\"
20180415 21071152  " info  		Loading model "UBS" from "C:\ubProject\CityPortal\node_modules\@unitybase\ubs\"
20180415 21071153  " info  		Loading model "UBM" from "C:\ubProject\CityPortal\node_modules\@unitybase\ubm\"
20180415 21071153  " info  		Loading model "adminui-reg" from "C:\ubProject\CityPortal\node_modules\@unitybase\adminui-reg\"
20180415 21071153  " info  		Loading model "RequestList" from "C:\ubProject\CityPortal\models\requests\"
20180415 21071154  "  +    		ubApp.TubDataStore(0428FF98).Init
20180415 21071154  "  +    			ubApp.TubApp(02D93EE0).DBExecute
20180415 21071154  "  +    				ubApp.TubApp(02D93EE0).TubApp.InternalDBExecute
20180415 21071154  "  +    					00856EC2 
20180415 21071154  "  -    					00.009.410
20180415 21071154  " SQL   					ubDBSQLite3ThreadSafe.TubSQLite3Statement(02E46F10) PRAGMA foreign_keys = ON
20180415 21071154  " SQL   					ubDBSQLite3ThreadSafe.TubSQLite3Statement(02E46910) SELECT A01.ID,A01.entity,A01.state,A01.attribute,A01.roleName,A01.actions  FROM uba_als A01  ORDER BY A01.entity ASC
20180415 21071154  "  -    				00.009.542
20180415 21071154  "  -    			00.009.577
20180415 21071154  " debug 			Query result for entity "uba_als" into data name "": row count=0
20180415 21071154  "  -    		00.009.600
20180415 21071154  " srvr  		The domain loaded successfully with 3 entities
20180415 21071154  " debug 		Create new JavaScript Engine for thread 53276
20180415 21071206  "  +    		008C234A 
20180415 21071206  "  +    			ubApp.TubDataStore(07565AE8).Init
20180415 21071206  "  +    				ubApp.TubApp(02D93EE0).DBExecute
20180415 21071206  "  +    					ubApp.TubApp(02D93EE0).TubApp.InternalDBExecute
20180415 21071206  " SQL   						ubDBSQLite3ThreadSafe.TubSQLite3Statement(02E47270) SELECT A01.ID,A01.name,A01.sessionTimeout,A01.allowedAppMethods  FROM uba_role A01 
20180415 21071206  "  -    					00.000.046
20180415 21071206  "  -    				00.000.126
20180415 21071206  " debug 				Query result for entity "uba_role" into data name "": row count=9
20180415 21071206  "  -    			00.000.137
20180415 21071206  "  +    			ubApp.TubDataStore(07565B60).Init
20180415 21071206  "  +    				ubApp.TubApp(02D93EE0).DBExecute
20180415 21071206  "  +    					ubApp.TubApp(02D93EE0).TubApp.InternalDBExecute
20180415 21071206  " SQL   						ubDBSQLite3ThreadSafe.TubSQLite3Statement(02E47210) SELECT A01.ID,A01.entityMask,A01.methodMask,A01.ruleType,A01.ruleRole,A01.disabled,A01.code  FROM uba_els A01 
20180415 21071206  "  -    					00.000.031
20180415 21071206  "  -    				00.000.164
20180415 21071206  " debug 				Query result for entity "uba_els" into data name "": row count=88
20180415 21071206  "  -    			00.000.191
20180415 21071206  "  -    		00.002.181
20180415 21071206  " auth  		New session admin/99905215 created at 127.0.0.1/-648518340435771003 using Mozilla/5.0 (Windows; mORMot 1.18 TWinHTTP)
20180415 21071206  " auth  		New session anonymous/99905214 created at 127.0.0.1/-648518340435771003 using Mozilla/5.0 (Windows; mORMot 1.18 TWinHTTP)
20180415 21071206  "  +    		ubApp.TubDataStore(07565CC8).Init
20180415 21071206  "  +    			ubApp.TubApp(02D93EE0).DBExecute
20180415 21071206  "  +    				ubApp.TubApp(02D93EE0).TubApp.InternalDBExecute
20180415 21071206  " debug 					P1: String(34)	UBA.passwordPolicy.maxDurationDays
20180415 21071206  " SQL   					ubDBSQLite3ThreadSafe.TubSQLite3Statement(02E47330) select settingValue from ubs_settings where settingKey =?
20180415 21071206  "  -    				00.000.029
20180415 21071206  "  -    			00.000.071
20180415 21071206  " debug 			Query result for entity "ubs_settings" into data name "": row count=1
20180415 21071206  "  -    		00.000.079
20180415 21071206  "  +    		ubApp.TubDataStore(07565CC8).Init
20180415 21071206  "  +    			ubApp.TubApp(02D93EE0).DBExecute
20180415 21071206  "  +    				ubApp.TubApp(02D93EE0).TubApp.InternalDBExecute
20180415 21071206  " debug 					P1: String(37)	UBA.passwordPolicy.maxInvalidAttempts
20180415 21071206  " SQL   					ubDBSQLite3ThreadSafe.TubSQLite3Statement(02E47330) select settingValue from ubs_settings where settingKey =?
20180415 21071206  "  -    				00.000.006
20180415 21071206  "  -    			00.000.019
20180415 21071206  " debug 			Query result for entity "ubs_settings" into data name "": row count=1
20180415 21071206  "  -    		00.000.025
20180415 21071206  "  -    	00.280.097
20180415 21071206  "  -    00.280.112
20180415 21071206  ! srvr  	ubServer.TubServer(042F74E8) {"THttpApiServer(02D5A990)":{"Cloned":false,"RegisteredUrl":"http://+:888/","HTTPQueueLength":1000,"MaxBandwidth":-1,"MaxConnections":-1,"APIVersion":"HTTP API 2.0","ServerName":"UnityBase","ProcessName":""}} initialized
20180415 21071206  !  -    00.290.321
20180415 21071206  "  +    getAppInfo
20180415 21071206  " http  	127.0.0.1 -> GET getAppInfo
20180415 21071206  " call  	endpoint getAppInfo
20180415 21071206  " http  	127.0.0.1 <- 200
20180415 21071206  "  -    00.000.722
20180415 21071207  #  +    auth?AUTHTYPE=UB&userName=admin
20180415 21071207  # http  	127.0.0.1 -> GET auth?AUTHTYPE=UB&userName=admin
20180415 21071207  # debug 	Create new JavaScript Engine for thread 44360
20180415 21071221  # call  	endpoint auth
20180415 21071221  # http  	127.0.0.1 <- 200
20180415 21071221  #  -    00.234.128
20180415 21071221  $  +    auth?AUTHTYPE=UB&clientNonce=ebded11e151df68d5597892ca8e5d410565b2e2f19b36eeb3f58ea4040f549f4&password=e97192b035d0d0822298d96db52dfee3ec60bf546528059c27bfe6ad7816d263&userName=admin
20180415 21071221  $ http  	127.0.0.1 -> GET auth?AUTHTYPE=UB&clientNonce=ebded11e151df68d5597892ca8e5d410565b2e2f19b36eeb3f58ea4040f549f4&password=e97192b035d0d0822298d96db52dfee3ec60bf546528059c27bfe6ad7816d263&userName=admin
20180415 21071221  $ debug 	Create new JavaScript Engine for thread 44864
20180415 21071235  $ call  	endpoint auth
20180415 21071235  $  +    	ubApp.TubDataStore(07E39A88).Init
20180415 21071235  $  +    		ubApp.TubApp(02D93EE0).DBExecute
20180415 21071235  $  +    			ubApp.TubApp(02D93EE0).TubApp.InternalDBExecute
20180415 21071235  $  +    				00856EC2 
20180415 21071235  $  -    				00.002.175
20180415 21071235  $ SQL   				ubDBSQLite3ThreadSafe.TubSQLite3Statement(02E480B0) PRAGMA foreign_keys = ON
20180415 21071235  $ debug 				P1: String(5)	admin
20180415 21071235  $ SQL   				ubDBSQLite3ThreadSafe.TubSQLite3Statement(02E47A50) select id, name, uPasswordHashHexa, uData, isPending, trustedIP from UBA_USER where name=? and disabled=0
20180415 21071235  $  -    			00.002.233
20180415 21071235  $  -    		00.002.281
20180415 21071235  $ debug 		Query result for entity "uba_user" into data name "": row count=1
20180415 21071235  $  -    	00.002.297
20180415 21071235  $  +    	ubApp.TubDataStore(07E39A88).Init
20180415 21071235  $  +    		ubApp.TubApp(02D93EE0).DBExecute
20180415 21071235  $  +    			ubApp.TubApp(02D93EE0).TubApp.InternalDBExecute
20180415 21071235  $ debug 				P1: Int64		10
20180415 21071235  $ SQL   				ubDBSQLite3ThreadSafe.TubSQLite3Statement(02E480B0) SELECT lastPasswordChangeDate FROM uba_user WHERE id=?
20180415 21071235  $  -    			00.000.020
20180415 21071235  $  -    		00.000.044
20180415 21071235  $ debug 		Query result for entity "uba_user" into data name "__expireDate": row count=1
20180415 21071235  $  -    	00.000.052
20180415 21071235  $  +    	ubApp.TubDataStore(07E3B400).Init
20180415 21071235  $  +    		ubApp.TubApp(02D93EE0).DBExecute
20180415 21071235  $  +    			ubApp.TubApp(02D93EE0).TubApp.InternalDBExecute
20180415 21071235  $ debug 				P1: Int64		10
20180415 21071235  $ SQL   				ubDBSQLite3ThreadSafe.TubSQLite3Statement(02E48170) SELECT A01.roleID,A02.name,A02.description  FROM uba_userrole A01  INNER JOIN uba_role A02 ON A02.ID=A01.roleID  WHERE A01.userID=?
20180415 21071235  $  -    			00.000.038
20180415 21071235  $  -    		00.000.075
20180415 21071235  $ debug 		Query result for entity "uba_userrole" into data name "": row count=1
20180415 21071235  $  -    	00.000.086
20180415 21071235  $ auth  	New session admin/99905209 created at 127.0.0.1/-648518340435771003 using Mozilla/5.0 (Windows; mORMot 1.18 TWinHTTP)
20180415 21071235  $  +    	ubMixinClasses.TubStorageMixin(02DE42C0).MixinMethod
20180415 21071235  $ debug 		uba_user.select(TubStorageMixin)
20180415 21071235  $  +    		ubApp.TubDataStore(07E3B400).Init
20180415 21071235  $  +    			ubApp.TubApp(02D93EE0).DBExecute
20180415 21071235  $  +    				ubApp.TubApp(02D93EE0).TubApp.InternalDBExecute
20180415 21071235  $ debug 					P1: Int64		10
20180415 21071235  $ SQL   					ubDBSQLite3ThreadSafe.TubSQLite3Statement(02E48290) SELECT A01.name  FROM uba_user A01  WHERE A01.ID=?
20180415 21071235  $  -    				00.000.045
20180415 21071235  $  -    			00.000.087
20180415 21071235  $ debug 			Query result for entity "uba_user" into data name "": row count=1
20180415 21071235  $  -    		00.000.096
20180415 21071235  $  -    	00.000.157
20180415 21071238  $  +    	ubMixinClasses.TubStorageMixin(02DE42C0).MixinMethod
20180415 21071238  $ debug 		uba_advSecurity.select(TubStorageMixin)
20180415 21071238  $  +    		ubApp.TubDataStore(07E3B400).Init
20180415 21071238  $  +    			ubApp.TubApp(02D93EE0).DBExecute
20180415 21071238  $  +    				ubApp.TubApp(02D93EE0).TubApp.InternalDBExecute
20180415 21071238  $ debug 					P1: Int64		10
20180415 21071238  $ SQL   					ubDBSQLite3ThreadSafe.TubSQLite3Statement(02E482F0) SELECT A01.ID,A01.allowedIP,A01.refreshIP,A01.fp,A01.refreshFp,A01.keyMediaName,A01.refreshKeyMedia,A01.mi_modifyDate  FROM uba_advSecurity A01  WHERE A01.userID=?
20180415 21071238  $  -    				00.000.059
20180415 21071238  $  -    			00.000.121
20180415 21071238  $ debug 			Query result for entity "uba_advSecurity" into data name "": row count=0
20180415 21071238  $  -    		00.000.131
20180415 21071238  $  -    	00.000.310
20180415 21071238  $  +    	ubMixinClasses.TubStorageMixin(02DE42C0).MixinMethod
20180415 21071238  $ debug 		uba_userrole.select(TubStorageMixin)
20180415 21071238  $  +    		ubApp.TubDataStore(07E3B400).Init
20180415 21071238  $  +    			ubApp.TubApp(02D93EE0).DBExecute
20180415 21071238  $  +    				ubApp.TubApp(02D93EE0).TubApp.InternalDBExecute
20180415 21071238  $ debug 					P1: Int64		10
20180415 21071238  $ SQL   					ubDBSQLite3ThreadSafe.TubSQLite3Statement(02E48350) SELECT A01.ID,A02.name,A01.roleID  FROM uba_userrole A01  INNER JOIN uba_role A02 ON A02.ID=A01.roleID  WHERE A01.userID=?
20180415 21071238  $  -    				00.000.059
20180415 21071238  $  -    			00.000.144
20180415 21071238  $ debug 			Query result for entity "uba_userrole" into data name "": row count=1
20180415 21071238  $  -    		00.000.153
20180415 21071238  $  -    	00.000.236
20180415 21071238  $  +    	ubMixinClasses.TubStorageMixin(02DE42C0).MixinMethod
20180415 21071238  $ debug 		uba_audit.beforeinsert(TubStorageMixin)
20180415 21071238  $  -    	00.000.009
20180415 21071238  $  +    	ubMixinClasses.TubStorageMixin(02DE42C0).MixinMethod
20180415 21071238  $ debug 		uba_audit.insert(TubStorageMixin)
20180415 21071238  $  +    		ubApp.TubDataStore(07E39880).TubDataStore.ExecuteInsertFromList
20180415 21071238  $  +    			ubApp.TubDataStore(07E39880).TubDataStore.ExecuteInsertFromSQL
20180415 21071238  $  +    				ubApp.TubApp(02D93EE0).DBExecute
20180415 21071238  $  +    					ubApp.TubApp(02D93EE0).TubApp.InternalDBExecute
20180415 21071238  $ debug 						P1: String(8)	uba_user
20180415 21071238  $ debug 						P2: Int64		10
20180415 21071238  $ debug 						P3: String(5)	LOGIN
20180415 21071238  $ debug 						P4: Int64		10
20180415 21071238  $ debug 						P5: DateTime	2018-04-15T21:07:12
20180415 21071238  $ debug 						P6: String(9)	127.0.0.1
20180415 21071238  $ debug 						P7: String(5)	admin
20180415 21071238  $ debug 						P8: String(0)	
20180415 21071238  $ debug 						P9: Int64		335787271716865
20180415 21071238  $ debug 						P10: String(313..)	Cache-Control: no-cache  Connection: Keep-Alive  Pragma: no-cache  Accept: */*  Accept-Encoding: gzi...
20180415 21071238  $ DB    						StartTransaction for connection "main"
20180415 21071238  $ SQL   						ubDBSQLite3ThreadSafe.TubSQLite3Statement(02E48410) INSERT INTO uba_audit (entity,entityinfo_id,actionType,actionUser,actionTime,remoteIP,targetUser,targetRole,ID,fromValue) VALUES (?,?,?,?,?,?,?,?,?,?)
20180415 21071238  $  -    					00.000.125
20180415 21071238  $  -    				00.000.127
20180415 21071238  $  -    			00.000.222
20180415 21071238  $  -    		00.000.235
20180415 21071238  $  -    	00.000.239
20180415 21071238  $  +    	ubMixinClasses.TubStorageMixin(02DE42C0).MixinMethod
20180415 21071238  $ debug 		uba_audit.afterinsert(TubStorageMixin)
20180415 21071238  $  -    	00.000.003
20180415 21071238  $ DB    	Commit connection "main"
20180415 21071238  $ http  	127.0.0.1 <- 200
20180415 21071238  $  -    00.273.019
20180415 21071238  %  +    getDomainInfo?extended=true&userName=admin&v=4
20180415 21071238  % http  	127.0.0.1 -> GET getDomainInfo?extended=true&userName=admin&v=4
20180415 21071238  % debug 	Create new JavaScript Engine for thread 44948
20180415 21071252  % auth  	admin/99905209
20180415 21071252  % call  	endpoint getDomainInfo
20180415 21071252  % http  	127.0.0.1 <- 200
20180415 21071252  %  -    00.217.262
20180415 21071256  &  +    runSQL?CONNECTION=main
20180415 21071256  & http  	127.0.0.1 -> POST runSQL?CONNECTION=main
20180415 21071256  & http  	select name, tbl_name as caption from sqlite_master where type='table' and name not like 'sqlite_%'
20180415 21071256  & debug 	Create new JavaScript Engine for thread 35908
20180415 21071308  & auth  	admin/99905209
20180415 21071308  & call  	endpoint runSQL
20180415 21071308  &  +    	ubApp.TubApp(02D93EE0).DBExecute
20180415 21071308  &  +    		ubApp.TubApp(02D93EE0).TubApp.InternalDBExecute
20180415 21071308  &  +    			00856EC2 
20180415 21071308  &  -    			00.010.218
20180415 21071308  & SQL   			ubDBSQLite3ThreadSafe.TubSQLite3Statement(02E49130) PRAGMA foreign_keys = ON
20180415 21071308  & SQL   			ubDBSQLite3ThreadSafe.TubSQLite3Statement(02E48AD0) select name, tbl_name as caption from sqlite_master where type='table' and name not like 'sqlite_%'
20180415 21071308  &  -    		00.010.260
20180415 21071308  &  -    	00.010.329
20180415 21071308  & http  	127.0.0.1 <- 200
20180415 21071308  &  -    00.234.895
20180415 21071309  '  +    runSQL?CONNECTION=main
20180415 21071309  ' http  	127.0.0.1 -> POST runSQL?CONNECTION=main
20180415 21071309  ' http  	PRAGMA table_info('uba_user')
20180415 21071309  ' debug 	Create new JavaScript Engine for thread 53380
20180415 21071323  ' auth  	admin/99905209
20180415 21071323  ' call  	endpoint runSQL
20180415 21071323  '  +    	ubApp.TubApp(02D93EE0).DBExecute
20180415 21071323  '  +    		ubApp.TubApp(02D93EE0).TubApp.InternalDBExecute
20180415 21071323  '  +    			00856EC2 
20180415 21071323  '  -    			00.002.129
20180415 21071323  ' SQL   			ubDBSQLite3ThreadSafe.TubSQLite3Statement(02E49A30) PRAGMA foreign_keys = ON
20180415 21071323  ' SQL   			ubDBSQLite3ThreadSafe.TubSQLite3Statement(02E493D0) PRAGMA table_info('uba_user')
20180415 21071323  '  -    		00.002.169
20180415 21071323  '  -    	00.002.206
20180415 21071323  ' http  	127.0.0.1 <- 200
20180415 21071323  '  -    00.227.122
20180415 21071323  (  +    runSQL?CONNECTION=main
20180415 21071323  ( http  	127.0.0.1 -> POST runSQL?CONNECTION=main
20180415 21071323  ( http  	PRAGMA foreign_key_list('uba_user')
20180415 21071323  ( debug 	Create new JavaScript Engine for thread 54068
20180415 21071336  ( auth  	admin/99905209
20180415 21071336  ( call  	endpoint runSQL
20180415 21071336  (  +    	ubApp.TubApp(02D93EE0).DBExecute
20180415 21071336  (  +    		ubApp.TubApp(02D93EE0).TubApp.InternalDBExecute
20180415 21071336  (  +    			00856EC2 
20180415 21071336  (  -    			00.002.127
20180415 21071336  ( SQL   			ubDBSQLite3ThreadSafe.TubSQLite3Statement(02E4A390) PRAGMA foreign_keys = ON
20180415 21071336  ( SQL   			ubDBSQLite3ThreadSafe.TubSQLite3Statement(02E49D30) PRAGMA foreign_key_list('uba_user')
20180415 21071336  (  -    		00.002.161
20180415 21071336  (  -    	00.002.187
20180415 21071336  ( http  	127.0.0.1 <- 200
20180415 21071336  (  -    00.209.925
20180415 21071336  )  +    runSQL?CONNECTION=main
20180415 21071336  ) http  	127.0.0.1 -> POST runSQL?CONNECTION=main
20180415 21071336  ) http  	PRAGMA index_list('uba_user')
20180415 21071336  ) debug 	Create new JavaScript Engine for thread 38728
20180415 21071350  ) auth  	admin/99905209
20180415 21071350  ) call  	endpoint runSQL
20180415 21071350  )  +    	ubApp.TubApp(02D93EE0).DBExecute
20180415 21071350  )  +    		ubApp.TubApp(02D93EE0).TubApp.InternalDBExecute
20180415 21071350  )  +    			00856EC2 
20180415 21071350  )  -    			00.002.121
20180415 21071350  ) SQL   			ubDBSQLite3ThreadSafe.TubSQLite3Statement(02E4AC90) PRAGMA foreign_keys = ON
20180415 21071350  ) SQL   			ubDBSQLite3ThreadSafe.TubSQLite3Statement(02E4A630) PRAGMA index_list('uba_user')
20180415 21071350  )  -    		00.002.147
20180415 21071350  )  -    	00.002.173
20180415 21071350  ) http  	127.0.0.1 <- 200
20180415 21071350  )  -    00.225.101
20180415 21071350  "  +    runSQL?CONNECTION=main
20180415 21071350  " http  	127.0.0.1 -> POST runSQL?CONNECTION=main
20180415 21071350  " http  	PRAGMA index_xinfo(IDX_USR_MI_MODIFYUSER)
20180415 21071350  " auth  	admin/99905209
20180415 21071350  " call  	endpoint runSQL
20180415 21071350  "  +    	ubApp.TubApp(02D93EE0).DBExecute
20180415 21071350  "  +    		ubApp.TubApp(02D93EE0).TubApp.InternalDBExecute
20180415 21071350  " SQL   			ubDBSQLite3ThreadSafe.TubSQLite3Statement(02E4A630) PRAGMA index_xinfo(IDX_USR_MI_MODIFYUSER)
20180415 21071350  "  -    		00.000.031
20180415 21071350  "  -    	00.000.120
20180415 21071350  " http  	127.0.0.1 <- 200
20180415 21071350  "  -    00.000.391
20180415 21071351  #  +    runSQL?CONNECTION=main
20180415 21071351  # http  	127.0.0.1 -> POST runSQL?CONNECTION=main
20180415 21071351  # http  	PRAGMA index_xinfo(IDX_USR_MI_CREATEUSER)
20180415 21071351  # auth  	admin/99905209
20180415 21071351  # call  	endpoint runSQL
20180415 21071351  #  +    	ubApp.TubApp(02D93EE0).DBExecute
20180415 21071351  #  +    		ubApp.TubApp(02D93EE0).TubApp.InternalDBExecute
20180415 21071351  #  +    			00856EC2 
20180415 21071351  #  -    			00.002.187
20180415 21071351  # SQL   			ubDBSQLite3ThreadSafe.TubSQLite3Statement(02E4B290) PRAGMA foreign_keys = ON
20180415 21071351  # SQL   			ubDBSQLite3ThreadSafe.TubSQLite3Statement(02E4A630) PRAGMA index_xinfo(IDX_USR_MI_CREATEUSER)
20180415 21071351  #  -    		00.002.210
20180415 21071351  #  -    	00.002.233
20180415 21071351  # http  	127.0.0.1 <- 200
20180415 21071351  #  -    00.002.449
20180415 21071351  $  +    runSQL?CONNECTION=main
20180415 21071351  $ http  	127.0.0.1 -> POST runSQL?CONNECTION=main
20180415 21071351  $ http  	PRAGMA index_xinfo(IDX_USR_MI_OWNER)
20180415 21071351  $ auth  	admin/99905209
20180415 21071351  $ call  	endpoint runSQL
20180415 21071351  $  +    	ubApp.TubApp(02D93EE0).DBExecute
20180415 21071351  $  +    		ubApp.TubApp(02D93EE0).TubApp.InternalDBExecute
20180415 21071351  $ SQL   			ubDBSQLite3ThreadSafe.TubSQLite3Statement(02E4A630) PRAGMA index_xinfo(IDX_USR_MI_OWNER)
20180415 21071351  $  -    		00.000.032
20180415 21071351  $  -    	00.000.076
20180415 21071351  $ http  	127.0.0.1 <- 200
20180415 21071351  $  -    00.000.235
20180415 21071351  %  +    runSQL?CONNECTION=main
20180415 21071351  % http  	127.0.0.1 -> POST runSQL?CONNECTION=main
20180415 21071351  % http  	PRAGMA index_xinfo(UIDX_USR_NAME)
20180415 21071351  % auth  	admin/99905209
20180415 21071351  % call  	endpoint runSQL
20180415 21071351  %  +    	ubApp.TubApp(02D93EE0).DBExecute
20180415 21071351  %  +    		ubApp.TubApp(02D93EE0).TubApp.InternalDBExecute
20180415 21071351  %  +    			00856EC2 
20180415 21071351  %  -    			00.002.988
20180415 21071351  % SQL   			ubDBSQLite3ThreadSafe.TubSQLite3Statement(02E4B890) PRAGMA foreign_keys = ON
20180415 21071351  % SQL   			ubDBSQLite3ThreadSafe.TubSQLite3Statement(02E4A630) PRAGMA index_xinfo(UIDX_USR_NAME)
20180415 21071351  %  -    		00.003.018
20180415 21071351  %  -    	00.003.049
20180415 21071351  % http  	127.0.0.1 <- 200
20180415 21071351  %  -    00.003.329
20180415 21071351  &  +    runSQL?CONNECTION=main
20180415 21071351  & http  	127.0.0.1 -> POST runSQL?CONNECTION=main
20180415 21071351  & http  	PRAGMA table_info('uba_role')
20180415 21071351  & auth  	admin/99905209
20180415 21071351  & call  	endpoint runSQL
20180415 21071351  &  +    	ubApp.TubApp(02D93EE0).DBExecute
20180415 21071351  &  +    		ubApp.TubApp(02D93EE0).TubApp.InternalDBExecute
20180415 21071351  & SQL   			ubDBSQLite3ThreadSafe.TubSQLite3Statement(02E4A630) PRAGMA table_info('uba_role')
20180415 21071351  &  -    		00.000.029
20180415 21071351  &  -    	00.000.083
20180415 21071351  & http  	127.0.0.1 <- 200
20180415 21071351  &  -    00.000.244
20180415 21071351  '  +    runSQL?CONNECTION=main
20180415 21071351  ' http  	127.0.0.1 -> POST runSQL?CONNECTION=main
20180415 21071351  ' http  	PRAGMA foreign_key_list('uba_role')
20180415 21071351  ' auth  	admin/99905209
20180415 21071351  ' call  	endpoint runSQL
20180415 21071351  '  +    	ubApp.TubApp(02D93EE0).DBExecute
20180415 21071351  '  +    		ubApp.TubApp(02D93EE0).TubApp.InternalDBExecute
20180415 21071351  ' SQL   			ubDBSQLite3ThreadSafe.TubSQLite3Statement(02E4A630) PRAGMA foreign_key_list('uba_role')
20180415 21071351  '  -    		00.000.041
20180415 21071351  '  -    	00.000.083
20180415 21071351  ' http  	127.0.0.1 <- 200
20180415 21071351  '  -    00.000.281
20180415 21071351  (  +    runSQL?CONNECTION=main
20180415 21071351  ( http  	127.0.0.1 -> POST runSQL?CONNECTION=main
20180415 21071351  ( http  	PRAGMA index_list('uba_role')
20180415 21071351  ( auth  	admin/99905209
20180415 21071351  ( call  	endpoint runSQL
20180415 21071351  (  +    	ubApp.TubApp(02D93EE0).DBExecute
20180415 21071351  (  +    		ubApp.TubApp(02D93EE0).TubApp.InternalDBExecute
20180415 21071351  ( SQL   			ubDBSQLite3ThreadSafe.TubSQLite3Statement(02E4A630) PRAGMA index_list('uba_role')
20180415 21071351  (  -    		00.000.027
20180415 21071351  (  -    	00.000.081
20180415 21071351  ( http  	127.0.0.1 <- 200
20180415 21071351  (  -    00.000.231
20180415 21071351  )  +    runSQL?CONNECTION=main
20180415 21071351  ) http  	127.0.0.1 -> POST runSQL?CONNECTION=main
20180415 21071351  ) http  	PRAGMA index_xinfo(IDX_ROLE_MI_MODIFYUSER)
20180415 21071351  ) auth  	admin/99905209
20180415 21071351  ) call  	endpoint runSQL
20180415 21071351  )  +    	ubApp.TubApp(02D93EE0).DBExecute
20180415 21071351  )  +    		ubApp.TubApp(02D93EE0).TubApp.InternalDBExecute
20180415 21071351  ) SQL   			ubDBSQLite3ThreadSafe.TubSQLite3Statement(02E4A630) PRAGMA index_xinfo(IDX_ROLE_MI_MODIFYUSER)
20180415 21071351  )  -    		00.000.025
20180415 21071351  )  -    	00.000.068
20180415 21071351  ) http  	127.0.0.1 <- 200
20180415 21071351  )  -    00.000.220
20180415 21071351  "  +    runSQL?CONNECTION=main
20180415 21071351  " http  	127.0.0.1 -> POST runSQL?CONNECTION=main
20180415 21071351  " http  	PRAGMA index_xinfo(IDX_ROLE_MI_CREATEUSER)
20180415 21071351  " auth  	admin/99905209
20180415 21071351  " call  	endpoint runSQL
20180415 21071351  "  +    	ubApp.TubApp(02D93EE0).DBExecute
20180415 21071351  "  +    		ubApp.TubApp(02D93EE0).TubApp.InternalDBExecute
20180415 21071351  " SQL   			ubDBSQLite3ThreadSafe.TubSQLite3Statement(02E4A630) PRAGMA index_xinfo(IDX_ROLE_MI_CREATEUSER)
20180415 21071351  "  -    		00.000.036
20180415 21071351  "  -    	00.000.087
20180415 21071351  " http  	127.0.0.1 <- 200
20180415 21071351  "  -    00.000.275
20180415 21071351  #  +    runSQL?CONNECTION=main
20180415 21071351  # http  	127.0.0.1 -> POST runSQL?CONNECTION=main
20180415 21071351  # http  	PRAGMA index_xinfo(IDX_ROLE_MI_OWNER)
20180415 21071351  # auth  	admin/99905209
20180415 21071351  # call  	endpoint runSQL
20180415 21071351  #  +    	ubApp.TubApp(02D93EE0).DBExecute
20180415 21071351  #  +    		ubApp.TubApp(02D93EE0).TubApp.InternalDBExecute
20180415 21071351  # SQL   			ubDBSQLite3ThreadSafe.TubSQLite3Statement(02E4A630) PRAGMA index_xinfo(IDX_ROLE_MI_OWNER)
20180415 21071351  #  -    		00.000.025
20180415 21071351  #  -    	00.000.070
20180415 21071351  # http  	127.0.0.1 <- 200
20180415 21071351  #  -    00.000.216
20180415 21071351  $  +    runSQL?CONNECTION=main
20180415 21071351  $ http  	127.0.0.1 -> POST runSQL?CONNECTION=main
20180415 21071351  $ http  	PRAGMA index_xinfo(UIDX_ROLE_NAME)
20180415 21071351  $ auth  	admin/99905209
20180415 21071351  $ call  	endpoint runSQL
20180415 21071351  $  +    	ubApp.TubApp(02D93EE0).DBExecute
20180415 21071351  $  +    		ubApp.TubApp(02D93EE0).TubApp.InternalDBExecute
20180415 21071351  $ SQL   			ubDBSQLite3ThreadSafe.TubSQLite3Statement(02E4A630) PRAGMA index_xinfo(UIDX_ROLE_NAME)
20180415 21071351  $  -    		00.000.027
20180415 21071351  $  -    	00.000.077
20180415 21071351  $ http  	127.0.0.1 <- 200
20180415 21071351  $  -    00.000.233
20180415 21071351  %  +    runSQL?CONNECTION=main
20180415 21071351  % http  	127.0.0.1 -> POST runSQL?CONNECTION=main
20180415 21071351  % http  	PRAGMA table_info('req_depart')
20180415 21071351  % auth  	admin/99905209
20180415 21071351  % call  	endpoint runSQL
20180415 21071351  %  +    	ubApp.TubApp(02D93EE0).DBExecute
20180415 21071351  %  +    		ubApp.TubApp(02D93EE0).TubApp.InternalDBExecute
20180415 21071351  % SQL   			ubDBSQLite3ThreadSafe.TubSQLite3Statement(02E4A630) PRAGMA table_info('req_depart')
20180415 21071351  %  -    		00.000.028
20180415 21071351  %  -    	00.000.103
20180415 21071351  % http  	127.0.0.1 <- 200
20180415 21071351  %  -    00.000.253
20180415 21071351  &  +    runSQL?CONNECTION=main
20180415 21071351  & http  	127.0.0.1 -> POST runSQL?CONNECTION=main
20180415 21071351  & http  	PRAGMA foreign_key_list('req_depart')
20180415 21071351  & auth  	admin/99905209
20180415 21071351  & call  	endpoint runSQL
20180415 21071351  &  +    	ubApp.TubApp(02D93EE0).DBExecute
20180415 21071351  &  +    		ubApp.TubApp(02D93EE0).TubApp.InternalDBExecute
20180415 21071351  & SQL   			ubDBSQLite3ThreadSafe.TubSQLite3Statement(02E4A630) PRAGMA foreign_key_list('req_depart')
20180415 21071351  &  -    		00.000.025
20180415 21071351  &  -    	00.000.041
20180415 21071351  & http  	127.0.0.1 <- 200
20180415 21071351  &  -    00.000.182
20180415 21071351  '  +    runSQL?CONNECTION=main
20180415 21071351  ' http  	127.0.0.1 -> POST runSQL?CONNECTION=main
20180415 21071351  ' http  	PRAGMA index_list('req_depart')
20180415 21071351  ' auth  	admin/99905209
20180415 21071351  ' call  	endpoint runSQL
20180415 21071351  '  +    	ubApp.TubApp(02D93EE0).DBExecute
20180415 21071351  '  +    		ubApp.TubApp(02D93EE0).TubApp.InternalDBExecute
20180415 21071351  ' SQL   			ubDBSQLite3ThreadSafe.TubSQLite3Statement(02E4A630) PRAGMA index_list('req_depart')
20180415 21071351  '  -    		00.000.030
20180415 21071351  '  -    	00.000.087
20180415 21071351  ' http  	127.0.0.1 <- 200
20180415 21071351  '  -    00.000.272
20180415 21071351  (  +    runSQL?CONNECTION=main
20180415 21071351  ( http  	127.0.0.1 -> POST runSQL?CONNECTION=main
20180415 21071351  ( http  	PRAGMA index_xinfo(IDX_REQ_DEPART_ROLEINSYSTEM)
20180415 21071351  ( auth  	admin/99905209
20180415 21071351  ( call  	endpoint runSQL
20180415 21071351  (  +    	ubApp.TubApp(02D93EE0).DBExecute
20180415 21071351  (  +    		ubApp.TubApp(02D93EE0).TubApp.InternalDBExecute
20180415 21071351  ( SQL   			ubDBSQLite3ThreadSafe.TubSQLite3Statement(02E4A630) PRAGMA index_xinfo(IDX_REQ_DEPART_ROLEINSYSTEM)
20180415 21071351  (  -    		00.000.029
20180415 21071351  (  -    	00.000.086
20180415 21071351  ( http  	127.0.0.1 <- 200
20180415 21071351  (  -    00.000.262
20180415 21071353  )  +    runSQL?CONNECTION=main
20180415 21071353  ) http  	127.0.0.1 -> POST runSQL?CONNECTION=main
20180415 21071353  ) http  	PRAGMA index_xinfo(UIDX_REQ_DEPART_NAME)
20180415 21071353  ) auth  	admin/99905209
20180415 21071353  ) call  	endpoint runSQL
20180415 21071353  )  +    	ubApp.TubApp(02D93EE0).DBExecute
20180415 21071353  )  +    		ubApp.TubApp(02D93EE0).TubApp.InternalDBExecute
20180415 21071353  ) SQL   			ubDBSQLite3ThreadSafe.TubSQLite3Statement(02E4A630) PRAGMA index_xinfo(UIDX_REQ_DEPART_NAME)
20180415 21071353  )  -    		00.000.029
20180415 21071353  )  -    	00.000.081
20180415 21071353  ) http  	127.0.0.1 <- 200
20180415 21071353  )  -    00.000.262
20180415 21071353  "  +    runSQL?CONNECTION=main
20180415 21071353  " http  	127.0.0.1 -> POST runSQL?CONNECTION=main
20180415 21071353  " http  	PRAGMA table_info('req_subDepart')
20180415 21071353  " auth  	admin/99905209
20180415 21071353  " call  	endpoint runSQL
20180415 21071353  "  +    	ubApp.TubApp(02D93EE0).DBExecute
20180415 21071353  "  +    		ubApp.TubApp(02D93EE0).TubApp.InternalDBExecute
20180415 21071353  " SQL   			ubDBSQLite3ThreadSafe.TubSQLite3Statement(02E4A630) PRAGMA table_info('req_subDepart')
20180415 21071353  "  -    		00.000.118
20180415 21071353  "  -    	00.000.159
20180415 21071353  " http  	127.0.0.1 <- 200
20180415 21071353  "  -    00.000.316
20180415 21071353  #  +    runSQL?CONNECTION=main
20180415 21071353  # http  	127.0.0.1 -> POST runSQL?CONNECTION=main
20180415 21071353  # http  	PRAGMA foreign_key_list('req_subDepart')
20180415 21071353  # auth  	admin/99905209
20180415 21071353  # call  	endpoint runSQL
20180415 21071353  #  +    	ubApp.TubApp(02D93EE0).DBExecute
20180415 21071353  #  +    		ubApp.TubApp(02D93EE0).TubApp.InternalDBExecute
20180415 21071353  # SQL   			ubDBSQLite3ThreadSafe.TubSQLite3Statement(02E4A630) PRAGMA foreign_key_list('req_subDepart')
20180415 21071353  #  -    		00.000.026
20180415 21071353  #  -    	00.000.070
20180415 21071353  # http  	127.0.0.1 <- 200
20180415 21071353  #  -    00.000.220
20180415 21071353  $  +    runSQL?CONNECTION=main
20180415 21071353  $ http  	127.0.0.1 -> POST runSQL?CONNECTION=main
20180415 21071353  $ http  	PRAGMA index_list('req_subDepart')
20180415 21071353  $ auth  	admin/99905209
20180415 21071353  $ call  	endpoint runSQL
20180415 21071353  $  +    	ubApp.TubApp(02D93EE0).DBExecute
20180415 21071353  $  +    		ubApp.TubApp(02D93EE0).TubApp.InternalDBExecute
20180415 21071353  $ SQL   			ubDBSQLite3ThreadSafe.TubSQLite3Statement(02E4A630) PRAGMA index_list('req_subDepart')
20180415 21071353  $  -    		00.000.030
20180415 21071353  $  -    	00.000.090
20180415 21071353  $ http  	127.0.0.1 <- 200
20180415 21071353  $  -    00.000.267
20180415 21071353  %  +    runSQL?CONNECTION=main
20180415 21071353  % http  	127.0.0.1 -> POST runSQL?CONNECTION=main
20180415 21071353  % http  	PRAGMA index_xinfo(IDX_REQ_SUBDEPART_DEPARTMENT)
20180415 21071353  % auth  	admin/99905209
20180415 21071353  % call  	endpoint runSQL
20180415 21071353  %  +    	ubApp.TubApp(02D93EE0).DBExecute
20180415 21071353  %  +    		ubApp.TubApp(02D93EE0).TubApp.InternalDBExecute
20180415 21071353  % SQL   			ubDBSQLite3ThreadSafe.TubSQLite3Statement(02E4A630) PRAGMA index_xinfo(IDX_REQ_SUBDEPART_DEPARTMENT)
20180415 21071353  %  -    		00.000.038
20180415 21071353  %  -    	00.000.088
20180415 21071353  % http  	127.0.0.1 <- 200
20180415 21071353  %  -    00.000.263
20180415 21071353  &  +    runSQL?CONNECTION=main
20180415 21071353  & http  	127.0.0.1 -> POST runSQL?CONNECTION=main
20180415 21071353  & http  	PRAGMA table_info('req_reqList')
20180415 21071353  & auth  	admin/99905209
20180415 21071353  & call  	endpoint runSQL
20180415 21071353  &  +    	ubApp.TubApp(02D93EE0).DBExecute
20180415 21071353  &  +    		ubApp.TubApp(02D93EE0).TubApp.InternalDBExecute
20180415 21071353  & SQL   			ubDBSQLite3ThreadSafe.TubSQLite3Statement(02E4A630) PRAGMA table_info('req_reqList')
20180415 21071353  &  -    		00.000.045
20180415 21071353  &  -    	00.000.116
20180415 21071353  & http  	127.0.0.1 <- 200
20180415 21071353  &  -    00.000.312
20180415 21071353  '  +    runSQL?CONNECTION=main
20180415 21071353  ' http  	127.0.0.1 -> POST runSQL?CONNECTION=main
20180415 21071353  ' http  	PRAGMA foreign_key_list('req_reqList')
20180415 21071353  ' auth  	admin/99905209
20180415 21071353  ' call  	endpoint runSQL
20180415 21071353  '  +    	ubApp.TubApp(02D93EE0).DBExecute
20180415 21071353  '  +    		ubApp.TubApp(02D93EE0).TubApp.InternalDBExecute
20180415 21071353  ' SQL   			ubDBSQLite3ThreadSafe.TubSQLite3Statement(02E4A630) PRAGMA foreign_key_list('req_reqList')
20180415 21071353  '  -    		00.000.033
20180415 21071353  '  -    	00.000.095
20180415 21071353  ' http  	127.0.0.1 <- 200
20180415 21071353  '  -    00.000.284
20180415 21071353  (  +    runSQL?CONNECTION=main
20180415 21071353  ( http  	127.0.0.1 -> POST runSQL?CONNECTION=main
20180415 21071353  ( http  	PRAGMA index_list('req_reqList')
20180415 21071353  ( auth  	admin/99905209
20180415 21071353  ( call  	endpoint runSQL
20180415 21071353  (  +    	ubApp.TubApp(02D93EE0).DBExecute
20180415 21071353  (  +    		ubApp.TubApp(02D93EE0).TubApp.InternalDBExecute
20180415 21071353  ( SQL   			ubDBSQLite3ThreadSafe.TubSQLite3Statement(02E4A630) PRAGMA index_list('req_reqList')
20180415 21071353  (  -    		00.000.062
20180415 21071353  (  -    	00.000.100
20180415 21071353  ( http  	127.0.0.1 <- 200
20180415 21071353  (  -    00.000.260
20180415 21071353  )  +    runSQL?CONNECTION=main
20180415 21071353  ) http  	127.0.0.1 -> POST runSQL?CONNECTION=main
20180415 21071353  ) http  	PRAGMA index_xinfo(IDX_REQ_MI_CREATEUSER)
20180415 21071353  ) auth  	admin/99905209
20180415 21071353  ) call  	endpoint runSQL
20180415 21071353  )  +    	ubApp.TubApp(02D93EE0).DBExecute
20180415 21071353  )  +    		ubApp.TubApp(02D93EE0).TubApp.InternalDBExecute
20180415 21071353  ) SQL   			ubDBSQLite3ThreadSafe.TubSQLite3Statement(02E4A630) PRAGMA index_xinfo(IDX_REQ_MI_CREATEUSER)
20180415 21071353  )  -    		00.000.024
20180415 21071353  )  -    	00.000.068
20180415 21071353  ) http  	127.0.0.1 <- 200
20180415 21071353  )  -    00.000.220
20180415 21071353  "  +    runSQL?CONNECTION=main
20180415 21071353  " http  	127.0.0.1 -> POST runSQL?CONNECTION=main
20180415 21071353  " http  	PRAGMA index_xinfo(IDX_REQ_MI_MODIFYUSER)
20180415 21071353  " auth  	admin/99905209
20180415 21071353  " call  	endpoint runSQL
20180415 21071353  "  +    	ubApp.TubApp(02D93EE0).DBExecute
20180415 21071353  "  +    		ubApp.TubApp(02D93EE0).TubApp.InternalDBExecute
20180415 21071353  " SQL   			ubDBSQLite3ThreadSafe.TubSQLite3Statement(02E4A630) PRAGMA index_xinfo(IDX_REQ_MI_MODIFYUSER)
20180415 21071353  "  -    		00.000.034
20180415 21071353  "  -    	00.000.079
20180415 21071353  " http  	127.0.0.1 <- 200
20180415 21071353  "  -    00.000.391
20180415 21071353  #  +    runSQL?CONNECTION=main
20180415 21071353  # http  	127.0.0.1 -> POST runSQL?CONNECTION=main
20180415 21071353  # http  	PRAGMA index_xinfo(IDX_REQ_SUBDEPARTMENT)
20180415 21071353  # auth  	admin/99905209
20180415 21071353  # call  	endpoint runSQL
20180415 21071353  #  +    	ubApp.TubApp(02D93EE0).DBExecute
20180415 21071353  #  +    		ubApp.TubApp(02D93EE0).TubApp.InternalDBExecute
20180415 21071353  # SQL   			ubDBSQLite3ThreadSafe.TubSQLite3Statement(02E4A630) PRAGMA index_xinfo(IDX_REQ_SUBDEPARTMENT)
20180415 21071353  #  -    		00.000.024
20180415 21071353  #  -    	00.000.069
20180415 21071353  # http  	127.0.0.1 <- 200
20180415 21071353  #  -    00.000.389
20180415 21071353  $  +    runSQL?CONNECTION=main
20180415 21071353  $ http  	127.0.0.1 -> POST runSQL?CONNECTION=main
20180415 21071353  $ http  	PRAGMA index_xinfo(IDX_REQ_DEPARTMENT)
20180415 21071353  $ auth  	admin/99905209
20180415 21071353  $ call  	endpoint runSQL
20180415 21071353  $  +    	ubApp.TubApp(02D93EE0).DBExecute
20180415 21071353  $  +    		ubApp.TubApp(02D93EE0).TubApp.InternalDBExecute
20180415 21071353  $ SQL   			ubDBSQLite3ThreadSafe.TubSQLite3Statement(02E4A630) PRAGMA index_xinfo(IDX_REQ_DEPARTMENT)
20180415 21071353  $  -    		00.000.025
20180415 21071353  $  -    	00.000.083
20180415 21071353  $ http  	127.0.0.1 <- 200
20180415 21071353  $  -    00.000.267
20180415 21071355  %  +    runSQL?CONNECTION=main
20180415 21071355  % http  	127.0.0.1 -> POST runSQL?CONNECTION=main
20180415 21071355  % http  	update req_reqList set status = (select min(code) from ubm_enum where egroup = 'REQUEST_STATUS') where status is null
20180415 21071355  % auth  	admin/99905209
20180415 21071355  % call  	endpoint runSQL
20180415 21071355  %  +    	ubApp.TubApp(02D93EE0).DBExecute
20180415 21071355  %  +    		ubApp.TubApp(02D93EE0).TubApp.InternalDBExecute
20180415 21071355  % DB    			StartTransaction for connection "main"
20180415 21071355  % SQL   			ubDBSQLite3ThreadSafe.TubSQLite3Statement(02E4A630) update req_reqList set status = (select min(code) from ubm_enum where egroup = 'REQUEST_STATUS') where status is null
20180415 21071355  %  -    		00.000.196
20180415 21071355  %  -    	00.000.202
20180415 21071355  % DB    	Commit connection "main" in 26us
20180415 21071355  % http  	127.0.0.1 <- 200
20180415 21071355  %  -    00.000.714
20180415 21071355  &  +    runSQL?CONNECTION=main
20180415 21071355  & http  	127.0.0.1 -> POST runSQL?CONNECTION=main
20180415 21071355  & http  	update req_reqList set mi_owner = (select min(id) from uba_user) where mi_owner is null
20180415 21071355  & auth  	admin/99905209
20180415 21071355  & call  	endpoint runSQL
20180415 21071355  &  +    	ubApp.TubApp(02D93EE0).DBExecute
20180415 21071355  &  +    		ubApp.TubApp(02D93EE0).TubApp.InternalDBExecute
20180415 21071355  & DB    			StartTransaction for connection "main"
20180415 21071355  & SQL   			ubDBSQLite3ThreadSafe.TubSQLite3Statement(02E4A630) update req_reqList set mi_owner = (select min(id) from uba_user) where mi_owner is null
20180415 21071355  &  -    		00.000.162
20180415 21071355  &  -    	00.000.168
20180415 21071355  & DB    	Commit connection "main" in 25us
20180415 21071355  & http  	127.0.0.1 <- 200
20180415 21071355  &  -    00.000.629
20180415 21071355  '  +    runSQL?CONNECTION=main
20180415 21071355  ' http  	127.0.0.1 -> POST runSQL?CONNECTION=main
20180415 21071355  ' http  	update req_reqList set mi_modifyDate = strftime('%Y-%m-%dT%H:%M:%SZ', 'now') where mi_modifyDate is null
20180415 21071355  ' auth  	admin/99905209
20180415 21071355  ' call  	endpoint runSQL
20180415 21071355  '  +    	ubApp.TubApp(02D93EE0).DBExecute
20180415 21071355  '  +    		ubApp.TubApp(02D93EE0).TubApp.InternalDBExecute
20180415 21071355  ' DB    			StartTransaction for connection "main"
20180415 21071355  ' SQL   			ubDBSQLite3ThreadSafe.TubSQLite3Statement(02E4A630) update req_reqList set mi_modifyDate = strftime('%Y-%m-%dT%H:%M:%SZ', 'now') where mi_modifyDate is null
20180415 21071355  '  -    		00.000.165
20180415 21071355  '  -    	00.000.170
20180415 21071355  ' DB    	Commit connection "main" in 22us
20180415 21071355  ' http  	127.0.0.1 <- 200
20180415 21071355  '  -    00.000.613
20180415 21071355  (  +    runSQL?CONNECTION=main
20180415 21071355  ( http  	127.0.0.1 -> POST runSQL?CONNECTION=main
20180415 21071355  ( http  	update req_reqList set mi_createUser = (select min(id) from uba_user) where mi_createUser is null
20180415 21071355  ( auth  	admin/99905209
20180415 21071355  ( call  	endpoint runSQL
20180415 21071355  (  +    	ubApp.TubApp(02D93EE0).DBExecute
20180415 21071355  (  +    		ubApp.TubApp(02D93EE0).TubApp.InternalDBExecute
20180415 21071355  ( DB    			StartTransaction for connection "main"
20180415 21071355  ( SQL   			ubDBSQLite3ThreadSafe.TubSQLite3Statement(02E4A630) update req_reqList set mi_createUser = (select min(id) from uba_user) where mi_createUser is null
20180415 21071355  (  -    		00.000.141
20180415 21071355  (  -    	00.000.146
20180415 21071355  ( DB    	Commit connection "main" in 29us
20180415 21071355  ( http  	127.0.0.1 <- 200
20180415 21071355  (  -    00.000.512
20180415 21071355  )  +    runSQL?CONNECTION=main
20180415 21071355  ) http  	127.0.0.1 -> POST runSQL?CONNECTION=main
20180415 21071355  ) http  	update req_reqList set mi_modifyUser = (select min(id) from uba_user) where mi_modifyUser is null
20180415 21071355  ) auth  	admin/99905209
20180415 21071355  ) call  	endpoint runSQL
20180415 21071355  )  +    	ubApp.TubApp(02D93EE0).DBExecute
20180415 21071355  )  +    		ubApp.TubApp(02D93EE0).TubApp.InternalDBExecute
20180415 21071355  ) DB    			StartTransaction for connection "main"
20180415 21071355  ) SQL   			ubDBSQLite3ThreadSafe.TubSQLite3Statement(02E4A630) update req_reqList set mi_modifyUser = (select min(id) from uba_user) where mi_modifyUser is null
20180415 21071355  )  -    		00.000.158
20180415 21071355  )  -    	00.000.165
20180415 21071355  ) DB    	Commit connection "main" in 25us
20180415 21071355  ) http  	127.0.0.1 <- 200
20180415 21071355  )  -    00.000.553
20180415 21071355  "  +    runSQL?CONNECTION=main
20180415 21071355  " http  	127.0.0.1 -> POST runSQL?CONNECTION=main
20180415 21071355  " http  	update req_reqList set mi_createDate = strftime('%Y-%m-%dT%H:%M:%SZ', 'now') where mi_createDate is null
20180415 21071355  " auth  	admin/99905209
20180415 21071355  " call  	endpoint runSQL
20180415 21071355  "  +    	ubApp.TubApp(02D93EE0).DBExecute
20180415 21071355  "  +    		ubApp.TubApp(02D93EE0).TubApp.InternalDBExecute
20180415 21071355  " DB    			StartTransaction for connection "main"
20180415 21071355  " SQL   			ubDBSQLite3ThreadSafe.TubSQLite3Statement(02E4A630) update req_reqList set mi_createDate = strftime('%Y-%m-%dT%H:%M:%SZ', 'now') where mi_createDate is null
20180415 21071355  "  -    		00.000.155
20180415 21071355  "  -    	00.000.160
20180415 21071355  " DB    	Commit connection "main" in 24us
20180415 21071355  " http  	127.0.0.1 <- 200
20180415 21071355  "  -    00.000.416
20180415 21071355  #  +    runSQL?CONNECTION=main
20180415 21071355  # http  	127.0.0.1 -> POST runSQL?CONNECTION=main
20180415 21071355  # http  	CREATE INDEX IDX_REQ_MI_OWNER ON req_reqList(MI_OWNER) 
20180415 21071355  # auth  	admin/99905209
20180415 21071355  # call  	endpoint runSQL
20180415 21071355  #  +    	ubApp.TubApp(02D93EE0).DBExecute
20180415 21071355  #  +    		ubApp.TubApp(02D93EE0).TubApp.InternalDBExecute
20180415 21071355  # DB    			StartTransaction for connection "main"
20180415 21071355  # SQL   			ubDBSQLite3ThreadSafe.TubSQLite3Statement(02E4A630) CREATE INDEX IDX_REQ_MI_OWNER ON req_reqList(MI_OWNER) 
20180415 21071355  #  -    		00.000.278
20180415 21071355  #  -    	00.000.283
20180415 21071355  # DB    	Commit connection "main" in 125us
20180415 21071355  # http  	127.0.0.1 <- 200
20180415 21071355  #  -    00.000.681
20180415 21071400  ! info  ubApp.TubApp(02D93EE0) {   "ClientsCurrent": 1,   "ClientsMax": 1,   "Invalid": 0,   "Responses": 42,   "Modified": 7,   "IncomingBytes": 16789,   "OutcomingBytes": 176392,   "OutcomingFiles": 0,   "ServiceCalls": 42,   "ProcessTime": "1.63s"  }
