c:\UnityBase\UB.exe 4.0.0.0 (2018-02-22 16:30:16)Host=WDFN34211327A User=D071860 CPU=4*9-6-19971:FFFBCBBF8373DAFEBF6F9C0000 OS=23.0=10.0.15063 Wow64=1 Freq=2437498Environment variables=ALLUSERSPROFILE=C:\ProgramData	ANSICON=121x32766 (121x26)	ANSICON_DEF=7	APPDATA=C:\Users\D071860\AppData\Roaming	CommonProgramFiles=C:\Program Files (x86)\Common Files	CommonProgramFiles(x86)=C:\Program Files (x86)\Common Files	CommonProgramW6432=C:\Program Files\Common Files	COMPUTERNAME=WDFN34211327A	ComSpec=C:\WINDOWS\system32\cmd.exe	ConEmuANSI=ON	ConEmuAnsiLog=	ConEmuArgs=	ConEmuArgs2=	ConEmuBackHWND=0x001105EE	ConEmuBaseDir=C:\Program Files\ConEmu\ConEmu	ConEmuBaseDirShort=C:\PROGRA~1\ConEmu\ConEmu	ConEmuBuild=180411	ConEmuCfgDir=	ConEmuConfig=	ConEmuDir=C:\Program Files\ConEmu	ConEmuDrawHWND=0x001B0306	ConEmuDrive=C:	ConEmuHooks=Enabled	ConEmuHWND=0x001904C6	ConEmuPalette=<ConEmu>	ConEmuPID=1208	ConEmuPrompt0=$E[m$E[32m$E]9;8;"USERNAME"$E\@$E]9;8;"COMPUTERNAME"$E\$S	ConEmuPrompt1=$E[m$E[32m$E]9;8;"USERNAME"$E\@$E]9;8;"COMPUTERNAME"$E\$S$E[92m$P$E[90m	ConEmuPrompt2=$_$E[90m$G	ConEmuPrompt3=$E[m$S$E]9;12$E\	ConEmuServerPID=5468	ConEmuTask={Shells::cmd}	ConEmuWorkDir=C:\Users\D071860	ConEmuWorkDrive=C:	DEFLOGDIR=C:\ProgramData\McAfee\Endpoint Security\Logs	HOMEDRIVE=C:	homeloc=D_WDF	HOMEPATH=\Users\D071860	KUBECONFIG=C:\Practice\kubernetes\RUSLAN-KUBECONFIG	LOCALAPPDATA=C:\Users\D071860\AppData\Local	LOGONSERVER=\\DS2WDF0004	NUMBER_OF_PROCESSORS=4	OneDrive=C:\Users\D071860\OneDrive	OS=Windows_NT	Path=C:\Program Files\ConEmu\ConEmu\Scripts;C:\Program Files\ConEmu;C:\Program Files\ConEmu\ConEmu;C:\ProgramData\Oracle\Java\javapath;C:\Program Files\Docker\Docker\Resources\bin;C:\WINDOWS\system32;C:\WINDOWS;C:\WINDOWS\System32\Wbem;C:\WINDOWS\System32\WindowsPowerShell\v1.0\;C:\Program Files\Minikube;C:\Program Files\Kubernetes;C:\Program Files (x86)\Google\Cloud SDK\google-cloud-sdk\bin;C:\Program Files\PuTTY\;C:\Program Files\nodejs\;c:\UnityBase;C:\Users\D071860\AppData\Local\Microsoft\WindowsApps;C:\Users\D071860\AppData\Roaming\npm	PATHEXT=.COM;.EXE;.BAT;.CMD;.VBS;.VBE;.JSE;.WSF;.WSH;.MSC	PROCESSOR_ARCHITECTURE=x86	PROCESSOR_ARCHITEW6432=AMD64	PROCESSOR_IDENTIFIER=Intel64 Family 6 Model 78 Stepping 3, GenuineIntel	PROCESSOR_LEVEL=6	PROCESSOR_REVISION=4e03	ProgramData=C:\ProgramData	ProgramFiles=C:\Program Files (x86)	ProgramFiles(x86)=C:\Program Files (x86)	ProgramW6432=C:\Program Files	PROMPT=$E[m$E[32m$E]9;8;"USERNAME"$E\@$E]9;8;"COMPUTERNAME"$E\$S$E[92m$P$E[90m$_$E[90m$G$E[m$S$E]9;12$E\	PSModulePath=C:\Program Files (x86)\WindowsPowerShell\Modules;C:\WINDOWS\system32\WindowsPowerShell\v1.0\Modules;C:\Program Files (x86)\Google\Cloud SDK\google-cloud-sdk\platform\PowerShell	PUBLIC=C:\Users\Public	SESSIONNAME=Console	SNC_LIB=C:\Program Files (x86)\SAP\FrontEnd\SecureLogin\lib\sapcrypto.dll	SNC_LIB_64=C:\Program Files\SAP\FrontEnd\SecureLogin\lib\sapcrypto.dll	SSF_LIBRARY_PATH=C:\Program Files (x86)\SAP\FrontEnd\SecureLogin\lib\sapcrypto.dll	SSF_LIBRARY_PATH_64=C:\Program Files\SAP\FrontEnd\SecureLogin\lib\sapcrypto.dll	SystemDrive=C:	SystemRoot=C:\WINDOWS	TEMP=C:\Users\D071860\AppData\Local\Temp	TMP=C:\Users\D071860\AppData\Local\Temp	UATDATA=C:\WINDOWS\CCM\UATData\D9F8C395-CAB8-491d-B8AC-179A1FE1BE77	UB_HOME=c:\UnityBase	USERDNSDOMAIN=GLOBAL.CORP.SAP	USERDOMAIN=GLOBAL	USERDOMAIN_ROAMINGPROFILE=GLOBAL	USERNAME=D071860	USERPROFILE=C:\Users\D071860	windir=C:\WINDOWSTubLog 1.18.3488 FTS3 2018-04-16T10:16:2920180416 10162942  ! warn  WebSocket support are disabled because WSServer.host = '' in config
20180416 10162942  !  +    ubServer.TubServer(043774E8).008863DB 
20180416 10162942  !  +    	Init app
20180416 10162942  ! srvr  		FTS is disabled
20180416 10162942  ! info  		Check blob store "avatars" folder "C:\ubProject\CityPortal\avatars\": folder exists
20180416 10162942  ! info  		Check blob store "attach" folder "C:\ubProject\CityPortal\docs\attach\": folder exists
20180416 10162942  !  -    	00.000.546
20180416 10162942  !  +    	Folder C:\ubProject\CityPortal\node_modules\@unitybase\ub\ modified
20180416 10162942  !  +    		ubCommonClasses.TubThreadSafeCache(02ABCB08).removeStartsWith
20180416 10162942  !  -    		00.000.006
20180416 10162942  !  -    	00.000.013
20180416 10162942  !  +    	Folder C:\ubProject\CityPortal\node_modules\@unitybase\uba\ modified
20180416 10162942  !  +    		ubCommonClasses.TubThreadSafeCache(02ABCB08).removeStartsWith
20180416 10162942  !  -    		00.000.000
20180416 10162942  !  -    	00.000.004
20180416 10162942  !  +    	Folder C:\ubProject\CityPortal\node_modules\@unitybase\ubs\ modified
20180416 10162942  !  +    		ubCommonClasses.TubThreadSafeCache(02ABCB08).removeStartsWith
20180416 10162942  !  -    		00.000.000
20180416 10162942  !  -    	00.000.004
20180416 10162942  !  +    	Folder C:\ubProject\CityPortal\node_modules\@unitybase\ubm\ modified
20180416 10162942  !  +    		ubCommonClasses.TubThreadSafeCache(02ABCB08).removeStartsWith
20180416 10162942  !  -    		00.000.000
20180416 10162942  !  -    	00.000.003
20180416 10162942  !  +    	Folder C:\ubProject\CityPortal\_public_only_\ modified
20180416 10162942  !  +    		ubCommonClasses.TubThreadSafeCache(02ABCB08).removeStartsWith
20180416 10162942  !  -    		00.000.000
20180416 10162942  !  -    	00.000.003
20180416 10162942  !  +    	Folder C:\ubProject\CityPortal\node_modules\@unitybase\adminui-reg\ modified
20180416 10162942  !  +    		ubCommonClasses.TubThreadSafeCache(02ABCB08).removeStartsWith
20180416 10162942  !  -    		00.000.000
20180416 10162942  !  -    	00.000.004
20180416 10162942  !  +    	Folder C:\ubProject\CityPortal\models\requests\ modified
20180416 10162942  !  +    		ubCommonClasses.TubThreadSafeCache(02ABCB08).removeStartsWith
20180416 10162942  !  -    		00.000.000
20180416 10162942  !  -    	00.000.003
20180416 10162942  !  +    	ubApp.TubApp(02A23EE0).init
20180416 10162942  ! srvr  		Mime converters are disabled
20180416 10162942  !  -    	00.000.002
20180416 10162942  ! srvr  	Enable zip compresison
20180416 10162942  ! srvr  	Send initialization request to http://localhost:888/init
20180416 10162942  "  +    InitializationRequest
20180416 10162942  "  +    	init
20180416 10162942  " srvr  		Start application intialization...
20180416 10162942  " info  		Loading domain...
20180416 10162942  " info  		Loading model "UB" from "C:\ubProject\CityPortal\node_modules\@unitybase\ub\"
20180416 10162942  " info  		Loading model "UBA" from "C:\ubProject\CityPortal\node_modules\@unitybase\uba\"
20180416 10162945  " info  		Loading model "UBS" from "C:\ubProject\CityPortal\node_modules\@unitybase\ubs\"
20180416 10162946  " info  		Loading model "UBM" from "C:\ubProject\CityPortal\node_modules\@unitybase\ubm\"
20180416 10162947  " info  		Loading model "adminui-reg" from "C:\ubProject\CityPortal\node_modules\@unitybase\adminui-reg\"
20180416 10162947  " info  		Loading model "RequestList" from "C:\ubProject\CityPortal\models\requests\"
20180416 10162947  "  +    		ubApp.TubDataStore(04310010).Init
20180416 10162947  "  +    			ubApp.TubApp(02A23EE0).DBExecute
20180416 10162947  "  +    				ubApp.TubApp(02A23EE0).TubApp.InternalDBExecute
20180416 10162947  "  +    					00856EC2 
20180416 10162948  "  -    					00.011.595
20180416 10162948  " SQL   					ubDBSQLite3ThreadSafe.TubSQLite3Statement(02AD6F10) PRAGMA foreign_keys = ON
20180416 10162948  " SQL   					ubDBSQLite3ThreadSafe.TubSQLite3Statement(02AD6910) SELECT A01.ID,A01.entity,A01.state,A01.attribute,A01.roleName,A01.actions  FROM uba_als A01  ORDER BY A01.entity ASC
20180416 10162948  "  -    				00.011.770
20180416 10162948  "  -    			00.011.817
20180416 10162948  " debug 			Query result for entity "uba_als" into data name "": row count=0
20180416 10162948  "  -    		00.011.842
20180416 10162948  " srvr  		The domain loaded successfully with 3 entities
20180416 10162948  " debug 		Create new JavaScript Engine for thread 64460
20180416 10162961  "  +    		008C234A 
20180416 10162961  "  +    			ubApp.TubDataStore(06D75378).Init
20180416 10162961  "  +    				ubApp.TubApp(02A23EE0).DBExecute
20180416 10162961  "  +    					ubApp.TubApp(02A23EE0).TubApp.InternalDBExecute
20180416 10162961  " SQL   						ubDBSQLite3ThreadSafe.TubSQLite3Statement(02AD7270) SELECT A01.ID,A01.name,A01.sessionTimeout,A01.allowedAppMethods  FROM uba_role A01 
20180416 10162961  "  -    					00.000.050
20180416 10162961  "  -    				00.000.114
20180416 10162961  " debug 				Query result for entity "uba_role" into data name "": row count=9
20180416 10162961  "  -    			00.000.126
20180416 10162961  "  +    			ubApp.TubDataStore(06D753F0).Init
20180416 10162961  "  +    				ubApp.TubApp(02A23EE0).DBExecute
20180416 10162961  "  +    					ubApp.TubApp(02A23EE0).TubApp.InternalDBExecute
20180416 10162961  " SQL   						ubDBSQLite3ThreadSafe.TubSQLite3Statement(02AD7210) SELECT A01.ID,A01.entityMask,A01.methodMask,A01.ruleType,A01.ruleRole,A01.disabled,A01.code  FROM uba_els A01 
20180416 10162961  "  -    					00.000.030
20180416 10162961  "  -    				00.000.176
20180416 10162961  " debug 				Query result for entity "uba_els" into data name "": row count=88
20180416 10162961  "  -    			00.000.205
20180416 10162961  "  -    		00.002.193
20180416 10162961  " auth  		New session admin/147263310 created at 127.0.0.1/-648518344730737483 using Mozilla/5.0 (Windows; mORMot 1.18 TWinHTTP)
20180416 10162961  " auth  		New session anonymous/147263305 created at 127.0.0.1/-648518344730737483 using Mozilla/5.0 (Windows; mORMot 1.18 TWinHTTP)
20180416 10162961  "  +    		ubApp.TubDataStore(06D75558).Init
20180416 10162961  "  +    			ubApp.TubApp(02A23EE0).DBExecute
20180416 10162961  "  +    				ubApp.TubApp(02A23EE0).TubApp.InternalDBExecute
20180416 10162961  " debug 					P1: String(34)	UBA.passwordPolicy.maxDurationDays
20180416 10162961  " SQL   					ubDBSQLite3ThreadSafe.TubSQLite3Statement(02AD7330) select settingValue from ubs_settings where settingKey =?
20180416 10162961  "  -    				00.000.029
20180416 10162961  "  -    			00.000.067
20180416 10162961  " debug 			Query result for entity "ubs_settings" into data name "": row count=1
20180416 10162961  "  -    		00.000.075
20180416 10162961  "  +    		ubApp.TubDataStore(06D75558).Init
20180416 10162961  "  +    			ubApp.TubApp(02A23EE0).DBExecute
20180416 10162961  "  +    				ubApp.TubApp(02A23EE0).TubApp.InternalDBExecute
20180416 10162961  " debug 					P1: String(37)	UBA.passwordPolicy.maxInvalidAttempts
20180416 10162961  " SQL   					ubDBSQLite3ThreadSafe.TubSQLite3Statement(02AD7330) select settingValue from ubs_settings where settingKey =?
20180416 10162961  "  -    				00.000.006
20180416 10162961  "  -    			00.000.018
20180416 10162961  " debug 			Query result for entity "ubs_settings" into data name "": row count=1
20180416 10162961  "  -    		00.000.023
20180416 10162961  "  -    	00.295.674
20180416 10162961  "  -    00.295.698
20180416 10162961  ! srvr  	ubServer.TubServer(043774E8) {"THttpApiServer(029EA990)":{"Cloned":false,"RegisteredUrl":"http://+:888/","HTTPQueueLength":1000,"MaxBandwidth":-1,"MaxConnections":-1,"APIVersion":"HTTP API 2.0","ServerName":"UnityBase","ProcessName":""}} initialized
20180416 10162961  !  -    00.303.355
20180416 10162961  "  +    getAppInfo
20180416 10162961  " http  	127.0.0.1 -> GET getAppInfo
20180416 10162961  " call  	endpoint getAppInfo
20180416 10162961  " http  	127.0.0.1 <- 200
20180416 10162961  "  -    00.000.633
20180416 10163000  #  +    auth?AUTHTYPE=UB&userName=admin
20180416 10163000  # http  	127.0.0.1 -> GET auth?AUTHTYPE=UB&userName=admin
20180416 10163000  # debug 	Create new JavaScript Engine for thread 36504
20180416 10163013  # call  	endpoint auth
20180416 10163013  # http  	127.0.0.1 <- 200
20180416 10163013  #  -    00.211.827
20180416 10163013  $  +    auth?AUTHTYPE=UB&clientNonce=8d63999b02942d75ee91bca002a1454f367e57555e9939e1cf4237c35c778ec1&password=74886b7b0d8ea116f9f5ed8dbc8f5ca52e229d1d74083a4c34b5d510225d616a&userName=admin
20180416 10163013  $ http  	127.0.0.1 -> GET auth?AUTHTYPE=UB&clientNonce=8d63999b02942d75ee91bca002a1454f367e57555e9939e1cf4237c35c778ec1&password=74886b7b0d8ea116f9f5ed8dbc8f5ca52e229d1d74083a4c34b5d510225d616a&userName=admin
20180416 10163013  $ debug 	Create new JavaScript Engine for thread 64668
20180416 10163027  $ call  	endpoint auth
20180416 10163027  $  +    	ubApp.TubDataStore(06D7A8C8).Init
20180416 10163027  $  +    		ubApp.TubApp(02A23EE0).DBExecute
20180416 10163027  $  +    			ubApp.TubApp(02A23EE0).TubApp.InternalDBExecute
20180416 10163027  $  +    				00856EC2 
20180416 10163027  $  -    				00.002.627
20180416 10163027  $ SQL   				ubDBSQLite3ThreadSafe.TubSQLite3Statement(02AD80B0) PRAGMA foreign_keys = ON
20180416 10163027  $ debug 				P1: String(5)	admin
20180416 10163027  $ SQL   				ubDBSQLite3ThreadSafe.TubSQLite3Statement(02AD7A50) select id, name, uPasswordHashHexa, uData, isPending, trustedIP from UBA_USER where name=? and disabled=0
20180416 10163027  $  -    			00.002.696
20180416 10163027  $  -    		00.002.761
20180416 10163027  $ debug 		Query result for entity "uba_user" into data name "": row count=1
20180416 10163027  $  -    	00.002.781
20180416 10163027  $  +    	ubApp.TubDataStore(06D7A8C8).Init
20180416 10163027  $  +    		ubApp.TubApp(02A23EE0).DBExecute
20180416 10163027  $  +    			ubApp.TubApp(02A23EE0).TubApp.InternalDBExecute
20180416 10163027  $ debug 				P1: Int64		10
20180416 10163027  $ SQL   				ubDBSQLite3ThreadSafe.TubSQLite3Statement(02AD80B0) SELECT lastPasswordChangeDate FROM uba_user WHERE id=?
20180416 10163027  $  -    			00.000.020
20180416 10163027  $  -    		00.000.045
20180416 10163027  $ debug 		Query result for entity "uba_user" into data name "__expireDate": row count=1
20180416 10163027  $  -    	00.000.053
20180416 10163027  $  +    	ubApp.TubDataStore(07E76368).Init
20180416 10163027  $  +    		ubApp.TubApp(02A23EE0).DBExecute
20180416 10163027  $  +    			ubApp.TubApp(02A23EE0).TubApp.InternalDBExecute
20180416 10163027  $ debug 				P1: Int64		10
20180416 10163027  $ SQL   				ubDBSQLite3ThreadSafe.TubSQLite3Statement(02AD8170) SELECT A01.roleID,A02.name,A02.description  FROM uba_userrole A01  INNER JOIN uba_role A02 ON A02.ID=A01.roleID  WHERE A01.userID=?
20180416 10163027  $  -    			00.000.055
20180416 10163027  $  -    		00.000.102
20180416 10163027  $ debug 		Query result for entity "uba_userrole" into data name "": row count=1
20180416 10163027  $  -    	00.000.111
20180416 10163027  $ auth  	New session admin/147263304 created at 127.0.0.1/-648518344730737483 using Mozilla/5.0 (Windows; mORMot 1.18 TWinHTTP)
20180416 10163028  $  +    	ubMixinClasses.TubStorageMixin(02A742C0).MixinMethod
20180416 10163028  $ debug 		uba_user.select(TubStorageMixin)
20180416 10163028  $  +    		ubApp.TubDataStore(07E76368).Init
20180416 10163028  $  +    			ubApp.TubApp(02A23EE0).DBExecute
20180416 10163028  $  +    				ubApp.TubApp(02A23EE0).TubApp.InternalDBExecute
20180416 10163028  $ debug 					P1: Int64		10
20180416 10163028  $ SQL   					ubDBSQLite3ThreadSafe.TubSQLite3Statement(02AD8290) SELECT A01.name  FROM uba_user A01  WHERE A01.ID=?
20180416 10163028  $  -    				00.000.064
20180416 10163028  $  -    			00.000.188
20180416 10163028  $ debug 			Query result for entity "uba_user" into data name "": row count=1
20180416 10163028  $  -    		00.000.202
20180416 10163028  $  -    	00.000.358
20180416 10163033  $  +    	ubMixinClasses.TubStorageMixin(02A742C0).MixinMethod
20180416 10163033  $ debug 		uba_advSecurity.select(TubStorageMixin)
20180416 10163033  $  +    		ubApp.TubDataStore(07E76368).Init
20180416 10163033  $  +    			ubApp.TubApp(02A23EE0).DBExecute
20180416 10163033  $  +    				ubApp.TubApp(02A23EE0).TubApp.InternalDBExecute
20180416 10163033  $ debug 					P1: Int64		10
20180416 10163033  $ SQL   					ubDBSQLite3ThreadSafe.TubSQLite3Statement(02AD82F0) SELECT A01.ID,A01.allowedIP,A01.refreshIP,A01.fp,A01.refreshFp,A01.keyMediaName,A01.refreshKeyMedia,A01.mi_modifyDate  FROM uba_advSecurity A01  WHERE A01.userID=?
20180416 10163033  $  -    				00.000.086
20180416 10163033  $  -    			00.000.147
20180416 10163033  $ debug 			Query result for entity "uba_advSecurity" into data name "": row count=0
20180416 10163033  $  -    		00.000.160
20180416 10163033  $  -    	00.000.329
20180416 10163033  $  +    	ubMixinClasses.TubStorageMixin(02A742C0).MixinMethod
20180416 10163033  $ debug 		uba_userrole.select(TubStorageMixin)
20180416 10163033  $  +    		ubApp.TubDataStore(07E76368).Init
20180416 10163033  $  +    			ubApp.TubApp(02A23EE0).DBExecute
20180416 10163033  $  +    				ubApp.TubApp(02A23EE0).TubApp.InternalDBExecute
20180416 10163033  $ debug 					P1: Int64		10
20180416 10163033  $ SQL   					ubDBSQLite3ThreadSafe.TubSQLite3Statement(02AD8350) SELECT A01.ID,A02.name,A01.roleID  FROM uba_userrole A01  INNER JOIN uba_role A02 ON A02.ID=A01.roleID  WHERE A01.userID=?
20180416 10163033  $  -    				00.000.076
20180416 10163033  $  -    			00.000.555
20180416 10163033  $ debug 			Query result for entity "uba_userrole" into data name "": row count=1
20180416 10163033  $  -    		00.000.636
20180416 10163033  $  -    	00.001.014
20180416 10163034  $  +    	ubMixinClasses.TubStorageMixin(02A742C0).MixinMethod
20180416 10163034  $ debug 		uba_audit.beforeinsert(TubStorageMixin)
20180416 10163034  $  -    	00.000.048
20180416 10163034  $  +    	ubMixinClasses.TubStorageMixin(02A742C0).MixinMethod
20180416 10163034  $ debug 		uba_audit.insert(TubStorageMixin)
20180416 10163034  $  +    		ubApp.TubDataStore(06D7A6C0).TubDataStore.ExecuteInsertFromList
20180416 10163034  $  +    			ubApp.TubDataStore(06D7A6C0).TubDataStore.ExecuteInsertFromSQL
20180416 10163034  $  +    				ubApp.TubApp(02A23EE0).DBExecute
20180416 10163034  $  +    					ubApp.TubApp(02A23EE0).TubApp.InternalDBExecute
20180416 10163034  $ debug 						P1: String(8)	uba_user
20180416 10163034  $ debug 						P2: Int64		10
20180416 10163034  $ debug 						P3: String(5)	LOGIN
20180416 10163034  $ debug 						P4: Int64		10
20180416 10163034  $ debug 						P5: DateTime	2018-04-16T10:16:30
20180416 10163034  $ debug 						P6: String(9)	127.0.0.1
20180416 10163034  $ debug 						P7: String(5)	admin
20180416 10163034  $ debug 						P8: String(0)	
20180416 10163034  $ debug 						P9: Int64		335793333534721
20180416 10163034  $ debug 						P10: String(313..)	Cache-Control: no-cache  Connection: Keep-Alive  Pragma: no-cache  Accept: */*  Accept-Encoding: gzi...
20180416 10163034  $ DB    						StartTransaction for connection "main"
20180416 10163034  $ SQL   						ubDBSQLite3ThreadSafe.TubSQLite3Statement(02AD8410) INSERT INTO uba_audit (entity,entityinfo_id,actionType,actionUser,actionTime,remoteIP,targetUser,targetRole,ID,fromValue) VALUES (?,?,?,?,?,?,?,?,?,?)
20180416 10163034  $  -    					00.002.118
20180416 10163034  $  -    				00.002.124
20180416 10163034  $  -    			00.002.984
20180416 10163034  $  -    		00.003.254
20180416 10163034  $  -    	00.003.302
20180416 10163034  $  +    	ubMixinClasses.TubStorageMixin(02A742C0).MixinMethod
20180416 10163034  $ debug 		uba_audit.afterinsert(TubStorageMixin)
20180416 10163034  $  -    	00.000.012
20180416 10163035  $ DB    	Commit connection "main"
20180416 10163035  $ http  	127.0.0.1 <- 200
20180416 10163035  $  -    00.346.633
20180416 10163036  %  +    ubql
20180416 10163036  % http  	127.0.0.1 -> POST ubql
20180416 10163036  % http  	[{"entity":"ubm_desktop","method":"select","fieldList":["ID"],"options":{"limit":1},"whereList":{"lookup":{"expression":"code","condition":"equal","values":{"code":"CityReq_desktop"}}}}]
20180416 10163036  % debug 	Create new JavaScript Engine for thread 54024
20180416 10163050  % auth  	admin/147263304
20180416 10163050  % call  	endpoint ubql
20180416 10163050  %  +    	ubMixinClasses.TubRLSMixin(02A74E20).MixinMethod
20180416 10163050  % debug 		ubm_desktop.select(TubRLSMixin)
20180416 10163050  % debug 		Prepare RLS expression for ubm_desktop
20180416 10163050  %  +    		ubApp.TubDataStore(07E79068).Init
20180416 10163050  %  +    			ubApp.TubApp(02A23EE0).DBExecute
20180416 10163050  %  +    				ubApp.TubApp(02A23EE0).TubApp.InternalDBExecute
20180416 10163050  %  +    					00856EC2 
20180416 10163050  %  -    					00.002.284
20180416 10163050  % SQL   					ubDBSQLite3ThreadSafe.TubSQLite3Statement(02AD8E30) PRAGMA foreign_keys = ON
20180416 10163050  % SQL   					ubDBSQLite3ThreadSafe.TubSQLite3Statement(02AD87D0) select ID, name FROM uba_role
20180416 10163050  %  -    				00.002.316
20180416 10163050  %  -    			00.002.364
20180416 10163050  % debug 			Query result for entity "uba_role" into data name "": row count=9
20180416 10163050  %  -    		00.002.390
20180416 10163050  %  -    	00.003.476
20180416 10163050  %  +    	ubMixinClasses.TubStorageMixin(02A742C0).MixinMethod
20180416 10163050  % debug 		ubm_desktop.select(TubStorageMixin)
20180416 10163050  %  +    		ubApp.TubDataStore(07E78F50).Init
20180416 10163050  %  +    			ubApp.TubApp(02A23EE0).DBExecute
20180416 10163050  %  +    				ubApp.TubApp(02A23EE0).TubApp.InternalDBExecute
20180416 10163050  % debug 					P1: String(15)	CityReq_desktop
20180416 10163050  % debug 					P2: Int64		10
20180416 10163050  % debug 					P3: Int64		10
20180416 10163050  % debug 					P4: DateTime	9999-12-31T00:00:00
20180416 10163050  % SQL   					ubDBSQLite3ThreadSafe.TubSQLite3Statement(02AD8F50) SELECT A01.ID  FROM ubm_desktop A01  WHERE code=? AND (( A01.mi_owner = ? ) OR (1=1) OR exists (select 1 from ubm_desktop_adm admsubtable where admsubtable.instanceID = A01.ID and admsubtable.admSubjID in (select ur.RoleID from uba_userrole ur where ur.UserID = ? union select 10))) AND A01.mi_deleteDate=? LIMIT 1 OFFSET 0 
20180416 10163050  %  -    				00.000.156
20180416 10163050  %  -    			00.000.234
20180416 10163050  % debug 			Query result for entity "ubm_desktop" into data name "": row count=1
20180416 10163050  %  -    		00.000.248
20180416 10163050  %  -    	00.000.390
20180416 10163050  % http  	127.0.0.1 <- 200
20180416 10163050  %  -    00.236.533
20180416 10163050  &  +    ubql
20180416 10163050  & http  	127.0.0.1 -> POST ubql
20180416 10163050  & http  	[{"entity":"ubm_navshortcut","method":"select","fieldList":["ID"],"options":{"limit":1},"whereList":{"lookup":{"expression":"code","condition":"equal","values":{"code":"req_departments_folder"}}}}]
20180416 10163050  & debug 	Create new JavaScript Engine for thread 59144
20180416 10163102  & auth  	admin/147263304
20180416 10163102  & call  	endpoint ubql
20180416 10163102  &  +    	ubMixinClasses.TubRLSMixin(02A74E20).MixinMethod
20180416 10163102  & debug 		ubm_navshortcut.select(TubRLSMixin)
20180416 10163102  & debug 		Prepare RLS expression for ubm_navshortcut
20180416 10163102  &  +    		ubApp.TubDataStore(07E7D488).Init
20180416 10163102  &  +    			ubApp.TubApp(02A23EE0).DBExecute
20180416 10163102  &  +    				ubApp.TubApp(02A23EE0).TubApp.InternalDBExecute
20180416 10163102  &  +    					00856EC2 
20180416 10163102  &  -    					00.002.481
20180416 10163102  & SQL   					ubDBSQLite3ThreadSafe.TubSQLite3Statement(02AD9850) PRAGMA foreign_keys = ON
20180416 10163102  & SQL   					ubDBSQLite3ThreadSafe.TubSQLite3Statement(02AD91F0) select ID, name FROM uba_role
20180416 10163102  &  -    				00.002.517
20180416 10163102  &  -    			00.002.569
20180416 10163102  & debug 			Query result for entity "uba_role" into data name "": row count=9
20180416 10163102  &  -    		00.002.579
20180416 10163102  &  -    	00.003.619
20180416 10163102  &  +    	ubMixinClasses.TubStorageMixin(02A742C0).MixinMethod
20180416 10163102  & debug 		ubm_navshortcut.select(TubStorageMixin)
20180416 10163102  &  +    		ubApp.TubDataStore(07E7D3C0).Init
20180416 10163102  &  +    			ubApp.TubApp(02A23EE0).DBExecute
20180416 10163102  &  +    				ubApp.TubApp(02A23EE0).TubApp.InternalDBExecute
20180416 10163102  & debug 					P1: String(22)	req_departments_folder
20180416 10163102  & debug 					P2: Int64		10
20180416 10163102  & debug 					P3: Int64		10
20180416 10163102  & debug 					P4: DateTime	9999-12-31T00:00:00
20180416 10163102  & SQL   					ubDBSQLite3ThreadSafe.TubSQLite3Statement(02AD9970) SELECT A01.ID  FROM ubm_navshortcut A01  WHERE code=? AND (( A01.mi_owner = ? ) OR                (1=1) OR                              exists (select 1 from ubm_navshortcut_adm admsubtable where admsubtable.instanceID = A01.ID and admsubtable.admSubjID in (select ur.RoleID from uba_userrole ur where ur.UserID = ? union select 10))) AND A01.mi_deleteDate=? LIMIT 1 OFFSET 0 
20180416 10163102  &  -    				00.000.096
20180416 10163102  &  -    			00.000.157
20180416 10163102  & debug 			Query result for entity "ubm_navshortcut" into data name "": row count=1
20180416 10163102  &  -    		00.000.172
20180416 10163102  &  -    	00.000.275
20180416 10163102  & http  	127.0.0.1 <- 200
20180416 10163102  &  -    00.230.329
20180416 10163102  '  +    ubql
20180416 10163102  ' http  	127.0.0.1 -> POST ubql
20180416 10163102  ' http  	[{"entity":"ubm_navshortcut","method":"select","fieldList":["ID"],"options":{"limit":1},"whereList":{"lookup":{"expression":"code","condition":"equal","values":{"code":"req_depart"}}}}]
20180416 10163102  ' debug 	Create new JavaScript Engine for thread 53620
20180416 10163117  ' auth  	admin/147263304
20180416 10163117  ' call  	endpoint ubql
20180416 10163117  '  +    	ubMixinClasses.TubRLSMixin(02A74E20).MixinMethod
20180416 10163117  ' debug 		ubm_navshortcut.select(TubRLSMixin)
20180416 10163117  ' debug 		Prepare RLS expression for ubm_navshortcut
20180416 10163117  '  +    		ubApp.TubDataStore(0D327F98).Init
20180416 10163117  '  +    			ubApp.TubApp(02A23EE0).DBExecute
20180416 10163117  '  +    				ubApp.TubApp(02A23EE0).TubApp.InternalDBExecute
20180416 10163117  '  +    					00856EC2 
20180416 10163117  '  -    					00.002.220
20180416 10163117  ' SQL   					ubDBSQLite3ThreadSafe.TubSQLite3Statement(02ADA2D0) PRAGMA foreign_keys = ON
20180416 10163117  ' SQL   					ubDBSQLite3ThreadSafe.TubSQLite3Statement(02AD9C70) select ID, name FROM uba_role
20180416 10163117  '  -    				00.002.252
20180416 10163117  '  -    			00.002.297
20180416 10163117  ' debug 			Query result for entity "uba_role" into data name "": row count=9
20180416 10163117  '  -    		00.002.307
20180416 10163117  '  -    	00.003.230
20180416 10163117  '  +    	ubMixinClasses.TubStorageMixin(02A742C0).MixinMethod
20180416 10163117  ' debug 		ubm_navshortcut.select(TubStorageMixin)
20180416 10163117  '  +    		ubApp.TubDataStore(0D327ED0).Init
20180416 10163117  '  +    			ubApp.TubApp(02A23EE0).DBExecute
20180416 10163117  '  +    				ubApp.TubApp(02A23EE0).TubApp.InternalDBExecute
20180416 10163117  ' debug 					P1: String(10)	req_depart
20180416 10163117  ' debug 					P2: Int64		10
20180416 10163117  ' debug 					P3: Int64		10
20180416 10163117  ' debug 					P4: DateTime	9999-12-31T00:00:00
20180416 10163117  ' SQL   					ubDBSQLite3ThreadSafe.TubSQLite3Statement(02ADA3F0) SELECT A01.ID  FROM ubm_navshortcut A01  WHERE code=? AND (( A01.mi_owner = ? ) OR                (1=1) OR                              exists (select 1 from ubm_navshortcut_adm admsubtable where admsubtable.instanceID = A01.ID and admsubtable.admSubjID in (select ur.RoleID from uba_userrole ur where ur.UserID = ? union select 10))) AND A01.mi_deleteDate=? LIMIT 1 OFFSET 0 
20180416 10163117  '  -    				00.000.088
20180416 10163117  '  -    			00.000.176
20180416 10163117  ' debug 			Query result for entity "ubm_navshortcut" into data name "": row count=1
20180416 10163117  '  -    		00.000.195
20180416 10163117  '  -    	00.000.346
20180416 10163117  ' http  	127.0.0.1 <- 200
20180416 10163117  '  -    00.225.654
20180416 10163117  (  +    ubql
20180416 10163117  ( http  	127.0.0.1 -> POST ubql
20180416 10163117  ( http  	[{"entity":"ubm_navshortcut","method":"select","fieldList":["ID"],"options":{"limit":1},"whereList":{"lookup":{"expression":"code","condition":"equal","values":{"code":"req_subDepart"}}}}]
20180416 10163117  ( debug 	Create new JavaScript Engine for thread 1544
20180416 10163130  ( auth  	admin/147263304
20180416 10163130  ( call  	endpoint ubql
20180416 10163130  (  +    	ubMixinClasses.TubRLSMixin(02A74E20).MixinMethod
20180416 10163130  ( debug 		ubm_navshortcut.select(TubRLSMixin)
20180416 10163130  ( debug 		Prepare RLS expression for ubm_navshortcut
20180416 10163130  (  +    		ubApp.TubDataStore(0D32C390).Init
20180416 10163130  (  +    			ubApp.TubApp(02A23EE0).DBExecute
20180416 10163130  (  +    				ubApp.TubApp(02A23EE0).TubApp.InternalDBExecute
20180416 10163130  (  +    					00856EC2 
20180416 10163130  (  -    					00.002.198
20180416 10163130  ( SQL   					ubDBSQLite3ThreadSafe.TubSQLite3Statement(02ADACF0) PRAGMA foreign_keys = ON
20180416 10163130  ( SQL   					ubDBSQLite3ThreadSafe.TubSQLite3Statement(02ADA690) select ID, name FROM uba_role
20180416 10163130  (  -    				00.002.230
20180416 10163130  (  -    			00.002.266
20180416 10163130  ( debug 			Query result for entity "uba_role" into data name "": row count=9
20180416 10163130  (  -    		00.002.276
20180416 10163130  (  -    	00.003.262
20180416 10163130  (  +    	ubMixinClasses.TubStorageMixin(02A742C0).MixinMethod
20180416 10163130  ( debug 		ubm_navshortcut.select(TubStorageMixin)
20180416 10163130  (  +    		ubApp.TubDataStore(0D32C2C8).Init
20180416 10163130  (  +    			ubApp.TubApp(02A23EE0).DBExecute
20180416 10163130  (  +    				ubApp.TubApp(02A23EE0).TubApp.InternalDBExecute
20180416 10163130  ( debug 					P1: String(13)	req_subDepart
20180416 10163130  ( debug 					P2: Int64		10
20180416 10163130  ( debug 					P3: Int64		10
20180416 10163130  ( debug 					P4: DateTime	9999-12-31T00:00:00
20180416 10163130  ( SQL   					ubDBSQLite3ThreadSafe.TubSQLite3Statement(02ADAE10) SELECT A01.ID  FROM ubm_navshortcut A01  WHERE code=? AND (( A01.mi_owner = ? ) OR                (1=1) OR                              exists (select 1 from ubm_navshortcut_adm admsubtable where admsubtable.instanceID = A01.ID and admsubtable.admSubjID in (select ur.RoleID from uba_userrole ur where ur.UserID = ? union select 10))) AND A01.mi_deleteDate=? LIMIT 1 OFFSET 0 
20180416 10163130  (  -    				00.000.088
20180416 10163130  (  -    			00.000.159
20180416 10163130  ( debug 			Query result for entity "ubm_navshortcut" into data name "": row count=1
20180416 10163130  (  -    		00.000.170
20180416 10163130  (  -    	00.000.279
20180416 10163130  ( http  	127.0.0.1 <- 200
20180416 10163130  (  -    00.217.033
20180416 10163131  )  +    ubql
20180416 10163131  ) http  	127.0.0.1 -> POST ubql
20180416 10163131  ) http  	[{"entity":"ubm_navshortcut","method":"select","fieldList":["ID"],"options":{"limit":1},"whereList":{"lookup":{"expression":"code","condition":"equal","values":{"code":"req_reqList"}}}}]
20180416 10163131  ) debug 	Create new JavaScript Engine for thread 52596
20180416 10163151  ) auth  	admin/147263304
20180416 10163151  ) call  	endpoint ubql
20180416 10163151  )  +    	ubMixinClasses.TubRLSMixin(02A74E20).MixinMethod
20180416 10163151  ) debug 		ubm_navshortcut.select(TubRLSMixin)
20180416 10163151  ) debug 		Prepare RLS expression for ubm_navshortcut
20180416 10163151  )  +    		ubApp.TubDataStore(0D258F48).Init
20180416 10163151  )  +    			ubApp.TubApp(02A23EE0).DBExecute
20180416 10163151  )  +    				ubApp.TubApp(02A23EE0).TubApp.InternalDBExecute
20180416 10163151  )  +    					00856EC2 
20180416 10163151  )  -    					00.002.361
20180416 10163151  ) SQL   					ubDBSQLite3ThreadSafe.TubSQLite3Statement(02ADB710) PRAGMA foreign_keys = ON
20180416 10163151  ) SQL   					ubDBSQLite3ThreadSafe.TubSQLite3Statement(02ADB0B0) select ID, name FROM uba_role
20180416 10163151  )  -    				00.002.438
20180416 10163151  )  -    			00.002.477
20180416 10163151  ) debug 			Query result for entity "uba_role" into data name "": row count=9
20180416 10163151  )  -    		00.002.491
20180416 10163151  )  -    	00.003.392
20180416 10163151  )  +    	ubMixinClasses.TubStorageMixin(02A742C0).MixinMethod
20180416 10163151  ) debug 		ubm_navshortcut.select(TubStorageMixin)
20180416 10163151  )  +    		ubApp.TubDataStore(0D258E80).Init
20180416 10163151  )  +    			ubApp.TubApp(02A23EE0).DBExecute
20180416 10163151  )  +    				ubApp.TubApp(02A23EE0).TubApp.InternalDBExecute
20180416 10163151  ) debug 					P1: String(11)	req_reqList
20180416 10163151  ) debug 					P2: Int64		10
20180416 10163151  ) debug 					P3: Int64		10
20180416 10163151  ) debug 					P4: DateTime	9999-12-31T00:00:00
20180416 10163151  ) SQL   					ubDBSQLite3ThreadSafe.TubSQLite3Statement(02ADB830) SELECT A01.ID  FROM ubm_navshortcut A01  WHERE code=? AND (( A01.mi_owner = ? ) OR                (1=1) OR                              exists (select 1 from ubm_navshortcut_adm admsubtable where admsubtable.instanceID = A01.ID and admsubtable.admSubjID in (select ur.RoleID from uba_userrole ur where ur.UserID = ? union select 10))) AND A01.mi_deleteDate=? LIMIT 1 OFFSET 0 
20180416 10163151  )  -    				00.000.133
20180416 10163151  )  -    			00.000.310
20180416 10163151  ) debug 			Query result for entity "ubm_navshortcut" into data name "": row count=1
20180416 10163151  )  -    		00.000.327
20180416 10163151  )  -    	00.000.443
20180416 10163151  ) http  	127.0.0.1 <- 200
20180416 10163151  )  -    00.330.408
20180416 10163156  "  +    ubql
20180416 10163156  " http  	127.0.0.1 -> POST ubql
20180416 10163156  " http  	[{"entity":"ubm_enum","method":"select","fieldList":["code"],"options":{"limit":1},"whereList":{"c1":{"expression":"[code]","condition":"equal","values":{"c1":"NEW"}}}}]
20180416 10163156  " auth  	admin/147263304
20180416 10163156  " call  	endpoint ubql
20180416 10163156  "  +    	ubMixinClasses.TubStorageMixin(02A742C0).MixinMethod
20180416 10163156  " debug 		ubm_enum.select(TubStorageMixin)
20180416 10163156  "  +    		ubApp.TubDataStore(0D258D18).Init
20180416 10163156  "  +    			ubApp.TubApp(02A23EE0).DBExecute
20180416 10163156  "  +    				ubApp.TubApp(02A23EE0).TubApp.InternalDBExecute
20180416 10163156  " debug 					P1: String(3)	NEW
20180416 10163156  " debug 					P2: DateTime	9999-12-31T00:00:00
20180416 10163156  " SQL   					ubDBSQLite3ThreadSafe.TubSQLite3Statement(02ADB8F0) SELECT A01.code  FROM ubm_enum A01  WHERE A01.code=? AND A01.mi_deleteDate=? LIMIT 1 OFFSET 0 
20180416 10163156  "  -    				00.000.059
20180416 10163156  "  -    			00.000.163
20180416 10163156  " debug 			Query result for entity "ubm_enum" into data name "": row count=1
20180416 10163156  "  -    		00.000.173
20180416 10163156  "  -    	00.000.254
20180416 10163156  " http  	127.0.0.1 <- 200
20180416 10163156  "  -    00.000.563
20180416 10163156  #  +    ubql
20180416 10163156  # http  	127.0.0.1 -> POST ubql
20180416 10163156  # http  	[{"entity":"ubm_enum","method":"select","fieldList":["code"],"options":{"limit":1},"whereList":{"c1":{"expression":"[code]","condition":"equal","values":{"c1":"PROCESSED"}}}}]
20180416 10163156  # auth  	admin/147263304
20180416 10163156  # call  	endpoint ubql
20180416 10163156  #  +    	ubMixinClasses.TubStorageMixin(02A742C0).MixinMethod
20180416 10163156  # debug 		ubm_enum.select(TubStorageMixin)
20180416 10163156  #  +    		ubApp.TubDataStore(0D258D40).Init
20180416 10163156  #  +    			ubApp.TubApp(02A23EE0).DBExecute
20180416 10163156  #  +    				ubApp.TubApp(02A23EE0).TubApp.InternalDBExecute
20180416 10163156  #  +    					00856EC2 
20180416 10163156  #  -    					00.002.278
20180416 10163156  # SQL   					ubDBSQLite3ThreadSafe.TubSQLite3Statement(06D43090) PRAGMA foreign_keys = ON
20180416 10163156  # debug 					P1: String(9)	PROCESSED
20180416 10163156  # debug 					P2: DateTime	9999-12-31T00:00:00
20180416 10163156  # SQL   					ubDBSQLite3ThreadSafe.TubSQLite3Statement(02ADB9B0) SELECT A01.code  FROM ubm_enum A01  WHERE A01.code=? AND A01.mi_deleteDate=? LIMIT 1 OFFSET 0 
20180416 10163156  #  -    				00.002.436
20180416 10163156  #  -    			00.002.474
20180416 10163156  # debug 			Query result for entity "ubm_enum" into data name "": row count=1
20180416 10163156  #  -    		00.002.486
20180416 10163156  #  -    	00.002.568
20180416 10163156  # http  	127.0.0.1 <- 200
20180416 10163156  #  -    00.002.875
20180416 10163156  $  +    ubql
20180416 10163156  $ http  	127.0.0.1 -> POST ubql
20180416 10163156  $ http  	[{"entity":"ubm_enum","method":"select","fieldList":["code"],"options":{"limit":1},"whereList":{"c1":{"expression":"[code]","condition":"equal","values":{"c1":"REJECTED"}}}}]
20180416 10163156  $ auth  	admin/147263304
20180416 10163156  $ call  	endpoint ubql
20180416 10163156  $  +    	ubMixinClasses.TubStorageMixin(02A742C0).MixinMethod
20180416 10163156  $ debug 		ubm_enum.select(TubStorageMixin)
20180416 10163156  $  +    		ubApp.TubDataStore(0D258F20).Init
20180416 10163156  $  +    			ubApp.TubApp(02A23EE0).DBExecute
20180416 10163156  $  +    				ubApp.TubApp(02A23EE0).TubApp.InternalDBExecute
20180416 10163156  $ debug 					P1: String(8)	REJECTED
20180416 10163156  $ debug 					P2: DateTime	9999-12-31T00:00:00
20180416 10163156  $ SQL   					ubDBSQLite3ThreadSafe.TubSQLite3Statement(06D43090) SELECT A01.code  FROM ubm_enum A01  WHERE A01.code=? AND A01.mi_deleteDate=? LIMIT 1 OFFSET 0 
20180416 10163156  $  -    				00.000.153
20180416 10163156  $  -    			00.000.247
20180416 10163156  $ debug 			Query result for entity "ubm_enum" into data name "": row count=1
20180416 10163156  $  -    		00.000.257
20180416 10163156  $  -    	00.000.353
20180416 10163156  $ http  	127.0.0.1 <- 200
20180416 10163156  $  -    00.000.657
20180416 10163156  %  +    ubql
20180416 10163156  % http  	127.0.0.1 -> POST ubql
20180416 10163156  % http  	[{"entity":"ubm_enum","method":"select","fieldList":["code"],"options":{"limit":1},"whereList":{"c1":{"expression":"[code]","condition":"equal","values":{"c1":"CLOSED"}}}}]
20180416 10163156  % auth  	admin/147263304
20180416 10163156  % call  	endpoint ubql
20180416 10163156  %  +    	ubMixinClasses.TubStorageMixin(02A742C0).MixinMethod
20180416 10163156  % debug 		ubm_enum.select(TubStorageMixin)
20180416 10163156  %  +    		ubApp.TubDataStore(0D258E80).Init
20180416 10163156  %  +    			ubApp.TubApp(02A23EE0).DBExecute
20180416 10163156  %  +    				ubApp.TubApp(02A23EE0).TubApp.InternalDBExecute
20180416 10163156  % debug 					P1: String(6)	CLOSED
20180416 10163156  % debug 					P2: DateTime	9999-12-31T00:00:00
20180416 10163156  % SQL   					ubDBSQLite3ThreadSafe.TubSQLite3Statement(06D430F0) SELECT A01.code  FROM ubm_enum A01  WHERE A01.code=? AND A01.mi_deleteDate=? LIMIT 1 OFFSET 0 
20180416 10163156  %  -    				00.000.119
20180416 10163156  %  -    			00.000.211
20180416 10163156  % debug 			Query result for entity "ubm_enum" into data name "": row count=1
20180416 10163156  %  -    		00.000.220
20180416 10163156  %  -    	00.000.297
20180416 10163156  % http  	127.0.0.1 <- 200
20180416 10163156  %  -    00.000.560
20180416 10163157  &  +    ubql
20180416 10163157  & http  	127.0.0.1 -> POST ubql
20180416 10163157  & http  	[{"entity":"req_depart","method":"select","fieldList":["ID"],"options":{"limit":1},"whereList":{"c1":{"expression":"[name]","condition":"equal","values":{"c1":"Departments of health"}}}}]
20180416 10163157  & auth  	admin/147263304
20180416 10163157  & call  	endpoint ubql
20180416 10163157  &  +    	ubMixinClasses.TubStorageMixin(02A742C0).MixinMethod
20180416 10163157  & debug 		req_depart.select(TubStorageMixin)
20180416 10163157  &  +    		ubApp.TubDataStore(0D258EF8).Init
20180416 10163157  &  +    			ubApp.TubApp(02A23EE0).DBExecute
20180416 10163157  &  +    				ubApp.TubApp(02A23EE0).TubApp.InternalDBExecute
20180416 10163157  & debug 					P1: String(21)	Departments of health
20180416 10163157  & SQL   					ubDBSQLite3ThreadSafe.TubSQLite3Statement(02ADB7D0) SELECT A01.ID  FROM req_depart A01  WHERE A01.name=? LIMIT 1 OFFSET 0 
20180416 10163157  &  -    				00.000.044
20180416 10163157  &  -    			00.000.169
20180416 10163157  & debug 			Query result for entity "req_depart" into data name "": row count=1
20180416 10163157  &  -    		00.000.179
20180416 10163157  &  -    	00.000.248
20180416 10163157  & http  	127.0.0.1 <- 200
20180416 10163157  &  -    00.000.541
20180416 10163157  '  +    ubql
20180416 10163157  ' http  	127.0.0.1 -> POST ubql
20180416 10163157  ' http  	[{"entity":"req_depart","method":"select","fieldList":["ID"],"options":{"limit":1},"whereList":{"c1":{"expression":"[name]","condition":"equal","values":{"c1":"Departments of education"}}}}]
20180416 10163157  ' auth  	admin/147263304
20180416 10163157  ' call  	endpoint ubql
20180416 10163157  '  +    	ubMixinClasses.TubStorageMixin(02A742C0).MixinMethod
20180416 10163157  ' debug 		req_depart.select(TubStorageMixin)
20180416 10163157  '  +    		ubApp.TubDataStore(0D258E80).Init
20180416 10163157  '  +    			ubApp.TubApp(02A23EE0).DBExecute
20180416 10163157  '  +    				ubApp.TubApp(02A23EE0).TubApp.InternalDBExecute
20180416 10163157  ' debug 					P1: String(24)	Departments of education
20180416 10163157  ' SQL   					ubDBSQLite3ThreadSafe.TubSQLite3Statement(06D43150) SELECT A01.ID  FROM req_depart A01  WHERE A01.name=? LIMIT 1 OFFSET 0 
20180416 10163157  '  -    				00.000.045
20180416 10163157  '  -    			00.000.145
20180416 10163157  ' debug 			Query result for entity "req_depart" into data name "": row count=1
20180416 10163157  '  -    		00.000.155
20180416 10163157  '  -    	00.000.232
20180416 10163157  ' http  	127.0.0.1 <- 200
20180416 10163157  '  -    00.000.540
20180416 10163157  (  +    ubql
20180416 10163157  ( http  	127.0.0.1 -> POST ubql
20180416 10163157  ( http  	[{"entity":"uba_user","method":"select","fieldList":["ID"],"options":{"limit":1},"whereList":{"lookup":{"expression":"name","condition":"equal","values":{"code":"hd_user"}}}}]
20180416 10163157  ( auth  	admin/147263304
20180416 10163157  ( call  	endpoint ubql
20180416 10163157  (  +    	ubMixinClasses.TubStorageMixin(02A742C0).MixinMethod
20180416 10163157  ( debug 		uba_user.select(TubStorageMixin)
20180416 10163157  (  +    		ubApp.TubDataStore(0D258EF8).Init
20180416 10163157  (  +    			ubApp.TubApp(02A23EE0).DBExecute
20180416 10163157  (  +    				ubApp.TubApp(02A23EE0).TubApp.InternalDBExecute
20180416 10163157  ( debug 					P1: String(7)	hd_user
20180416 10163157  ( SQL   					ubDBSQLite3ThreadSafe.TubSQLite3Statement(06D43210) SELECT A01.ID  FROM uba_user A01  WHERE name=? LIMIT 1 OFFSET 0 
20180416 10163157  (  -    				00.000.052
20180416 10163157  (  -    			00.000.135
20180416 10163157  ( debug 			Query result for entity "uba_user" into data name "": row count=1
20180416 10163157  (  -    		00.000.144
20180416 10163157  (  -    	00.000.214
20180416 10163157  ( http  	127.0.0.1 <- 200
20180416 10163157  (  -    00.000.558
20180416 10163157  )  +    ubql
20180416 10163157  ) http  	127.0.0.1 -> POST ubql
20180416 10163157  ) http  	[{"entity":"uba_role","method":"select","fieldList":["ID"],"options":{"limit":1},"whereList":{"lookup":{"expression":"name","condition":"equal","values":{"name":"HealthDepartment"}}}}]
20180416 10163157  ) auth  	admin/147263304
20180416 10163157  ) call  	endpoint ubql
20180416 10163157  )  +    	ubMixinClasses.TubStorageMixin(02A742C0).MixinMethod
20180416 10163157  ) debug 		uba_role.select(TubStorageMixin)
20180416 10163157  )  +    		ubApp.TubDataStore(0D2590B0).Init
20180416 10163157  )  +    			ubApp.TubApp(02A23EE0).DBExecute
20180416 10163157  )  +    				ubApp.TubApp(02A23EE0).TubApp.InternalDBExecute
20180416 10163157  ) debug 					P1: String(16)	HealthDepartment
20180416 10163157  ) SQL   					ubDBSQLite3ThreadSafe.TubSQLite3Statement(06D43270) SELECT A01.ID  FROM uba_role A01  WHERE name=? LIMIT 1 OFFSET 0 
20180416 10163157  )  -    				00.000.077
20180416 10163157  )  -    			00.000.148
20180416 10163157  ) debug 			Query result for entity "uba_role" into data name "": row count=1
20180416 10163157  )  -    		00.000.158
20180416 10163157  )  -    	00.000.229
20180416 10163157  ) http  	127.0.0.1 <- 200
20180416 10163157  )  -    00.000.518
20180416 10163157  "  +    ubql
20180416 10163157  " http  	127.0.0.1 -> POST ubql
20180416 10163157  " http  	[{"entity":"uba_userrole","method":"select","fieldList":["ID"],"options":{"limit":1},"whereList":{"c1":{"expression":"[userID]","condition":"equal","values":{"c1":335786699489281}},"c2":{"expression":"[roleID]","condition":"equal","values":{"c2":335786699489285}}}}]
20180416 10163157  " auth  	admin/147263304
20180416 10163157  " call  	endpoint ubql
20180416 10163157  "  +    	ubMixinClasses.TubStorageMixin(02A742C0).MixinMethod
20180416 10163157  " debug 		uba_userrole.select(TubStorageMixin)
20180416 10163157  "  +    		ubApp.TubDataStore(0D25AC08).Init
20180416 10163157  "  +    			ubApp.TubApp(02A23EE0).DBExecute
20180416 10163157  "  +    				ubApp.TubApp(02A23EE0).TubApp.InternalDBExecute
20180416 10163157  " debug 					P1: Int64		335786699489281
20180416 10163157  " debug 					P2: Int64		335786699489285
20180416 10163157  " SQL   					ubDBSQLite3ThreadSafe.TubSQLite3Statement(06D43330) SELECT A01.ID  FROM uba_userrole A01  WHERE A01.userID=? AND A01.roleID=? LIMIT 1 OFFSET 0 
20180416 10163157  "  -    				00.000.050
20180416 10163157  "  -    			00.000.153
20180416 10163157  " debug 			Query result for entity "uba_userrole" into data name "": row count=1
20180416 10163157  "  -    		00.000.166
20180416 10163157  "  -    	00.000.247
20180416 10163157  " http  	127.0.0.1 <- 200
20180416 10163157  "  -    00.000.748
20180416 10163158  #  +    ubql
20180416 10163158  # http  	127.0.0.1 -> POST ubql
20180416 10163158  # http  	[{"entity":"ubm_desktop_adm","method":"select","fieldList":["ID"],"options":{"limit":1},"whereList":{"c1":{"expression":"[instanceID]","condition":"equal","values":{"c1":335784125104129}},"c2":{"expression":"[admSubjID]","condition":"equal","values":{"c2":335786699489285}}}}]
20180416 10163158  # auth  	admin/147263304
20180416 10163158  # call  	endpoint ubql
20180416 10163158  #  +    	ubMixinClasses.TubStorageMixin(02A742C0).MixinMethod
20180416 10163158  # debug 		ubm_desktop_adm.select(TubStorageMixin)
20180416 10163158  #  +    		ubApp.TubDataStore(0D2590B0).Init
20180416 10163158  #  +    			ubApp.TubApp(02A23EE0).DBExecute
20180416 10163158  #  +    				ubApp.TubApp(02A23EE0).TubApp.InternalDBExecute
20180416 10163158  # debug 					P1: Int64		335784125104129
20180416 10163158  # debug 					P2: Int64		335786699489285
20180416 10163158  # SQL   					ubDBSQLite3ThreadSafe.TubSQLite3Statement(06D432D0) SELECT A01.ID  FROM ubm_desktop_adm A01  WHERE A01.instanceID=? AND A01.admSubjID=? LIMIT 1 OFFSET 0 
20180416 10163158  #  -    				00.000.047
20180416 10163158  #  -    			00.000.147
20180416 10163158  # debug 			Query result for entity "ubm_desktop_adm" into data name "": row count=1
20180416 10163158  #  -    		00.000.161
20180416 10163158  #  -    	00.000.248
20180416 10163158  # http  	127.0.0.1 <- 200
20180416 10163158  #  -    00.000.757
20180416 10163158  $  +    ubql
20180416 10163158  $ http  	127.0.0.1 -> POST ubql
20180416 10163158  $ http  	[{"entity":"ubm_navshortcut_adm","method":"select","fieldList":["ID"],"options":{"limit":1},"whereList":{"c1":{"expression":"[instanceID]","condition":"equal","values":{"c1":335785519153155}},"c2":{"expression":"[admSubjID]","condition":"equal","values":{"c2":335786699489285}}}}]
20180416 10163158  $ auth  	admin/147263304
20180416 10163158  $ call  	endpoint ubql
20180416 10163158  $  +    	ubMixinClasses.TubStorageMixin(02A742C0).MixinMethod
20180416 10163158  $ debug 		ubm_navshortcut_adm.select(TubStorageMixin)
20180416 10163158  $  +    		ubApp.TubDataStore(0D25C670).Init
20180416 10163158  $  +    			ubApp.TubApp(02A23EE0).DBExecute
20180416 10163158  $  +    				ubApp.TubApp(02A23EE0).TubApp.InternalDBExecute
20180416 10163158  $ debug 					P1: Int64		335785519153155
20180416 10163158  $ debug 					P2: Int64		335786699489285
20180416 10163158  $ SQL   					ubDBSQLite3ThreadSafe.TubSQLite3Statement(06D433F0) SELECT A01.ID  FROM ubm_navshortcut_adm A01  WHERE A01.instanceID=? AND A01.admSubjID=? LIMIT 1 OFFSET 0 
20180416 10163158  $  -    				00.000.073
20180416 10163158  $  -    			00.000.189
20180416 10163158  $ debug 			Query result for entity "ubm_navshortcut_adm" into data name "": row count=1
20180416 10163158  $  -    		00.000.246
20180416 10163158  $  -    	00.000.333
20180416 10163158  $ http  	127.0.0.1 <- 200
20180416 10163158  $  -    00.000.644
20180416 10163158  %  +    ubql
20180416 10163158  % http  	127.0.0.1 -> POST ubql
20180416 10163158  % http  	[{"entity":"uba_els","method":"select","fieldList":["ID"],"options":{"limit":1},"whereList":{"c1":{"expression":"[code]","condition":"equal","values":{"c1":"READ_UPD_REQ_HD"}}}}]
20180416 10163158  % auth  	admin/147263304
20180416 10163158  % call  	endpoint ubql
20180416 10163158  %  +    	ubMixinClasses.TubStorageMixin(02A742C0).MixinMethod
20180416 10163158  % debug 		uba_els.select(TubStorageMixin)
20180416 10163158  %  +    		ubApp.TubDataStore(0D258E80).Init
20180416 10163158  %  +    			ubApp.TubApp(02A23EE0).DBExecute
20180416 10163158  %  +    				ubApp.TubApp(02A23EE0).TubApp.InternalDBExecute
20180416 10163158  % debug 					P1: String(15)	READ_UPD_REQ_HD
20180416 10163158  % SQL   					ubDBSQLite3ThreadSafe.TubSQLite3Statement(06D43450) SELECT A01.ID  FROM uba_els A01  WHERE A01.code=? LIMIT 1 OFFSET 0 
20180416 10163158  %  -    				00.000.048
20180416 10163158  %  -    			00.000.162
20180416 10163158  % debug 			Query result for entity "uba_els" into data name "": row count=1
20180416 10163158  %  -    		00.000.173
20180416 10163158  %  -    	00.000.258
20180416 10163158  % http  	127.0.0.1 <- 200
20180416 10163158  %  -    00.001.079
20180416 10163203  ! info  ubApp.TubApp(02A23EE0) {   "ClientsCurrent": 1,   "ClientsMax": 1,   "Invalid": 0,   "Responses": 20,   "Modified": 0,   "IncomingBytes": 10240,   "OutcomingBytes": 4523,   "OutcomingFiles": 0,   "ServiceCalls": 20,   "ProcessTime": "1.80s"  }
